provider|flocal|0|0.28922462463378906
provider|ffinal|0|0.1958329677581787
node_provider|total_time|0|38.065337
node_provider|loops|0|38
node_provider|messages|0|1
provider|min_constraint|0|2
provider|max_constraint|0|2
transformer0|flocal|0|0.3033313751220703
transformer0|ffinal|0|0.20463967323303223
node_transformer0|total_time|0|29.897930
node_transformer0|loops|0|26
node_transformer0|messages|0|2
transformer0|min_constraint|0|2
transformer0|max_constraint|0|2
transformer10|flocal|0|0.44934892654418945
transformer10|ffinal|0|0.22022676467895508
node_transformer10|total_time|0|24.684477
node_transformer10|loops|0|23
node_transformer10|messages|0|2
transformer10|min_constraint|0|2
transformer10|max_constraint|0|2
transformer11|flocal|0|0.7341532707214355
transformer11|ffinal|0|0.23846983909606934
node_transformer11|total_time|0|23.920739
node_transformer11|loops|0|20
node_transformer11|messages|0|2
transformer11|min_constraint|0|2
transformer11|max_constraint|0|2
transformer12|flocal|0|0.4216043949127197
transformer12|ffinal|0|0.2345900535583496
node_transformer12|total_time|0|23.888951
node_transformer12|loops|0|19
node_transformer12|messages|0|2
transformer12|min_constraint|0|2
transformer12|max_constraint|0|2
transformer13|flocal|0|0.42232775688171387
transformer13|ffinal|0|0.24204158782958984
node_transformer13|total_time|0|22.261857
node_transformer13|loops|0|20
node_transformer13|messages|0|2
transformer13|min_constraint|0|2
transformer13|max_constraint|0|2
transformer14|flocal|0|0.6698596477508545
transformer14|ffinal|0|0.23504137992858887
node_transformer14|total_time|0|21.536040
node_transformer14|loops|0|18
node_transformer14|messages|0|0
transformer14|min_constraint|0|2
transformer14|max_constraint|0|2
transformer1|flocal|0|0.29780054092407227
transformer1|ffinal|0|0.21846413612365723
node_transformer1|total_time|0|29.125184
node_transformer1|loops|0|24
node_transformer1|messages|0|2
transformer1|min_constraint|0|2
transformer1|max_constraint|0|2
transformer2|flocal|0|0.42142534255981445
transformer2|ffinal|0|0.2365872859954834
node_transformer2|total_time|0|28.367680
node_transformer2|loops|0|25
node_transformer2|messages|0|2
transformer2|min_constraint|0|2
transformer2|max_constraint|0|2
transformer3|flocal|0|0.39374399185180664
transformer3|ffinal|0|0.23746252059936523
node_transformer3|total_time|0|27.133507
node_transformer3|loops|0|25
node_transformer3|messages|0|2
transformer3|min_constraint|0|2
transformer3|max_constraint|0|2
transformer4|flocal|0|0.41303396224975586
transformer4|ffinal|0|0.22532081604003906
node_transformer4|total_time|0|26.543493
node_transformer4|loops|0|21
node_transformer4|messages|0|2
transformer4|min_constraint|0|2
transformer4|max_constraint|0|2
transformer5|flocal|0|0.41997575759887695
transformer5|ffinal|0|0.23945927619934082
node_transformer5|total_time|0|26.575356
node_transformer5|loops|0|24
node_transformer5|messages|0|2
transformer5|min_constraint|0|2
transformer5|max_constraint|0|2
transformer6|flocal|0|0.42513012886047363
transformer6|ffinal|0|0.23681020736694336
node_transformer6|total_time|0|26.682606
node_transformer6|loops|0|31
node_transformer6|messages|0|2
transformer6|min_constraint|0|2
transformer6|max_constraint|0|2
transformer7|flocal|0|0.43178296089172363
transformer7|ffinal|0|0.2428135871887207
node_transformer7|total_time|0|25.049021
node_transformer7|loops|0|35
node_transformer7|messages|0|2
transformer7|min_constraint|0|2
transformer7|max_constraint|0|2
transformer8|flocal|0|0.3985884189605713
transformer8|ffinal|0|0.23693585395812988
node_transformer8|total_time|0|25.239424
node_transformer8|loops|0|21
node_transformer8|messages|0|2
transformer8|min_constraint|0|2
transformer8|max_constraint|0|2
transformer9|flocal|0|0.44086623191833496
transformer9|ffinal|0|0.23228788375854492
node_transformer9|total_time|0|23.944491
node_transformer9|loops|0|20
node_transformer9|messages|0|2
transformer9|min_constraint|0|2
transformer9|max_constraint|0|2
provider|flocal|1|0.2604868412017822
provider|ffinal|1|0.19948053359985352
node_provider|total_time|1|32.819727
node_provider|loops|1|28
node_provider|messages|1|1
provider|min_constraint|1|2
provider|max_constraint|1|2
transformer0|flocal|1|0.3147013187408447
transformer0|ffinal|1|0.21320199966430664
node_transformer0|total_time|1|24.641431
node_transformer0|loops|1|25
node_transformer0|messages|1|2
transformer0|min_constraint|1|2
transformer0|max_constraint|1|2
transformer10|flocal|1|0.43529844284057617
transformer10|ffinal|1|0.23142552375793457
node_transformer10|total_time|1|20.990847
node_transformer10|loops|1|17
node_transformer10|messages|1|2
transformer10|min_constraint|1|2
transformer10|max_constraint|1|2
transformer11|flocal|1|0.3215823173522949
transformer11|ffinal|1|0.22468018531799316
node_transformer11|total_time|1|21.107717
node_transformer11|loops|1|20
node_transformer11|messages|1|2
transformer11|min_constraint|1|2
transformer11|max_constraint|1|2
transformer12|flocal|1|0.3183591365814209
transformer12|ffinal|1|0.22446012496948242
node_transformer12|total_time|1|20.038358
node_transformer12|loops|1|19
node_transformer12|messages|1|2
transformer12|min_constraint|1|2
transformer12|max_constraint|1|2
transformer13|flocal|1|0.29222965240478516
transformer13|ffinal|1|0.22476840019226074
node_transformer13|total_time|1|20.046032
node_transformer13|loops|1|19
node_transformer13|messages|1|2
transformer13|min_constraint|1|2
transformer13|max_constraint|1|2
transformer14|flocal|1|0.37781381607055664
transformer14|ffinal|1|0.20732951164245605
node_transformer14|total_time|1|19.597251
node_transformer14|loops|1|18
node_transformer14|messages|1|0
transformer14|min_constraint|1|2
transformer14|max_constraint|1|2
transformer1|flocal|1|0.31761837005615234
transformer1|ffinal|1|0.1989116668701172
node_transformer1|total_time|1|24.179886
node_transformer1|loops|1|20
node_transformer1|messages|1|2
transformer1|min_constraint|1|2
transformer1|max_constraint|1|2
transformer2|flocal|1|0.28133559226989746
transformer2|ffinal|1|0.21458840370178223
node_transformer2|total_time|1|25.791933
node_transformer2|loops|1|26
node_transformer2|messages|1|2
transformer2|min_constraint|1|2
transformer2|max_constraint|1|2
transformer3|flocal|1|0.33394718170166016
transformer3|ffinal|1|0.22200989723205566
node_transformer3|total_time|1|25.156561
node_transformer3|loops|1|22
node_transformer3|messages|1|2
transformer3|min_constraint|1|2
transformer3|max_constraint|1|2
transformer4|flocal|1|0.3147459030151367
transformer4|ffinal|1|0.22398710250854492
node_transformer4|total_time|1|24.565881
node_transformer4|loops|1|24
node_transformer4|messages|1|2
transformer4|min_constraint|1|2
transformer4|max_constraint|1|2
transformer5|flocal|1|0.2788105010986328
transformer5|ffinal|1|0.19845867156982422
node_transformer5|total_time|1|23.463547
node_transformer5|loops|1|21
node_transformer5|messages|1|2
transformer5|min_constraint|1|2
transformer5|max_constraint|1|2
transformer6|flocal|1|0.374481201171875
transformer6|ffinal|1|0.21941113471984863
node_transformer6|total_time|1|22.804102
node_transformer6|loops|1|19
node_transformer6|messages|1|2
transformer6|min_constraint|1|2
transformer6|max_constraint|1|2
transformer7|flocal|1|0.3259446620941162
transformer7|ffinal|1|0.22485613822937012
node_transformer7|total_time|1|22.285530
node_transformer7|loops|1|22
node_transformer7|messages|1|2
transformer7|min_constraint|1|2
transformer7|max_constraint|1|2
transformer8|flocal|1|0.33048391342163086
transformer8|ffinal|1|0.22465062141418457
node_transformer8|total_time|1|22.108108
node_transformer8|loops|1|20
node_transformer8|messages|1|2
transformer8|min_constraint|1|2
transformer8|max_constraint|1|2
transformer9|flocal|1|0.32053446769714355
transformer9|ffinal|1|0.22143054008483887
node_transformer9|total_time|1|22.062119
node_transformer9|loops|1|17
node_transformer9|messages|1|2
transformer9|min_constraint|1|2
transformer9|max_constraint|1|2
provider|flocal|2|0.2742154598236084
provider|ffinal|2|0.19574856758117676
node_provider|total_time|2|39.022746
node_provider|loops|2|41
node_provider|messages|2|1
provider|min_constraint|2|2
provider|max_constraint|2|2
transformer0|flocal|2|0.2975633144378662
transformer0|ffinal|2|0.2055985927581787
node_transformer0|total_time|2|30.532565
node_transformer0|loops|2|35
node_transformer0|messages|2|2
transformer0|min_constraint|2|2
transformer0|max_constraint|2|2
transformer10|flocal|2|0.30925846099853516
transformer10|ffinal|2|0.22652196884155273
node_transformer10|total_time|2|29.098747
node_transformer10|loops|2|29
node_transformer10|messages|2|2
transformer10|min_constraint|2|2
transformer10|max_constraint|2|2
transformer11|flocal|2|0.31233954429626465
transformer11|ffinal|2|0.216874361038208
node_transformer11|total_time|2|29.023314
node_transformer11|loops|2|27
node_transformer11|messages|2|2
transformer11|min_constraint|2|2
transformer11|max_constraint|2|2
transformer12|flocal|2|0.4367389678955078
transformer12|ffinal|2|0.21837735176086426
node_transformer12|total_time|2|29.155820
node_transformer12|loops|2|28
node_transformer12|messages|2|2
transformer12|min_constraint|2|2
transformer12|max_constraint|2|2
transformer13|flocal|2|0.3174457550048828
transformer13|ffinal|2|0.2223055362701416
node_transformer13|total_time|2|27.073441
node_transformer13|loops|2|31
node_transformer13|messages|2|2
transformer13|min_constraint|2|2
transformer13|max_constraint|2|2
transformer14|flocal|2|0.433851957321167
transformer14|ffinal|2|0.21527671813964844
node_transformer14|total_time|2|27.747821
node_transformer14|loops|2|26
node_transformer14|messages|2|0
transformer14|min_constraint|2|2
transformer14|max_constraint|2|2
transformer1|flocal|2|0.30173373222351074
transformer1|ffinal|2|0.22365689277648926
node_transformer1|total_time|2|29.966333
node_transformer1|loops|2|31
node_transformer1|messages|2|2
transformer1|min_constraint|2|2
transformer1|max_constraint|2|2
transformer2|flocal|2|0.31415390968322754
transformer2|ffinal|2|0.21721267700195312
node_transformer2|total_time|2|32.392629
node_transformer2|loops|2|28
node_transformer2|messages|2|2
transformer2|min_constraint|2|2
transformer2|max_constraint|2|2
transformer3|flocal|2|0.3228306770324707
transformer3|ffinal|2|0.2203075885772705
node_transformer3|total_time|2|32.060461
node_transformer3|loops|2|35
node_transformer3|messages|2|2
transformer3|min_constraint|2|2
transformer3|max_constraint|2|2
transformer4|flocal|2|0.29773783683776855
transformer4|ffinal|2|0.22124409675598145
node_transformer4|total_time|2|31.390231
node_transformer4|loops|2|29
node_transformer4|messages|2|2
transformer4|min_constraint|2|2
transformer4|max_constraint|2|2
transformer5|flocal|2|0.2804901599884033
transformer5|ffinal|2|0.2196640968322754
node_transformer5|total_time|2|30.902071
node_transformer5|loops|2|26
node_transformer5|messages|2|2
transformer5|min_constraint|2|2
transformer5|max_constraint|2|2
transformer6|flocal|2|0.32535529136657715
transformer6|ffinal|2|0.22338485717773438
node_transformer6|total_time|2|30.745861
node_transformer6|loops|2|26
node_transformer6|messages|2|2
transformer6|min_constraint|2|2
transformer6|max_constraint|2|2
transformer7|flocal|2|0.3013007640838623
transformer7|ffinal|2|0.22026324272155762
node_transformer7|total_time|2|31.028344
node_transformer7|loops|2|34
node_transformer7|messages|2|2
transformer7|min_constraint|2|2
transformer7|max_constraint|2|2
transformer8|flocal|2|0.32009100914001465
transformer8|ffinal|2|0.2167494297027588
node_transformer8|total_time|2|29.412088
node_transformer8|loops|2|27
node_transformer8|messages|2|2
transformer8|min_constraint|2|2
transformer8|max_constraint|2|2
transformer9|flocal|2|0.3323397636413574
transformer9|ffinal|2|0.22104191780090332
node_transformer9|total_time|2|29.999908
node_transformer9|loops|2|33
node_transformer9|messages|2|2
transformer9|min_constraint|2|2
transformer9|max_constraint|2|2
provider|flocal|3|0.2962157726287842
provider|ffinal|3|0.2034745216369629
node_provider|total_time|3|37.440969
node_provider|loops|3|36
node_provider|messages|3|1
provider|min_constraint|3|2
provider|max_constraint|3|2
transformer0|flocal|3|0.32047605514526367
transformer0|ffinal|3|0.23406147956848145
node_transformer0|total_time|3|28.621799
node_transformer0|loops|3|25
node_transformer0|messages|3|2
transformer0|min_constraint|3|2
transformer0|max_constraint|3|2
transformer10|flocal|3|0.3181643486022949
transformer10|ffinal|3|0.22019433975219727
node_transformer10|total_time|3|19.234364
node_transformer10|loops|3|20
node_transformer10|messages|3|2
transformer10|min_constraint|3|2
transformer10|max_constraint|3|2
transformer11|flocal|3|0.322800874710083
transformer11|ffinal|3|0.22040319442749023
node_transformer11|total_time|3|18.902346
node_transformer11|loops|3|19
node_transformer11|messages|3|2
transformer11|min_constraint|3|2
transformer11|max_constraint|3|2
transformer12|flocal|3|0.4740922451019287
transformer12|ffinal|3|0.21919822692871094
node_transformer12|total_time|3|18.883255
node_transformer12|loops|3|18
node_transformer12|messages|3|2
transformer12|min_constraint|3|2
transformer12|max_constraint|3|2
transformer13|flocal|3|0.32558107376098633
transformer13|ffinal|3|0.21976304054260254
node_transformer13|total_time|3|18.269462
node_transformer13|loops|3|18
node_transformer13|messages|3|2
transformer13|min_constraint|3|2
transformer13|max_constraint|3|2
transformer14|flocal|3|0.31440210342407227
transformer14|ffinal|3|0.21731162071228027
node_transformer14|total_time|3|17.512575
node_transformer14|loops|3|17
node_transformer14|messages|3|0
transformer14|min_constraint|3|2
transformer14|max_constraint|3|2
transformer1|flocal|3|0.31348633766174316
transformer1|ffinal|3|0.2362804412841797
node_transformer1|total_time|3|28.934059
node_transformer1|loops|3|28
node_transformer1|messages|3|2
transformer1|min_constraint|3|2
transformer1|max_constraint|3|2
transformer2|flocal|3|0.30147647857666016
transformer2|ffinal|3|0.2238767147064209
node_transformer2|total_time|3|23.778872
node_transformer2|loops|3|23
node_transformer2|messages|3|2
transformer2|min_constraint|3|2
transformer2|max_constraint|3|2
transformer3|flocal|3|0.31221532821655273
transformer3|ffinal|3|0.2201991081237793
node_transformer3|total_time|3|22.609958
node_transformer3|loops|3|24
node_transformer3|messages|3|2
transformer3|min_constraint|3|2
transformer3|max_constraint|3|2
transformer4|flocal|3|0.2913014888763428
transformer4|ffinal|3|0.21924495697021484
node_transformer4|total_time|3|21.719634
node_transformer4|loops|3|18
node_transformer4|messages|3|2
transformer4|min_constraint|3|2
transformer4|max_constraint|3|2
transformer5|flocal|3|0.3137800693511963
transformer5|ffinal|3|0.21465182304382324
node_transformer5|total_time|3|22.462159
node_transformer5|loops|3|18
node_transformer5|messages|3|2
transformer5|min_constraint|3|2
transformer5|max_constraint|3|2
transformer6|flocal|3|0.33385467529296875
transformer6|ffinal|3|0.21628522872924805
node_transformer6|total_time|3|21.594280
node_transformer6|loops|3|25
node_transformer6|messages|3|2
transformer6|min_constraint|3|2
transformer6|max_constraint|3|2
transformer7|flocal|3|0.30113863945007324
transformer7|ffinal|3|0.21840953826904297
node_transformer7|total_time|3|20.593041
node_transformer7|loops|3|21
node_transformer7|messages|3|2
transformer7|min_constraint|3|2
transformer7|max_constraint|3|2
transformer8|flocal|3|0.31400632858276367
transformer8|ffinal|3|0.22227978706359863
node_transformer8|total_time|3|21.312941
node_transformer8|loops|3|24
node_transformer8|messages|3|2
transformer8|min_constraint|3|2
transformer8|max_constraint|3|2
transformer9|flocal|3|0.3189833164215088
transformer9|ffinal|3|0.21831130981445312
node_transformer9|total_time|3|19.608814
node_transformer9|loops|3|19
node_transformer9|messages|3|2
transformer9|min_constraint|3|2
transformer9|max_constraint|3|2
provider|flocal|4|0.5443134307861328
provider|ffinal|4|0.1960620880126953
node_provider|total_time|4|32.987529
node_provider|loops|4|34
node_provider|messages|4|1
provider|min_constraint|4|2
provider|max_constraint|4|2
transformer0|flocal|4|0.32349562644958496
transformer0|ffinal|4|0.22819972038269043
node_transformer0|total_time|4|26.610081
node_transformer0|loops|4|26
node_transformer0|messages|4|2
transformer0|min_constraint|4|2
transformer0|max_constraint|4|2
transformer10|flocal|4|0.3125290870666504
transformer10|ffinal|4|0.21932530403137207
node_transformer10|total_time|4|20.231182
node_transformer10|loops|4|20
node_transformer10|messages|4|2
transformer10|min_constraint|4|2
transformer10|max_constraint|4|2
transformer11|flocal|4|0.34555935859680176
transformer11|ffinal|4|0.21657228469848633
node_transformer11|total_time|4|19.542148
node_transformer11|loops|4|20
node_transformer11|messages|4|2
transformer11|min_constraint|4|2
transformer11|max_constraint|4|2
transformer12|flocal|4|0.3287372589111328
transformer12|ffinal|4|0.2188551425933838
node_transformer12|total_time|4|19.933897
node_transformer12|loops|4|18
node_transformer12|messages|4|2
transformer12|min_constraint|4|2
transformer12|max_constraint|4|2
transformer13|flocal|4|0.32854509353637695
transformer13|ffinal|4|0.22124624252319336
node_transformer13|total_time|4|18.278100
node_transformer13|loops|4|17
node_transformer13|messages|4|2
transformer13|min_constraint|4|2
transformer13|max_constraint|4|2
transformer14|flocal|4|0.3262796401977539
transformer14|ffinal|4|0.21384596824645996
node_transformer14|total_time|4|18.202340
node_transformer14|loops|4|15
node_transformer14|messages|4|0
transformer14|min_constraint|4|2
transformer14|max_constraint|4|2
transformer1|flocal|4|0.31913089752197266
transformer1|ffinal|4|0.22326374053955078
node_transformer1|total_time|4|25.059425
node_transformer1|loops|4|27
node_transformer1|messages|4|2
transformer1|min_constraint|4|2
transformer1|max_constraint|4|2
transformer2|flocal|4|0.32358527183532715
transformer2|ffinal|4|0.22324800491333008
node_transformer2|total_time|4|25.336183
node_transformer2|loops|4|23
node_transformer2|messages|4|2
transformer2|min_constraint|4|2
transformer2|max_constraint|4|2
transformer3|flocal|4|0.31767892837524414
transformer3|ffinal|4|0.22170233726501465
node_transformer3|total_time|4|24.164424
node_transformer3|loops|4|21
node_transformer3|messages|4|2
transformer3|min_constraint|4|2
transformer3|max_constraint|4|2
transformer4|flocal|4|0.32370424270629883
transformer4|ffinal|4|0.22603082656860352
node_transformer4|total_time|4|23.943160
node_transformer4|loops|4|17
node_transformer4|messages|4|2
transformer4|min_constraint|4|2
transformer4|max_constraint|4|2
transformer5|flocal|4|0.3280313014984131
transformer5|ffinal|4|0.22374749183654785
node_transformer5|total_time|4|22.731008
node_transformer5|loops|4|19
node_transformer5|messages|4|2
transformer5|min_constraint|4|2
transformer5|max_constraint|4|2
transformer6|flocal|4|0.319899320602417
transformer6|ffinal|4|0.22162795066833496
node_transformer6|total_time|4|22.232594
node_transformer6|loops|4|14
node_transformer6|messages|4|2
transformer6|min_constraint|4|2
transformer6|max_constraint|4|2
transformer7|flocal|4|0.33106493949890137
transformer7|ffinal|4|0.22046971321105957
node_transformer7|total_time|4|22.290575
node_transformer7|loops|4|18
node_transformer7|messages|4|2
transformer7|min_constraint|4|2
transformer7|max_constraint|4|2
transformer8|flocal|4|0.3079090118408203
transformer8|ffinal|4|0.2238936424255371
node_transformer8|total_time|4|22.132991
node_transformer8|loops|4|24
node_transformer8|messages|4|2
transformer8|min_constraint|4|2
transformer8|max_constraint|4|2
transformer9|flocal|4|0.3356912136077881
transformer9|ffinal|4|0.22266793251037598
node_transformer9|total_time|4|20.968069
node_transformer9|loops|4|20
node_transformer9|messages|4|2
transformer9|min_constraint|4|2
transformer9|max_constraint|4|2
provider|flocal|5|0.28749918937683105
provider|ffinal|5|0.19698429107666016
node_provider|total_time|5|34.057338
node_provider|loops|5|33
node_provider|messages|5|1
provider|min_constraint|5|2
provider|max_constraint|5|2
transformer0|flocal|5|0.3094291687011719
transformer0|ffinal|5|0.23232054710388184
node_transformer0|total_time|5|25.708883
node_transformer0|loops|5|24
node_transformer0|messages|5|2
transformer0|min_constraint|5|2
transformer0|max_constraint|5|2
transformer10|flocal|5|0.32910847663879395
transformer10|ffinal|5|0.22101831436157227
node_transformer10|total_time|5|20.691968
node_transformer10|loops|5|19
node_transformer10|messages|5|2
transformer10|min_constraint|5|2
transformer10|max_constraint|5|2
transformer11|flocal|5|0.32240772247314453
transformer11|ffinal|5|0.22143340110778809
node_transformer11|total_time|5|20.276976
node_transformer11|loops|5|20
node_transformer11|messages|5|2
transformer11|min_constraint|5|2
transformer11|max_constraint|5|2
transformer12|flocal|5|0.2971932888031006
transformer12|ffinal|5|0.22119688987731934
node_transformer12|total_time|5|19.818947
node_transformer12|loops|5|15
node_transformer12|messages|5|2
transformer12|min_constraint|5|2
transformer12|max_constraint|5|2
transformer13|flocal|5|0.3231189250946045
transformer13|ffinal|5|0.2198169231414795
node_transformer13|total_time|5|19.571943
node_transformer13|loops|5|13
node_transformer13|messages|5|2
transformer13|min_constraint|5|2
transformer13|max_constraint|5|2
transformer14|flocal|5|0.332381010055542
transformer14|ffinal|5|0.2190535068511963
node_transformer14|total_time|5|18.671377
node_transformer14|loops|5|17
node_transformer14|messages|5|0
transformer14|min_constraint|5|2
transformer14|max_constraint|5|2
transformer1|flocal|5|0.3062405586242676
transformer1|ffinal|5|0.22378301620483398
node_transformer1|total_time|5|25.687331
node_transformer1|loops|5|25
node_transformer1|messages|5|2
transformer1|min_constraint|5|2
transformer1|max_constraint|5|2
transformer2|flocal|5|0.30710601806640625
transformer2|ffinal|5|0.22643423080444336
node_transformer2|total_time|5|24.523410
node_transformer2|loops|5|18
node_transformer2|messages|5|2
transformer2|min_constraint|5|2
transformer2|max_constraint|5|2
transformer3|flocal|5|0.2990756034851074
transformer3|ffinal|5|0.22402262687683105
node_transformer3|total_time|5|24.116277
node_transformer3|loops|5|24
node_transformer3|messages|5|2
transformer3|min_constraint|5|2
transformer3|max_constraint|5|2
transformer4|flocal|5|0.3284177780151367
transformer4|ffinal|5|0.2180013656616211
node_transformer4|total_time|5|23.778426
node_transformer4|loops|5|30
node_transformer4|messages|5|2
transformer4|min_constraint|5|2
transformer4|max_constraint|5|2
transformer5|flocal|5|0.31438541412353516
transformer5|ffinal|5|0.2232663631439209
node_transformer5|total_time|5|24.163349
node_transformer5|loops|5|22
node_transformer5|messages|5|2
transformer5|min_constraint|5|2
transformer5|max_constraint|5|2
transformer6|flocal|5|0.3065917491912842
transformer6|ffinal|5|0.22822093963623047
node_transformer6|total_time|5|22.552576
node_transformer6|loops|5|24
node_transformer6|messages|5|2
transformer6|min_constraint|5|2
transformer6|max_constraint|5|2
transformer7|flocal|5|0.332747220993042
transformer7|ffinal|5|0.22197484970092773
node_transformer7|total_time|5|22.172439
node_transformer7|loops|5|22
node_transformer7|messages|5|2
transformer7|min_constraint|5|2
transformer7|max_constraint|5|2
transformer8|flocal|5|0.3161039352416992
transformer8|ffinal|5|0.22469472885131836
node_transformer8|total_time|5|21.930205
node_transformer8|loops|5|16
node_transformer8|messages|5|2
transformer8|min_constraint|5|2
transformer8|max_constraint|5|2
transformer9|flocal|5|0.3089315891265869
transformer9|ffinal|5|0.22060942649841309
node_transformer9|total_time|5|22.446623
node_transformer9|loops|5|24
node_transformer9|messages|5|2
transformer9|min_constraint|5|2
transformer9|max_constraint|5|2
provider|flocal|6|0.290147066116333
provider|ffinal|6|0.2043907642364502
node_provider|total_time|6|33.379852
node_provider|loops|6|33
node_provider|messages|6|1
provider|min_constraint|6|2
provider|max_constraint|6|2
transformer0|flocal|6|0.3257303237915039
transformer0|ffinal|6|0.22394061088562012
node_transformer0|total_time|6|24.881846
node_transformer0|loops|6|25
node_transformer0|messages|6|2
transformer0|min_constraint|6|2
transformer0|max_constraint|6|2
transformer10|flocal|6|0.32756996154785156
transformer10|ffinal|6|0.215040922164917
node_transformer10|total_time|6|19.869437
node_transformer10|loops|6|18
node_transformer10|messages|6|2
transformer10|min_constraint|6|2
transformer10|max_constraint|6|2
transformer11|flocal|6|0.3200047016143799
transformer11|ffinal|6|0.22829794883728027
node_transformer11|total_time|6|20.566688
node_transformer11|loops|6|15
node_transformer11|messages|6|2
transformer11|min_constraint|6|2
transformer11|max_constraint|6|2
transformer12|flocal|6|0.2974116802215576
transformer12|ffinal|6|0.22061443328857422
node_transformer12|total_time|6|18.717766
node_transformer12|loops|6|17
node_transformer12|messages|6|2
transformer12|min_constraint|6|2
transformer12|max_constraint|6|2
transformer13|flocal|6|0.3244490623474121
transformer13|ffinal|6|0.22050833702087402
node_transformer13|total_time|6|18.845547
node_transformer13|loops|6|22
node_transformer13|messages|6|2
transformer13|min_constraint|6|2
transformer13|max_constraint|6|2
transformer14|flocal|6|0.31223225593566895
transformer14|ffinal|6|0.5077157020568848
node_transformer14|total_time|6|19.596454
node_transformer14|loops|6|21
node_transformer14|messages|6|0
transformer14|min_constraint|6|2
transformer14|max_constraint|6|2
transformer1|flocal|6|0.30321741104125977
transformer1|ffinal|6|0.2046525478363037
node_transformer1|total_time|6|25.090654
node_transformer1|loops|6|28
node_transformer1|messages|6|2
transformer1|min_constraint|6|2
transformer1|max_constraint|6|2
transformer2|flocal|6|0.3203465938568115
transformer2|ffinal|6|0.22275495529174805
node_transformer2|total_time|6|24.150506
node_transformer2|loops|6|21
node_transformer2|messages|6|2
transformer2|min_constraint|6|2
transformer2|max_constraint|6|2
transformer3|flocal|6|0.2856740951538086
transformer3|ffinal|6|0.21088385581970215
node_transformer3|total_time|6|24.418865
node_transformer3|loops|6|19
node_transformer3|messages|6|2
transformer3|min_constraint|6|2
transformer3|max_constraint|6|2
transformer4|flocal|6|0.3287816047668457
transformer4|ffinal|6|0.21617341041564941
node_transformer4|total_time|6|23.573562
node_transformer4|loops|6|24
node_transformer4|messages|6|2
transformer4|min_constraint|6|2
transformer4|max_constraint|6|2
transformer5|flocal|6|0.3345947265625
transformer5|ffinal|6|0.21878981590270996
node_transformer5|total_time|6|22.839594
node_transformer5|loops|6|24
node_transformer5|messages|6|2
transformer5|min_constraint|6|2
transformer5|max_constraint|6|2
transformer6|flocal|6|0.30321502685546875
transformer6|ffinal|6|0.22055268287658691
node_transformer6|total_time|6|22.243607
node_transformer6|loops|6|22
node_transformer6|messages|6|2
transformer6|min_constraint|6|2
transformer6|max_constraint|6|2
transformer7|flocal|6|0.3143298625946045
transformer7|ffinal|6|0.22095751762390137
node_transformer7|total_time|6|22.081874
node_transformer7|loops|6|19
node_transformer7|messages|6|2
transformer7|min_constraint|6|2
transformer7|max_constraint|6|2
transformer8|flocal|6|0.3142561912536621
transformer8|ffinal|6|0.21901750564575195
node_transformer8|total_time|6|20.604879
node_transformer8|loops|6|18
node_transformer8|messages|6|2
transformer8|min_constraint|6|2
transformer8|max_constraint|6|2
transformer9|flocal|6|0.3018643856048584
transformer9|ffinal|6|0.22034072875976562
node_transformer9|total_time|6|20.989732
node_transformer9|loops|6|25
node_transformer9|messages|6|2
transformer9|min_constraint|6|2
transformer9|max_constraint|6|2
provider|flocal|7|0.2887272834777832
provider|ffinal|7|0.2046976089477539
node_provider|total_time|7|35.349176
node_provider|loops|7|34
node_provider|messages|7|1
provider|min_constraint|7|2
provider|max_constraint|7|2
transformer0|flocal|7|0.32253360748291016
transformer0|ffinal|7|0.2286827564239502
node_transformer0|total_time|7|26.133710
node_transformer0|loops|7|26
node_transformer0|messages|7|2
transformer0|min_constraint|7|2
transformer0|max_constraint|7|2
transformer10|flocal|7|0.30325937271118164
transformer10|ffinal|7|0.22038984298706055
node_transformer10|total_time|7|21.498523
node_transformer10|loops|7|17
node_transformer10|messages|7|2
transformer10|min_constraint|7|2
transformer10|max_constraint|7|2
transformer11|flocal|7|0.32149171829223633
transformer11|ffinal|7|0.2251875400543213
node_transformer11|total_time|7|21.854928
node_transformer11|loops|7|19
node_transformer11|messages|7|2
transformer11|min_constraint|7|2
transformer11|max_constraint|7|2
transformer12|flocal|7|0.3244493007659912
transformer12|ffinal|7|0.22174644470214844
node_transformer12|total_time|7|21.919843
node_transformer12|loops|7|23
node_transformer12|messages|7|2
transformer12|min_constraint|7|2
transformer12|max_constraint|7|2
transformer13|flocal|7|0.3265671730041504
transformer13|ffinal|7|0.1946873664855957
node_transformer13|total_time|7|21.352002
node_transformer13|loops|7|21
node_transformer13|messages|7|2
transformer13|min_constraint|7|2
transformer13|max_constraint|7|2
transformer14|flocal|7|0.32713913917541504
transformer14|ffinal|7|0.21969819068908691
node_transformer14|total_time|7|20.299697
node_transformer14|loops|7|17
node_transformer14|messages|7|0
transformer14|min_constraint|7|2
transformer14|max_constraint|7|2
transformer1|flocal|7|0.30036282539367676
transformer1|ffinal|7|0.204054594039917
node_transformer1|total_time|7|26.705804
node_transformer1|loops|7|23
node_transformer1|messages|7|2
transformer1|min_constraint|7|2
transformer1|max_constraint|7|2
transformer2|flocal|7|0.30266785621643066
transformer2|ffinal|7|0.2209157943725586
node_transformer2|total_time|7|25.372251
node_transformer2|loops|7|20
node_transformer2|messages|7|2
transformer2|min_constraint|7|2
transformer2|max_constraint|7|2
transformer3|flocal|7|0.3324124813079834
transformer3|ffinal|7|0.22330951690673828
node_transformer3|total_time|7|25.068486
node_transformer3|loops|7|30
node_transformer3|messages|7|2
transformer3|min_constraint|7|2
transformer3|max_constraint|7|2
transformer4|flocal|7|0.3166167736053467
transformer4|ffinal|7|0.21923017501831055
node_transformer4|total_time|7|24.879792
node_transformer4|loops|7|23
node_transformer4|messages|7|2
transformer4|min_constraint|7|2
transformer4|max_constraint|7|2
transformer5|flocal|7|0.33667421340942383
transformer5|ffinal|7|0.2208707332611084
node_transformer5|total_time|7|24.178441
node_transformer5|loops|7|21
node_transformer5|messages|7|2
transformer5|min_constraint|7|2
transformer5|max_constraint|7|2
transformer6|flocal|7|0.30898165702819824
transformer6|ffinal|7|0.22205805778503418
node_transformer6|total_time|7|23.557426
node_transformer6|loops|7|22
node_transformer6|messages|7|2
transformer6|min_constraint|7|2
transformer6|max_constraint|7|2
transformer7|flocal|7|0.33803415298461914
transformer7|ffinal|7|0.22178339958190918
node_transformer7|total_time|7|23.266441
node_transformer7|loops|7|25
node_transformer7|messages|7|2
transformer7|min_constraint|7|2
transformer7|max_constraint|7|2
transformer8|flocal|7|0.32734203338623047
transformer8|ffinal|7|0.2159740924835205
node_transformer8|total_time|7|22.377444
node_transformer8|loops|7|22
node_transformer8|messages|7|2
transformer8|min_constraint|7|2
transformer8|max_constraint|7|2
transformer9|flocal|7|0.29907894134521484
transformer9|ffinal|7|0.2169344425201416
node_transformer9|total_time|7|22.089915
node_transformer9|loops|7|21
node_transformer9|messages|7|2
transformer9|min_constraint|7|2
transformer9|max_constraint|7|2
provider|flocal|8|0.28229379653930664
provider|ffinal|8|0.2026684284210205
node_provider|total_time|8|34.726386
node_provider|loops|8|35
node_provider|messages|8|1
provider|min_constraint|8|2
provider|max_constraint|8|2
transformer0|flocal|8|0.2994821071624756
transformer0|ffinal|8|0.20148015022277832
node_transformer0|total_time|8|26.388925
node_transformer0|loops|8|24
node_transformer0|messages|8|2
transformer0|min_constraint|8|2
transformer0|max_constraint|8|2
transformer10|flocal|8|0.24196076393127441
transformer10|ffinal|8|0.1939234733581543
node_transformer10|total_time|8|21.301461
node_transformer10|loops|8|23
node_transformer10|messages|8|2
transformer10|min_constraint|8|2
transformer10|max_constraint|8|2
transformer11|flocal|8|0.33510494232177734
transformer11|ffinal|8|0.21762657165527344
node_transformer11|total_time|8|21.942192
node_transformer11|loops|8|20
node_transformer11|messages|8|2
transformer11|min_constraint|8|2
transformer11|max_constraint|8|2
transformer12|flocal|8|0.32688140869140625
transformer12|ffinal|8|0.2033088207244873
node_transformer12|total_time|8|20.306782
node_transformer12|loops|8|15
node_transformer12|messages|8|2
transformer12|min_constraint|8|2
transformer12|max_constraint|8|2
transformer13|flocal|8|0.32087135314941406
transformer13|ffinal|8|0.21908807754516602
node_transformer13|total_time|8|20.963746
node_transformer13|loops|8|17
node_transformer13|messages|8|2
transformer13|min_constraint|8|2
transformer13|max_constraint|8|2
transformer14|flocal|8|0.3227393627166748
transformer14|ffinal|8|0.21926450729370117
node_transformer14|total_time|8|19.568134
node_transformer14|loops|8|16
node_transformer14|messages|8|0
transformer14|min_constraint|8|2
transformer14|max_constraint|8|2
transformer1|flocal|8|0.2665066719055176
transformer1|ffinal|8|0.23470330238342285
node_transformer1|total_time|8|25.806914
node_transformer1|loops|8|25
node_transformer1|messages|8|2
transformer1|min_constraint|8|2
transformer1|max_constraint|8|2
transformer2|flocal|8|0.288053035736084
transformer2|ffinal|8|0.22289824485778809
node_transformer2|total_time|8|25.650961
node_transformer2|loops|8|21
node_transformer2|messages|8|2
transformer2|min_constraint|8|2
transformer2|max_constraint|8|2
transformer3|flocal|8|0.310192346572876
transformer3|ffinal|8|0.22310471534729004
node_transformer3|total_time|8|24.552375
node_transformer3|loops|8|21
node_transformer3|messages|8|2
transformer3|min_constraint|8|2
transformer3|max_constraint|8|2
transformer4|flocal|8|0.28122949600219727
transformer4|ffinal|8|0.22918248176574707
node_transformer4|total_time|8|24.263415
node_transformer4|loops|8|22
node_transformer4|messages|8|2
transformer4|min_constraint|8|2
transformer4|max_constraint|8|2
transformer5|flocal|8|0.31316351890563965
transformer5|ffinal|8|0.22508692741394043
node_transformer5|total_time|8|24.801037
node_transformer5|loops|8|18
node_transformer5|messages|8|2
transformer5|min_constraint|8|2
transformer5|max_constraint|8|2
transformer6|flocal|8|0.3220670223236084
transformer6|ffinal|8|0.20929837226867676
node_transformer6|total_time|8|22.826924
node_transformer6|loops|8|24
node_transformer6|messages|8|2
transformer6|min_constraint|8|2
transformer6|max_constraint|8|2
transformer7|flocal|8|0.33107638359069824
transformer7|ffinal|8|0.22286725044250488
node_transformer7|total_time|8|23.178093
node_transformer7|loops|8|19
node_transformer7|messages|8|2
transformer7|min_constraint|8|2
transformer7|max_constraint|8|2
transformer8|flocal|8|0.49768686294555664
transformer8|ffinal|8|0.21928668022155762
node_transformer8|total_time|8|21.805857
node_transformer8|loops|8|19
node_transformer8|messages|8|2
transformer8|min_constraint|8|2
transformer8|max_constraint|8|2
transformer9|flocal|8|0.3268735408782959
transformer9|ffinal|8|0.2179117202758789
node_transformer9|total_time|8|21.417141
node_transformer9|loops|8|20
node_transformer9|messages|8|2
transformer9|min_constraint|8|2
transformer9|max_constraint|8|2
provider|flocal|9|0.28219008445739746
provider|ffinal|9|0.17172908782958984
node_provider|total_time|9|31.328603
node_provider|loops|9|35
node_provider|messages|9|1
provider|min_constraint|9|2
provider|max_constraint|9|2
transformer0|flocal|9|0.5933785438537598
transformer0|ffinal|9|0.2191329002380371
node_transformer0|total_time|9|22.635363
node_transformer0|loops|9|22
node_transformer0|messages|9|2
transformer0|min_constraint|9|2
transformer0|max_constraint|9|2
transformer10|flocal|9|0.2989215850830078
transformer10|ffinal|9|0.2191307544708252
node_transformer10|total_time|9|18.380986
node_transformer10|loops|9|16
node_transformer10|messages|9|2
transformer10|min_constraint|9|2
transformer10|max_constraint|9|2
transformer11|flocal|9|0.30466651916503906
transformer11|ffinal|9|0.2135775089263916
node_transformer11|total_time|9|17.376755
node_transformer11|loops|9|16
node_transformer11|messages|9|2
transformer11|min_constraint|9|2
transformer11|max_constraint|9|2
transformer12|flocal|9|0.3315465450286865
transformer12|ffinal|9|0.22245383262634277
node_transformer12|total_time|9|16.602711
node_transformer12|loops|9|19
node_transformer12|messages|9|2
transformer12|min_constraint|9|2
transformer12|max_constraint|9|2
transformer13|flocal|9|0.32874035835266113
transformer13|ffinal|9|0.21493124961853027
node_transformer13|total_time|9|16.148563
node_transformer13|loops|9|19
node_transformer13|messages|9|2
transformer13|min_constraint|9|2
transformer13|max_constraint|9|2
transformer14|flocal|9|0.29758191108703613
transformer14|ffinal|9|0.1988234519958496
node_transformer14|total_time|9|16.449196
node_transformer14|loops|9|17
node_transformer14|messages|9|0
transformer14|min_constraint|9|2
transformer14|max_constraint|9|2
transformer1|flocal|9|0.288482666015625
transformer1|ffinal|9|0.22360539436340332
node_transformer1|total_time|9|22.298765
node_transformer1|loops|9|22
node_transformer1|messages|9|2
transformer1|min_constraint|9|2
transformer1|max_constraint|9|2
transformer2|flocal|9|0.29276514053344727
transformer2|ffinal|9|0.22333097457885742
node_transformer2|total_time|9|22.665156
node_transformer2|loops|9|23
node_transformer2|messages|9|2
transformer2|min_constraint|9|2
transformer2|max_constraint|9|2
transformer3|flocal|9|0.3083791732788086
transformer3|ffinal|9|0.21578407287597656
node_transformer3|total_time|9|20.818194
node_transformer3|loops|9|17
node_transformer3|messages|9|2
transformer3|min_constraint|9|2
transformer3|max_constraint|9|2
transformer4|flocal|9|0.32477736473083496
transformer4|ffinal|9|0.21275806427001953
node_transformer4|total_time|9|20.533480
node_transformer4|loops|9|15
node_transformer4|messages|9|2
transformer4|min_constraint|9|2
transformer4|max_constraint|9|2
transformer5|flocal|9|0.2910277843475342
transformer5|ffinal|9|0.21631383895874023
node_transformer5|total_time|9|21.488983
node_transformer5|loops|9|17
node_transformer5|messages|9|2
transformer5|min_constraint|9|2
transformer5|max_constraint|9|2
transformer6|flocal|9|0.40012383460998535
transformer6|ffinal|9|0.21889638900756836
node_transformer6|total_time|9|19.880455
node_transformer6|loops|9|17
node_transformer6|messages|9|2
transformer6|min_constraint|9|2
transformer6|max_constraint|9|2
transformer7|flocal|9|0.3259732723236084
transformer7|ffinal|9|0.20174574851989746
node_transformer7|total_time|9|19.374359
node_transformer7|loops|9|16
node_transformer7|messages|9|2
transformer7|min_constraint|9|2
transformer7|max_constraint|9|2
transformer8|flocal|9|0.31275510787963867
transformer8|ffinal|9|0.22354626655578613
node_transformer8|total_time|9|18.972153
node_transformer8|loops|9|19
node_transformer8|messages|9|2
transformer8|min_constraint|9|2
transformer8|max_constraint|9|2
transformer9|flocal|9|0.3095591068267822
transformer9|ffinal|9|0.21362709999084473
node_transformer9|total_time|9|18.152783
node_transformer9|loops|9|18
node_transformer9|messages|9|2
transformer9|min_constraint|9|2
transformer9|max_constraint|9|2
