provider|flocal|0|0.2675793170928955
provider|ffinal|0|0.19828438758850098
node_provider|total_time|0|31.503457
node_provider|loops|0|38
node_provider|messages|0|2
provider|min_constraint|0|1
provider|max_constraint|0|1
transformer0|flocal|0|0.30666089057922363
transformer0|ffinal|0|0.22625207901000977
node_transformer0|total_time|0|24.425200
node_transformer0|loops|0|23
node_transformer0|messages|0|2
transformer0|min_constraint|0|2
transformer0|max_constraint|0|2
transformer10|flocal|0|0.3010120391845703
transformer10|ffinal|0|0.22759294509887695
node_transformer10|total_time|0|12.646910
node_transformer10|loops|0|13
node_transformer10|messages|0|2
transformer10|min_constraint|0|2
transformer10|max_constraint|0|2
transformer11|flocal|0|0.3775179386138916
transformer11|ffinal|0|0.22588419914245605
node_transformer11|total_time|0|11.939980
node_transformer11|loops|0|8
node_transformer11|messages|0|2
transformer11|min_constraint|0|2
transformer11|max_constraint|0|2
transformer12|flocal|0|0.30434536933898926
transformer12|ffinal|0|0.22612643241882324
node_transformer12|total_time|0|11.331596
node_transformer12|loops|0|12
node_transformer12|messages|0|2
transformer12|min_constraint|0|2
transformer12|max_constraint|0|2
transformer13|funsat|0|0.3144974708557129
transformer13|funsat|0|0.19751358032226562
node_transformer13|total_time|0|11.549047
node_transformer13|loops|0|11
node_transformer13|messages|0|0
transformer13|min_constraint|0|4
transformer13|max_constraint|0|4
transformer14|flocal|0|0.3201308250427246
transformer14|ffinal|0|0.2237389087677002
node_transformer14|total_time|0|10.781624
node_transformer14|loops|0|7
node_transformer14|messages|0|2
transformer14|min_constraint|0|2
transformer14|max_constraint|0|2
transformer1|flocal|0|0.31003713607788086
transformer1|ffinal|0|0.22475218772888184
node_transformer1|total_time|0|24.721081
node_transformer1|loops|0|18
node_transformer1|messages|0|2
transformer1|min_constraint|0|2
transformer1|max_constraint|0|2
transformer2|flocal|0|0.32576918601989746
transformer2|ffinal|0|0.23423433303833008
node_transformer2|total_time|0|17.262059
node_transformer2|loops|0|19
node_transformer2|messages|0|2
transformer2|min_constraint|0|2
transformer2|max_constraint|0|2
transformer3|flocal|0|0.33014702796936035
transformer3|ffinal|0|0.23932743072509766
node_transformer3|total_time|0|17.125681
node_transformer3|loops|0|14
node_transformer3|messages|0|2
transformer3|min_constraint|0|2
transformer3|max_constraint|0|2
transformer4|flocal|0|0.3224203586578369
transformer4|ffinal|0|0.2384171485900879
node_transformer4|total_time|0|16.186719
node_transformer4|loops|0|15
node_transformer4|messages|0|2
transformer4|min_constraint|0|2
transformer4|max_constraint|0|2
transformer5|flocal|0|0.2969632148742676
transformer5|ffinal|0|0.22225117683410645
node_transformer5|total_time|0|15.253088
node_transformer5|loops|0|12
node_transformer5|messages|0|2
transformer5|min_constraint|0|2
transformer5|max_constraint|0|2
transformer6|flocal|0|0.30844759941101074
transformer6|ffinal|0|0.21932125091552734
node_transformer6|total_time|0|14.912980
node_transformer6|loops|0|12
node_transformer6|messages|0|2
transformer6|min_constraint|0|2
transformer6|max_constraint|0|2
transformer7|flocal|0|0.3284156322479248
transformer7|ffinal|0|0.22711539268493652
node_transformer7|total_time|0|14.888170
node_transformer7|loops|0|13
node_transformer7|messages|0|2
transformer7|min_constraint|0|2
transformer7|max_constraint|0|2
transformer8|flocal|0|0.32184934616088867
transformer8|ffinal|0|0.21853113174438477
node_transformer8|total_time|0|13.566838
node_transformer8|loops|0|14
node_transformer8|messages|0|2
transformer8|min_constraint|0|2
transformer8|max_constraint|0|2
transformer9|flocal|0|0.4019310474395752
transformer9|ffinal|0|0.22598981857299805
node_transformer9|total_time|0|12.658149
node_transformer9|loops|0|12
node_transformer9|messages|0|2
transformer9|min_constraint|0|2
transformer9|max_constraint|0|2
provider|flocal|1|0.47808384895324707
provider|ffinal|1|0.2028028964996338
node_provider|total_time|1|30.311116
node_provider|loops|1|29
node_provider|messages|1|2
provider|min_constraint|1|1
provider|max_constraint|1|1
transformer0|flocal|1|0.2959742546081543
transformer0|ffinal|1|0.2298121452331543
node_transformer0|total_time|1|21.273518
node_transformer0|loops|1|21
node_transformer0|messages|1|2
transformer0|min_constraint|1|2
transformer0|max_constraint|1|2
transformer10|flocal|1|0.31514644622802734
transformer10|ffinal|1|0.2200636863708496
node_transformer10|total_time|1|15.316760
node_transformer10|loops|1|12
node_transformer10|messages|1|2
transformer10|min_constraint|1|2
transformer10|max_constraint|1|2
transformer11|flocal|1|0.3263969421386719
transformer11|ffinal|1|0.2166135311126709
node_transformer11|total_time|1|15.036894
node_transformer11|loops|1|16
node_transformer11|messages|1|2
transformer11|min_constraint|1|2
transformer11|max_constraint|1|2
transformer12|flocal|1|0.29735898971557617
transformer12|ffinal|1|0.2158186435699463
node_transformer12|total_time|1|14.050492
node_transformer12|loops|1|15
node_transformer12|messages|1|2
transformer12|min_constraint|1|2
transformer12|max_constraint|1|2
transformer13|flocal|1|0.32240724563598633
transformer13|ffinal|1|0.21743011474609375
node_transformer13|total_time|1|14.446090
node_transformer13|loops|1|11
node_transformer13|messages|1|2
transformer13|min_constraint|1|2
transformer13|max_constraint|1|2
transformer14|flocal|1|0.3213622570037842
transformer14|ffinal|1|0.21935319900512695
node_transformer14|total_time|1|13.881219
node_transformer14|loops|1|10
node_transformer14|messages|1|2
transformer14|min_constraint|1|2
transformer14|max_constraint|1|2
transformer1|flocal|1|0.30573439598083496
transformer1|ffinal|1|0.21040105819702148
node_transformer1|total_time|1|21.675338
node_transformer1|loops|1|23
node_transformer1|messages|1|2
transformer1|min_constraint|1|2
transformer1|max_constraint|1|2
transformer2|flocal|1|0.5512473583221436
transformer2|ffinal|1|0.22527360916137695
node_transformer2|total_time|1|19.258118
node_transformer2|loops|1|18
node_transformer2|messages|1|2
transformer2|min_constraint|1|2
transformer2|max_constraint|1|2
transformer3|flocal|1|0.3025667667388916
transformer3|ffinal|1|0.21532750129699707
node_transformer3|total_time|1|18.291128
node_transformer3|loops|1|15
node_transformer3|messages|1|2
transformer3|min_constraint|1|2
transformer3|max_constraint|1|2
transformer4|flocal|1|0.2784132957458496
transformer4|ffinal|1|0.21795320510864258
node_transformer4|total_time|1|17.098277
node_transformer4|loops|1|14
node_transformer4|messages|1|2
transformer4|min_constraint|1|2
transformer4|max_constraint|1|2
transformer5|flocal|1|0.3334047794342041
transformer5|ffinal|1|0.22556757926940918
node_transformer5|total_time|1|16.799869
node_transformer5|loops|1|14
node_transformer5|messages|1|2
transformer5|min_constraint|1|2
transformer5|max_constraint|1|2
transformer6|flocal|1|0.3310859203338623
transformer6|ffinal|1|0.21619629859924316
node_transformer6|total_time|1|16.652186
node_transformer6|loops|1|14
node_transformer6|messages|1|2
transformer6|min_constraint|1|2
transformer6|max_constraint|1|2
transformer7|flocal|1|0.2821183204650879
transformer7|ffinal|1|0.1949458122253418
node_transformer7|total_time|1|15.646627
node_transformer7|loops|1|15
node_transformer7|messages|1|2
transformer7|min_constraint|1|2
transformer7|max_constraint|1|2
transformer8|flocal|1|0.32425451278686523
transformer8|ffinal|1|0.2186877727508545
node_transformer8|total_time|1|15.562186
node_transformer8|loops|1|14
node_transformer8|messages|1|2
transformer8|min_constraint|1|2
transformer8|max_constraint|1|2
transformer9|funsat|1|0.3094511032104492
transformer9|funsat|1|0.19754576683044434
node_transformer9|total_time|1|15.908942
node_transformer9|loops|1|12
node_transformer9|messages|1|0
transformer9|min_constraint|1|4
transformer9|max_constraint|1|4
provider|flocal|2|0.2805776596069336
provider|ffinal|2|0.19198036193847656
node_provider|total_time|2|29.158390
node_provider|loops|2|27
node_provider|messages|2|2
provider|min_constraint|2|1
provider|max_constraint|2|1
transformer0|flocal|2|0.32304906845092773
transformer0|ffinal|2|0.20033907890319824
node_transformer0|total_time|2|23.017225
node_transformer0|loops|2|18
node_transformer0|messages|2|2
transformer0|min_constraint|2|2
transformer0|max_constraint|2|2
transformer10|flocal|2|0.30754685401916504
transformer10|ffinal|2|0.2186875343322754
node_transformer10|total_time|2|11.439353
node_transformer10|loops|2|12
node_transformer10|messages|2|2
transformer10|min_constraint|2|2
transformer10|max_constraint|2|2
transformer11|funsat|2|0.2835690975189209
transformer11|funsat|2|0.1941065788269043
node_transformer11|total_time|2|10.824162
node_transformer11|loops|2|8
node_transformer11|messages|2|0
transformer11|min_constraint|2|4
transformer11|max_constraint|2|4
transformer12|flocal|2|0.29947352409362793
transformer12|ffinal|2|0.22015094757080078
node_transformer12|total_time|2|11.039419
node_transformer12|loops|2|10
node_transformer12|messages|2|2
transformer12|min_constraint|2|2
transformer12|max_constraint|2|2
transformer13|flocal|2|0.2929408550262451
transformer13|ffinal|2|0.216965913772583
node_transformer13|total_time|2|9.921177
node_transformer13|loops|2|8
node_transformer13|messages|2|2
transformer13|min_constraint|2|2
transformer13|max_constraint|2|2
transformer14|flocal|2|0.2897186279296875
transformer14|ffinal|2|0.21813464164733887
node_transformer14|total_time|2|9.384087
node_transformer14|loops|2|11
node_transformer14|messages|2|2
transformer14|min_constraint|2|2
transformer14|max_constraint|2|2
transformer1|flocal|2|0.2879297733306885
transformer1|ffinal|2|0.22610068321228027
node_transformer1|total_time|2|21.923097
node_transformer1|loops|2|23
node_transformer1|messages|2|2
transformer1|min_constraint|2|2
transformer1|max_constraint|2|2
transformer2|flocal|2|0.29447484016418457
transformer2|ffinal|2|0.22171378135681152
node_transformer2|total_time|2|16.921295
node_transformer2|loops|2|15
node_transformer2|messages|2|2
transformer2|min_constraint|2|2
transformer2|max_constraint|2|2
transformer3|flocal|2|0.3328261375427246
transformer3|ffinal|2|0.2150559425354004
node_transformer3|total_time|2|16.595678
node_transformer3|loops|2|14
node_transformer3|messages|2|2
transformer3|min_constraint|2|2
transformer3|max_constraint|2|2
transformer4|flocal|2|0.284665584564209
transformer4|ffinal|2|0.22400784492492676
node_transformer4|total_time|2|15.865469
node_transformer4|loops|2|18
node_transformer4|messages|2|2
transformer4|min_constraint|2|2
transformer4|max_constraint|2|2
transformer5|flocal|2|0.2999913692474365
transformer5|ffinal|2|0.21866726875305176
node_transformer5|total_time|2|15.214975
node_transformer5|loops|2|13
node_transformer5|messages|2|2
transformer5|min_constraint|2|2
transformer5|max_constraint|2|2
transformer6|flocal|2|0.3141937255859375
transformer6|ffinal|2|0.21261215209960938
node_transformer6|total_time|2|14.357439
node_transformer6|loops|2|12
node_transformer6|messages|2|2
transformer6|min_constraint|2|2
transformer6|max_constraint|2|2
transformer7|flocal|2|0.31711792945861816
transformer7|ffinal|2|0.21462440490722656
node_transformer7|total_time|2|13.655570
node_transformer7|loops|2|13
node_transformer7|messages|2|2
transformer7|min_constraint|2|2
transformer7|max_constraint|2|2
transformer8|flocal|2|0.31039905548095703
transformer8|ffinal|2|0.21608281135559082
node_transformer8|total_time|2|12.615565
node_transformer8|loops|2|11
node_transformer8|messages|2|2
transformer8|min_constraint|2|2
transformer8|max_constraint|2|2
transformer9|flocal|2|0.29720330238342285
transformer9|ffinal|2|0.21516776084899902
node_transformer9|total_time|2|12.508260
node_transformer9|loops|2|10
node_transformer9|messages|2|2
transformer9|min_constraint|2|2
transformer9|max_constraint|2|2
provider|flocal|3|0.27882838249206543
provider|ffinal|3|0.2054293155670166
node_provider|total_time|3|29.870422
node_provider|loops|3|35
node_provider|messages|3|2
provider|min_constraint|3|1
provider|max_constraint|3|1
transformer0|flocal|3|0.2934083938598633
transformer0|ffinal|3|0.20307159423828125
node_transformer0|total_time|3|23.696677
node_transformer0|loops|3|20
node_transformer0|messages|3|2
transformer0|min_constraint|3|2
transformer0|max_constraint|3|2
transformer10|flocal|3|0.2979736328125
transformer10|ffinal|3|0.22654151916503906
node_transformer10|total_time|3|13.624230
node_transformer10|loops|3|11
node_transformer10|messages|3|2
transformer10|min_constraint|3|2
transformer10|max_constraint|3|2
transformer11|funsat|3|0.3103780746459961
transformer11|funsat|3|0.20576906204223633
node_transformer11|total_time|3|14.309951
node_transformer11|loops|3|12
node_transformer11|messages|3|0
transformer11|min_constraint|3|4
transformer11|max_constraint|3|4
transformer12|flocal|3|0.319899320602417
transformer12|ffinal|3|0.2260596752166748
node_transformer12|total_time|3|13.118149
node_transformer12|loops|3|12
node_transformer12|messages|3|2
transformer12|min_constraint|3|2
transformer12|max_constraint|3|2
transformer13|flocal|3|0.30721354484558105
transformer13|ffinal|3|0.22418427467346191
node_transformer13|total_time|3|12.646994
node_transformer13|loops|3|15
node_transformer13|messages|3|2
transformer13|min_constraint|3|2
transformer13|max_constraint|3|2
transformer14|flocal|3|0.31315016746520996
transformer14|ffinal|3|0.20741724967956543
node_transformer14|total_time|3|12.642657
node_transformer14|loops|3|8
node_transformer14|messages|3|2
transformer14|min_constraint|3|2
transformer14|max_constraint|3|2
transformer1|flocal|3|0.30979228019714355
transformer1|ffinal|3|0.22434735298156738
node_transformer1|total_time|3|22.893422
node_transformer1|loops|3|31
node_transformer1|messages|3|2
transformer1|min_constraint|3|2
transformer1|max_constraint|3|2
transformer2|flocal|3|0.2830057144165039
transformer2|ffinal|3|0.2259814739227295
node_transformer2|total_time|3|18.178705
node_transformer2|loops|3|15
node_transformer2|messages|3|2
transformer2|min_constraint|3|2
transformer2|max_constraint|3|2
transformer3|flocal|3|0.31859445571899414
transformer3|ffinal|3|0.22660446166992188
node_transformer3|total_time|3|16.896878
node_transformer3|loops|3|13
node_transformer3|messages|3|2
transformer3|min_constraint|3|2
transformer3|max_constraint|3|2
transformer4|flocal|3|0.32123565673828125
transformer4|ffinal|3|0.23186445236206055
node_transformer4|total_time|3|16.977961
node_transformer4|loops|3|14
node_transformer4|messages|3|2
transformer4|min_constraint|3|2
transformer4|max_constraint|3|2
transformer5|flocal|3|0.2922704219818115
transformer5|ffinal|3|0.22482633590698242
node_transformer5|total_time|3|17.514494
node_transformer5|loops|3|15
node_transformer5|messages|3|2
transformer5|min_constraint|3|2
transformer5|max_constraint|3|2
transformer6|flocal|3|0.2951350212097168
transformer6|ffinal|3|0.22347235679626465
node_transformer6|total_time|3|16.540191
node_transformer6|loops|3|17
node_transformer6|messages|3|2
transformer6|min_constraint|3|2
transformer6|max_constraint|3|2
transformer7|flocal|3|0.2470386028289795
transformer7|ffinal|3|0.2043616771697998
node_transformer7|total_time|3|15.378819
node_transformer7|loops|3|15
node_transformer7|messages|3|2
transformer7|min_constraint|3|2
transformer7|max_constraint|3|2
transformer8|flocal|3|0.43952226638793945
transformer8|ffinal|3|0.1963667869567871
node_transformer8|total_time|3|15.745172
node_transformer8|loops|3|15
node_transformer8|messages|3|2
transformer8|min_constraint|3|2
transformer8|max_constraint|3|2
transformer9|flocal|3|0.3060288429260254
transformer9|ffinal|3|0.22358155250549316
node_transformer9|total_time|3|13.984921
node_transformer9|loops|3|12
node_transformer9|messages|3|2
transformer9|min_constraint|3|2
transformer9|max_constraint|3|2
provider|flocal|4|0.2639002799987793
provider|ffinal|4|0.19524121284484863
node_provider|total_time|4|29.012073
node_provider|loops|4|35
node_provider|messages|4|2
provider|min_constraint|4|1
provider|max_constraint|4|1
transformer0|flocal|4|0.3068556785583496
transformer0|ffinal|4|0.20976996421813965
node_transformer0|total_time|4|21.102832
node_transformer0|loops|4|21
node_transformer0|messages|4|2
transformer0|min_constraint|4|2
transformer0|max_constraint|4|2
transformer10|flocal|4|0.2908470630645752
transformer10|ffinal|4|0.22112035751342773
node_transformer10|total_time|4|16.148450
node_transformer10|loops|4|16
node_transformer10|messages|4|2
transformer10|min_constraint|4|2
transformer10|max_constraint|4|2
transformer11|funsat|4|0.2830321788787842
transformer11|funsat|4|0.19817805290222168
node_transformer11|total_time|4|15.512788
node_transformer11|loops|4|14
node_transformer11|messages|4|0
transformer11|min_constraint|4|4
transformer11|max_constraint|4|4
transformer12|flocal|4|0.3126516342163086
transformer12|ffinal|4|0.21755480766296387
node_transformer12|total_time|4|14.542080
node_transformer12|loops|4|11
node_transformer12|messages|4|2
transformer12|min_constraint|4|2
transformer12|max_constraint|4|2
transformer13|flocal|4|0.29886746406555176
transformer13|ffinal|4|0.20684289932250977
node_transformer13|total_time|4|14.690371
node_transformer13|loops|4|14
node_transformer13|messages|4|2
transformer13|min_constraint|4|2
transformer13|max_constraint|4|2
transformer14|flocal|4|0.3114151954650879
transformer14|ffinal|4|0.22549033164978027
node_transformer14|total_time|4|13.810199
node_transformer14|loops|4|12
node_transformer14|messages|4|2
transformer14|min_constraint|4|2
transformer14|max_constraint|4|2
transformer1|flocal|4|0.3035736083984375
transformer1|ffinal|4|0.22457075119018555
node_transformer1|total_time|4|20.658358
node_transformer1|loops|4|17
node_transformer1|messages|4|2
transformer1|min_constraint|4|2
transformer1|max_constraint|4|2
transformer2|flocal|4|0.3049778938293457
transformer2|ffinal|4|0.2227001190185547
node_transformer2|total_time|4|21.339181
node_transformer2|loops|4|22
node_transformer2|messages|4|2
transformer2|min_constraint|4|2
transformer2|max_constraint|4|2
transformer3|flocal|4|0.30126404762268066
transformer3|ffinal|4|0.23042964935302734
node_transformer3|total_time|4|20.766552
node_transformer3|loops|4|14
node_transformer3|messages|4|2
transformer3|min_constraint|4|2
transformer3|max_constraint|4|2
transformer4|flocal|4|0.2867403030395508
transformer4|ffinal|4|0.22278404235839844
node_transformer4|total_time|4|18.734757
node_transformer4|loops|4|19
node_transformer4|messages|4|2
transformer4|min_constraint|4|2
transformer4|max_constraint|4|2
transformer5|flocal|4|0.2533133029937744
transformer5|ffinal|4|0.21692180633544922
node_transformer5|total_time|4|18.062805
node_transformer5|loops|4|20
node_transformer5|messages|4|2
transformer5|min_constraint|4|2
transformer5|max_constraint|4|2
transformer6|flocal|4|0.30438733100891113
transformer6|ffinal|4|0.219160795211792
node_transformer6|total_time|4|17.542806
node_transformer6|loops|4|21
node_transformer6|messages|4|2
transformer6|min_constraint|4|2
transformer6|max_constraint|4|2
transformer7|flocal|4|0.302980899810791
transformer7|ffinal|4|0.2252345085144043
node_transformer7|total_time|4|17.914698
node_transformer7|loops|4|19
node_transformer7|messages|4|2
transformer7|min_constraint|4|2
transformer7|max_constraint|4|2
transformer8|flocal|4|0.3013327121734619
transformer8|ffinal|4|0.2245481014251709
node_transformer8|total_time|4|16.683936
node_transformer8|loops|4|17
node_transformer8|messages|4|2
transformer8|min_constraint|4|2
transformer8|max_constraint|4|2
transformer9|flocal|4|0.3085634708404541
transformer9|ffinal|4|0.2249743938446045
node_transformer9|total_time|4|15.932837
node_transformer9|loops|4|13
node_transformer9|messages|4|2
transformer9|min_constraint|4|2
transformer9|max_constraint|4|2
provider|flocal|5|0.28279709815979004
provider|ffinal|5|0.17684555053710938
node_provider|total_time|5|29.502055
node_provider|loops|5|24
node_provider|messages|5|2
provider|min_constraint|5|1
provider|max_constraint|5|1
transformer0|flocal|5|0.3171725273132324
transformer0|ffinal|5|0.2245645523071289
node_transformer0|total_time|5|21.527520
node_transformer0|loops|5|18
node_transformer0|messages|5|2
transformer0|min_constraint|5|2
transformer0|max_constraint|5|2
transformer10|funsat|5|0.5793206691741943
transformer10|funsat|5|0.20541977882385254
node_transformer10|total_time|5|16.942127
node_transformer10|loops|5|16
node_transformer10|messages|5|0
transformer10|min_constraint|5|4
transformer10|max_constraint|5|4
transformer11|flocal|5|0.29197216033935547
transformer11|ffinal|5|0.21868491172790527
node_transformer11|total_time|5|15.636636
node_transformer11|loops|5|17
node_transformer11|messages|5|2
transformer11|min_constraint|5|2
transformer11|max_constraint|5|2
transformer12|flocal|5|0.30251169204711914
transformer12|ffinal|5|0.21984028816223145
node_transformer12|total_time|5|15.431539
node_transformer12|loops|5|14
node_transformer12|messages|5|2
transformer12|min_constraint|5|2
transformer12|max_constraint|5|2
transformer13|flocal|5|0.2894246578216553
transformer13|ffinal|5|0.22687411308288574
node_transformer13|total_time|5|15.230629
node_transformer13|loops|5|12
node_transformer13|messages|5|2
transformer13|min_constraint|5|2
transformer13|max_constraint|5|2
transformer14|flocal|5|0.488811731338501
transformer14|ffinal|5|0.1997976303100586
node_transformer14|total_time|5|14.138761
node_transformer14|loops|5|10
node_transformer14|messages|5|2
transformer14|min_constraint|5|2
transformer14|max_constraint|5|2
transformer1|flocal|5|0.2834329605102539
transformer1|ffinal|5|0.21822381019592285
node_transformer1|total_time|5|22.299467
node_transformer1|loops|5|23
node_transformer1|messages|5|2
transformer1|min_constraint|5|2
transformer1|max_constraint|5|2
transformer2|flocal|5|0.3056607246398926
transformer2|ffinal|5|0.2190229892730713
node_transformer2|total_time|5|20.437599
node_transformer2|loops|5|16
node_transformer2|messages|5|2
transformer2|min_constraint|5|2
transformer2|max_constraint|5|2
transformer3|flocal|5|0.2959177494049072
transformer3|ffinal|5|0.2169513702392578
node_transformer3|total_time|5|20.111494
node_transformer3|loops|5|17
node_transformer3|messages|5|2
transformer3|min_constraint|5|2
transformer3|max_constraint|5|2
transformer4|flocal|5|0.3078579902648926
transformer4|ffinal|5|0.21872472763061523
node_transformer4|total_time|5|19.325406
node_transformer4|loops|5|20
node_transformer4|messages|5|2
transformer4|min_constraint|5|2
transformer4|max_constraint|5|2
transformer5|flocal|5|0.30453920364379883
transformer5|ffinal|5|0.21889019012451172
node_transformer5|total_time|5|18.693535
node_transformer5|loops|5|23
node_transformer5|messages|5|2
transformer5|min_constraint|5|2
transformer5|max_constraint|5|2
transformer6|flocal|5|0.28884100914001465
transformer6|ffinal|5|0.2204899787902832
node_transformer6|total_time|5|19.115887
node_transformer6|loops|5|17
node_transformer6|messages|5|2
transformer6|min_constraint|5|2
transformer6|max_constraint|5|2
transformer7|flocal|5|0.29399895668029785
transformer7|ffinal|5|0.2011716365814209
node_transformer7|total_time|5|17.845082
node_transformer7|loops|5|19
node_transformer7|messages|5|2
transformer7|min_constraint|5|2
transformer7|max_constraint|5|2
transformer8|flocal|5|0.2979094982147217
transformer8|ffinal|5|0.22123169898986816
node_transformer8|total_time|5|17.203885
node_transformer8|loops|5|16
node_transformer8|messages|5|2
transformer8|min_constraint|5|2
transformer8|max_constraint|5|2
transformer9|flocal|5|0.30019330978393555
transformer9|ffinal|5|0.2196965217590332
node_transformer9|total_time|5|17.011971
node_transformer9|loops|5|15
node_transformer9|messages|5|2
transformer9|min_constraint|5|2
transformer9|max_constraint|5|2
provider|flocal|6|0.26375293731689453
provider|ffinal|6|0.20159149169921875
node_provider|total_time|6|25.793361
node_provider|loops|6|24
node_provider|messages|6|2
provider|min_constraint|6|1
provider|max_constraint|6|1
transformer0|flocal|6|0.30290746688842773
transformer0|ffinal|6|0.22576594352722168
node_transformer0|total_time|6|17.214607
node_transformer0|loops|6|17
node_transformer0|messages|6|2
transformer0|min_constraint|6|2
transformer0|max_constraint|6|2
transformer10|funsat|6|0.2980940341949463
transformer10|funsat|6|0.20209360122680664
node_transformer10|total_time|6|12.539661
node_transformer10|loops|6|10
node_transformer10|messages|6|0
transformer10|min_constraint|6|4
transformer10|max_constraint|6|4
transformer11|flocal|6|0.30408477783203125
transformer11|ffinal|6|0.3508477210998535
node_transformer11|total_time|6|13.270525
node_transformer11|loops|6|10
node_transformer11|messages|6|2
transformer11|min_constraint|6|2
transformer11|max_constraint|6|2
transformer12|flocal|6|0.2931227684020996
transformer12|ffinal|6|0.2180638313293457
node_transformer12|total_time|6|12.148566
node_transformer12|loops|6|7
node_transformer12|messages|6|2
transformer12|min_constraint|6|2
transformer12|max_constraint|6|2
transformer13|flocal|6|0.2836275100708008
transformer13|ffinal|6|0.22045660018920898
node_transformer13|total_time|6|10.980093
node_transformer13|loops|6|12
node_transformer13|messages|6|2
transformer13|min_constraint|6|2
transformer13|max_constraint|6|2
transformer14|flocal|6|0.3001437187194824
transformer14|ffinal|6|0.29292917251586914
node_transformer14|total_time|6|11.742088
node_transformer14|loops|6|10
node_transformer14|messages|6|2
transformer14|min_constraint|6|2
transformer14|max_constraint|6|2
transformer1|flocal|6|0.2916984558105469
transformer1|ffinal|6|0.22515392303466797
node_transformer1|total_time|6|17.334848
node_transformer1|loops|6|13
node_transformer1|messages|6|2
transformer1|min_constraint|6|2
transformer1|max_constraint|6|2
transformer2|flocal|6|0.31256556510925293
transformer2|ffinal|6|0.22078156471252441
node_transformer2|total_time|6|16.596888
node_transformer2|loops|6|16
node_transformer2|messages|6|2
transformer2|min_constraint|6|2
transformer2|max_constraint|6|2
transformer3|flocal|6|0.23845934867858887
transformer3|ffinal|6|0.21857762336730957
node_transformer3|total_time|6|15.654318
node_transformer3|loops|6|17
node_transformer3|messages|6|2
transformer3|min_constraint|6|2
transformer3|max_constraint|6|2
transformer4|flocal|6|0.45891737937927246
transformer4|ffinal|6|0.22172188758850098
node_transformer4|total_time|6|15.393425
node_transformer4|loops|6|16
node_transformer4|messages|6|2
transformer4|min_constraint|6|2
transformer4|max_constraint|6|2
transformer5|flocal|6|0.3015420436859131
transformer5|ffinal|6|0.22345209121704102
node_transformer5|total_time|6|14.870427
node_transformer5|loops|6|13
node_transformer5|messages|6|2
transformer5|min_constraint|6|2
transformer5|max_constraint|6|2
transformer6|flocal|6|0.30526256561279297
transformer6|ffinal|6|0.21227407455444336
node_transformer6|total_time|6|14.060032
node_transformer6|loops|6|15
node_transformer6|messages|6|2
transformer6|min_constraint|6|2
transformer6|max_constraint|6|2
transformer7|flocal|6|0.30040836334228516
transformer7|ffinal|6|0.22027349472045898
node_transformer7|total_time|6|14.339956
node_transformer7|loops|6|11
node_transformer7|messages|6|2
transformer7|min_constraint|6|2
transformer7|max_constraint|6|2
transformer8|flocal|6|0.3032567501068115
transformer8|ffinal|6|0.22423028945922852
node_transformer8|total_time|6|14.193933
node_transformer8|loops|6|13
node_transformer8|messages|6|2
transformer8|min_constraint|6|2
transformer8|max_constraint|6|2
transformer9|flocal|6|0.3076446056365967
transformer9|ffinal|6|0.22377490997314453
node_transformer9|total_time|6|12.538986
node_transformer9|loops|6|15
node_transformer9|messages|6|2
transformer9|min_constraint|6|2
transformer9|max_constraint|6|2
provider|flocal|7|0.2963991165161133
provider|ffinal|7|0.29747509956359863
node_provider|total_time|7|28.013516
node_provider|loops|7|29
node_provider|messages|7|2
provider|min_constraint|7|1
provider|max_constraint|7|1
transformer0|flocal|7|0.32027244567871094
transformer10|flocal|7|0.30420589447021484
transformer10|funsat|7|0.20288920402526855
transformer10|funsat|7|0.19961261749267578
node_transformer10|total_time|7|14.940777
node_transformer10|loops|7|14
node_transformer10|messages|7|2
transformer10|min_constraint|7|4
transformer10|max_constraint|7|4
transformer11|flocal|7|0.3093571662902832
transformer11|funsat|7|0.20179009437561035
transformer11|funsat|7|0.32041382789611816
node_transformer11|total_time|7|14.181087
node_transformer11|loops|7|15
node_transformer11|messages|7|2
transformer11|min_constraint|7|4
transformer11|max_constraint|7|4
transformer12|flocal|7|0.3084988594055176
transformer12|ffinal|7|0.22294211387634277
node_transformer12|total_time|7|14.864245
node_transformer12|loops|7|18
node_transformer12|messages|7|2
transformer12|min_constraint|7|2
transformer12|max_constraint|7|2
transformer13|flocal|7|0.28226375579833984
transformer13|ffinal|7|0.22061967849731445
node_transformer13|total_time|7|13.661460
node_transformer13|loops|7|13
node_transformer13|messages|7|2
transformer13|min_constraint|7|2
transformer13|max_constraint|7|2
transformer14|flocal|7|0.3014802932739258
transformer14|ffinal|7|0.20270538330078125
node_transformer14|total_time|7|13.123629
node_transformer14|loops|7|13
node_transformer14|messages|7|2
transformer14|min_constraint|7|2
transformer14|max_constraint|7|2
transformer1|flocal|7|0.31253576278686523
transformer1|ffinal|7|0.2106924057006836
node_transformer1|total_time|7|20.517101
node_transformer1|loops|7|19
node_transformer1|messages|7|2
transformer1|min_constraint|7|2
transformer1|max_constraint|7|2
transformer2|flocal|7|0.2857980728149414
transformer2|ffinal|7|0.22233128547668457
node_transformer2|total_time|7|18.760671
node_transformer2|loops|7|15
node_transformer2|messages|7|2
transformer2|min_constraint|7|2
transformer2|max_constraint|7|2
transformer3|flocal|7|0.36455559730529785
transformer3|ffinal|7|0.26996517181396484
node_transformer3|total_time|7|18.146173
node_transformer3|loops|7|18
node_transformer3|messages|7|2
transformer3|min_constraint|7|2
transformer3|max_constraint|7|2
transformer4|flocal|7|0.3022785186767578
transformer4|ffinal|7|0.22371244430541992
node_transformer4|total_time|7|18.813832
node_transformer4|loops|7|16
node_transformer4|messages|7|2
transformer4|min_constraint|7|2
transformer4|max_constraint|7|2
transformer5|flocal|7|0.3034195899963379
transformer5|ffinal|7|0.22072482109069824
node_transformer5|total_time|7|17.336048
node_transformer5|loops|7|17
node_transformer5|messages|7|2
transformer5|min_constraint|7|2
transformer5|max_constraint|7|2
transformer6|flocal|7|0.30507349967956543
transformer6|ffinal|7|0.28423309326171875
node_transformer6|total_time|7|16.691166
node_transformer6|loops|7|15
node_transformer6|messages|7|2
transformer6|min_constraint|7|2
transformer6|max_constraint|7|2
transformer7|flocal|7|0.3015260696411133
transformer7|ffinal|7|0.28018760681152344
node_transformer7|total_time|7|16.259295
node_transformer7|loops|7|15
node_transformer7|messages|7|2
transformer7|min_constraint|7|2
transformer7|max_constraint|7|2
transformer8|flocal|7|0.30667877197265625
transformer8|ffinal|7|0.21703696250915527
node_transformer8|total_time|7|15.864214
node_transformer8|loops|7|16
node_transformer8|messages|7|2
transformer8|min_constraint|7|2
transformer8|max_constraint|7|2
transformer9|flocal|7|0.3196418285369873
transformer9|ffinal|7|0.22030258178710938
node_transformer9|total_time|7|15.940785
node_transformer9|loops|7|16
node_transformer9|messages|7|2
transformer9|min_constraint|7|2
transformer9|max_constraint|7|2
provider|flocal|8|0.2841670513153076
provider|ffinal|8|0.20031952857971191
node_provider|total_time|8|30.698102
node_provider|loops|8|29
node_provider|messages|8|2
provider|min_constraint|8|1
provider|max_constraint|8|1
transformer0|flocal|8|0.29691410064697266
transformer10|flocal|8|0.20916342735290527
transformer10|funsat|8|0.15274930000305176
transformer10|funsat|8|0.21861052513122559
node_transformer10|total_time|8|17.469019
node_transformer10|loops|8|18
node_transformer10|messages|8|2
transformer10|min_constraint|8|4
transformer10|max_constraint|8|4
transformer11|flocal|8|0.2890937328338623
transformer11|funsat|8|0.2022111415863037
transformer11|funsat|8|0.20099472999572754
node_transformer11|total_time|8|16.697189
node_transformer11|loops|8|16
node_transformer11|messages|8|2
transformer11|min_constraint|8|4
transformer11|max_constraint|8|4
transformer12|flocal|8|0.30059814453125
transformer12|ffinal|8|0.22725439071655273
node_transformer12|total_time|8|16.995162
node_transformer12|loops|8|16
node_transformer12|messages|8|2
transformer12|min_constraint|8|2
transformer12|max_constraint|8|2
transformer13|flocal|8|0.29986143112182617
transformer13|ffinal|8|0.22524070739746094
node_transformer13|total_time|8|16.688808
node_transformer13|loops|8|18
node_transformer13|messages|8|2
transformer13|min_constraint|8|2
transformer13|max_constraint|8|2
transformer14|flocal|8|0.28960585594177246
transformer14|ffinal|8|0.22774577140808105
node_transformer14|total_time|8|15.475589
node_transformer14|loops|8|10
node_transformer14|messages|8|2
transformer14|min_constraint|8|2
transformer14|max_constraint|8|2
transformer1|flocal|8|0.2751893997192383
transformer1|ffinal|8|0.22364449501037598
node_transformer1|total_time|8|21.491174
node_transformer1|loops|8|19
node_transformer1|messages|8|2
transformer1|min_constraint|8|2
transformer1|max_constraint|8|2
transformer2|flocal|8|0.5345046520233154
transformer2|ffinal|8|0.22827720642089844
node_transformer2|total_time|8|21.296707
node_transformer2|loops|8|21
node_transformer2|messages|8|2
transformer2|min_constraint|8|2
transformer2|max_constraint|8|2
transformer3|flocal|8|0.3019752502441406
transformer3|ffinal|8|0.21821832656860352
node_transformer3|total_time|8|20.639297
node_transformer3|loops|8|23
node_transformer3|messages|8|2
transformer3|min_constraint|8|2
transformer3|max_constraint|8|2
transformer4|flocal|8|0.3055400848388672
transformer4|ffinal|8|0.21257448196411133
node_transformer4|total_time|8|20.580487
node_transformer4|loops|8|19
node_transformer4|messages|8|2
transformer4|min_constraint|8|2
transformer4|max_constraint|8|2
transformer5|flocal|8|0.30913662910461426
transformer5|ffinal|8|0.21903777122497559
node_transformer5|total_time|8|19.982899
node_transformer5|loops|8|21
node_transformer5|messages|8|2
transformer5|min_constraint|8|2
transformer5|max_constraint|8|2
transformer6|flocal|8|0.29490208625793457
transformer6|ffinal|8|0.22557616233825684
node_transformer6|total_time|8|19.172824
node_transformer6|loops|8|15
node_transformer6|messages|8|2
transformer6|min_constraint|8|2
transformer6|max_constraint|8|2
transformer7|flocal|8|0.30590295791625977
transformer7|ffinal|8|0.22472262382507324
node_transformer7|total_time|8|19.146218
node_transformer7|loops|8|18
node_transformer7|messages|8|2
transformer7|min_constraint|8|2
transformer7|max_constraint|8|2
transformer8|flocal|8|0.5625019073486328
transformer8|ffinal|8|0.22518444061279297
node_transformer8|total_time|8|17.941713
node_transformer8|loops|8|14
node_transformer8|messages|8|2
transformer8|min_constraint|8|2
transformer8|max_constraint|8|2
transformer9|flocal|8|0.28887486457824707
transformer9|ffinal|8|0.22850823402404785
node_transformer9|total_time|8|18.410354
node_transformer9|loops|8|17
node_transformer9|messages|8|2
transformer9|min_constraint|8|2
transformer9|max_constraint|8|2
provider|flocal|9|0.273165225982666
provider|ffinal|9|0.17786240577697754
node_provider|total_time|9|26.758470
node_provider|loops|9|29
node_provider|messages|9|2
provider|min_constraint|9|1
provider|max_constraint|9|1
transformer0|flocal|9|0.3235785961151123
transformer0|ffinal|9|0.1991746425628662
node_transformer0|total_time|9|27.069463
node_transformer0|loops|9|29
node_transformer0|messages|9|2
transformer0|min_constraint|9|2
transformer0|max_constraint|9|2
transformer10|flocal|9|0.286022424697876
transformer10|ffinal|9|0.22362875938415527
node_transformer10|total_time|9|14.420861
node_transformer10|loops|9|12
node_transformer10|messages|9|2
transformer10|min_constraint|9|2
transformer10|max_constraint|9|2
transformer11|flocal|9|0.31429362297058105
transformer11|ffinal|9|0.22314023971557617
node_transformer11|total_time|9|13.800095
node_transformer11|loops|9|11
node_transformer11|messages|9|2
transformer11|min_constraint|9|2
transformer11|max_constraint|9|2
transformer12|flocal|9|0.30754590034484863
transformer12|ffinal|9|0.2353060245513916
node_transformer12|total_time|9|12.665568
node_transformer12|loops|9|12
node_transformer12|messages|9|2
transformer12|min_constraint|9|2
transformer12|max_constraint|9|2
transformer13|funsat|9|0.29389476776123047
transformer13|funsat|9|0.20230841636657715
node_transformer13|total_time|9|12.806722
node_transformer13|loops|9|11
node_transformer13|messages|9|0
transformer13|min_constraint|9|4
transformer13|max_constraint|9|4
transformer14|flocal|9|0.2786705493927002
transformer14|ffinal|9|0.224531888961792
node_transformer14|total_time|9|11.250706
node_transformer14|loops|9|9
node_transformer14|messages|9|2
transformer14|min_constraint|9|2
transformer14|max_constraint|9|2
transformer1|flocal|9|0.25277137756347656
transformer1|ffinal|9|0.19884657859802246
node_transformer1|total_time|9|26.432348
node_transformer1|loops|9|25
node_transformer1|messages|9|2
transformer1|min_constraint|9|2
transformer1|max_constraint|9|2
transformer2|flocal|9|0.30408310890197754
transformer2|ffinal|9|0.22548294067382812
node_transformer2|total_time|9|26.303170
node_transformer2|loops|9|24
node_transformer2|messages|9|2
transformer2|min_constraint|9|2
transformer2|max_constraint|9|2
transformer3|flocal|9|0.3116648197174072
transformer3|ffinal|9|0.21796035766601562
node_transformer3|total_time|9|25.557014
node_transformer3|loops|9|23
node_transformer3|messages|9|2
transformer3|min_constraint|9|2
transformer3|max_constraint|9|2
transformer4|flocal|9|0.28018999099731445
transformer4|ffinal|9|0.22864484786987305
node_transformer4|total_time|9|26.158991
node_transformer4|loops|9|26
node_transformer4|messages|9|2
transformer4|min_constraint|9|2
transformer4|max_constraint|9|2
transformer5|flocal|9|0.3064911365509033
transformer5|ffinal|9|0.21872973442077637
node_transformer5|total_time|9|24.378851
node_transformer5|loops|9|24
node_transformer5|messages|9|2
transformer5|min_constraint|9|2
transformer5|max_constraint|9|2
transformer6|flocal|9|0.2903444766998291
transformer6|ffinal|9|0.1997673511505127
node_transformer6|total_time|9|24.441414
node_transformer6|loops|9|21
node_transformer6|messages|9|2
transformer6|min_constraint|9|2
transformer6|max_constraint|9|2
transformer7|flocal|9|0.3076655864715576
transformer7|ffinal|9|0.2049713134765625
node_transformer7|total_time|9|22.375509
node_transformer7|loops|9|20
node_transformer7|messages|9|2
transformer7|min_constraint|9|2
transformer7|max_constraint|9|2
transformer8|flocal|9|0.31149816513061523
transformer8|ffinal|9|0.22330498695373535
node_transformer8|total_time|9|20.013962
node_transformer8|loops|9|21
node_transformer8|messages|9|2
transformer8|min_constraint|9|2
transformer8|max_constraint|9|2
transformer9|flocal|9|0.3103148937225342
transformer9|ffinal|9|0.22203373908996582
node_transformer9|total_time|9|16.970571
node_transformer9|loops|9|15
node_transformer9|messages|9|2
transformer9|min_constraint|9|2
transformer9|max_constraint|9|2
