rabbitmqworker0|flocal|12|0.3080611228942871
ovswitchworker0|flocal|12|0.320601224899292
memcachedsworker0|flocal|12|0.3364436626434326
haproxyworker0|flocal|12|0.34018421173095703
factsworker0|flocal|12|0.3683032989501953
glanceworker0|flocal|12|0.37856435775756836
commonworker0|flocal|12|0.3867948055267334
keystoneworker0|flocal|12|0.4200315475463867
mariadbworker0|flocal|12|0.5934302806854248
haproxyworker0|flocal|12|0.2610747814178467
factsworker0|flocal|12|0.2820916175842285
rabbitmqworker0|flocal|12|0.29102325439453125
memcachedsworker0|flocal|12|0.29973936080932617
ovswitchworker0|flocal|12|0.30118823051452637
commonworker0|flocal|12|0.34519481658935547
glanceworker0|flocal|12|0.34269213676452637
keystoneworker0|flocal|12|0.35977792739868164
mariadbworker0|flocal|12|0.5820033550262451
ovswitchworker0|ffinal|12|0.25066709518432617
factsworker0|ffinal|12|0.25275516510009766
haproxyworker0|ffinal|12|0.259427547454834
rabbitmqworker0|ffinal|12|0.27295923233032227
memcachedsworker0|ffinal|12|0.29224538803100586
keystoneworker0|ffinal|12|0.32168054580688477
glanceworker0|ffinal|12|0.33875298500061035
commonworker0|ffinal|12|0.36458611488342285
mariadbworker0|ffinal|12|0.579864501953125
node_worker0|total_time|12|5.531872
node_worker0|loops|12|2
node_worker0|messages|12|60
memcachedsworker0|min_constraint|12|1
commonworker0|max_constraint|12|10
