rabbitmqworker0|flocal|13|0.27566051483154297
ovswitchworker0|flocal|13|0.2926943302154541
haproxyworker0|flocal|13|0.3002173900604248
factsworker0|flocal|13|0.2953817844390869
memcachedsworker0|flocal|13|0.34146857261657715
keystoneworker0|flocal|13|0.3499770164489746
glanceworker0|flocal|13|0.3533310890197754
commonworker0|flocal|13|0.37735438346862793
mariadbworker0|flocal|13|0.5388481616973877
rabbitmqworker0|flocal|13|0.3076343536376953
haproxyworker0|flocal|13|0.3148231506347656
ovswitchworker0|flocal|13|0.32761073112487793
memcachedsworker0|flocal|13|0.3347048759460449
factsworker0|flocal|13|0.33508920669555664
glanceworker0|flocal|13|0.37196803092956543
keystoneworker0|flocal|13|0.41454648971557617
commonworker0|flocal|13|0.4388134479522705
mariadbworker0|flocal|13|0.6521682739257812
haproxyworker0|ffinal|13|0.24829411506652832
memcachedsworker0|ffinal|13|0.24763226509094238
factsworker0|ffinal|13|0.23725533485412598
ovswitchworker0|ffinal|13|0.24579596519470215
rabbitmqworker0|ffinal|13|0.2521941661834717
glanceworker0|ffinal|13|0.3017585277557373
keystoneworker0|ffinal|13|0.33815741539001465
commonworker0|ffinal|13|0.36695265769958496
mariadbworker0|ffinal|13|0.5725479125976562
node_worker0|total_time|13|4.882724
node_worker0|loops|13|1
node_worker0|messages|13|60
memcachedsworker0|min_constraint|13|1
commonworker0|max_constraint|13|10
