memcachedsmaster|flocal|13|0.27613401412963867
factsmaster|flocal|13|0.28173375129699707
rabbitmqmaster|flocal|13|0.2838292121887207
ovswitchmaster|flocal|13|0.296367883682251
haproxymaster|flocal|13|0.29844236373901367
commonmaster|flocal|13|0.3389010429382324
mariadbmaster|flocal|13|0.4611232280731201
haproxymaster|flocal|13|0.22902822494506836
ovswitchmaster|flocal|13|0.22922277450561523
factsmaster|flocal|13|0.23376965522766113
memcachedsmaster|flocal|13|0.24192523956298828
rabbitmqmaster|flocal|13|0.24480175971984863
commonmaster|flocal|13|0.28505539894104004
mariadbmaster|flocal|13|0.40767359733581543
haproxymaster|flocal|13|0.23514628410339355
rabbitmqmaster|flocal|13|0.23795652389526367
memcachedsmaster|flocal|13|0.24354171752929688
factsmaster|flocal|13|0.24367380142211914
ovswitchmaster|flocal|13|0.25244998931884766
commonmaster|flocal|13|0.3588254451751709
mariadbmaster|flocal|13|0.4193594455718994
haproxymaster|flocal|13|0.2411651611328125
memcachedsmaster|flocal|13|0.24646759033203125
rabbitmqmaster|flocal|13|0.23161053657531738
ovswitchmaster|flocal|13|0.2525942325592041
factsmaster|flocal|13|0.24087858200073242
commonmaster|flocal|13|0.3391289710998535
mariadbmaster|flocal|13|0.4185471534729004
rabbitmqmaster|flocal|13|0.3256869316101074
memcachedsmaster|flocal|13|0.3322162628173828
haproxymaster|flocal|13|0.33954811096191406
ovswitchmaster|flocal|13|0.3443260192871094
factsmaster|flocal|13|0.34804272651672363
commonmaster|flocal|13|0.44387149810791016
mariadbmaster|flocal|13|0.6616306304931641
memcachedsmaster|ffinal|13|0.22536993026733398
ovswitchmaster|ffinal|13|0.23007702827453613
rabbitmqmaster|ffinal|13|0.23018312454223633
factsmaster|ffinal|13|0.24660968780517578
haproxymaster|ffinal|13|0.26439785957336426
commonmaster|ffinal|13|0.33404016494750977
mariadbmaster|ffinal|13|0.552480936050415
node_master|total_time|13|7.746804
node_master|loops|13|5
node_master|messages|13|114
memcachedsmaster|min_constraint|13|1
factsmaster|max_constraint|13|13
