rabbitmqmaster|flocal|14|0.2704734802246094
haproxymaster|flocal|14|0.2731964588165283
ovswitchmaster|flocal|14|0.27855563163757324
factsmaster|flocal|14|0.29184484481811523
memcachedsmaster|flocal|14|0.30316996574401855
commonmaster|flocal|14|0.3274424076080322
mariadbmaster|flocal|14|0.4438905715942383
ovswitchmaster|flocal|14|0.2736644744873047
memcachedsmaster|flocal|14|0.2752952575683594
rabbitmqmaster|flocal|14|0.2886683940887451
haproxymaster|flocal|14|0.3160252571105957
factsmaster|flocal|14|0.3373382091522217
commonmaster|flocal|14|0.352222204208374
mariadbmaster|flocal|14|0.5386335849761963
rabbitmqmaster|flocal|14|0.22052955627441406
memcachedsmaster|flocal|14|0.2239389419555664
factsmaster|flocal|14|0.23577618598937988
haproxymaster|flocal|14|0.24141860008239746
ovswitchmaster|flocal|14|0.24399209022521973
commonmaster|flocal|14|0.32219791412353516
mariadbmaster|flocal|14|0.5077483654022217
memcachedsmaster|flocal|14|0.24095368385314941
ovswitchmaster|flocal|14|0.23345136642456055
rabbitmqmaster|flocal|14|0.23431897163391113
haproxymaster|flocal|14|0.25184035301208496
factsmaster|flocal|14|0.25618839263916016
commonmaster|flocal|14|0.35761451721191406
mariadbmaster|flocal|14|0.5300695896148682
ovswitchmaster|flocal|14|0.2317347526550293
memcachedsmaster|flocal|14|0.2405872344970703
haproxymaster|flocal|14|0.24915766716003418
rabbitmqmaster|flocal|14|0.24347877502441406
factsmaster|flocal|14|0.2494802474975586
commonmaster|flocal|14|0.3501400947570801
mariadbmaster|flocal|14|0.4984753131866455
rabbitmqmaster|ffinal|14|0.2328779697418213
ovswitchmaster|ffinal|14|0.234055757522583
memcachedsmaster|ffinal|14|0.24707436561584473
factsmaster|ffinal|14|0.25343990325927734
haproxymaster|ffinal|14|0.25689220428466797
commonmaster|ffinal|14|0.35901856422424316
mariadbmaster|ffinal|14|0.5201451778411865
node_master|total_time|14|9.738828
node_master|loops|14|5
node_master|messages|14|118
memcachedsmaster|min_constraint|14|1
commonmaster|max_constraint|14|17
