ovswitchworker0|flocal|14|0.27577638626098633
rabbitmqworker0|flocal|14|0.28557801246643066
factsworker0|flocal|14|0.29364681243896484
haproxyworker0|flocal|14|0.2983071804046631
memcachedsworker0|flocal|14|0.3008284568786621
commonworker0|flocal|14|0.3400545120239258
keystoneworker0|flocal|14|0.334392786026001
glanceworker0|flocal|14|0.3507077693939209
mariadbworker0|flocal|14|0.5246996879577637
memcachedsworker0|flocal|14|0.23343563079833984
ovswitchworker0|flocal|14|0.2411487102508545
rabbitmqworker0|flocal|14|0.2743527889251709
factsworker0|flocal|14|0.26299047470092773
haproxyworker0|flocal|14|0.2801816463470459
glanceworker0|flocal|14|0.3144035339355469
keystoneworker0|flocal|14|0.32767796516418457
commonworker0|flocal|14|0.35549449920654297
mariadbworker0|flocal|14|0.7125778198242188
memcachedsworker0|flocal|14|0.24190378189086914
ovswitchworker0|flocal|14|0.24777650833129883
haproxyworker0|flocal|14|0.25496459007263184
rabbitmqworker0|flocal|14|0.265627384185791
factsworker0|flocal|14|0.26739048957824707
glanceworker0|flocal|14|0.3150906562805176
keystoneworker0|flocal|14|0.3297882080078125
commonworker0|flocal|14|0.36724233627319336
mariadbworker0|flocal|14|1.8677477836608887
ovswitchworker0|ffinal|14|0.2442159652709961
memcachedsworker0|ffinal|14|0.26755428314208984
rabbitmqworker0|ffinal|14|0.2766740322113037
haproxyworker0|ffinal|14|0.28814029693603516
factsworker0|ffinal|14|0.28691625595092773
glanceworker0|ffinal|14|0.3402125835418701
keystoneworker0|ffinal|14|0.3525106906890869
commonworker0|ffinal|14|0.41083574295043945
mariadbworker0|ffinal|14|1.8649003505706787
node_worker0|total_time|14|9.600454
node_worker0|loops|14|2
node_worker0|messages|14|60
memcachedsworker0|min_constraint|14|1
mariadbworker0|max_constraint|14|25
