factsworker0|flocal|2|0.4242565631866455
memcachedsworker0|flocal|2|0.434345006942749
ovswitchworker0|flocal|2|0.43469882011413574
haproxyworker0|flocal|2|0.4371755123138428
rabbitmqworker0|flocal|2|0.44291114807128906
commonworker0|flocal|2|0.48515963554382324
keystoneworker0|flocal|2|0.490497350692749
glanceworker0|flocal|2|0.4992973804473877
mariadbworker0|flocal|2|0.6909196376800537
ovswitchworker0|flocal|2|0.25208568572998047
memcachedsworker0|flocal|2|0.2535245418548584
haproxyworker0|flocal|2|0.2725834846496582
factsworker0|flocal|2|0.27999019622802734
rabbitmqworker0|flocal|2|0.2869577407836914
glanceworker0|flocal|2|0.35011887550354004
keystoneworker0|flocal|2|0.370790958404541
commonworker0|flocal|2|0.40047287940979004
mariadbworker0|flocal|2|0.5110297203063965
ovswitchworker0|flocal|2|0.2522892951965332
memcachedsworker0|flocal|2|0.25316476821899414
rabbitmqworker0|flocal|2|0.2830326557159424
factsworker0|flocal|2|0.28620028495788574
haproxyworker0|flocal|2|0.29003357887268066
commonworker0|flocal|2|0.3339872360229492
glanceworker0|flocal|2|0.3259108066558838
keystoneworker0|flocal|2|0.3562510013580322
mariadbworker0|flocal|2|0.6396598815917969
haproxyworker0|flocal|2|0.2587571144104004
memcachedsworker0|flocal|2|0.26641321182250977
rabbitmqworker0|flocal|2|0.2675766944885254
ovswitchworker0|flocal|2|0.29480481147766113
factsworker0|flocal|2|0.322202205657959
glanceworker0|flocal|2|0.3303098678588867
keystoneworker0|flocal|2|0.34994935989379883
commonworker0|flocal|2|0.3873288631439209
mariadbworker0|flocal|2|0.7897272109985352
rabbitmqworker0|ffinal|2|0.24377679824829102
factsworker0|ffinal|2|0.2619805335998535
memcachedsworker0|ffinal|2|0.2764003276824951
haproxyworker0|ffinal|2|0.288470983505249
ovswitchworker0|ffinal|2|0.3137226104736328
keystoneworker0|ffinal|2|0.33573317527770996
glanceworker0|ffinal|2|0.36014318466186523
commonworker0|ffinal|2|0.3812394142150879
mariadbworker0|ffinal|2|0.7955713272094727
node_worker0|total_time|2|7.267711
node_worker0|loops|2|4
node_worker0|messages|2|148
memcachedsworker0|min_constraint|2|1
mariadbworker0|max_constraint|2|25
