memcachedsmaster|flocal|2|0.2621583938598633
haproxymaster|flocal|2|0.2696571350097656
rabbitmqmaster|flocal|2|0.27197742462158203
factsmaster|flocal|2|0.2697865962982178
ovswitchmaster|flocal|2|0.27648043632507324
commonmaster|flocal|2|0.30877041816711426
mariadbmaster|flocal|2|0.4512336254119873
haproxymaster|flocal|2|0.21748566627502441
memcachedsmaster|flocal|2|0.22353243827819824
rabbitmqmaster|flocal|2|0.23313164710998535
ovswitchmaster|flocal|2|0.23902559280395508
factsmaster|flocal|2|0.24254655838012695
commonmaster|flocal|2|0.28652024269104004
mariadbmaster|flocal|2|0.41791701316833496
haproxymaster|flocal|2|0.23040366172790527
rabbitmqmaster|flocal|2|0.2348928451538086
factsmaster|flocal|2|0.23565077781677246
memcachedsmaster|flocal|2|0.240708589553833
ovswitchmaster|flocal|2|0.27217769622802734
commonmaster|flocal|2|0.3397078514099121
mariadbmaster|flocal|2|0.584052324295044
memcachedsmaster|flocal|2|0.2197415828704834
rabbitmqmaster|flocal|2|0.23659539222717285
factsmaster|flocal|2|0.23786211013793945
ovswitchmaster|flocal|2|0.24724102020263672
haproxymaster|flocal|2|0.2625765800476074
commonmaster|flocal|2|0.3484921455383301
mariadbmaster|flocal|2|0.5722744464874268
ovswitchmaster|flocal|2|0.2343430519104004
rabbitmqmaster|flocal|2|0.2417004108428955
factsmaster|flocal|2|0.24611783027648926
memcachedsmaster|flocal|2|0.24912261962890625
haproxymaster|flocal|2|0.26276302337646484
commonmaster|flocal|2|0.3544650077819824
mariadbmaster|flocal|2|0.565218448638916
rabbitmqmaster|ffinal|2|0.3912014961242676
haproxymaster|ffinal|2|0.39551258087158203
factsmaster|ffinal|2|0.39399242401123047
memcachedsmaster|ffinal|2|0.3967397212982178
ovswitchmaster|ffinal|2|0.39971327781677246
commonmaster|ffinal|2|0.4952816963195801
mariadbmaster|ffinal|2|0.7231018543243408
node_master|total_time|2|8.684460
node_master|loops|2|5
node_master|messages|2|86
memcachedsmaster|min_constraint|2|1
commonmaster|max_constraint|2|17
