memcachedsworker0|flocal|3|0.30828166007995605
ovswitchworker0|flocal|3|0.3091244697570801
haproxyworker0|flocal|3|0.32704997062683105
rabbitmqworker0|flocal|3|0.33806633949279785
factsworker0|flocal|3|0.33388495445251465
keystoneworker0|flocal|3|0.3539454936981201
glanceworker0|flocal|3|0.3607752323150635
commonworker0|flocal|3|0.3918275833129883
mariadbworker0|flocal|3|0.5755047798156738
memcachedsworker0|flocal|3|0.2393629550933838
haproxyworker0|flocal|3|0.25586628913879395
rabbitmqworker0|flocal|3|0.26606011390686035
ovswitchworker0|flocal|3|0.26808929443359375
factsworker0|flocal|3|0.27614641189575195
commonworker0|flocal|3|0.347332239151001
keystoneworker0|flocal|3|0.33908724784851074
glanceworker0|flocal|3|0.35723257064819336
mariadbworker0|flocal|3|0.5962014198303223
rabbitmqworker0|ffinal|3|0.23865199089050293
ovswitchworker0|ffinal|3|0.2569706439971924
memcachedsworker0|ffinal|3|0.2755167484283447
factsworker0|ffinal|3|0.2671809196472168
haproxyworker0|ffinal|3|0.2974064350128174
commonworker0|ffinal|3|0.32903456687927246
keystoneworker0|ffinal|3|0.31810665130615234
glanceworker0|ffinal|3|0.3316655158996582
mariadbworker0|ffinal|3|0.6179840564727783
node_worker0|total_time|3|5.707608
node_worker0|loops|3|2
node_worker0|messages|3|60
memcachedsworker0|min_constraint|3|1
commonworker0|max_constraint|3|10
