haproxyworker0|flocal|4|0.3007330894470215
ovswitchworker0|flocal|4|0.3115689754486084
rabbitmqworker0|flocal|4|0.3125901222229004
memcachedsworker0|flocal|4|0.3183784484863281
factsworker0|flocal|4|0.32948946952819824
keystoneworker0|flocal|4|0.32776689529418945
commonworker0|flocal|4|0.3465306758880615
glanceworker0|flocal|4|0.35413455963134766
mariadbworker0|flocal|4|0.537877082824707
ovswitchworker0|ffinal|4|0.23770809173583984
memcachedsworker0|ffinal|4|0.2446129322052002
factsworker0|ffinal|4|0.26508450508117676
rabbitmqworker0|ffinal|4|0.28362584114074707
commonworker0|ffinal|4|0.28839111328125
haproxyworker0|ffinal|4|0.2899463176727295
keystoneworker0|ffinal|4|0.2950267791748047
glanceworker0|ffinal|4|0.30548763275146484
mariadbworker0|ffinal|4|0.5219094753265381
node_worker0|total_time|4|2.558879
node_worker0|loops|4|0
node_worker0|messages|4|16
commonworker0|min_constraint|4|1
mariadbworker0|max_constraint|4|3
