memcachedsmaster|flocal|6|0.26215434074401855
ovswitchmaster|flocal|6|0.2669966220855713
haproxymaster|flocal|6|0.26872873306274414
rabbitmqmaster|flocal|6|0.2695803642272949
factsmaster|flocal|6|0.2704317569732666
commonmaster|flocal|6|0.3134617805480957
mariadbmaster|flocal|6|0.4456486701965332
ovswitchmaster|flocal|6|0.21617841720581055
memcachedsmaster|flocal|6|0.22085142135620117
haproxymaster|flocal|6|0.23868227005004883
rabbitmqmaster|flocal|6|0.23790359497070312
factsmaster|flocal|6|0.2416236400604248
commonmaster|flocal|6|0.2935459613800049
mariadbmaster|flocal|6|0.4191763401031494
ovswitchmaster|flocal|6|0.23315048217773438
haproxymaster|flocal|6|0.23534035682678223
memcachedsmaster|flocal|6|0.24509000778198242
rabbitmqmaster|flocal|6|0.2488877773284912
factsmaster|flocal|6|0.25064897537231445
commonmaster|flocal|6|0.3380117416381836
mariadbmaster|flocal|6|0.4237821102142334
memcachedsmaster|flocal|6|0.2356398105621338
ovswitchmaster|flocal|6|0.23511362075805664
haproxymaster|flocal|6|0.251631498336792
factsmaster|flocal|6|0.24330687522888184
rabbitmqmaster|flocal|6|0.2906825542449951
commonmaster|flocal|6|0.3697171211242676
mariadbmaster|flocal|6|0.5072934627532959
memcachedsmaster|flocal|6|0.22649574279785156
haproxymaster|flocal|6|0.22701668739318848
rabbitmqmaster|flocal|6|0.23287725448608398
ovswitchmaster|flocal|6|0.2364513874053955
factsmaster|flocal|6|0.2416079044342041
commonmaster|flocal|6|0.3559126853942871
mariadbmaster|flocal|6|0.4972996711730957
rabbitmqmaster|ffinal|6|0.21907448768615723
ovswitchmaster|ffinal|6|0.23328852653503418
memcachedsmaster|ffinal|6|0.24171733856201172
factsmaster|ffinal|6|0.24394536018371582
haproxymaster|ffinal|6|0.24880051612854004
commonmaster|ffinal|6|0.35735654830932617
mariadbmaster|ffinal|6|0.5090546607971191
node_master|total_time|6|8.916697
node_master|loops|6|5
node_master|messages|6|116
memcachedsmaster|min_constraint|6|1
commonmaster|max_constraint|6|17
