ovswitchmaster|flocal|9|0.26470136642456055
rabbitmqmaster|flocal|9|0.26770472526550293
memcachedsmaster|flocal|9|0.2702372074127197
factsmaster|flocal|9|0.2978363037109375
haproxymaster|flocal|9|0.3006627559661865
commonmaster|flocal|9|0.31844401359558105
mariadbmaster|flocal|9|0.44058728218078613
haproxymaster|flocal|9|0.21922802925109863
memcachedsmaster|flocal|9|0.2253589630126953
ovswitchmaster|flocal|9|0.22946882247924805
rabbitmqmaster|flocal|9|0.2380821704864502
factsmaster|flocal|9|0.25481414794921875
commonmaster|flocal|9|0.3050096035003662
mariadbmaster|flocal|9|0.4220240116119385
rabbitmqmaster|flocal|9|0.22983431816101074
ovswitchmaster|flocal|9|0.23690319061279297
memcachedsmaster|flocal|9|0.24512434005737305
factsmaster|flocal|9|0.2512342929840088
haproxymaster|flocal|9|0.2575047016143799
commonmaster|flocal|9|0.3488132953643799
mariadbmaster|flocal|9|0.42945265769958496
haproxymaster|flocal|9|0.25077128410339355
factsmaster|flocal|9|0.24692630767822266
rabbitmqmaster|flocal|9|0.248060941696167
memcachedsmaster|flocal|9|0.29324960708618164
ovswitchmaster|flocal|9|0.2825767993927002
commonmaster|flocal|9|0.34833598136901855
mariadbmaster|flocal|9|0.5649497509002686
ovswitchmaster|flocal|9|0.22309041023254395
memcachedsmaster|flocal|9|0.23487567901611328
rabbitmqmaster|flocal|9|0.2350320816040039
haproxymaster|flocal|9|0.2369534969329834
factsmaster|flocal|9|0.24622535705566406
commonmaster|flocal|9|0.4069828987121582
mariadbmaster|flocal|9|0.605823278427124
rabbitmqmaster|ffinal|9|0.2216639518737793
ovswitchmaster|ffinal|9|0.23937320709228516
factsmaster|ffinal|9|0.2471790313720703
memcachedsmaster|ffinal|9|0.25488853454589844
haproxymaster|ffinal|9|0.28206682205200195
commonmaster|ffinal|9|0.34264707565307617
mariadbmaster|ffinal|9|0.570772647857666
node_master|total_time|9|8.530292
node_master|loops|9|5
node_master|messages|9|116
memcachedsmaster|min_constraint|9|1
commonmaster|max_constraint|9|17
