rabbitmqworker0|flocal|9|0.2987384796142578
factsworker0|flocal|9|0.2995314598083496
ovswitchworker0|flocal|9|0.31928300857543945
memcachedsworker0|flocal|9|0.33295178413391113
haproxyworker0|flocal|9|0.3355095386505127
glanceworker0|flocal|9|0.3622589111328125
commonworker0|flocal|9|0.3840196132659912
keystoneworker0|flocal|9|0.3665454387664795
mariadbworker0|flocal|9|0.5548067092895508
haproxyworker0|flocal|9|0.2336585521697998
memcachedsworker0|flocal|9|0.23630595207214355
rabbitmqworker0|flocal|9|0.24091148376464844
factsworker0|flocal|9|0.25901079177856445
ovswitchworker0|flocal|9|0.27568960189819336
keystoneworker0|flocal|9|0.30444788932800293
glanceworker0|flocal|9|0.3148460388183594
commonworker0|flocal|9|0.3469583988189697
mariadbworker0|flocal|9|0.5161771774291992
memcachedsworker0|flocal|9|0.23799490928649902
ovswitchworker0|flocal|9|0.2360386848449707
rabbitmqworker0|flocal|9|0.24188613891601562
haproxyworker0|flocal|9|0.26129913330078125
factsworker0|flocal|9|0.2567768096923828
glanceworker0|flocal|9|0.3030369281768799
keystoneworker0|flocal|9|0.32061266899108887
commonworker0|flocal|9|0.34917759895324707
mariadbworker0|flocal|9|0.8007638454437256
ovswitchworker0|flocal|9|0.23599600791931152
factsworker0|flocal|9|0.24892115592956543
rabbitmqworker0|flocal|9|0.25614142417907715
memcachedsworker0|flocal|9|0.2576258182525635
haproxyworker0|flocal|9|0.26096200942993164
commonworker0|flocal|9|0.33715248107910156
keystoneworker0|flocal|9|0.33507227897644043
glanceworker0|flocal|9|0.3430962562561035
mariadbworker0|flocal|9|1.500105381011963
ovswitchworker0|ffinal|9|0.23009681701660156
rabbitmqworker0|ffinal|9|0.25106382369995117
memcachedsworker0|ffinal|9|0.2663273811340332
haproxyworker0|ffinal|9|0.28282594680786133
factsworker0|ffinal|9|0.29659128189086914
glanceworker0|ffinal|9|0.31249523162841797
keystoneworker0|ffinal|9|0.3307323455810547
commonworker0|ffinal|9|0.37511277198791504
mariadbworker0|ffinal|9|1.4830069541931152
node_worker0|total_time|9|7.620887
node_worker0|loops|9|3
node_worker0|messages|9|108
memcachedsworker0|min_constraint|9|1
mariadbworker0|max_constraint|9|25
