user0|flocal|0|0.27105045318603516
user0|ffinal|0|0.24313902854919434
node_user0|total_time|0|15.619828
node_user0|loops|0|14
node_user0|messages|0|6
user0|min_constraint|0|2
user0|max_constraint|0|2
user10|flocal|0|0.2983839511871338
user10|flocal|0|0.18190670013427734
user10|ffinal|0|0.20061469078063965
node_user10|total_time|0|9.342747
node_user10|loops|0|10
node_user10|messages|0|12
user10|min_constraint|0|6
user10|max_constraint|0|6
user11|flocal|0|0.31267762184143066
user11|ffinal|0|0.19728446006774902
node_user11|total_time|0|8.777521
node_user11|loops|0|9
node_user11|messages|0|6
user11|min_constraint|0|6
user11|max_constraint|0|6
user12|funsat|0|0.26189351081848145
user12|funsat|0|0.1941521167755127
user12|funsat|0|0.22731494903564453
node_user12|total_time|0|8.254070
node_user12|loops|0|7
node_user12|messages|0|0
user12|min_constraint|0|8
user12|max_constraint|0|8
user13|funsat|0|0.28903841972351074
user13|funsat|0|0.1912069320678711
node_user13|total_time|0|8.299022
node_user13|loops|0|6
node_user13|messages|0|0
user13|min_constraint|0|8
user13|max_constraint|0|8
user14|funsat|0|0.29557275772094727
user14|funsat|0|0.19589853286743164
node_user14|total_time|0|7.353947
node_user14|loops|0|6
node_user14|messages|0|0
user14|min_constraint|0|8
user14|max_constraint|0|8
user1|flocal|0|0.3017091751098633
user1|ffinal|0|0.22672533988952637
node_user1|total_time|0|15.209098
node_user1|loops|0|13
node_user1|messages|0|6
user1|min_constraint|0|2
user1|max_constraint|0|2
user2|flocal|0|0.24963665008544922
user2|ffinal|0|0.2003951072692871
node_user2|total_time|0|15.358748
node_user2|loops|0|11
node_user2|messages|0|6
user2|min_constraint|0|2
user2|max_constraint|0|2
user3|flocal|0|0.26946234703063965
user3|flocal|0|0.2115638256072998
user3|ffinal|0|0.19603228569030762
node_user3|total_time|0|13.977205
node_user3|loops|0|11
node_user3|messages|0|12
user3|min_constraint|0|6
user3|max_constraint|0|6
user4|flocal|0|0.2929105758666992
user4|flocal|0|0.20808887481689453
user4|ffinal|0|0.2044205665588379
node_user4|total_time|0|14.499012
node_user4|loops|0|11
node_user4|messages|0|12
user4|min_constraint|0|6
user4|max_constraint|0|6
user5|flocal|0|0.30239200592041016
user5|ffinal|0|0.20514440536499023
node_user5|total_time|0|12.857981
node_user5|loops|0|11
node_user5|messages|0|6
user5|min_constraint|0|6
user5|max_constraint|0|6
user6|flocal|0|0.3020467758178711
user6|ffinal|0|0.19875741004943848
node_user6|total_time|0|12.120691
node_user6|loops|0|9
node_user6|messages|0|6
user6|min_constraint|0|6
user6|max_constraint|0|6
user7|flocal|0|0.274151086807251
user7|ffinal|0|0.2608757019042969
node_user7|total_time|0|10.536143
node_user7|loops|0|10
node_user7|messages|0|6
user7|min_constraint|0|6
user7|max_constraint|0|6
user8|flocal|0|0.26882243156433105
user8|ffinal|0|0.25533556938171387
node_user8|total_time|0|10.077908
node_user8|loops|0|10
node_user8|messages|0|6
user8|min_constraint|0|6
user8|max_constraint|0|6
user9|flocal|0|0.30245471000671387
user9|ffinal|0|0.20268559455871582
node_user9|total_time|0|9.112780
node_user9|loops|0|5
node_user9|messages|0|6
user9|min_constraint|0|6
user9|max_constraint|0|6
provider|flocal|0|0.3433952331542969
provider|ffinal|0|0.19939613342285156
node_provider|total_time|0|23.281618
node_provider|loops|0|29
node_provider|messages|0|6
provider|min_constraint|0|1
provider|max_constraint|0|1
enduser|flocal|0|0.36551952362060547
enduser|ffinal|0|0.20968413352966309
node_enduser|total_time|0|23.248342
node_enduser|loops|0|22
node_enduser|messages|0|6
enduser|min_constraint|0|2
enduser|max_constraint|0|2
user0|flocal|1|0.2806520462036133
user0|ffinal|1|0.1749413013458252
node_user0|total_time|1|13.925096
node_user0|loops|1|9
node_user0|messages|1|6
user0|min_constraint|1|2
user0|max_constraint|1|2
user10|flocal|1|0.2775540351867676
user10|ffinal|1|0.2211296558380127
node_user10|total_time|1|8.458222
node_user10|loops|1|8
node_user10|messages|1|6
user10|min_constraint|1|6
user10|max_constraint|1|6
user11|flocal|1|0.30161070823669434
user11|ffinal|1|0.20045995712280273
node_user11|total_time|1|8.569839
node_user11|loops|1|5
node_user11|messages|1|6
user11|min_constraint|1|6
user11|max_constraint|1|6
user12|funsat|1|0.2887895107269287
user12|funsat|1|0.18864989280700684
user12|funsat|1|0.18454790115356445
node_user12|total_time|1|8.228356
node_user12|loops|1|5
node_user12|messages|1|0
user12|min_constraint|1|8
user12|max_constraint|1|8
user13|funsat|1|0.2798445224761963
user13|funsat|1|0.19113826751708984
user13|funsat|1|0.1858208179473877
node_user13|total_time|1|7.324186
node_user13|loops|1|4
node_user13|messages|1|0
user13|min_constraint|1|8
user13|max_constraint|1|8
user14|funsat|1|0.27165722846984863
user14|funsat|1|0.18786931037902832
node_user14|total_time|1|7.553299
node_user14|loops|1|5
node_user14|messages|1|0
user14|min_constraint|1|8
user14|max_constraint|1|8
user1|flocal|1|0.27660441398620605
user1|ffinal|1|0.1951589584350586
node_user1|total_time|1|12.787084
node_user1|loops|1|10
node_user1|messages|1|6
user1|min_constraint|1|2
user1|max_constraint|1|2
user2|flocal|1|0.26746296882629395
user2|ffinal|1|0.19658398628234863
node_user2|total_time|1|12.670802
node_user2|loops|1|11
node_user2|messages|1|6
user2|min_constraint|1|2
user2|max_constraint|1|2
user3|flocal|1|0.2829301357269287
user3|ffinal|1|0.1970200538635254
node_user3|total_time|1|11.917188
node_user3|loops|1|12
node_user3|messages|1|6
user3|min_constraint|1|6
user3|max_constraint|1|6
user4|flocal|1|0.2955322265625
user4|ffinal|1|0.22870922088623047
node_user4|total_time|1|11.150083
node_user4|loops|1|12
node_user4|messages|1|6
user4|min_constraint|1|6
user4|max_constraint|1|6
user5|flocal|1|0.2920992374420166
user5|ffinal|1|0.19651579856872559
node_user5|total_time|1|10.915729
node_user5|loops|1|8
node_user5|messages|1|6
user5|min_constraint|1|6
user5|max_constraint|1|6
user6|flocal|1|0.2860538959503174
user6|flocal|1|0.20118141174316406
user6|ffinal|1|0.19955849647521973
node_user6|total_time|1|10.998515
node_user6|loops|1|10
node_user6|messages|1|12
user6|min_constraint|1|6
user6|max_constraint|1|6
user7|flocal|1|0.28800201416015625
user7|ffinal|1|0.22282886505126953
node_user7|total_time|1|9.747854
node_user7|loops|1|8
node_user7|messages|1|6
user7|min_constraint|1|6
user7|max_constraint|1|6
user8|flocal|1|0.2706732749938965
user8|ffinal|1|0.3568577766418457
node_user8|total_time|1|9.214164
node_user8|loops|1|8
node_user8|messages|1|6
user8|min_constraint|1|6
user8|max_constraint|1|6
user9|flocal|1|0.28756046295166016
user9|ffinal|1|0.22469234466552734
node_user9|total_time|1|8.930291
node_user9|loops|1|8
node_user9|messages|1|6
user9|min_constraint|1|6
user9|max_constraint|1|6
provider|flocal|1|0.2807791233062744
provider|ffinal|1|0.4692111015319824
node_provider|total_time|1|22.962573
node_provider|loops|1|25
node_provider|messages|1|6
provider|min_constraint|1|1
provider|max_constraint|1|1
enduser|flocal|1|0.27842116355895996
enduser|ffinal|1|0.20233798027038574
node_enduser|total_time|1|23.578948
node_enduser|loops|1|21
node_enduser|messages|1|6
enduser|min_constraint|1|2
enduser|max_constraint|1|2
user0|flocal|2|0.2633833885192871
user0|ffinal|2|0.17805743217468262
node_user0|total_time|2|12.942640
node_user0|loops|2|17
node_user0|messages|2|6
user0|min_constraint|2|2
user0|max_constraint|2|2
user10|flocal|2|0.27394962310791016
user10|flocal|2|0.19302773475646973
user10|ffinal|2|0.19281625747680664
node_user10|total_time|2|7.768978
node_user10|loops|2|6
node_user10|messages|2|6
user10|min_constraint|2|6
user10|max_constraint|2|6
user11|flocal|2|0.2698681354522705
user11|flocal|2|0.1986401081085205
user11|ffinal|2|0.19865679740905762
node_user11|total_time|2|7.050123
node_user11|loops|2|7
node_user11|messages|2|6
user11|min_constraint|2|6
user11|max_constraint|2|6
user12|funsat|2|0.26433658599853516
user12|funsat|2|0.19086790084838867
node_user12|total_time|2|7.447095
node_user12|loops|2|5
node_user12|messages|2|0
user12|min_constraint|2|8
user12|max_constraint|2|8
user13|funsat|2|0.2787356376647949
user13|funsat|2|0.19482994079589844
node_user13|total_time|2|6.153873
node_user13|loops|2|7
node_user13|messages|2|0
user13|min_constraint|2|8
user13|max_constraint|2|8
user14|funsat|2|0.2561981678009033
user14|funsat|2|0.18878841400146484
node_user14|total_time|2|5.853827
node_user14|loops|2|5
node_user14|messages|2|0
user14|min_constraint|2|8
user14|max_constraint|2|8
user1|flocal|2|0.284578800201416
user1|ffinal|2|0.19707798957824707
node_user1|total_time|2|12.207034
node_user1|loops|2|12
node_user1|messages|2|6
user1|min_constraint|2|2
user1|max_constraint|2|2
user2|flocal|2|0.2662498950958252
user2|ffinal|2|0.19663691520690918
node_user2|total_time|2|11.770361
node_user2|loops|2|13
node_user2|messages|2|6
user2|min_constraint|2|2
user2|max_constraint|2|2
user3|flocal|2|0.24855446815490723
user3|flocal|2|0.17495274543762207
user3|ffinal|2|0.19712352752685547
node_user3|total_time|2|10.884855
node_user3|loops|2|9
node_user3|messages|2|12
user3|min_constraint|2|6
user3|max_constraint|2|6
user4|flocal|2|0.2790505886077881
user4|ffinal|2|0.20462965965270996
node_user4|total_time|2|11.526210
node_user4|loops|2|8
node_user4|messages|2|6
user4|min_constraint|2|6
user4|max_constraint|2|6
user5|flocal|2|0.2877504825592041
user5|ffinal|2|0.19826340675354004
node_user5|total_time|2|10.319185
node_user5|loops|2|10
node_user5|messages|2|6
user5|min_constraint|2|6
user5|max_constraint|2|6
user6|flocal|2|0.2914726734161377
user6|flocal|2|0.20036816596984863
user6|ffinal|2|0.19939088821411133
node_user6|total_time|2|10.428641
node_user6|loops|2|8
node_user6|messages|2|12
user6|min_constraint|2|6
user6|max_constraint|2|6
user7|flocal|2|0.25791215896606445
user7|flocal|2|0.19916892051696777
user7|ffinal|2|0.1979057788848877
node_user7|total_time|2|9.175480
node_user7|loops|2|8
node_user7|messages|2|12
user7|min_constraint|2|6
user7|max_constraint|2|6
user8|flocal|2|0.2728757858276367
user8|ffinal|2|0.20074939727783203
node_user8|total_time|2|9.200506
node_user8|loops|2|9
node_user8|messages|2|6
user8|min_constraint|2|6
user8|max_constraint|2|6
user9|flocal|2|0.2382814884185791
user9|flocal|2|0.20072531700134277
user9|ffinal|2|0.19521641731262207
node_user9|total_time|2|8.740602
node_user9|loops|2|5
node_user9|messages|2|6
user9|min_constraint|2|6
user9|max_constraint|2|6
provider|flocal|2|0.2860903739929199
provider|ffinal|2|0.19600892066955566
node_provider|total_time|2|22.168840
node_provider|loops|2|20
node_provider|messages|2|6
provider|min_constraint|2|1
provider|max_constraint|2|1
enduser|flocal|2|0.2890021800994873
enduser|ffinal|2|0.1984710693359375
node_enduser|total_time|2|22.062713
node_enduser|loops|2|18
node_enduser|messages|2|6
enduser|min_constraint|2|2
enduser|max_constraint|2|2
user0|flocal|3|0.2945842742919922
user0|ffinal|3|0.19908833503723145
node_user0|total_time|3|16.387190
node_user0|loops|3|13
node_user0|messages|3|6
user0|min_constraint|3|2
user0|max_constraint|3|2
user10|flocal|3|0.28652358055114746
user10|flocal|3|0.19844794273376465
user10|ffinal|3|0.20529890060424805
node_user10|total_time|3|12.056500
node_user10|loops|3|12
node_user10|messages|3|12
user10|min_constraint|3|6
user10|max_constraint|3|6
user11|flocal|3|0.28182435035705566
user11|ffinal|3|0.20051217079162598
node_user11|total_time|3|10.940033
node_user11|loops|3|12
node_user11|messages|3|6
user11|min_constraint|3|6
user11|max_constraint|3|6
user12|funsat|3|0.28874874114990234
user12|funsat|3|0.3711836338043213
user12|funsat|3|0.1871960163116455
node_user12|total_time|3|10.492860
node_user12|loops|3|8
node_user12|messages|3|0
user12|min_constraint|3|8
user12|max_constraint|3|8
user13|funsat|3|0.26616644859313965
user13|funsat|3|0.18109655380249023
node_user13|total_time|3|9.768700
node_user13|loops|3|9
node_user13|messages|3|0
user13|min_constraint|3|8
user13|max_constraint|3|8
user14|funsat|3|0.5247683525085449
user14|funsat|3|0.19097566604614258
node_user14|total_time|3|10.040801
node_user14|loops|3|7
node_user14|messages|3|0
user14|min_constraint|3|8
user14|max_constraint|3|8
user1|flocal|3|0.28007984161376953
user1|ffinal|3|0.19995784759521484
node_user1|total_time|3|16.024627
node_user1|loops|3|16
node_user1|messages|3|6
user1|min_constraint|3|2
user1|max_constraint|3|2
user2|flocal|3|0.2940032482147217
user2|ffinal|3|0.198333740234375
node_user2|total_time|3|14.918342
node_user2|loops|3|14
node_user2|messages|3|6
user2|min_constraint|3|2
user2|max_constraint|3|2
user3|flocal|3|0.2834455966949463
user3|flocal|3|0.20276427268981934
user3|ffinal|3|0.19612765312194824
node_user3|total_time|3|15.822938
node_user3|loops|3|16
node_user3|messages|3|12
user3|min_constraint|3|6
user3|max_constraint|3|6
user4|flocal|3|0.2706594467163086
user4|ffinal|3|0.2000579833984375
node_user4|total_time|3|14.906393
node_user4|loops|3|15
node_user4|messages|3|6
user4|min_constraint|3|6
user4|max_constraint|3|6
user5|flocal|3|0.2700929641723633
user5|ffinal|3|0.20395731925964355
node_user5|total_time|3|14.638597
node_user5|loops|3|10
node_user5|messages|3|6
user5|min_constraint|3|6
user5|max_constraint|3|6
user6|flocal|3|0.2764706611633301
user6|ffinal|3|0.19566130638122559
node_user6|total_time|3|13.398900
node_user6|loops|3|12
node_user6|messages|3|6
user6|min_constraint|3|6
user6|max_constraint|3|6
user7|flocal|3|0.27420687675476074
user7|ffinal|3|0.19757342338562012
node_user7|total_time|3|13.388450
node_user7|loops|3|11
node_user7|messages|3|6
user7|min_constraint|3|6
user7|max_constraint|3|6
user8|flocal|3|0.24115467071533203
user8|ffinal|3|0.1733112335205078
node_user8|total_time|3|12.983834
node_user8|loops|3|11
node_user8|messages|3|6
user8|min_constraint|3|6
user8|max_constraint|3|6
user9|flocal|3|0.27269935607910156
user9|ffinal|3|0.19662833213806152
node_user9|total_time|3|11.687326
node_user9|loops|3|11
node_user9|messages|3|6
user9|min_constraint|3|6
user9|max_constraint|3|6
provider|flocal|3|0.28197646141052246
provider|ffinal|3|0.19925522804260254
node_provider|total_time|3|25.876988
node_provider|loops|3|21
node_provider|messages|3|6
provider|min_constraint|3|1
provider|max_constraint|3|1
enduser|flocal|3|0.2897498607635498
enduser|ffinal|3|0.19924402236938477
node_enduser|total_time|3|26.858463
node_enduser|loops|3|33
node_enduser|messages|3|6
enduser|min_constraint|3|2
enduser|max_constraint|3|2
user0|flocal|4|0.2821035385131836
user0|ffinal|4|0.18638110160827637
node_user0|total_time|4|15.297441
node_user0|loops|4|13
node_user0|messages|4|6
user0|min_constraint|4|2
user0|max_constraint|4|2
user10|flocal|4|0.2823464870452881
user10|flocal|4|0.19925522804260254
user10|ffinal|4|0.19155669212341309
node_user10|total_time|4|10.145329
node_user10|loops|4|10
node_user10|messages|4|12
user10|min_constraint|4|6
user10|max_constraint|4|6
user11|flocal|4|0.28705525398254395
user11|flocal|4|0.1985476016998291
user11|ffinal|4|0.1960134506225586
node_user11|total_time|4|9.423694
node_user11|loops|4|6
node_user11|messages|4|12
user11|min_constraint|4|6
user11|max_constraint|4|6
user12|funsat|4|0.19695091247558594
user12|funsat|4|0.3000633716583252
user12|funsat|4|0.16823649406433105
node_user12|total_time|4|10.049640
node_user12|loops|4|7
node_user12|messages|4|0
user12|min_constraint|4|8
user12|max_constraint|4|8
user13|funsat|4|0.27324914932250977
user13|funsat|4|0.1921825408935547
user13|funsat|4|0.1875748634338379
node_user13|total_time|4|9.250663
node_user13|loops|4|7
node_user13|messages|4|0
user13|min_constraint|4|8
user13|max_constraint|4|8
user14|funsat|4|0.44754743576049805
user14|funsat|4|0.19418573379516602
node_user14|total_time|4|8.498008
node_user14|loops|4|6
node_user14|messages|4|0
user14|min_constraint|4|8
user14|max_constraint|4|8
user1|flocal|4|0.28365230560302734
user1|ffinal|4|0.18639922142028809
node_user1|total_time|4|15.895509
node_user1|loops|4|17
node_user1|messages|4|6
user1|min_constraint|4|2
user1|max_constraint|4|2
user2|flocal|4|0.2779529094696045
user2|ffinal|4|0.200714111328125
node_user2|total_time|4|14.539927
node_user2|loops|4|11
node_user2|messages|4|6
user2|min_constraint|4|2
user2|max_constraint|4|2
user3|flocal|4|0.28076648712158203
user3|flocal|4|0.19987773895263672
user3|ffinal|4|0.19827532768249512
node_user3|total_time|4|13.666065
node_user3|loops|4|12
node_user3|messages|4|12
user3|min_constraint|4|6
user3|max_constraint|4|6
user4|flocal|4|0.3046689033508301
user4|flocal|4|0.1959552764892578
user4|ffinal|4|0.20220184326171875
node_user4|total_time|4|13.685767
node_user4|loops|4|11
node_user4|messages|4|12
user4|min_constraint|4|6
user4|max_constraint|4|6
user5|flocal|4|0.2105693817138672
user5|ffinal|4|0.18125414848327637
node_user5|total_time|4|13.038112
node_user5|loops|4|10
node_user5|messages|4|6
user5|min_constraint|4|6
user5|max_constraint|4|6
user6|flocal|4|0.290820837020874
user6|flocal|4|0.1978011131286621
user6|ffinal|4|0.1803734302520752
node_user6|total_time|4|11.987145
node_user6|loops|4|9
node_user6|messages|4|12
user6|min_constraint|4|6
user6|max_constraint|4|6
user7|flocal|4|0.2659430503845215
user7|ffinal|4|0.20106148719787598
node_user7|total_time|4|12.234842
node_user7|loops|4|9
node_user7|messages|4|6
user7|min_constraint|4|6
user7|max_constraint|4|6
user8|flocal|4|0.2035222053527832
user8|ffinal|4|0.1744401454925537
node_user8|total_time|4|11.231039
node_user8|loops|4|7
node_user8|messages|4|6
user8|min_constraint|4|6
user8|max_constraint|4|6
user9|flocal|4|0.264387845993042
user9|flocal|4|0.19197463989257812
user9|ffinal|4|0.1936032772064209
node_user9|total_time|4|10.644414
node_user9|loops|4|11
node_user9|messages|4|12
user9|min_constraint|4|6
user9|max_constraint|4|6
provider|flocal|4|0.2665102481842041
provider|ffinal|4|0.1994333267211914
node_provider|total_time|4|24.415984
node_provider|loops|4|27
node_provider|messages|4|6
provider|min_constraint|4|1
provider|max_constraint|4|1
enduser|flocal|4|0.2805912494659424
enduser|ffinal|4|0.20271849632263184
node_enduser|total_time|4|24.474895
node_enduser|loops|4|20
node_enduser|messages|4|6
enduser|min_constraint|4|2
enduser|max_constraint|4|2
user0|flocal|5|0.33521413803100586
user0|ffinal|5|0.20361018180847168
node_user0|total_time|5|13.571084
node_user0|loops|5|11
node_user0|messages|5|6
user0|min_constraint|5|2
user0|max_constraint|5|2
user10|flocal|5|0.2968475818634033
user10|ffinal|5|0.1941232681274414
node_user10|total_time|5|7.003364
node_user10|loops|5|6
node_user10|messages|5|6
user10|min_constraint|5|6
user10|max_constraint|5|6
user11|flocal|5|0.3643040657043457
user11|ffinal|5|0.20525574684143066
node_user11|total_time|5|7.703447
node_user11|loops|5|8
node_user11|messages|5|6
user11|min_constraint|5|6
user11|max_constraint|5|6
user12|funsat|5|0.9291567802429199
user12|funsat|5|0.19454574584960938
node_user12|total_time|5|6.671245
node_user12|loops|5|4
node_user12|messages|5|0
user12|min_constraint|5|8
user12|max_constraint|5|8
user13|funsat|5|0.36344122886657715
user13|funsat|5|0.19197392463684082
node_user13|total_time|5|5.596510
node_user13|loops|5|3
node_user13|messages|5|0
user13|min_constraint|5|8
user13|max_constraint|5|8
user14|funsat|5|0.698599100112915
user14|funsat|5|0.19855666160583496
node_user14|total_time|5|6.041431
node_user14|loops|5|4
node_user14|messages|5|0
user14|min_constraint|5|8
user14|max_constraint|5|8
user1|flocal|5|0.3551445007324219
user1|ffinal|5|0.19896793365478516
node_user1|total_time|5|11.993472
node_user1|loops|5|8
node_user1|messages|5|6
user1|min_constraint|5|2
user1|max_constraint|5|2
user2|flocal|5|0.3466756343841553
user2|ffinal|5|0.19918036460876465
node_user2|total_time|5|11.301006
node_user2|loops|5|15
node_user2|messages|5|6
user2|min_constraint|5|2
user2|max_constraint|5|2
user3|flocal|5|0.3285956382751465
user3|ffinal|5|0.1775979995727539
node_user3|total_time|5|10.770793
node_user3|loops|5|10
node_user3|messages|5|6
user3|min_constraint|5|6
user3|max_constraint|5|6
user4|flocal|5|0.36090993881225586
user4|ffinal|5|0.19964146614074707
node_user4|total_time|5|10.978996
node_user4|loops|5|10
node_user4|messages|5|6
user4|min_constraint|5|6
user4|max_constraint|5|6
user5|flocal|5|0.366910457611084
user5|ffinal|5|0.20716166496276855
node_user5|total_time|5|9.944430
node_user5|loops|5|9
node_user5|messages|5|6
user5|min_constraint|5|6
user5|max_constraint|5|6
user6|flocal|5|0.3510737419128418
user6|ffinal|5|0.19988608360290527
node_user6|total_time|5|9.211744
node_user6|loops|5|8
node_user6|messages|5|6
user6|min_constraint|5|6
user6|max_constraint|5|6
user7|flocal|5|0.6324470043182373
user7|ffinal|5|0.20256924629211426
node_user7|total_time|5|8.957430
node_user7|loops|5|6
node_user7|messages|5|6
user7|min_constraint|5|6
user7|max_constraint|5|6
user8|flocal|5|0.35540008544921875
user8|ffinal|5|0.20128250122070312
node_user8|total_time|5|8.491518
node_user8|loops|5|9
node_user8|messages|5|6
user8|min_constraint|5|6
user8|max_constraint|5|6
user9|flocal|5|0.26705121994018555
user9|ffinal|5|0.1800537109375
node_user9|total_time|5|7.542114
node_user9|loops|5|7
node_user9|messages|5|6
user9|min_constraint|5|6
user9|max_constraint|5|6
provider|flocal|5|0.2834634780883789
provider|ffinal|5|0.1954331398010254
node_provider|total_time|5|21.503307
node_provider|loops|5|21
node_provider|messages|5|6
provider|min_constraint|5|1
provider|max_constraint|5|1
enduser|flocal|5|0.2641141414642334
enduser|ffinal|5|0.20413899421691895
node_enduser|total_time|5|22.754279
node_enduser|loops|5|21
node_enduser|messages|5|6
enduser|min_constraint|5|2
enduser|max_constraint|5|2
user0|flocal|6|0.29024720191955566
user0|ffinal|6|0.19857192039489746
node_user0|total_time|6|15.219101
node_user0|loops|6|11
node_user0|messages|6|6
user0|min_constraint|6|2
user0|max_constraint|6|2
user10|flocal|6|0.29139041900634766
user10|ffinal|6|0.1958167552947998
node_user10|total_time|6|10.371686
node_user10|loops|6|9
node_user10|messages|6|6
user10|min_constraint|6|6
user10|max_constraint|6|6
user11|flocal|6|0.2904675006866455
user11|ffinal|6|0.2030797004699707
node_user11|total_time|6|9.963967
node_user11|loops|6|5
node_user11|messages|6|6
user11|min_constraint|6|6
user11|max_constraint|6|6
user12|funsat|6|0.2845268249511719
user12|funsat|6|0.19463562965393066
user12|funsat|6|0.19243812561035156
node_user12|total_time|6|10.055035
node_user12|loops|6|6
node_user12|messages|6|0
user12|min_constraint|6|8
user12|max_constraint|6|8
user13|funsat|6|0.2698781490325928
user13|funsat|6|0.17969226837158203
node_user13|total_time|6|8.992214
node_user13|loops|6|6
node_user13|messages|6|0
user13|min_constraint|6|8
user13|max_constraint|6|8
user14|funsat|6|0.25917840003967285
user14|funsat|6|0.19110655784606934
node_user14|total_time|6|8.454778
node_user14|loops|6|7
node_user14|messages|6|0
user14|min_constraint|6|8
user14|max_constraint|6|8
user1|flocal|6|0.29745006561279297
user1|ffinal|6|0.263472318649292
node_user1|total_time|6|14.154626
node_user1|loops|6|16
node_user1|messages|6|6
user1|min_constraint|6|2
user1|max_constraint|6|2
user2|flocal|6|0.28185105323791504
user2|ffinal|6|0.2371838092803955
node_user2|total_time|6|13.678044
node_user2|loops|6|12
node_user2|messages|6|6
user2|min_constraint|6|2
user2|max_constraint|6|2
user3|flocal|6|0.19945931434631348
user3|flocal|6|0.17922019958496094
user3|ffinal|6|0.16880154609680176
node_user3|total_time|6|13.544966
node_user3|loops|6|10
node_user3|messages|6|12
user3|min_constraint|6|6
user3|max_constraint|6|6
user4|flocal|6|0.2635993957519531
user4|ffinal|6|0.19923925399780273
node_user4|total_time|6|13.023722
node_user4|loops|6|13
node_user4|messages|6|6
user4|min_constraint|6|6
user4|max_constraint|6|6
user5|flocal|6|0.27642035484313965
user5|ffinal|6|0.19913887977600098
node_user5|total_time|6|13.193244
node_user5|loops|6|12
node_user5|messages|6|6
user5|min_constraint|6|6
user5|max_constraint|6|6
user6|flocal|6|0.2940495014190674
user6|ffinal|6|0.1984860897064209
node_user6|total_time|6|11.843316
node_user6|loops|6|6
node_user6|messages|6|6
user6|min_constraint|6|6
user6|max_constraint|6|6
user7|flocal|6|0.2621643543243408
user7|ffinal|6|0.2075955867767334
node_user7|total_time|6|12.392930
node_user7|loops|6|13
node_user7|messages|6|6
user7|min_constraint|6|6
user7|max_constraint|6|6
user8|flocal|6|0.28789591789245605
user8|ffinal|6|0.19597077369689941
node_user8|total_time|6|10.858569
node_user8|loops|6|13
node_user8|messages|6|6
user8|min_constraint|6|6
user8|max_constraint|6|6
user9|flocal|6|0.2862217426300049
user9|ffinal|6|0.20324063301086426
node_user9|total_time|6|10.518927
node_user9|loops|6|11
node_user9|messages|6|6
user9|min_constraint|6|6
user9|max_constraint|6|6
provider|flocal|6|0.28797459602355957
provider|ffinal|6|0.37970590591430664
node_provider|total_time|6|24.405867
node_provider|loops|6|21
node_provider|messages|6|6
provider|min_constraint|6|1
provider|max_constraint|6|1
enduser|flocal|6|0.27291011810302734
enduser|ffinal|6|0.19712257385253906
node_enduser|total_time|6|25.107260
node_enduser|loops|6|19
node_enduser|messages|6|6
enduser|min_constraint|6|2
enduser|max_constraint|6|2
user0|flocal|7|0.23801422119140625
user0|ffinal|7|0.1746358871459961
node_user0|total_time|7|14.203400
node_user0|loops|7|15
node_user0|messages|7|6
user0|min_constraint|7|2
user0|max_constraint|7|2
user10|flocal|7|0.2827742099761963
user10|ffinal|7|0.20570921897888184
node_user10|total_time|7|8.813427
node_user10|loops|7|10
node_user10|messages|7|6
user10|min_constraint|7|6
user10|max_constraint|7|6
user11|flocal|7|0.291395902633667
user11|ffinal|7|0.20269417762756348
node_user11|total_time|7|8.405370
node_user11|loops|7|5
node_user11|messages|7|6
user11|min_constraint|7|6
user11|max_constraint|7|6
user12|funsat|7|0.274219274520874
user12|funsat|7|0.17473745346069336
node_user12|total_time|7|9.066473
node_user12|loops|7|6
node_user12|messages|7|0
user12|min_constraint|7|8
user12|max_constraint|7|8
user13|funsat|7|0.2770555019378662
user13|funsat|7|0.18894076347351074
node_user13|total_time|7|7.943942
node_user13|loops|7|6
node_user13|messages|7|0
user13|min_constraint|7|8
user13|max_constraint|7|8
user14|funsat|7|0.2742574214935303
user14|funsat|7|0.18945550918579102
node_user14|total_time|7|7.513901
node_user14|loops|7|5
node_user14|messages|7|0
user14|min_constraint|7|8
user14|max_constraint|7|8
user1|flocal|7|0.28964757919311523
user1|ffinal|7|0.2069993019104004
node_user1|total_time|7|13.304555
node_user1|loops|7|11
node_user1|messages|7|6
user1|min_constraint|7|2
user1|max_constraint|7|2
user2|flocal|7|0.2829930782318115
user2|ffinal|7|0.20150375366210938
node_user2|total_time|7|13.517291
node_user2|loops|7|11
node_user2|messages|7|6
user2|min_constraint|7|2
user2|max_constraint|7|2
user3|flocal|7|0.2680048942565918
user3|ffinal|7|0.2019050121307373
node_user3|total_time|7|12.243854
node_user3|loops|7|7
node_user3|messages|7|6
user3|min_constraint|7|6
user3|max_constraint|7|6
user4|flocal|7|0.28090929985046387
user4|ffinal|7|0.37646937370300293
node_user4|total_time|7|13.527167
node_user4|loops|7|13
node_user4|messages|7|6
user4|min_constraint|7|6
user4|max_constraint|7|6
user5|flocal|7|0.29076075553894043
user5|ffinal|7|0.20867371559143066
node_user5|total_time|7|12.301076
node_user5|loops|7|10
node_user5|messages|7|6
user5|min_constraint|7|6
user5|max_constraint|7|6
user6|flocal|7|0.5673623085021973
user6|ffinal|7|0.401090145111084
node_user6|total_time|7|12.555670
node_user6|loops|7|8
node_user6|messages|7|6
user6|min_constraint|7|6
user6|max_constraint|7|6
user7|flocal|7|0.2769472599029541
user7|ffinal|7|0.2168416976928711
node_user7|total_time|7|10.394706
node_user7|loops|7|11
node_user7|messages|7|6
user7|min_constraint|7|6
user7|max_constraint|7|6
user8|flocal|7|0.2735891342163086
user8|ffinal|7|0.3021998405456543
node_user8|total_time|7|11.252993
node_user8|loops|7|7
node_user8|messages|7|6
user8|min_constraint|7|6
user8|max_constraint|7|6
user9|flocal|7|0.29059839248657227
user9|ffinal|7|0.20631003379821777
node_user9|total_time|7|9.275558
node_user9|loops|7|6
node_user9|messages|7|6
user9|min_constraint|7|6
user9|max_constraint|7|6
provider|flocal|7|0.36582326889038086
provider|ffinal|7|0.20142722129821777
node_provider|total_time|7|23.503656
node_provider|loops|7|22
node_provider|messages|7|6
provider|min_constraint|7|1
provider|max_constraint|7|1
enduser|flocal|7|0.36254119873046875
enduser|ffinal|7|0.1943206787109375
node_enduser|total_time|7|25.093491
node_enduser|loops|7|25
node_enduser|messages|7|6
enduser|min_constraint|7|2
enduser|max_constraint|7|2
user0|flocal|8|0.27370357513427734
user10|flocal|8|0.26639628410339355
user10|flocal|8|0.20506668090820312
user10|ffinal|8|0.1953589916229248
node_user10|total_time|8|9.974508
node_user10|loops|8|7
node_user10|messages|8|12
user10|min_constraint|8|6
user10|max_constraint|8|6
user11|flocal|8|0.2893490791320801
user11|flocal|8|0.19986414909362793
user11|ffinal|8|0.20057964324951172
node_user11|total_time|8|10.411163
node_user11|loops|8|8
node_user11|messages|8|12
user11|min_constraint|8|6
user11|max_constraint|8|6
user12|funsat|8|0.277463436126709
user12|funsat|8|0.18445539474487305
user12|funsat|8|0.1840357780456543
node_user12|total_time|8|9.106204
node_user12|loops|8|7
node_user12|messages|8|0
user12|min_constraint|8|8
user12|max_constraint|8|8
user13|funsat|8|0.2733120918273926
user13|funsat|8|0.188551664352417
node_user13|total_time|8|8.392792
node_user13|loops|8|6
node_user13|messages|8|0
user13|min_constraint|8|8
user13|max_constraint|8|8
user14|funsat|8|0.26593565940856934
user14|funsat|8|0.18735480308532715
node_user14|total_time|8|8.063454
node_user14|loops|8|10
node_user14|messages|8|0
user14|min_constraint|8|8
user14|max_constraint|8|8
user1|flocal|8|0.2946326732635498
user1|ffinal|8|0.20240306854248047
node_user1|total_time|8|15.537801
node_user1|loops|8|14
node_user1|messages|8|6
user1|min_constraint|8|2
user1|max_constraint|8|2
user2|flocal|8|0.28743410110473633
user2|ffinal|8|0.20011210441589355
node_user2|total_time|8|14.175840
node_user2|loops|8|15
node_user2|messages|8|6
user2|min_constraint|8|2
user2|max_constraint|8|2
user3|flocal|8|0.5680537223815918
user3|ffinal|8|0.19817185401916504
node_user3|total_time|8|13.263142
node_user3|loops|8|10
node_user3|messages|8|6
user3|min_constraint|8|6
user3|max_constraint|8|6
user4|flocal|8|0.2652163505554199
user4|ffinal|8|0.1976487636566162
node_user4|total_time|8|13.459934
node_user4|loops|8|10
node_user4|messages|8|6
user4|min_constraint|8|6
user4|max_constraint|8|6
user5|flocal|8|0.28096938133239746
user5|ffinal|8|0.20162510871887207
node_user5|total_time|8|12.651108
node_user5|loops|8|12
node_user5|messages|8|6
user5|min_constraint|8|6
user5|max_constraint|8|6
user6|flocal|8|0.24939346313476562
user6|ffinal|8|0.19965839385986328
node_user6|total_time|8|11.764189
node_user6|loops|8|9
node_user6|messages|8|6
user6|min_constraint|8|6
user6|max_constraint|8|6
user7|flocal|8|0.2635457515716553
user7|ffinal|8|0.18154573440551758
node_user7|total_time|8|12.143467
node_user7|loops|8|9
node_user7|messages|8|6
user7|min_constraint|8|6
user7|max_constraint|8|6
user8|flocal|8|0.29332399368286133
user8|ffinal|8|0.19825458526611328
node_user8|total_time|8|11.033282
node_user8|loops|8|11
node_user8|messages|8|6
user8|min_constraint|8|6
user8|max_constraint|8|6
user9|flocal|8|0.21340274810791016
user9|ffinal|8|0.17801523208618164
node_user9|total_time|8|10.624927
node_user9|loops|8|6
node_user9|messages|8|6
user9|min_constraint|8|6
user9|max_constraint|8|6
provider|flocal|8|0.2859494686126709
provider|ffinal|8|0.20047950744628906
node_provider|total_time|8|24.447077
node_provider|loops|8|23
node_provider|messages|8|6
provider|min_constraint|8|1
provider|max_constraint|8|1
enduser|flocal|8|0.28180766105651855
enduser|ffinal|8|0.1987776756286621
node_enduser|total_time|8|24.548592
node_enduser|loops|8|23
node_enduser|messages|8|6
enduser|min_constraint|8|2
enduser|max_constraint|8|2
user0|flocal|9|0.29554200172424316
user0|ffinal|9|0.2090771198272705
node_user0|total_time|9|13.029972
node_user0|loops|9|13
node_user0|messages|9|6
user0|min_constraint|9|2
user0|max_constraint|9|2
user10|flocal|9|0.2895479202270508
user10|ffinal|9|0.2143237590789795
node_user10|total_time|9|8.531859
node_user10|loops|9|9
node_user10|messages|9|6
user10|min_constraint|9|6
user10|max_constraint|9|6
user11|flocal|9|0.2949070930480957
user11|ffinal|9|0.2011089324951172
node_user11|total_time|9|9.231975
node_user11|loops|9|6
node_user11|messages|9|6
user11|min_constraint|9|6
user11|max_constraint|9|6
user12|funsat|9|0.27321553230285645
user12|funsat|9|0.33118534088134766
node_user12|total_time|9|7.826884
node_user12|loops|9|5
node_user12|messages|9|0
user12|min_constraint|9|8
user12|max_constraint|9|8
user13|funsat|9|0.21445012092590332
user13|funsat|9|0.1918628215789795
node_user13|total_time|9|6.641046
node_user13|loops|9|4
node_user13|messages|9|0
user13|min_constraint|9|8
user13|max_constraint|9|8
user14|funsat|9|0.2867121696472168
user14|funsat|9|0.19303035736083984
node_user14|total_time|9|6.088510
node_user14|loops|9|6
node_user14|messages|9|0
user14|min_constraint|9|8
user14|max_constraint|9|8
user1|flocal|9|0.36580991744995117
user1|ffinal|9|0.20139575004577637
node_user1|total_time|9|12.498884
node_user1|loops|9|12
node_user1|messages|9|6
user1|min_constraint|9|2
user1|max_constraint|9|2
user2|flocal|9|0.29137539863586426
user2|ffinal|9|0.33341264724731445
node_user2|total_time|9|12.485256
node_user2|loops|9|10
node_user2|messages|9|6
user2|min_constraint|9|2
user2|max_constraint|9|2
user3|flocal|9|0.2917611598968506
user3|ffinal|9|0.19245195388793945
node_user3|total_time|9|11.439641
node_user3|loops|9|9
node_user3|messages|9|6
user3|min_constraint|9|6
user3|max_constraint|9|6
user4|flocal|9|0.2867097854614258
user4|ffinal|9|0.20304203033447266
node_user4|total_time|9|11.163720
node_user4|loops|9|11
node_user4|messages|9|6
user4|min_constraint|9|6
user4|max_constraint|9|6
user5|flocal|9|0.2864530086517334
user5|flocal|9|0.1991558074951172
user5|ffinal|9|0.2010657787322998
node_user5|total_time|9|10.367425
node_user5|loops|9|8
node_user5|messages|9|12
user5|min_constraint|9|6
user5|max_constraint|9|6
user6|flocal|9|0.2627830505371094
user6|flocal|9|0.2026841640472412
user6|ffinal|9|0.20015335083007812
node_user6|total_time|9|10.244467
node_user6|loops|9|7
node_user6|messages|9|12
user6|min_constraint|9|6
user6|max_constraint|9|6
user7|flocal|9|0.2752530574798584
user7|ffinal|9|0.20905542373657227
node_user7|total_time|9|9.916797
node_user7|loops|9|6
node_user7|messages|9|6
user7|min_constraint|9|6
user7|max_constraint|9|6
user8|flocal|9|0.2817680835723877
user8|ffinal|9|0.3319387435913086
node_user8|total_time|9|9.860580
node_user8|loops|9|9
node_user8|messages|9|6
user8|min_constraint|9|6
user8|max_constraint|9|6
user9|flocal|9|0.2995316982269287
user9|flocal|9|0.19472241401672363
user9|ffinal|9|0.19815397262573242
node_user9|total_time|9|8.538630
node_user9|loops|9|8
node_user9|messages|9|6
user9|min_constraint|9|6
user9|max_constraint|9|6
provider|flocal|9|0.20453119277954102
provider|ffinal|9|0.19804930686950684
node_provider|total_time|9|22.506885
node_provider|loops|9|24
node_provider|messages|9|6
provider|min_constraint|9|1
provider|max_constraint|9|1
enduser|flocal|9|0.2849571704864502
enduser|ffinal|9|0.32323122024536133
node_enduser|total_time|9|23.059218
node_enduser|loops|9|20
node_enduser|messages|9|6
enduser|min_constraint|9|2
enduser|max_constraint|9|2
