user0|flocal|0|0.31871700286865234
user0|flocal|0|0.18808627128601074
user0|flocal|0|0.20098137855529785
user0|flocal|0|0.19755005836486816
user0|flocal|0|0.19576764106750488
user0|flocal|0|0.20277619361877441
user0|flocal|0|0.2025148868560791
user0|ffinal|0|0.1831672191619873
node_user0|total_time|0|10.947362
node_user0|loops|0|9
node_user0|messages|0|30
user0|min_constraint|0|9
user0|max_constraint|0|9
user10|flocal|0|0.2956840991973877
user10|flocal|0|0.203171968460083
user10|flocal|0|0.20742487907409668
user10|flocal|0|0.20337963104248047
user10|ffinal|0|0.21698880195617676
node_user10|total_time|0|6.305422
node_user10|loops|0|4
node_user10|messages|0|27
user10|min_constraint|0|13
user10|max_constraint|0|13
user11|flocal|0|0.30486178398132324
user11|flocal|0|0.21437883377075195
user11|flocal|0|0.19753456115722656
user11|ffinal|0|0.18888640403747559
node_user11|total_time|0|5.859310
node_user11|loops|0|3
node_user11|messages|0|27
user11|min_constraint|0|13
user11|max_constraint|0|13
user12|flocal|0|0.295393705368042
user12|flocal|0|0.21245169639587402
user12|ffinal|0|0.21555376052856445
node_user12|total_time|0|4.767912
node_user12|loops|0|2
node_user12|messages|0|14
user12|min_constraint|0|9
user12|max_constraint|0|9
user13|flocal|0|0.31046223640441895
user13|flocal|0|0.21686506271362305
user13|ffinal|0|0.2073042392730713
node_user13|total_time|0|4.270795
node_user13|loops|0|1
node_user13|messages|0|7
user13|min_constraint|0|9
user13|max_constraint|0|9
user14|flocal|0|0.30907297134399414
user14|flocal|0|0.20897769927978516
user14|flocal|0|0.21529459953308105
user14|ffinal|0|0.2095654010772705
node_user14|total_time|0|3.683475
node_user14|loops|0|3
node_user14|messages|0|14
user14|min_constraint|0|9
user14|max_constraint|0|9
user1|flocal|0|0.31137585639953613
user1|flocal|0|0.20692133903503418
user1|flocal|0|0.20351862907409668
user1|flocal|0|0.20218396186828613
user1|flocal|0|0.19680523872375488
user1|flocal|0|0.3591921329498291
user1|flocal|0|0.20668983459472656
user1|flocal|0|0.20496749877929688
user1|ffinal|0|0.19061732292175293
node_user1|total_time|0|10.785090
node_user1|loops|0|9
node_user1|messages|0|35
user1|min_constraint|0|9
user1|max_constraint|0|9
user2|flocal|0|0.21775412559509277
user2|flocal|0|0.18074512481689453
user2|flocal|0|0.17716097831726074
user2|flocal|0|0.18359041213989258
user2|flocal|0|0.1777493953704834
user2|flocal|0|0.17678475379943848
user2|flocal|0|0.18346762657165527
user2|ffinal|0|0.1749286651611328
node_user2|total_time|0|9.329954
node_user2|loops|0|6
node_user2|messages|0|30
user2|min_constraint|0|9
user2|max_constraint|0|9
user3|flocal|0|0.3143458366394043
user3|flocal|0|0.218397855758667
user3|flocal|0|0.21146535873413086
user3|flocal|0|0.21154260635375977
user3|flocal|0|0.21026325225830078
user3|flocal|0|0.21473288536071777
user3|flocal|0|0.2082653045654297
user3|flocal|0|0.21524453163146973
user3|ffinal|0|0.21253395080566406
node_user3|total_time|0|9.512276
node_user3|loops|0|9
node_user3|messages|0|63
user3|min_constraint|0|13
user3|max_constraint|0|13
user4|flocal|0|0.31511974334716797
user4|flocal|0|0.20689630508422852
user4|flocal|0|0.21669626235961914
user4|flocal|0|0.3721804618835449
user4|flocal|0|0.21904683113098145
user4|flocal|0|0.2108137607574463
user4|ffinal|0|0.2163257598876953
node_user4|total_time|0|8.617895
node_user4|loops|0|8
node_user4|messages|0|45
user4|min_constraint|0|13
user4|max_constraint|0|13
user5|flocal|0|0.3149120807647705
user5|flocal|0|0.19934487342834473
user5|flocal|0|0.20598363876342773
user5|flocal|0|0.2129373550415039
user5|flocal|0|0.21038556098937988
user5|flocal|0|0.21158456802368164
user5|ffinal|0|0.20613479614257812
node_user5|total_time|0|7.699047
node_user5|loops|0|5
node_user5|messages|0|36
user5|min_constraint|0|13
user5|max_constraint|0|13
user6|flocal|0|0.2994987964630127
user6|flocal|0|0.19972610473632812
user6|flocal|0|0.2118370532989502
user6|flocal|0|0.22830557823181152
user6|flocal|0|0.21587634086608887
user6|ffinal|0|0.21563315391540527
node_user6|total_time|0|8.794860
node_user6|loops|0|5
node_user6|messages|0|36
user6|min_constraint|0|13
user6|max_constraint|0|13
user7|flocal|0|0.31441760063171387
user7|flocal|0|0.21059608459472656
user7|flocal|0|0.21334147453308105
user7|flocal|0|0.2106921672821045
user7|ffinal|0|0.2139909267425537
node_user7|total_time|0|7.116817
node_user7|loops|0|4
node_user7|messages|0|36
user7|min_constraint|0|13
user7|max_constraint|0|13
user8|flocal|0|0.31267714500427246
user8|flocal|0|0.2037792205810547
user8|flocal|0|0.20968031883239746
user8|flocal|0|0.21036911010742188
user8|flocal|0|0.19925999641418457
user8|ffinal|0|0.18984580039978027
node_user8|total_time|0|6.398206
node_user8|loops|0|5
node_user8|messages|0|36
user8|min_constraint|0|13
user8|max_constraint|0|13
user9|flocal|0|0.2957751750946045
user9|flocal|0|0.37188148498535156
user9|flocal|0|0.2131795883178711
user9|ffinal|0|0.21391677856445312
node_user9|total_time|0|6.957824
node_user9|loops|0|3
node_user9|messages|0|27
user9|min_constraint|0|13
user9|max_constraint|0|13
provider|flocal|0|0.2540416717529297
provider|flocal|0|0.1990973949432373
provider|flocal|0|0.20322251319885254
provider|flocal|0|0.2017805576324463
provider|flocal|0|0.19913578033447266
provider|flocal|0|0.201202392578125
provider|flocal|0|0.1978001594543457
provider|flocal|0|0.20087552070617676
provider|ffinal|0|0.20170974731445312
node_provider|total_time|0|21.756211
node_provider|loops|0|17
node_provider|messages|0|21
provider|min_constraint|0|2
provider|max_constraint|0|2
enduser|flocal|0|0.29956984519958496
enduser|flocal|0|0.2066020965576172
enduser|flocal|0|0.20856809616088867
enduser|ffinal|0|0.2037792205810547
node_enduser|total_time|0|19.929853
node_enduser|loops|0|20
node_enduser|messages|0|18
enduser|min_constraint|0|8
enduser|max_constraint|0|8
user0|flocal|1|0.26261353492736816
user0|flocal|1|0.202439546585083
user0|flocal|1|0.20409107208251953
user0|flocal|1|0.1992659568786621
user0|flocal|1|0.1997525691986084
user0|flocal|1|0.20018815994262695
user0|flocal|1|0.20270705223083496
user0|flocal|1|0.20310544967651367
user0|flocal|1|0.19559574127197266
user0|ffinal|1|0.19403553009033203
node_user0|total_time|1|11.038812
node_user0|loops|1|8
node_user0|messages|1|30
user0|min_constraint|1|9
user0|max_constraint|1|9
user10|flocal|1|0.3198573589324951
user10|flocal|1|0.20295238494873047
user10|flocal|1|0.20261716842651367
user10|flocal|1|0.20698785781860352
user10|ffinal|1|0.20439910888671875
node_user10|total_time|1|5.493602
node_user10|loops|1|4
node_user10|messages|1|27
user10|min_constraint|1|13
user10|max_constraint|1|13
user11|flocal|1|0.27318692207336426
user11|flocal|1|0.2156374454498291
user11|flocal|1|0.18335533142089844
user11|ffinal|1|0.2554507255554199
node_user11|total_time|1|6.020257
node_user11|loops|1|3
node_user11|messages|1|27
user11|min_constraint|1|13
user11|max_constraint|1|13
user12|flocal|1|0.3104264736175537
user12|flocal|1|0.21002984046936035
user12|ffinal|1|0.2135324478149414
node_user12|total_time|1|5.255254
node_user12|loops|1|2
node_user12|messages|1|14
user12|min_constraint|1|9
user12|max_constraint|1|9
user13|flocal|1|0.29980969429016113
user13|flocal|1|0.21380114555358887
user13|flocal|1|0.20781350135803223
user13|ffinal|1|0.552222728729248
node_user13|total_time|1|5.508202
node_user13|loops|1|6
node_user13|messages|1|21
user13|min_constraint|1|9
user13|max_constraint|1|9
user14|flocal|1|0.310650110244751
user14|flocal|1|0.20226621627807617
user14|ffinal|1|0.21241426467895508
node_user14|total_time|1|3.993741
node_user14|loops|1|2
node_user14|messages|1|7
user14|min_constraint|1|9
user14|max_constraint|1|9
user1|flocal|1|0.29809021949768066
user1|flocal|1|0.2022411823272705
user1|flocal|1|0.20355463027954102
user1|flocal|1|0.1959521770477295
user1|flocal|1|0.2019510269165039
user1|flocal|1|0.1986255645751953
user1|ffinal|1|0.2001054286956787
node_user1|total_time|1|10.851640
node_user1|loops|1|8
node_user1|messages|1|30
user1|min_constraint|1|9
user1|max_constraint|1|9
user2|flocal|1|0.297290563583374
user2|flocal|1|0.20229220390319824
user2|flocal|1|0.2007920742034912
user2|flocal|1|0.20095562934875488
user2|flocal|1|0.2030329704284668
user2|flocal|1|0.20617175102233887
user2|ffinal|1|0.2605001926422119
node_user2|total_time|1|11.164239
node_user2|loops|1|7
node_user2|messages|1|25
user2|min_constraint|1|9
user2|max_constraint|1|9
user3|flocal|1|0.2957184314727783
user3|flocal|1|0.20038080215454102
user3|flocal|1|0.20738482475280762
user3|flocal|1|0.20813441276550293
user3|flocal|1|0.20818567276000977
user3|flocal|1|0.20501923561096191
user3|flocal|1|0.20413780212402344
user3|flocal|1|0.20765948295593262
user3|ffinal|1|0.20295047760009766
node_user3|total_time|1|9.566249
node_user3|loops|1|8
node_user3|messages|1|63
user3|min_constraint|1|13
user3|max_constraint|1|13
user4|flocal|1|0.30672264099121094
user4|flocal|1|0.20294809341430664
user4|flocal|1|0.2111673355102539
user4|flocal|1|0.21264100074768066
user4|flocal|1|0.20954132080078125
user4|flocal|1|0.20622611045837402
user4|flocal|1|0.2119128704071045
user4|ffinal|1|0.21106719970703125
node_user4|total_time|1|9.281010
node_user4|loops|1|7
node_user4|messages|1|54
user4|min_constraint|1|13
user4|max_constraint|1|13
user5|flocal|1|0.2980985641479492
user5|flocal|1|0.2133793830871582
user5|flocal|1|0.20772385597229004
user5|flocal|1|0.21279144287109375
user5|flocal|1|0.20863723754882812
user5|flocal|1|0.21070647239685059
user5|ffinal|1|0.20639801025390625
node_user5|total_time|1|8.511678
node_user5|loops|1|5
node_user5|messages|1|36
user5|min_constraint|1|13
user5|max_constraint|1|13
user6|flocal|1|0.2772359848022461
user6|flocal|1|0.20965027809143066
user6|flocal|1|0.20154595375061035
user6|flocal|1|0.20437860488891602
user6|flocal|1|0.20864105224609375
user6|flocal|1|0.206404447555542
user6|ffinal|1|0.21401238441467285
node_user6|total_time|1|8.223434
node_user6|loops|1|6
node_user6|messages|1|45
user6|min_constraint|1|13
user6|max_constraint|1|13
user7|flocal|1|0.29958581924438477
user7|flocal|1|0.20663905143737793
user7|flocal|1|0.21006989479064941
user7|flocal|1|0.20711469650268555
user7|flocal|1|0.20605826377868652
user7|ffinal|1|0.3595571517944336
node_user7|total_time|1|9.152726
node_user7|loops|1|5
node_user7|messages|1|45
user7|min_constraint|1|13
user7|max_constraint|1|13
user8|flocal|1|0.30777883529663086
user8|flocal|1|0.2039804458618164
user8|flocal|1|0.20792198181152344
user8|flocal|1|0.21215510368347168
user8|flocal|1|0.20177555084228516
user8|ffinal|1|0.21146202087402344
node_user8|total_time|1|7.753290
node_user8|loops|1|5
node_user8|messages|1|45
user8|min_constraint|1|13
user8|max_constraint|1|13
user9|flocal|1|0.30973172187805176
user9|flocal|1|0.2065894603729248
user9|flocal|1|0.20896553993225098
user9|flocal|1|0.20955848693847656
user9|flocal|1|0.2035837173461914
user9|ffinal|1|0.20705032348632812
node_user9|total_time|1|7.043571
node_user9|loops|1|5
node_user9|messages|1|36
user9|min_constraint|1|13
user9|max_constraint|1|13
provider|flocal|1|0.2786712646484375
provider|flocal|1|0.20026445388793945
provider|flocal|1|0.19859552383422852
provider|flocal|1|0.19709515571594238
provider|flocal|1|0.19085121154785156
provider|flocal|1|0.1929631233215332
provider|ffinal|1|0.19706273078918457
node_provider|total_time|1|20.207620
node_provider|loops|1|17
node_provider|messages|1|18
provider|min_constraint|1|2
provider|max_constraint|1|2
enduser|flocal|1|0.28979039192199707
enduser|flocal|1|0.20178937911987305
enduser|flocal|1|0.2001481056213379
enduser|flocal|1|0.20378994941711426
enduser|ffinal|1|0.20197248458862305
node_enduser|total_time|1|19.548358
node_enduser|loops|1|16
node_enduser|messages|1|24
enduser|min_constraint|1|8
enduser|max_constraint|1|8
user0|flocal|2|0.31334376335144043
user0|flocal|2|0.2399141788482666
user0|flocal|2|0.24113678932189941
user0|flocal|2|0.22990918159484863
user0|flocal|2|0.22806787490844727
user0|flocal|2|0.1979200839996338
user0|flocal|2|0.19633841514587402
user0|flocal|2|0.20087909698486328
user0|ffinal|2|0.18160510063171387
node_user0|total_time|2|10.820185
node_user0|loops|2|9
node_user0|messages|2|30
user0|min_constraint|2|9
user0|max_constraint|2|9
user10|flocal|2|0.3764214515686035
user10|flocal|2|0.2241675853729248
user10|flocal|2|0.21195268630981445
user10|ffinal|2|0.2607390880584717
node_user10|total_time|2|5.914285
node_user10|loops|2|3
node_user10|messages|2|27
user10|min_constraint|2|13
user10|max_constraint|2|13
user11|flocal|2|0.33442068099975586
user11|flocal|2|0.30429983139038086
user11|flocal|2|0.1913440227508545
user11|ffinal|2|0.24143266677856445
node_user11|total_time|2|5.307408
node_user11|loops|2|3
node_user11|messages|2|27
user11|min_constraint|2|13
user11|max_constraint|2|13
user12|flocal|2|0.29732608795166016
user12|flocal|2|0.2970542907714844
user12|flocal|2|0.1969892978668213
user12|flocal|2|0.3269228935241699
user12|ffinal|2|0.21208572387695312
node_user12|total_time|2|5.276943
node_user12|loops|2|4
node_user12|messages|2|21
user12|min_constraint|2|9
user12|max_constraint|2|9
user13|flocal|2|0.31920599937438965
user13|flocal|2|0.2163090705871582
user13|flocal|2|0.20839428901672363
user13|ffinal|2|0.2392592430114746
node_user13|total_time|2|4.462631
node_user13|loops|2|3
node_user13|messages|2|14
user13|min_constraint|2|9
user13|max_constraint|2|9
user14|flocal|2|0.3077712059020996
user14|flocal|2|0.2139754295349121
user14|ffinal|2|0.24944257736206055
node_user14|total_time|2|4.000504
node_user14|loops|2|2
node_user14|messages|2|7
user14|min_constraint|2|9
user14|max_constraint|2|9
user1|flocal|2|0.37001609802246094
user1|flocal|2|0.24280619621276855
user1|flocal|2|0.22989702224731445
user1|flocal|2|0.20473194122314453
user1|flocal|2|0.19727277755737305
user1|ffinal|2|0.20244741439819336
node_user1|total_time|2|10.157149
node_user1|loops|2|8
node_user1|messages|2|25
user1|min_constraint|2|9
user1|max_constraint|2|9
user2|flocal|2|0.45446348190307617
user2|flocal|2|0.27187347412109375
user2|flocal|2|0.2379915714263916
user2|flocal|2|0.2559647560119629
user2|flocal|2|0.1990339756011963
user2|flocal|2|0.20210981369018555
user2|ffinal|2|0.20534062385559082
node_user2|total_time|2|10.115739
node_user2|loops|2|7
node_user2|messages|2|25
user2|min_constraint|2|9
user2|max_constraint|2|9
user3|flocal|2|0.5645313262939453
user3|flocal|2|0.23712992668151855
user3|flocal|2|0.23764920234680176
user3|flocal|2|0.2734229564666748
user3|flocal|2|0.20255064964294434
user3|flocal|2|0.20650124549865723
user3|ffinal|2|0.2095801830291748
node_user3|total_time|2|8.896172
node_user3|loops|2|6
node_user3|messages|2|36
user3|min_constraint|2|13
user3|max_constraint|2|13
user4|flocal|2|0.44486403465270996
user4|flocal|2|0.25081348419189453
user4|flocal|2|0.24567365646362305
user4|flocal|2|0.2097611427307129
user4|flocal|2|0.20576047897338867
user4|ffinal|2|0.2119283676147461
node_user4|total_time|2|8.946092
node_user4|loops|2|5
node_user4|messages|2|45
user4|min_constraint|2|13
user4|max_constraint|2|13
user5|flocal|2|0.45301246643066406
user5|flocal|2|0.23273110389709473
user5|flocal|2|0.20243453979492188
user5|flocal|2|0.21039843559265137
user5|ffinal|2|0.23368287086486816
node_user5|total_time|2|8.271140
node_user5|loops|2|4
node_user5|messages|2|36
user5|min_constraint|2|13
user5|max_constraint|2|13
user6|flocal|2|0.36914491653442383
user6|flocal|2|0.2404155731201172
user6|flocal|2|0.2645988464355469
user6|flocal|2|0.20171761512756348
user6|flocal|2|0.20657777786254883
user6|flocal|2|0.21265697479248047
user6|flocal|2|0.21110010147094727
user6|ffinal|2|0.21455049514770508
node_user6|total_time|2|8.707542
node_user6|loops|2|8
node_user6|messages|2|45
user6|min_constraint|2|13
user6|max_constraint|2|13
user7|flocal|2|0.39197301864624023
user7|flocal|2|0.24394607543945312
user7|flocal|2|0.2157447338104248
user7|flocal|2|0.2759969234466553
user7|flocal|2|0.20889687538146973
user7|flocal|2|0.4149935245513916
user7|ffinal|2|0.2087864875793457
node_user7|total_time|2|7.455799
node_user7|loops|2|6
node_user7|messages|2|45
user7|min_constraint|2|13
user7|max_constraint|2|13
user8|flocal|2|0.39191389083862305
user8|flocal|2|0.23990941047668457
user8|flocal|2|0.21244382858276367
user8|ffinal|2|0.240142822265625
node_user8|total_time|2|6.631644
node_user8|loops|2|3
node_user8|messages|2|18
user8|min_constraint|2|13
user8|max_constraint|2|13
user9|flocal|2|0.34946298599243164
user9|flocal|2|0.20736050605773926
user9|flocal|2|0.21259784698486328
user9|flocal|2|0.20340728759765625
user9|ffinal|2|0.2648024559020996
node_user9|total_time|2|6.156527
node_user9|loops|2|3
node_user9|messages|2|27
user9|min_constraint|2|13
user9|max_constraint|2|13
provider|flocal|2|0.30834412574768066
provider|flocal|2|0.27437925338745117
provider|flocal|2|0.2274620532989502
provider|flocal|2|0.18961381912231445
provider|flocal|2|0.4191098213195801
provider|ffinal|2|0.20289850234985352
node_provider|total_time|2|21.794825
node_provider|loops|2|14
node_provider|messages|2|15
provider|min_constraint|2|2
provider|max_constraint|2|2
enduser|flocal|2|0.3527977466583252
enduser|flocal|2|0.20539355278015137
enduser|flocal|2|0.20784664154052734
enduser|ffinal|2|0.2049543857574463
node_enduser|total_time|2|20.046000
node_enduser|loops|2|17
node_enduser|messages|2|18
enduser|min_constraint|2|8
enduser|max_constraint|2|8
user0|flocal|3|0.2735416889190674
user0|flocal|3|0.21327447891235352
user0|flocal|3|0.19865083694458008
user0|flocal|3|0.20752358436584473
user0|flocal|3|0.18120217323303223
user0|flocal|3|0.19616293907165527
user0|ffinal|3|0.19090008735656738
node_user0|total_time|3|9.021878
node_user0|loops|3|7
node_user0|messages|3|25
user0|min_constraint|3|9
user0|max_constraint|3|9
user10|flocal|3|0.3030126094818115
user10|flocal|3|0.20473647117614746
user10|flocal|3|0.21364736557006836
user10|flocal|3|0.2083873748779297
user10|ffinal|3|0.2113475799560547
node_user10|total_time|3|4.898326
node_user10|loops|3|4
node_user10|messages|3|27
user10|min_constraint|3|13
user10|max_constraint|3|13
user11|flocal|3|0.31441521644592285
user11|ffinal|3|0.2064816951751709
node_user11|total_time|3|3.045363
node_user11|loops|3|1
node_user11|messages|3|9
user11|min_constraint|3|7
user11|max_constraint|3|7
user12|flocal|3|0.3165152072906494
user12|flocal|3|0.20001745223999023
user12|ffinal|3|0.20673751831054688
node_user12|total_time|3|2.572492
node_user12|loops|3|2
node_user12|messages|3|14
user12|min_constraint|3|9
user12|max_constraint|3|9
user13|flocal|3|0.3141491413116455
user13|ffinal|3|0.19898581504821777
node_user13|total_time|3|2.806595
node_user13|loops|3|1
node_user13|messages|3|7
user13|min_constraint|3|7
user13|max_constraint|3|7
user14|flocal|3|0.30691003799438477
user14|ffinal|3|0.20032429695129395
node_user14|total_time|3|2.263242
node_user14|loops|3|1
node_user14|messages|3|7
user14|min_constraint|3|7
user14|max_constraint|3|7
user1|flocal|3|0.2844655513763428
user1|flocal|3|0.19987058639526367
user1|flocal|3|0.20663905143737793
user1|flocal|3|0.20593714714050293
user1|flocal|3|0.1966402530670166
user1|flocal|3|0.20280790328979492
user1|ffinal|3|0.1984264850616455
node_user1|total_time|3|7.996360
node_user1|loops|3|6
node_user1|messages|3|25
user1|min_constraint|3|9
user1|max_constraint|3|9
user2|flocal|3|0.2560884952545166
user2|flocal|3|0.20304608345031738
user2|flocal|3|0.20307564735412598
user2|flocal|3|0.19974064826965332
user2|ffinal|3|0.20103096961975098
node_user2|total_time|3|7.217080
node_user2|loops|3|4
node_user2|messages|3|20
user2|min_constraint|3|9
user2|max_constraint|3|9
user3|flocal|3|0.2827174663543701
user3|flocal|3|0.2132573127746582
user3|flocal|3|0.21665692329406738
user3|flocal|3|0.20654892921447754
user3|ffinal|3|0.20970559120178223
node_user3|total_time|3|6.656526
node_user3|loops|3|4
node_user3|messages|3|36
user3|min_constraint|3|13
user3|max_constraint|3|13
user4|flocal|3|0.30420613288879395
user4|flocal|3|0.20289015769958496
user4|flocal|3|0.206925630569458
user4|flocal|3|0.20947265625
user4|ffinal|3|0.2116391658782959
node_user4|total_time|3|6.158683
node_user4|loops|3|4
node_user4|messages|3|27
user4|min_constraint|3|13
user4|max_constraint|3|13
user5|flocal|3|0.313631534576416
user5|flocal|3|0.21124529838562012
user5|flocal|3|0.2149524688720703
user5|flocal|3|0.20534849166870117
user5|ffinal|3|0.1970968246459961
node_user5|total_time|3|6.039773
node_user5|loops|3|4
node_user5|messages|3|27
user5|min_constraint|3|13
user5|max_constraint|3|13
user6|flocal|3|0.299701452255249
user6|flocal|3|0.2165672779083252
user6|flocal|3|0.2136375904083252
user6|ffinal|3|0.21284151077270508
node_user6|total_time|3|5.506862
node_user6|loops|3|3
node_user6|messages|3|27
user6|min_constraint|3|13
user6|max_constraint|3|13
user7|flocal|3|0.31716227531433105
user7|flocal|3|0.204512357711792
user7|flocal|3|0.20801234245300293
user7|ffinal|3|0.2119894027709961
node_user7|total_time|3|5.135682
node_user7|loops|3|3
node_user7|messages|3|18
user7|min_constraint|3|9
user7|max_constraint|3|9
user8|flocal|3|0.30228662490844727
user8|flocal|3|0.20318984985351562
user8|flocal|3|0.20927190780639648
user8|ffinal|3|0.21393966674804688
node_user8|total_time|3|4.718548
node_user8|loops|3|3
node_user8|messages|3|27
user8|min_constraint|3|9
user8|max_constraint|3|9
user9|flocal|3|0.3180851936340332
user9|ffinal|3|0.21548867225646973
node_user9|total_time|3|4.290296
node_user9|loops|3|1
node_user9|messages|3|9
user9|min_constraint|3|7
user9|max_constraint|3|7
provider|flocal|3|0.2690291404724121
provider|flocal|3|0.19525909423828125
provider|flocal|3|0.19647836685180664
provider|flocal|3|0.19724702835083008
provider|flocal|3|0.1986083984375
provider|flocal|3|0.1961836814880371
provider|flocal|3|0.19243669509887695
provider|ffinal|3|0.19618654251098633
node_provider|total_time|3|17.988179
node_provider|loops|3|15
node_provider|messages|3|18
provider|min_constraint|3|2
provider|max_constraint|3|2
enduser|flocal|3|0.28572678565979004
enduser|flocal|3|0.2108628749847412
enduser|ffinal|3|0.20689773559570312
node_enduser|total_time|3|17.632877
node_enduser|loops|3|17
node_enduser|messages|3|12
enduser|min_constraint|3|8
enduser|max_constraint|3|8
user0|flocal|4|0.29839229583740234
user0|flocal|4|0.1983330249786377
user0|flocal|4|0.21655845642089844
user0|flocal|4|0.1949608325958252
user0|flocal|4|0.1975104808807373
user0|ffinal|4|0.20061063766479492
node_user0|total_time|4|10.681167
node_user0|loops|4|8
node_user0|messages|4|20
user0|min_constraint|4|9
user0|max_constraint|4|9
user10|flocal|4|0.3065526485443115
user10|flocal|4|0.20763683319091797
user10|flocal|4|0.31772589683532715
user10|flocal|4|0.20755434036254883
user10|ffinal|4|0.2066788673400879
node_user10|total_time|4|4.366476
node_user10|loops|4|4
node_user10|messages|4|36
user10|min_constraint|4|13
user10|max_constraint|4|13
user11|flocal|4|0.3423635959625244
user11|flocal|4|0.20525908470153809
user11|ffinal|4|0.21056056022644043
node_user11|total_time|4|5.465306
node_user11|loops|4|3
node_user11|messages|4|18
user11|min_constraint|4|13
user11|max_constraint|4|13
user12|flocal|4|0.4940826892852783
user12|ffinal|4|0.18846940994262695
node_user12|total_time|4|4.677742
node_user12|loops|4|1
node_user12|messages|4|7
user12|min_constraint|4|9
user12|max_constraint|4|9
user13|flocal|4|0.29401254653930664
user13|ffinal|4|0.21388840675354004
node_user13|total_time|4|3.797512
node_user13|loops|4|1
node_user13|messages|4|7
user13|min_constraint|4|9
user13|max_constraint|4|9
user14|flocal|4|0.4873771667480469
user14|flocal|4|0.20836448669433594
user14|flocal|4|0.20501995086669922
user14|ffinal|4|0.20864129066467285
node_user14|total_time|4|2.626988
node_user14|loops|4|2
node_user14|messages|4|14
user14|min_constraint|4|9
user14|max_constraint|4|9
user1|flocal|4|0.3075244426727295
user1|flocal|4|0.200242280960083
user1|flocal|4|0.19800400733947754
user1|flocal|4|0.19822359085083008
user1|ffinal|4|0.17897248268127441
node_user1|total_time|4|9.958554
node_user1|loops|4|8
node_user1|messages|4|20
user1|min_constraint|4|9
user1|max_constraint|4|9
user2|flocal|4|0.2790961265563965
user2|flocal|4|0.20321965217590332
user2|flocal|4|0.19730591773986816
user2|flocal|4|0.25369882583618164
user2|flocal|4|0.19119834899902344
user2|ffinal|4|0.2030172348022461
node_user2|total_time|4|8.714970
node_user2|loops|4|9
node_user2|messages|4|20
user2|min_constraint|4|9
user2|max_constraint|4|9
user3|flocal|4|0.3107311725616455
user3|flocal|4|0.20406317710876465
user3|flocal|4|0.20843935012817383
user3|flocal|4|0.20732855796813965
user3|flocal|4|0.46447300910949707
user3|ffinal|4|0.2073061466217041
node_user3|total_time|4|8.186966
node_user3|loops|4|5
node_user3|messages|4|36
user3|min_constraint|4|13
user3|max_constraint|4|13
user4|flocal|4|0.3215923309326172
user4|flocal|4|0.20601868629455566
user4|flocal|4|0.23257136344909668
user4|ffinal|4|0.2054581642150879
node_user4|total_time|4|7.143435
node_user4|loops|4|6
node_user4|messages|4|27
user4|min_constraint|4|13
user4|max_constraint|4|13
user5|flocal|4|0.2699146270751953
user5|flocal|4|0.18650197982788086
user5|flocal|4|0.18755745887756348
user5|ffinal|4|0.17942166328430176
node_user5|total_time|4|6.623839
node_user5|loops|4|4
node_user5|messages|4|27
user5|min_constraint|4|13
user5|max_constraint|4|13
user6|flocal|4|0.31461048126220703
user6|flocal|4|0.2044990062713623
user6|flocal|4|0.4603869915008545
user6|ffinal|4|0.20835208892822266
node_user6|total_time|4|6.784344
node_user6|loops|4|3
node_user6|messages|4|27
user6|min_constraint|4|13
user6|max_constraint|4|13
user7|flocal|4|0.31871747970581055
user7|flocal|4|0.21047711372375488
user7|flocal|4|0.20547032356262207
user7|ffinal|4|0.21538114547729492
node_user7|total_time|4|6.969178
node_user7|loops|4|3
node_user7|messages|4|27
user7|min_constraint|4|13
user7|max_constraint|4|13
user8|flocal|4|0.269420862197876
user8|flocal|4|0.18710994720458984
user8|flocal|4|0.1882946491241455
user8|flocal|4|0.1807405948638916
user8|flocal|4|0.1827712059020996
user8|ffinal|4|0.18165326118469238
node_user8|total_time|4|5.311680
node_user8|loops|4|4
node_user8|messages|4|27
user8|min_constraint|4|13
user8|max_constraint|4|13
user9|flocal|4|0.3111860752105713
user9|flocal|4|0.20771074295043945
user9|flocal|4|0.19838547706604004
user9|flocal|4|0.20527935028076172
user9|flocal|4|0.20843839645385742
user9|ffinal|4|0.20986390113830566
node_user9|total_time|4|4.962528
node_user9|loops|4|6
node_user9|messages|4|36
user9|min_constraint|4|13
user9|max_constraint|4|13
provider|flocal|4|0.26519155502319336
provider|flocal|4|0.20634698867797852
provider|flocal|4|0.20119714736938477
provider|flocal|4|0.19302725791931152
provider|flocal|4|0.19134116172790527
provider|flocal|4|0.19538331031799316
provider|ffinal|4|0.20065760612487793
node_provider|total_time|4|19.363379
node_provider|loops|4|17
node_provider|messages|4|15
provider|min_constraint|4|2
provider|max_constraint|4|2
enduser|flocal|4|0.2940402030944824
enduser|flocal|4|0.2057507038116455
enduser|ffinal|4|0.2040705680847168
node_enduser|total_time|4|18.701654
node_enduser|loops|4|16
node_enduser|messages|4|12
enduser|min_constraint|4|8
enduser|max_constraint|4|8
user0|flocal|5|0.29245996475219727
user0|flocal|5|0.2025299072265625
user0|flocal|5|0.2053675651550293
user0|flocal|5|0.19753003120422363
user0|flocal|5|0.35114216804504395
user0|flocal|5|0.18082189559936523
user0|flocal|5|0.17776727676391602
user0|flocal|5|0.23187470436096191
user0|ffinal|5|0.1984715461730957
node_user0|total_time|5|12.616247
node_user0|loops|5|9
node_user0|messages|5|30
user0|min_constraint|5|9
user0|max_constraint|5|9
user10|flocal|5|0.2969059944152832
user10|flocal|5|0.2198352813720703
user10|ffinal|5|0.2546532154083252
node_user10|total_time|5|5.133712
node_user10|loops|5|2
node_user10|messages|5|18
user10|min_constraint|5|13
user10|max_constraint|5|13
user11|flocal|5|0.32047224044799805
user11|flocal|5|0.20514535903930664
user11|ffinal|5|0.1956346035003662
node_user11|total_time|5|3.742826
node_user11|loops|5|2
node_user11|messages|5|18
user11|min_constraint|5|11
user11|max_constraint|5|11
user12|flocal|5|0.30334949493408203
user12|ffinal|5|0.21633625030517578
node_user12|total_time|5|3.288128
node_user12|loops|5|1
node_user12|messages|5|7
user12|min_constraint|5|9
user12|max_constraint|5|9
user13|flocal|5|0.28311872482299805
user13|ffinal|5|0.20149755477905273
node_user13|total_time|5|2.773814
node_user13|loops|5|1
node_user13|messages|5|7
user13|min_constraint|5|7
user13|max_constraint|5|7
user14|flocal|5|0.5062687397003174
user14|ffinal|5|0.20959949493408203
node_user14|total_time|5|2.396151
node_user14|loops|5|1
node_user14|messages|5|7
user14|min_constraint|5|9
user14|max_constraint|5|9
user1|flocal|5|0.3052632808685303
user1|flocal|5|0.19913625717163086
user1|flocal|5|0.19970011711120605
user1|flocal|5|0.19714856147766113
user1|flocal|5|0.20250630378723145
user1|flocal|5|0.19469738006591797
user1|flocal|5|0.19932222366333008
user1|flocal|5|0.3735325336456299
user1|flocal|5|0.19562292098999023
user1|ffinal|5|0.19923734664916992
node_user1|total_time|5|11.324519
node_user1|loops|5|9
node_user1|messages|5|45
user1|min_constraint|5|9
user1|max_constraint|5|9
user2|flocal|5|0.3089730739593506
user2|flocal|5|0.20157718658447266
user2|flocal|5|0.26999878883361816
user2|flocal|5|0.20183229446411133
user2|flocal|5|0.20082545280456543
user2|flocal|5|0.1997690200805664
user2|ffinal|5|0.20144248008728027
node_user2|total_time|5|10.483352
node_user2|loops|5|7
node_user2|messages|5|25
user2|min_constraint|5|9
user2|max_constraint|5|9
user3|flocal|5|0.3225996494293213
user3|flocal|5|0.2054450511932373
user3|flocal|5|0.21905994415283203
user3|flocal|5|0.20960211753845215
user3|flocal|5|0.2509737014770508
user3|flocal|5|0.20882248878479004
user3|ffinal|5|0.2173328399658203
node_user3|total_time|5|7.993151
node_user3|loops|5|5
node_user3|messages|5|36
user3|min_constraint|5|13
user3|max_constraint|5|13
user4|flocal|5|0.32071447372436523
user4|flocal|5|0.20147299766540527
user4|flocal|5|0.20606017112731934
user4|flocal|5|0.2091352939605713
user4|flocal|5|0.21158909797668457
user4|ffinal|5|0.20985150337219238
node_user4|total_time|5|7.591763
node_user4|loops|5|5
node_user4|messages|5|45
user4|min_constraint|5|13
user4|max_constraint|5|13
user5|flocal|5|0.3186466693878174
user5|flocal|5|0.20543408393859863
user5|flocal|5|0.25490713119506836
user5|flocal|5|0.19953465461730957
user5|flocal|5|0.20190691947937012
user5|ffinal|5|0.2128746509552002
node_user5|total_time|5|6.638455
node_user5|loops|5|5
node_user5|messages|5|45
user5|min_constraint|5|13
user5|max_constraint|5|13
user6|flocal|5|0.31519198417663574
user6|flocal|5|0.21140098571777344
user6|flocal|5|0.20308589935302734
user6|flocal|5|0.19703435897827148
user6|ffinal|5|0.2036607265472412
node_user6|total_time|5|5.083382
node_user6|loops|5|5
node_user6|messages|5|36
user6|min_constraint|5|13
user6|max_constraint|5|13
user7|flocal|5|0.31253528594970703
user7|flocal|5|0.34134435653686523
user7|flocal|5|0.21540546417236328
user7|ffinal|5|0.27401185035705566
node_user7|total_time|5|5.984715
node_user7|loops|5|3
node_user7|messages|5|18
user7|min_constraint|5|13
user7|max_constraint|5|13
user8|flocal|5|0.29129862785339355
user8|flocal|5|0.21111822128295898
user8|ffinal|5|0.34406518936157227
node_user8|total_time|5|5.650402
node_user8|loops|5|2
node_user8|messages|5|18
user8|min_constraint|5|13
user8|max_constraint|5|13
user9|flocal|5|0.2768571376800537
user9|flocal|5|0.1925654411315918
user9|ffinal|5|0.18179082870483398
node_user9|total_time|5|3.821511
node_user9|loops|5|1
node_user9|messages|5|18
user9|min_constraint|5|13
user9|max_constraint|5|13
provider|flocal|5|0.2618885040283203
provider|flocal|5|0.20384693145751953
provider|flocal|5|0.19934320449829102
provider|flocal|5|0.19479084014892578
provider|flocal|5|0.19467759132385254
provider|flocal|5|0.19315171241760254
provider|flocal|5|0.19438934326171875
provider|flocal|5|0.17431235313415527
provider|flocal|5|0.1984546184539795
provider|flocal|5|0.2100386619567871
provider|ffinal|5|0.20506715774536133
node_provider|total_time|5|18.550705
node_provider|loops|5|14
node_provider|messages|5|24
provider|min_constraint|5|2
provider|max_constraint|5|2
enduser|flocal|5|0.28820013999938965
enduser|flocal|5|0.21100211143493652
enduser|ffinal|5|0.19657206535339355
node_enduser|total_time|5|18.033734
node_enduser|loops|5|20
node_enduser|messages|5|12
enduser|min_constraint|5|8
enduser|max_constraint|5|8
user0|flocal|6|0.30040550231933594
user0|flocal|6|0.2024216651916504
user0|flocal|6|0.20064067840576172
user0|flocal|6|0.2017519474029541
user0|flocal|6|0.17343735694885254
user0|ffinal|6|0.2003633975982666
node_user0|total_time|6|9.549439
node_user0|loops|6|5
node_user0|messages|6|25
user0|min_constraint|6|9
user0|max_constraint|6|9
user10|flocal|6|0.3075568675994873
user10|flocal|6|0.21387076377868652
user10|flocal|6|0.20130300521850586
user10|ffinal|6|0.21342778205871582
node_user10|total_time|6|4.817371
node_user10|loops|6|3
node_user10|messages|6|27
user10|min_constraint|6|11
user10|max_constraint|6|11
user11|flocal|6|0.3119378089904785
user11|flocal|6|0.21401572227478027
user11|flocal|6|0.208573579788208
user11|ffinal|6|0.21081113815307617
node_user11|total_time|6|4.359136
node_user11|loops|6|2
node_user11|messages|6|18
user11|min_constraint|6|13
user11|max_constraint|6|13
user12|flocal|6|0.3058454990386963
user12|flocal|6|0.20504069328308105
user12|ffinal|6|0.21260809898376465
node_user12|total_time|6|4.391598
node_user12|loops|6|4
node_user12|messages|6|14
user12|min_constraint|6|9
user12|max_constraint|6|9
user13|flocal|6|0.314150333404541
user13|flocal|6|0.2130107879638672
user13|ffinal|6|0.20473790168762207
node_user13|total_time|6|3.715063
node_user13|loops|6|2
node_user13|messages|6|14
user13|min_constraint|6|9
user13|max_constraint|6|9
user14|flocal|6|0.29946255683898926
user14|flocal|6|0.20265650749206543
user14|flocal|6|0.2091214656829834
user14|ffinal|6|0.21098113059997559
node_user14|total_time|6|2.931230
node_user14|loops|6|3
node_user14|messages|6|21
user14|min_constraint|6|9
user14|max_constraint|6|9
user1|flocal|6|0.302004337310791
user1|flocal|6|0.19812273979187012
user1|flocal|6|0.19548869132995605
user1|flocal|6|0.20373320579528809
user1|flocal|6|0.20641803741455078
user1|ffinal|6|0.19762563705444336
node_user1|total_time|6|10.595946
node_user1|loops|6|6
node_user1|messages|6|25
user1|min_constraint|6|9
user1|max_constraint|6|9
user2|flocal|6|0.28033947944641113
user2|flocal|6|0.20729494094848633
user2|flocal|6|0.2003002166748047
user2|flocal|6|0.202193021774292
user2|flocal|6|0.20633554458618164
user2|ffinal|6|0.20250606536865234
node_user2|total_time|6|8.813708
node_user2|loops|6|5
node_user2|messages|6|25
user2|min_constraint|6|9
user2|max_constraint|6|9
user3|flocal|6|0.2648313045501709
user3|flocal|6|0.18599605560302734
user3|flocal|6|0.18614697456359863
user3|flocal|6|0.18397283554077148
user3|flocal|6|0.1802980899810791
user3|ffinal|6|0.1813514232635498
node_user3|total_time|6|8.114194
node_user3|loops|6|6
node_user3|messages|6|36
user3|min_constraint|6|13
user3|max_constraint|6|13
user4|flocal|6|0.3091259002685547
user4|flocal|6|0.20795035362243652
user4|flocal|6|0.20808959007263184
user4|flocal|6|0.21552252769470215
user4|flocal|6|0.2080850601196289
user4|ffinal|6|0.20304536819458008
node_user4|total_time|6|7.669186
node_user4|loops|6|4
node_user4|messages|6|36
user4|min_constraint|6|13
user4|max_constraint|6|13
user5|flocal|6|0.3047981262207031
user5|flocal|6|0.20802569389343262
user5|flocal|6|0.20395135879516602
user5|flocal|6|0.209061861038208
user5|ffinal|6|0.20859837532043457
node_user5|total_time|6|7.805669
node_user5|loops|6|4
node_user5|messages|6|36
user5|min_constraint|6|13
user5|max_constraint|6|13
user6|flocal|6|0.3113064765930176
user6|flocal|6|0.21126914024353027
user6|flocal|6|0.20761775970458984
user6|ffinal|6|0.2106940746307373
node_user6|total_time|6|7.831726
node_user6|loops|6|4
node_user6|messages|6|27
user6|min_constraint|6|13
user6|max_constraint|6|13
user7|flocal|6|0.31340956687927246
user7|flocal|6|0.20575594902038574
user7|flocal|6|0.21648693084716797
user7|ffinal|6|0.2122335433959961
node_user7|total_time|6|6.634913
node_user7|loops|6|4
node_user7|messages|6|27
user7|min_constraint|6|13
user7|max_constraint|6|13
user8|flocal|6|0.2822082042694092
user8|flocal|6|0.21904659271240234
user8|flocal|6|0.2073042392730713
user8|flocal|6|0.21420669555664062
user8|ffinal|6|0.23328661918640137
node_user8|total_time|6|6.820660
node_user8|loops|6|4
node_user8|messages|6|36
user8|min_constraint|6|13
user8|max_constraint|6|13
user9|flocal|6|0.3005509376525879
user9|flocal|6|0.2047274112701416
user9|flocal|6|0.2014319896697998
user9|flocal|6|0.20669937133789062
user9|flocal|6|0.21280336380004883
user9|ffinal|6|0.20459771156311035
node_user9|total_time|6|5.168764
node_user9|loops|6|6
node_user9|messages|6|27
user9|min_constraint|6|13
user9|max_constraint|6|13
provider|flocal|6|0.2901773452758789
provider|flocal|6|0.19860100746154785
provider|flocal|6|0.19686245918273926
provider|flocal|6|0.19566583633422852
provider|flocal|6|0.19716954231262207
provider|flocal|6|0.19824934005737305
provider|ffinal|6|0.19387435913085938
node_provider|total_time|6|19.338601
node_provider|loops|6|15
node_provider|messages|6|15
provider|min_constraint|6|2
provider|max_constraint|6|2
enduser|flocal|6|0.28502702713012695
enduser|flocal|6|0.1997227668762207
enduser|flocal|6|0.20740127563476562
enduser|ffinal|6|0.2036135196685791
node_enduser|total_time|6|19.046100
node_enduser|loops|6|16
node_enduser|messages|6|18
enduser|min_constraint|6|8
enduser|max_constraint|6|8
user0|flocal|7|0.2938697338104248
user0|flocal|7|0.1977519989013672
user0|flocal|7|0.20011568069458008
user0|flocal|7|0.2021324634552002
user0|flocal|7|0.1986222267150879
user0|flocal|7|0.20737409591674805
user0|flocal|7|0.19042611122131348
user0|ffinal|7|0.19250893592834473
node_user0|total_time|7|11.140458
node_user0|loops|7|7
node_user0|messages|7|25
user0|min_constraint|7|9
user0|max_constraint|7|9
user10|flocal|7|0.31189584732055664
user10|flocal|7|0.20471858978271484
user10|flocal|7|0.21185660362243652
user10|flocal|7|0.19989967346191406
user10|ffinal|7|0.2119121551513672
node_user10|total_time|7|5.887997
node_user10|loops|7|5
node_user10|messages|7|36
user10|min_constraint|7|13
user10|max_constraint|7|13
user11|flocal|7|0.3121833801269531
user11|flocal|7|0.20902061462402344
user11|flocal|7|0.20917820930480957
user11|flocal|7|0.20426440238952637
user11|ffinal|7|0.2109847068786621
node_user11|total_time|7|6.274029
node_user11|loops|7|5
node_user11|messages|7|18
user11|min_constraint|7|13
user11|max_constraint|7|13
user12|flocal|7|0.3099637031555176
user12|flocal|7|0.21404719352722168
user12|ffinal|7|0.20854878425598145
node_user12|total_time|7|4.334414
node_user12|loops|7|2
node_user12|messages|7|14
user12|min_constraint|7|9
user12|max_constraint|7|9
user13|flocal|7|0.32259511947631836
user13|flocal|7|0.2055037021636963
user13|ffinal|7|0.20760083198547363
node_user13|total_time|7|3.897771
node_user13|loops|7|1
node_user13|messages|7|7
user13|min_constraint|7|9
user13|max_constraint|7|9
user14|flocal|7|0.3121790885925293
user14|flocal|7|0.21440911293029785
user14|flocal|7|0.21051335334777832
user14|ffinal|7|0.2056293487548828
node_user14|total_time|7|3.448981
node_user14|loops|7|2
node_user14|messages|7|7
user14|min_constraint|7|9
user14|max_constraint|7|9
user1|flocal|7|0.3008272647857666
user1|flocal|7|0.27362561225891113
user1|flocal|7|0.19966959953308105
user1|flocal|7|0.20115065574645996
user1|flocal|7|0.20076990127563477
user1|flocal|7|0.2014603614807129
user1|ffinal|7|0.1976161003112793
node_user1|total_time|7|9.703892
node_user1|loops|7|9
node_user1|messages|7|25
user1|min_constraint|7|9
user1|max_constraint|7|9
user2|flocal|7|0.5795438289642334
user2|flocal|7|0.19500970840454102
user2|flocal|7|0.2035675048828125
user2|flocal|7|0.20386862754821777
user2|flocal|7|0.20227670669555664
user2|ffinal|7|0.19872069358825684
node_user2|total_time|7|10.028850
node_user2|loops|7|5
node_user2|messages|7|25
user2|min_constraint|7|9
user2|max_constraint|7|9
user3|flocal|7|0.5309679508209229
user3|flocal|7|0.21081256866455078
user3|flocal|7|0.2113325595855713
user3|flocal|7|0.20917415618896484
user3|flocal|7|0.21122980117797852
user3|flocal|7|0.22386956214904785
user3|flocal|7|0.20789241790771484
user3|ffinal|7|0.20208978652954102
node_user3|total_time|7|8.715230
node_user3|loops|7|7
node_user3|messages|7|54
user3|min_constraint|7|13
user3|max_constraint|7|13
user4|flocal|7|0.5074968338012695
user4|flocal|7|0.20836567878723145
user4|flocal|7|0.20415019989013672
user4|flocal|7|0.2114715576171875
user4|flocal|7|0.21058893203735352
user4|flocal|7|0.20752191543579102
user4|ffinal|7|0.20590925216674805
node_user4|total_time|7|8.422966
node_user4|loops|7|6
node_user4|messages|7|54
user4|min_constraint|7|13
user4|max_constraint|7|13
user5|flocal|7|0.2915034294128418
user5|flocal|7|0.20770573616027832
user5|flocal|7|0.2097947597503662
user5|flocal|7|0.20813584327697754
user5|flocal|7|0.21072697639465332
user5|flocal|7|0.20885515213012695
user5|flocal|7|0.20232796669006348
user5|ffinal|7|0.19703340530395508
node_user5|total_time|7|7.596903
node_user5|loops|7|7
node_user5|messages|7|54
user5|min_constraint|7|13
user5|max_constraint|7|13
user6|flocal|7|0.3003106117248535
user6|flocal|7|0.21408963203430176
user6|flocal|7|0.2159740924835205
user6|flocal|7|0.2107372283935547
user6|ffinal|7|0.2096099853515625
node_user6|total_time|7|7.712219
node_user6|loops|7|4
node_user6|messages|7|36
user6|min_constraint|7|13
user6|max_constraint|7|13
user7|flocal|7|0.30817294120788574
user7|flocal|7|0.21067595481872559
user7|flocal|7|0.20812559127807617
user7|flocal|7|0.206467866897583
user7|flocal|7|0.2095165252685547
user7|ffinal|7|0.21195673942565918
node_user7|total_time|7|7.325739
node_user7|loops|7|5
node_user7|messages|7|36
user7|min_constraint|7|13
user7|max_constraint|7|13
user8|flocal|7|0.30640244483947754
user8|flocal|7|0.2149651050567627
user8|flocal|7|0.2105121612548828
user8|flocal|7|0.21300578117370605
user8|flocal|7|0.20908308029174805
user8|ffinal|7|0.20947980880737305
node_user8|total_time|7|7.910080
node_user8|loops|7|5
node_user8|messages|7|36
user8|min_constraint|7|13
user8|max_constraint|7|13
user9|flocal|7|0.3010673522949219
user9|flocal|7|0.20869946479797363
user9|flocal|7|0.21374297142028809
user9|flocal|7|0.2164914608001709
user9|flocal|7|0.20284152030944824
user9|flocal|7|0.213670015335083
user9|ffinal|7|0.20707941055297852
node_user9|total_time|7|5.757745
node_user9|loops|7|5
node_user9|messages|7|36
user9|min_constraint|7|13
user9|max_constraint|7|13
provider|flocal|7|0.5939452648162842
provider|flocal|7|0.19155454635620117
provider|flocal|7|0.24937009811401367
provider|flocal|7|0.19854164123535156
provider|flocal|7|0.19710826873779297
provider|flocal|7|0.2021317481994629
provider|flocal|7|0.19906115531921387
provider|ffinal|7|0.19257402420043945
node_provider|total_time|7|20.540194
node_provider|loops|7|17
node_provider|messages|7|18
provider|min_constraint|7|2
provider|max_constraint|7|2
enduser|flocal|7|0.2831263542175293
enduser|flocal|7|0.18095159530639648
enduser|flocal|7|0.1936030387878418
enduser|flocal|7|0.20814871788024902
enduser|ffinal|7|0.20465993881225586
node_enduser|total_time|7|19.580308
node_enduser|loops|7|17
node_enduser|messages|7|24
enduser|min_constraint|7|8
enduser|max_constraint|7|8
user0|flocal|8|0.27476954460144043
user0|flocal|8|0.21296954154968262
user0|flocal|8|0.2033250331878662
user0|flocal|8|0.20675969123840332
user0|flocal|8|0.19804096221923828
user0|flocal|8|0.20565104484558105
user0|flocal|8|0.20348715782165527
user0|ffinal|8|0.18024277687072754
node_user0|total_time|8|10.952629
node_user0|loops|8|8
node_user0|messages|8|35
user0|min_constraint|8|9
user0|max_constraint|8|9
user10|flocal|8|0.4610278606414795
user10|flocal|8|0.2121572494506836
user10|flocal|8|0.20098066329956055
user10|ffinal|8|0.2125699520111084
node_user10|total_time|8|5.153425
node_user10|loops|8|3
node_user10|messages|8|18
user10|min_constraint|8|11
user10|max_constraint|8|11
user11|flocal|8|0.5424056053161621
user11|flocal|8|0.2143547534942627
user11|flocal|8|0.21084976196289062
user11|flocal|8|0.21636509895324707
user11|ffinal|8|0.20928359031677246
node_user11|total_time|8|4.690158
node_user11|loops|8|3
node_user11|messages|8|27
user11|min_constraint|8|13
user11|max_constraint|8|13
user12|flocal|8|0.29437255859375
user12|flocal|8|0.21296095848083496
user12|flocal|8|0.20609807968139648
user12|ffinal|8|0.21155047416687012
node_user12|total_time|8|4.792707
node_user12|loops|8|3
node_user12|messages|8|21
user12|min_constraint|8|9
user12|max_constraint|8|9
user13|flocal|8|0.3112976551055908
user13|flocal|8|0.20909404754638672
user13|ffinal|8|0.21185016632080078
node_user13|total_time|8|4.528394
node_user13|loops|8|2
node_user13|messages|8|14
user13|min_constraint|8|9
user13|max_constraint|8|9
user14|flocal|8|0.3019230365753174
user14|ffinal|8|0.2149496078491211
node_user14|total_time|8|3.913604
node_user14|loops|8|1
node_user14|messages|8|7
user14|min_constraint|8|9
user14|max_constraint|8|9
user1|flocal|8|0.28757643699645996
user1|flocal|8|0.19811296463012695
user1|flocal|8|0.2060718536376953
user1|flocal|8|0.20391392707824707
user1|flocal|8|0.2205045223236084
user1|flocal|8|0.2035965919494629
user1|flocal|8|0.20328116416931152
user1|ffinal|8|0.2063302993774414
node_user1|total_time|8|9.452107
node_user1|loops|8|6
node_user1|messages|8|30
user1|min_constraint|8|9
user1|max_constraint|8|9
user2|flocal|8|0.5765540599822998
user2|flocal|8|0.1925501823425293
user2|flocal|8|0.20070648193359375
user2|flocal|8|0.20544695854187012
user2|flocal|8|0.20334362983703613
user2|flocal|8|0.21897172927856445
user2|ffinal|8|0.20746231079101562
node_user2|total_time|8|9.504358
node_user2|loops|8|6
node_user2|messages|8|30
user2|min_constraint|8|9
user2|max_constraint|8|9
user3|flocal|8|0.2843160629272461
user3|flocal|8|0.21201801300048828
user3|flocal|8|0.21259045600891113
user3|flocal|8|0.21345043182373047
user3|flocal|8|0.21303033828735352
user3|flocal|8|0.2180335521697998
user3|flocal|8|0.21256017684936523
user3|flocal|8|0.21297001838684082
user3|ffinal|8|0.2108759880065918
node_user3|total_time|8|8.396649
node_user3|loops|8|7
node_user3|messages|8|54
user3|min_constraint|8|13
user3|max_constraint|8|13
user4|flocal|8|0.3016355037689209
user4|flocal|8|0.22422409057617188
user4|flocal|8|0.215165376663208
user4|flocal|8|0.2145078182220459
user4|ffinal|8|0.21361589431762695
node_user4|total_time|8|8.137129
node_user4|loops|8|5
node_user4|messages|8|36
user4|min_constraint|8|13
user4|max_constraint|8|13
user5|flocal|8|0.31365489959716797
user5|flocal|8|0.21608614921569824
user5|flocal|8|0.3800489902496338
user5|flocal|8|0.20844244956970215
user5|flocal|8|0.20697569847106934
user5|ffinal|8|0.21347951889038086
node_user5|total_time|8|7.869048
node_user5|loops|8|5
node_user5|messages|8|27
user5|min_constraint|8|13
user5|max_constraint|8|13
user6|flocal|8|0.3297617435455322
user6|flocal|8|0.20694851875305176
user6|flocal|8|0.21123194694519043
user6|flocal|8|0.20883941650390625
user6|flocal|8|0.21149849891662598
user6|ffinal|8|0.20938777923583984
node_user6|total_time|8|7.145694
node_user6|loops|8|5
node_user6|messages|8|45
user6|min_constraint|8|13
user6|max_constraint|8|13
user7|flocal|8|0.32392311096191406
user7|flocal|8|0.31555867195129395
user7|flocal|8|0.2168593406677246
user7|ffinal|8|0.21602940559387207
node_user7|total_time|8|7.648747
node_user7|loops|8|3
node_user7|messages|8|27
user7|min_constraint|8|13
user7|max_constraint|8|13
user8|flocal|8|0.32585859298706055
user8|flocal|8|0.21518969535827637
user8|flocal|8|0.2938110828399658
user8|flocal|8|0.21368718147277832
user8|ffinal|8|0.21368408203125
node_user8|total_time|8|6.391471
node_user8|loops|8|4
node_user8|messages|8|27
user8|min_constraint|8|13
user8|max_constraint|8|13
user9|flocal|8|0.28107762336730957
user9|flocal|8|0.182053804397583
user9|flocal|8|0.18565821647644043
user9|ffinal|8|0.18698620796203613
node_user9|total_time|8|6.006292
node_user9|loops|8|3
node_user9|messages|8|27
user9|min_constraint|8|11
user9|max_constraint|8|11
provider|flocal|8|0.2961080074310303
provider|flocal|8|0.18308782577514648
provider|flocal|8|0.2651939392089844
provider|flocal|8|0.17537832260131836
provider|flocal|8|0.1805260181427002
provider|flocal|8|0.19895529747009277
provider|flocal|8|0.1962876319885254
provider|flocal|8|0.20214152336120605
provider|ffinal|8|0.20786118507385254
node_provider|total_time|8|20.465389
node_provider|loops|8|15
node_provider|messages|8|21
provider|min_constraint|8|2
provider|max_constraint|8|2
enduser|flocal|8|0.27759218215942383
enduser|flocal|8|0.18216705322265625
enduser|flocal|8|0.2046067714691162
enduser|ffinal|8|0.2064499855041504
node_enduser|total_time|8|19.527508
node_enduser|loops|8|20
node_enduser|messages|8|18
enduser|min_constraint|8|8
enduser|max_constraint|8|8
user0|flocal|9|0.2719135284423828
user0|flocal|9|0.19630217552185059
user0|flocal|9|0.1991727352142334
user0|flocal|9|0.19726181030273438
user0|flocal|9|0.20119118690490723
user0|flocal|9|0.20094060897827148
user0|flocal|9|0.19231367111206055
user0|ffinal|9|0.17771387100219727
node_user0|total_time|9|9.000311
node_user0|loops|9|7
node_user0|messages|9|30
user0|min_constraint|9|9
user0|max_constraint|9|9
user10|flocal|9|0.3061392307281494
user10|flocal|9|0.2009108066558838
user10|ffinal|9|0.2055203914642334
node_user10|total_time|9|4.497753
node_user10|loops|9|2
node_user10|messages|9|9
user10|min_constraint|9|7
user10|max_constraint|9|7
user11|flocal|9|0.31148719787597656
user11|ffinal|9|0.23000550270080566
node_user11|total_time|9|3.593446
node_user11|loops|9|1
node_user11|messages|9|9
user11|min_constraint|9|7
user11|max_constraint|9|7
user12|flocal|9|0.288970947265625
user12|ffinal|9|0.2021045684814453
node_user12|total_time|9|3.423488
node_user12|loops|9|1
node_user12|messages|9|7
user12|min_constraint|9|7
user12|max_constraint|9|7
user13|flocal|9|0.29791808128356934
user13|ffinal|9|0.19308853149414062
node_user13|total_time|9|1.880667
node_user13|loops|9|1
node_user13|messages|9|7
user13|min_constraint|9|7
user13|max_constraint|9|7
user14|flocal|9|0.2913804054260254
user14|ffinal|9|0.20592117309570312
node_user14|total_time|9|1.722324
node_user14|loops|9|1
node_user14|messages|9|7
user14|min_constraint|9|9
user14|max_constraint|9|9
user1|flocal|9|0.3193798065185547
user1|flocal|9|0.2027132511138916
user1|flocal|9|0.1961662769317627
user1|flocal|9|0.20223426818847656
user1|flocal|9|0.19975972175598145
user1|ffinal|9|0.20006394386291504
node_user1|total_time|9|8.660181
node_user1|loops|9|5
node_user1|messages|9|25
user1|min_constraint|9|9
user1|max_constraint|9|9
user2|flocal|9|0.2748579978942871
user2|flocal|9|0.20009732246398926
user2|flocal|9|0.21027541160583496
user2|flocal|9|0.1965467929840088
user2|ffinal|9|0.20119667053222656
node_user2|total_time|9|7.299398
node_user2|loops|9|5
node_user2|messages|9|15
user2|min_constraint|9|9
user2|max_constraint|9|9
user3|flocal|9|0.30760860443115234
user3|flocal|9|0.2094583511352539
user3|flocal|9|0.20802044868469238
user3|ffinal|9|0.2021327018737793
node_user3|total_time|9|6.948767
node_user3|loops|9|4
node_user3|messages|9|27
user3|min_constraint|9|13
user3|max_constraint|9|13
user4|flocal|9|0.28858017921447754
user4|flocal|9|0.20508599281311035
user4|flocal|9|0.2050919532775879
user4|flocal|9|0.20865082740783691
user4|ffinal|9|0.21504735946655273
node_user4|total_time|9|6.138251
node_user4|loops|9|4
node_user4|messages|9|36
user4|min_constraint|9|13
user4|max_constraint|9|13
user5|flocal|9|0.2857792377471924
user5|flocal|9|0.20809578895568848
user5|flocal|9|0.20382452011108398
user5|ffinal|9|0.21240973472595215
node_user5|total_time|9|5.936897
node_user5|loops|9|3
node_user5|messages|9|18
user5|min_constraint|9|13
user5|max_constraint|9|13
user6|flocal|9|0.30835485458374023
user6|flocal|9|0.21210050582885742
user6|flocal|9|0.2026832103729248
user6|flocal|9|0.22733306884765625
user6|ffinal|9|0.20343565940856934
node_user6|total_time|9|5.183097
node_user6|loops|9|3
node_user6|messages|9|36
user6|min_constraint|9|13
user6|max_constraint|9|13
user7|flocal|9|0.30997133255004883
user7|flocal|9|0.203932523727417
user7|flocal|9|0.21135735511779785
user7|ffinal|9|0.20778727531433105
node_user7|total_time|9|4.963100
node_user7|loops|9|3
node_user7|messages|9|27
user7|min_constraint|9|9
user7|max_constraint|9|9
user8|flocal|9|0.3008291721343994
user8|flocal|9|0.21100425720214844
user8|flocal|9|0.21151351928710938
user8|flocal|9|0.21784353256225586
user8|ffinal|9|0.21408796310424805
node_user8|total_time|9|4.228439
node_user8|loops|9|3
node_user8|messages|9|36
user8|min_constraint|9|13
user8|max_constraint|9|13
user9|flocal|9|0.2950422763824463
user9|flocal|9|0.18996357917785645
user9|flocal|9|0.20931410789489746
user9|ffinal|9|0.21156764030456543
node_user9|total_time|9|4.708240
node_user9|loops|9|3
node_user9|messages|9|27
user9|min_constraint|9|11
user9|max_constraint|9|11
provider|flocal|9|0.23856115341186523
provider|flocal|9|0.17502927780151367
provider|flocal|9|0.15416193008422852
provider|flocal|9|0.17221450805664062
provider|flocal|9|0.1740705966949463
provider|flocal|9|0.1699972152709961
provider|ffinal|9|0.17686152458190918
node_provider|total_time|9|19.333006
node_provider|loops|9|19
node_provider|messages|9|18
provider|min_constraint|9|2
provider|max_constraint|9|2
enduser|flocal|9|0.2697603702545166
enduser|flocal|9|0.2332005500793457
enduser|ffinal|9|0.20099282264709473
node_enduser|total_time|9|17.686372
node_enduser|loops|9|18
node_enduser|messages|9|12
enduser|min_constraint|9|6
enduser|max_constraint|9|6
