provider0|flocal|0|0.3038499355316162
provider0|ffinal|0|0.20019936561584473
node_provider0|total_time|0|11.649889
node_provider0|loops|0|11
node_provider0|messages|0|2
provider0|min_constraint|0|1
provider0|max_constraint|0|1
provider10|flocal|0|0.2920107841491699
provider10|ffinal|0|0.1978163719177246
node_provider10|total_time|0|5.968793
node_provider10|loops|0|3
node_provider10|messages|0|2
provider10|min_constraint|0|1
provider10|max_constraint|0|1
provider11|flocal|0|0.27514123916625977
provider11|ffinal|0|0.17630481719970703
node_provider11|total_time|0|5.548584
node_provider11|loops|0|6
node_provider11|messages|0|2
provider11|min_constraint|0|1
provider11|max_constraint|0|1
provider12|flocal|0|0.27544188499450684
provider12|ffinal|0|0.19802522659301758
node_provider12|total_time|0|5.891900
node_provider12|loops|0|3
node_provider12|messages|0|2
provider12|min_constraint|0|1
provider12|max_constraint|0|1
provider13|flocal|0|0.2891561985015869
provider13|ffinal|0|0.19457292556762695
node_provider13|total_time|0|4.485199
node_provider13|loops|0|3
node_provider13|messages|0|2
provider13|min_constraint|0|1
provider13|max_constraint|0|1
provider14|flocal|0|0.2192394733428955
provider14|ffinal|0|0.17568564414978027
node_provider14|total_time|0|5.013957
node_provider14|loops|0|4
node_provider14|messages|0|2
provider14|min_constraint|0|1
provider14|max_constraint|0|1
provider1|flocal|0|0.2964897155761719
provider1|ffinal|0|0.1988818645477295
node_provider1|total_time|0|11.489179
node_provider1|loops|0|9
node_provider1|messages|0|2
provider1|min_constraint|0|1
provider1|max_constraint|0|1
provider2|flocal|0|0.3013339042663574
provider2|ffinal|0|0.1953895092010498
node_provider2|total_time|0|10.444525
node_provider2|loops|0|10
node_provider2|messages|0|2
provider2|min_constraint|0|1
provider2|max_constraint|0|1
provider3|flocal|0|0.2269902229309082
provider3|ffinal|0|0.19872188568115234
node_provider3|total_time|0|10.034704
node_provider3|loops|0|10
node_provider3|messages|0|2
provider3|min_constraint|0|1
provider3|max_constraint|0|1
provider4|flocal|0|0.2782704830169678
provider4|ffinal|0|0.19959688186645508
node_provider4|total_time|0|9.586016
node_provider4|loops|0|6
node_provider4|messages|0|2
provider4|min_constraint|0|1
provider4|max_constraint|0|1
provider5|flocal|0|0.3041379451751709
provider5|ffinal|0|0.20216894149780273
node_provider5|total_time|0|8.812777
node_provider5|loops|0|8
node_provider5|messages|0|2
provider5|min_constraint|0|1
provider5|max_constraint|0|1
provider6|flocal|0|0.2940051555633545
provider6|ffinal|0|0.19459056854248047
node_provider6|total_time|0|8.530483
node_provider6|loops|0|11
node_provider6|messages|0|2
provider6|min_constraint|0|1
provider6|max_constraint|0|1
provider7|flocal|0|0.3039205074310303
provider7|ffinal|0|0.20431089401245117
node_provider7|total_time|0|8.056549
node_provider7|loops|0|4
node_provider7|messages|0|2
provider7|min_constraint|0|1
provider7|max_constraint|0|1
provider8|flocal|0|0.28210949897766113
provider8|ffinal|0|0.19783496856689453
node_provider8|total_time|0|7.240924
node_provider8|loops|0|6
node_provider8|messages|0|2
provider8|min_constraint|0|1
provider8|max_constraint|0|1
provider9|flocal|0|0.21088814735412598
provider9|ffinal|0|0.17831063270568848
node_provider9|total_time|0|6.735157
node_provider9|loops|0|6
node_provider9|messages|0|2
provider9|min_constraint|0|1
provider9|max_constraint|0|1
user|funsat|0|0.27909064292907715
user|funsat|0|0.1918797492980957
user|funsat|0|0.18848562240600586
user|funsat|0|0.18694257736206055
user|funsat|0|0.18819808959960938
user|funsat|0|0.16501140594482422
user|funsat|0|0.19007372856140137
user|funsat|0|0.19282317161560059
node_user|total_time|0|20.591140
node_user|loops|0|17
node_user|messages|0|0
user|min_constraint|0|31
user|max_constraint|0|31
provider0|flocal|10|0.26033639907836914
provider0|ffinal|10|0.19184112548828125
node_provider0|total_time|10|9.818480
node_provider0|loops|10|6
node_provider0|messages|10|2
provider0|min_constraint|10|1
provider0|max_constraint|10|1
provider10|flocal|10|0.2926597595214844
provider10|ffinal|10|0.18951630592346191
node_provider10|total_time|10|5.165271
node_provider10|loops|10|5
node_provider10|messages|10|2
provider10|min_constraint|10|1
provider10|max_constraint|10|1
provider11|flocal|10|0.28192830085754395
provider11|ffinal|10|0.19927263259887695
node_provider11|total_time|10|5.325128
node_provider11|loops|10|5
node_provider11|messages|10|2
provider11|min_constraint|10|1
provider11|max_constraint|10|1
provider12|flocal|10|0.2859532833099365
provider12|ffinal|10|0.2961428165435791
node_provider12|total_time|10|6.044138
node_provider12|loops|10|4
node_provider12|messages|10|2
provider12|min_constraint|10|1
provider12|max_constraint|10|1
provider13|flocal|10|0.30180811882019043
provider13|ffinal|10|0.1908426284790039
node_provider13|total_time|10|3.645044
node_provider13|loops|10|2
node_provider13|messages|10|2
provider13|min_constraint|10|1
provider13|max_constraint|10|1
provider14|flocal|10|0.2550959587097168
provider14|ffinal|10|0.19814372062683105
node_provider14|total_time|10|3.980625
node_provider14|loops|10|4
node_provider14|messages|10|2
provider14|min_constraint|10|1
provider14|max_constraint|10|1
provider1|flocal|10|0.26669955253601074
provider1|ffinal|10|0.19883084297180176
node_provider1|total_time|10|9.790980
node_provider1|loops|10|8
node_provider1|messages|10|2
provider1|min_constraint|10|1
provider1|max_constraint|10|1
provider2|flocal|10|0.2954137325286865
provider2|ffinal|10|0.19786930084228516
node_provider2|total_time|10|9.229952
node_provider2|loops|10|10
node_provider2|messages|10|2
provider2|min_constraint|10|1
provider2|max_constraint|10|1
provider3|flocal|10|0.2114577293395996
provider3|ffinal|10|0.17484474182128906
node_provider3|total_time|10|9.723313
node_provider3|loops|10|11
node_provider3|messages|10|2
provider3|min_constraint|10|1
provider3|max_constraint|10|1
provider4|flocal|10|0.268582820892334
provider4|ffinal|10|0.19635891914367676
node_provider4|total_time|10|8.092295
node_provider4|loops|10|7
node_provider4|messages|10|2
provider4|min_constraint|10|1
provider4|max_constraint|10|1
provider5|flocal|10|0.2855229377746582
provider5|ffinal|10|0.1966261863708496
node_provider5|total_time|10|8.863356
node_provider5|loops|10|9
node_provider5|messages|10|2
provider5|min_constraint|10|1
provider5|max_constraint|10|1
provider6|flocal|10|0.2882652282714844
provider6|ffinal|10|0.19864130020141602
node_provider6|total_time|10|7.947870
node_provider6|loops|10|6
node_provider6|messages|10|2
provider6|min_constraint|10|1
provider6|max_constraint|10|1
provider7|flocal|10|0.28577661514282227
provider7|ffinal|10|0.17947936058044434
node_provider7|total_time|10|6.841632
node_provider7|loops|10|3
node_provider7|messages|10|2
provider7|min_constraint|10|1
provider7|max_constraint|10|1
provider8|flocal|10|0.2084214687347412
provider8|ffinal|10|0.17269539833068848
node_provider8|total_time|10|6.618683
node_provider8|loops|10|6
node_provider8|messages|10|2
provider8|min_constraint|10|1
provider8|max_constraint|10|1
provider9|flocal|10|0.2738616466522217
provider9|ffinal|10|0.19536876678466797
node_provider9|total_time|10|6.455492
node_provider9|loops|10|5
node_provider9|messages|10|2
provider9|min_constraint|10|1
provider9|max_constraint|10|1
user|funsat|10|0.2866685390472412
user|funsat|10|0.18913555145263672
user|funsat|10|0.1873490810394287
user|funsat|10|0.18740200996398926
user|funsat|10|0.1900043487548828
user|funsat|10|0.18792462348937988
user|funsat|10|0.18436837196350098
node_user|total_time|10|19.040668
node_user|loops|10|19
node_user|messages|10|0
user|min_constraint|10|31
user|max_constraint|10|31
provider0|flocal|11|0.20174217224121094
provider0|ffinal|11|0.1705760955810547
node_provider0|total_time|11|10.140601
node_provider0|loops|11|8
node_provider0|messages|11|2
provider0|min_constraint|11|1
provider0|max_constraint|11|1
provider10|flocal|11|0.21183156967163086
provider10|ffinal|11|0.1720595359802246
node_provider10|total_time|11|5.662913
node_provider10|loops|11|4
node_provider10|messages|11|2
provider10|min_constraint|11|1
provider10|max_constraint|11|1
provider11|flocal|11|0.28670787811279297
provider11|ffinal|11|0.19536423683166504
node_provider11|total_time|11|4.955468
node_provider11|loops|11|3
node_provider11|messages|11|2
provider11|min_constraint|11|1
provider11|max_constraint|11|1
provider12|flocal|11|0.28725624084472656
provider12|ffinal|11|0.19440913200378418
node_provider12|total_time|11|5.008162
node_provider12|loops|11|4
node_provider12|messages|11|2
provider12|min_constraint|11|1
provider12|max_constraint|11|1
provider13|flocal|11|0.2888171672821045
provider13|ffinal|11|0.19629359245300293
node_provider13|total_time|11|4.500634
node_provider13|loops|11|2
node_provider13|messages|11|2
provider13|min_constraint|11|1
provider13|max_constraint|11|1
provider14|flocal|11|0.29118776321411133
provider14|ffinal|11|0.19428777694702148
node_provider14|total_time|11|3.308428
node_provider14|loops|11|2
node_provider14|messages|11|2
provider14|min_constraint|11|1
provider14|max_constraint|11|1
provider1|flocal|11|0.2753171920776367
provider2|flocal|11|0.27769899368286133
provider2|ffinal|11|0.19474434852600098
node_provider2|total_time|11|10.277122
node_provider2|loops|11|8
node_provider2|messages|11|2
provider2|min_constraint|11|1
provider2|max_constraint|11|1
provider3|flocal|11|0.2899022102355957
provider3|ffinal|11|0.19394564628601074
node_provider3|total_time|11|10.473592
node_provider3|loops|11|9
node_provider3|messages|11|2
provider3|min_constraint|11|1
provider3|max_constraint|11|1
provider4|flocal|11|0.2824521064758301
provider4|ffinal|11|0.20111918449401855
node_provider4|total_time|11|9.161726
node_provider4|loops|11|9
node_provider4|messages|11|2
provider4|min_constraint|11|1
provider4|max_constraint|11|1
provider5|flocal|11|0.2659308910369873
provider5|ffinal|11|0.196427583694458
node_provider5|total_time|11|8.548738
node_provider5|loops|11|7
node_provider5|messages|11|2
provider5|min_constraint|11|1
provider5|max_constraint|11|1
provider6|flocal|11|0.27975916862487793
provider6|ffinal|11|0.19593596458435059
node_provider6|total_time|11|7.254760
node_provider6|loops|11|7
node_provider6|messages|11|2
provider6|min_constraint|11|1
provider6|max_constraint|11|1
provider7|flocal|11|0.20887041091918945
provider7|ffinal|11|0.17563223838806152
node_provider7|total_time|11|7.688365
node_provider7|loops|11|5
node_provider7|messages|11|2
provider7|min_constraint|11|1
provider7|max_constraint|11|1
provider8|flocal|11|0.2875974178314209
provider8|ffinal|11|0.1974809169769287
node_provider8|total_time|11|7.126984
node_provider8|loops|11|5
node_provider8|messages|11|2
provider8|min_constraint|11|1
provider8|max_constraint|11|1
provider9|flocal|11|0.27083754539489746
provider9|ffinal|11|0.19246268272399902
node_provider9|total_time|11|6.206437
node_provider9|loops|11|4
node_provider9|messages|11|2
provider9|min_constraint|11|1
provider9|max_constraint|11|1
user|funsat|11|0.1987442970275879
user|funsat|11|0.16540765762329102
user|funsat|11|0.1616060733795166
user|funsat|11|0.1715686321258545
user|funsat|11|0.1642765998840332
user|funsat|11|0.1618509292602539
user|funsat|11|0.16425657272338867
node_user|total_time|11|19.413547
node_user|loops|11|15
node_user|messages|11|0
user|min_constraint|11|31
user|max_constraint|11|31
provider0|flocal|12|0.42395448684692383
provider0|ffinal|12|0.19814801216125488
node_provider0|total_time|12|9.887740
node_provider0|loops|12|8
node_provider0|messages|12|2
provider0|min_constraint|12|1
provider0|max_constraint|12|1
provider10|flocal|12|0.4612562656402588
provider10|ffinal|12|0.17859482765197754
node_provider10|total_time|12|5.610556
node_provider10|loops|12|3
node_provider10|messages|12|2
provider10|min_constraint|12|1
provider10|max_constraint|12|1
provider11|flocal|12|0.2822580337524414
provider11|ffinal|12|0.19963622093200684
node_provider11|total_time|12|3.897940
node_provider11|loops|12|2
node_provider11|messages|12|2
provider11|min_constraint|12|1
provider11|max_constraint|12|1
provider12|flocal|12|0.2880284786224365
provider12|ffinal|12|0.1951448917388916
node_provider12|total_time|12|3.513476
node_provider12|loops|12|2
node_provider12|messages|12|2
provider12|min_constraint|12|1
provider12|max_constraint|12|1
provider13|flocal|12|0.2859952449798584
provider13|ffinal|12|0.20312261581420898
node_provider13|total_time|12|2.409057
node_provider13|loops|12|2
node_provider13|messages|12|2
provider13|min_constraint|12|1
provider13|max_constraint|12|1
provider14|flocal|12|0.27690839767456055
provider14|ffinal|12|0.19617342948913574
node_provider14|total_time|12|2.628746
node_provider14|loops|12|3
node_provider14|messages|12|2
provider14|min_constraint|12|1
provider14|max_constraint|12|1
provider1|flocal|12|0.5464303493499756
provider1|ffinal|12|0.2018897533416748
node_provider1|total_time|12|8.083866
node_provider1|loops|12|7
node_provider1|messages|12|2
provider1|min_constraint|12|1
provider1|max_constraint|12|1
provider2|flocal|12|0.2734246253967285
provider2|ffinal|12|0.2024705410003662
node_provider2|total_time|12|8.214000
node_provider2|loops|12|9
node_provider2|messages|12|2
provider2|min_constraint|12|1
provider2|max_constraint|12|1
provider3|flocal|12|0.3624696731567383
provider3|ffinal|12|0.1994953155517578
node_provider3|total_time|12|7.895674
node_provider3|loops|12|9
node_provider3|messages|12|2
provider3|min_constraint|12|1
provider3|max_constraint|12|1
provider4|flocal|12|0.2817044258117676
provider4|ffinal|12|0.19930362701416016
node_provider4|total_time|12|6.952582
node_provider4|loops|12|8
node_provider4|messages|12|2
provider4|min_constraint|12|1
provider4|max_constraint|12|1
provider5|flocal|12|0.2768886089324951
provider5|ffinal|12|0.20679330825805664
node_provider5|total_time|12|6.206704
node_provider5|loops|12|6
node_provider5|messages|12|2
provider5|min_constraint|12|1
provider5|max_constraint|12|1
provider6|flocal|12|0.2918701171875
provider6|ffinal|12|0.19971156120300293
node_provider6|total_time|12|6.899623
node_provider6|loops|12|6
node_provider6|messages|12|2
provider6|min_constraint|12|1
provider6|max_constraint|12|1
provider7|flocal|12|0.280350923538208
provider7|ffinal|12|0.20064830780029297
node_provider7|total_time|12|5.732509
node_provider7|loops|12|3
node_provider7|messages|12|2
provider7|min_constraint|12|1
provider7|max_constraint|12|1
provider8|flocal|12|0.29078102111816406
provider8|ffinal|12|0.19564151763916016
node_provider8|total_time|12|5.590841
node_provider8|loops|12|3
node_provider8|messages|12|2
provider8|min_constraint|12|1
provider8|max_constraint|12|1
provider9|flocal|12|0.29099178314208984
provider9|ffinal|12|0.20184326171875
node_provider9|total_time|12|4.394006
node_provider9|loops|12|2
node_provider9|messages|12|2
provider9|min_constraint|12|1
provider9|max_constraint|12|1
user|funsat|12|0.28687405586242676
user|funsat|12|0.29181408882141113
user|funsat|12|0.19202923774719238
user|funsat|12|0.18253231048583984
user|funsat|12|0.1791377067565918
node_user|total_time|12|19.060621
node_user|loops|12|14
node_user|messages|12|0
user|min_constraint|12|31
user|max_constraint|12|31
provider0|flocal|13|0.26898837089538574
provider0|ffinal|13|0.18280553817749023
node_provider0|total_time|13|10.714672
node_provider0|loops|13|12
node_provider0|messages|13|2
provider0|min_constraint|13|1
provider0|max_constraint|13|1
provider10|flocal|13|0.27199530601501465
provider10|ffinal|13|0.1989595890045166
node_provider10|total_time|13|6.555005
node_provider10|loops|13|3
node_provider10|messages|13|2
provider10|min_constraint|13|1
provider10|max_constraint|13|1
provider11|flocal|13|0.2960472106933594
provider11|ffinal|13|0.19383931159973145
node_provider11|total_time|13|5.256445
node_provider11|loops|13|3
node_provider11|messages|13|2
provider11|min_constraint|13|1
provider11|max_constraint|13|1
provider12|flocal|13|0.28476715087890625
provider12|ffinal|13|0.19704222679138184
node_provider12|total_time|13|5.115072
node_provider12|loops|13|3
node_provider12|messages|13|2
provider12|min_constraint|13|1
provider12|max_constraint|13|1
provider13|flocal|13|0.24607205390930176
provider13|ffinal|13|0.16447901725769043
node_provider13|total_time|13|4.246779
node_provider13|loops|13|4
node_provider13|messages|13|2
provider13|min_constraint|13|1
provider13|max_constraint|13|1
provider14|flocal|13|0.2752218246459961
provider14|ffinal|13|0.19344615936279297
node_provider14|total_time|13|3.618118
node_provider14|loops|13|3
node_provider14|messages|13|2
provider14|min_constraint|13|1
provider14|max_constraint|13|1
provider1|flocal|13|0.2615089416503906
provider1|ffinal|13|0.19690895080566406
node_provider1|total_time|13|10.014094
node_provider1|loops|13|13
node_provider1|messages|13|2
provider1|min_constraint|13|1
provider1|max_constraint|13|1
provider2|flocal|13|0.2907383441925049
provider2|ffinal|13|0.20094656944274902
node_provider2|total_time|13|10.117258
node_provider2|loops|13|9
node_provider2|messages|13|2
provider2|min_constraint|13|1
provider2|max_constraint|13|1
provider3|flocal|13|0.26827216148376465
provider3|ffinal|13|0.19613981246948242
node_provider3|total_time|13|8.830146
node_provider3|loops|13|6
node_provider3|messages|13|2
provider3|min_constraint|13|1
provider3|max_constraint|13|1
provider4|flocal|13|0.2882099151611328
provider4|ffinal|13|0.1951134204864502
node_provider4|total_time|13|8.200465
node_provider4|loops|13|9
node_provider4|messages|13|2
provider4|min_constraint|13|1
provider4|max_constraint|13|1
provider5|flocal|13|0.28348207473754883
provider5|ffinal|13|0.18582701683044434
node_provider5|total_time|13|7.966511
node_provider5|loops|13|5
node_provider5|messages|13|2
provider5|min_constraint|13|1
provider5|max_constraint|13|1
provider6|flocal|13|0.27248191833496094
provider6|ffinal|13|0.2001953125
node_provider6|total_time|13|7.692335
node_provider6|loops|13|6
node_provider6|messages|13|2
provider6|min_constraint|13|1
provider6|max_constraint|13|1
provider7|flocal|13|0.18777942657470703
provider7|ffinal|13|0.17621350288391113
node_provider7|total_time|13|7.541322
node_provider7|loops|13|4
node_provider7|messages|13|2
provider7|min_constraint|13|1
provider7|max_constraint|13|1
provider8|flocal|13|0.30818796157836914
provider8|ffinal|13|0.19792890548706055
node_provider8|total_time|13|6.790411
node_provider8|loops|13|3
node_provider8|messages|13|2
provider8|min_constraint|13|1
provider8|max_constraint|13|1
provider9|flocal|13|0.2803919315338135
provider9|ffinal|13|0.20157623291015625
node_provider9|total_time|13|6.663091
node_provider9|loops|13|5
node_provider9|messages|13|2
provider9|min_constraint|13|1
provider9|max_constraint|13|1
user|funsat|13|0.2524583339691162
user|funsat|13|0.18473410606384277
user|funsat|13|0.18545079231262207
user|funsat|13|0.19449520111083984
user|funsat|13|0.1888566017150879
user|funsat|13|0.19077014923095703
user|funsat|13|0.19267845153808594
node_user|total_time|13|20.556984
node_user|loops|13|17
node_user|messages|13|0
user|min_constraint|13|31
user|max_constraint|13|31
provider0|flocal|14|0.2832510471343994
provider0|ffinal|14|0.1909494400024414
node_provider0|total_time|14|10.735834
node_provider0|loops|14|13
node_provider0|messages|14|2
provider0|min_constraint|14|1
provider0|max_constraint|14|1
provider10|flocal|14|0.26776671409606934
provider10|ffinal|14|0.18697261810302734
node_provider10|total_time|14|5.329160
node_provider10|loops|14|3
node_provider10|messages|14|2
provider10|min_constraint|14|1
provider10|max_constraint|14|1
provider11|flocal|14|0.24500584602355957
provider11|ffinal|14|0.1652369499206543
node_provider11|total_time|14|5.147486
node_provider11|loops|14|4
node_provider11|messages|14|2
provider11|min_constraint|14|1
provider11|max_constraint|14|1
provider12|flocal|14|0.2816431522369385
provider12|ffinal|14|0.19951152801513672
node_provider12|total_time|14|5.269121
node_provider12|loops|14|4
node_provider12|messages|14|2
provider12|min_constraint|14|1
provider12|max_constraint|14|1
provider13|flocal|14|0.28722620010375977
provider13|ffinal|14|0.20110321044921875
node_provider13|total_time|14|5.099911
node_provider13|loops|14|3
node_provider13|messages|14|2
provider13|min_constraint|14|1
provider13|max_constraint|14|1
provider14|flocal|14|0.2866182327270508
provider14|ffinal|14|0.1970372200012207
node_provider14|total_time|14|3.219868
node_provider14|loops|14|3
node_provider14|messages|14|2
provider14|min_constraint|14|1
provider14|max_constraint|14|1
provider1|flocal|14|0.289886474609375
provider1|ffinal|14|0.2054579257965088
node_provider1|total_time|14|9.581259
node_provider1|loops|14|9
node_provider1|messages|14|2
provider1|min_constraint|14|1
provider1|max_constraint|14|1
provider2|flocal|14|0.2928791046142578
provider2|ffinal|14|0.19856476783752441
node_provider2|total_time|14|8.921701
node_provider2|loops|14|8
node_provider2|messages|14|2
provider2|min_constraint|14|1
provider2|max_constraint|14|1
provider3|flocal|14|0.29094934463500977
provider3|ffinal|14|0.1983325481414795
node_provider3|total_time|14|8.503582
node_provider3|loops|14|5
node_provider3|messages|14|2
provider3|min_constraint|14|1
provider3|max_constraint|14|1
provider4|flocal|14|0.2939586639404297
provider4|ffinal|14|0.20048832893371582
node_provider4|total_time|14|8.558233
node_provider4|loops|14|6
node_provider4|messages|14|2
provider4|min_constraint|14|1
provider4|max_constraint|14|1
provider5|flocal|14|0.29039525985717773
provider5|ffinal|14|0.19130444526672363
node_provider5|total_time|14|8.245570
node_provider5|loops|14|8
node_provider5|messages|14|2
provider5|min_constraint|14|1
provider5|max_constraint|14|1
provider6|flocal|14|0.28599047660827637
provider6|ffinal|14|0.19503164291381836
node_provider6|total_time|14|7.931150
node_provider6|loops|14|8
node_provider6|messages|14|2
provider6|min_constraint|14|1
provider6|max_constraint|14|1
provider7|flocal|14|0.290881872177124
provider7|ffinal|14|0.19593405723571777
node_provider7|total_time|14|7.807530
node_provider7|loops|14|6
node_provider7|messages|14|2
provider7|min_constraint|14|1
provider7|max_constraint|14|1
provider8|flocal|14|0.2694370746612549
provider8|ffinal|14|0.19448113441467285
node_provider8|total_time|14|6.808007
node_provider8|loops|14|6
node_provider8|messages|14|2
provider8|min_constraint|14|1
provider8|max_constraint|14|1
provider9|flocal|14|0.29355597496032715
provider9|ffinal|14|0.20197176933288574
node_provider9|total_time|14|6.089270
node_provider9|loops|14|4
node_provider9|messages|14|2
provider9|min_constraint|14|1
provider9|max_constraint|14|1
user|funsat|14|0.5188357830047607
user|funsat|14|0.16663789749145508
user|funsat|14|0.16197824478149414
user|funsat|14|0.16289305686950684
user|funsat|14|0.16856861114501953
node_user|total_time|14|19.411335
node_user|loops|14|15
node_user|messages|14|0
user|min_constraint|14|31
user|max_constraint|14|31
provider0|flocal|1|0.3146960735321045
provider0|ffinal|1|0.19172167778015137
node_provider0|total_time|1|11.698357
node_provider0|loops|1|7
node_provider0|messages|1|2
provider0|min_constraint|1|1
provider0|max_constraint|1|1
provider10|flocal|1|0.30999755859375
provider10|ffinal|1|0.19706249237060547
node_provider10|total_time|1|7.003194
node_provider10|loops|1|6
node_provider10|messages|1|2
provider10|min_constraint|1|1
provider10|max_constraint|1|1
provider11|flocal|1|0.2985727787017822
provider11|ffinal|1|0.20357131958007812
node_provider11|total_time|1|7.163553
node_provider11|loops|1|7
node_provider11|messages|1|2
provider11|min_constraint|1|1
provider11|max_constraint|1|1
provider12|flocal|1|0.32024455070495605
provider12|ffinal|1|0.20160651206970215
node_provider12|total_time|1|6.408606
node_provider12|loops|1|7
node_provider12|messages|1|2
provider12|min_constraint|1|1
provider12|max_constraint|1|1
provider13|flocal|1|0.30715465545654297
provider13|ffinal|1|0.20019078254699707
node_provider13|total_time|1|6.238425
node_provider13|loops|1|5
node_provider13|messages|1|2
provider13|min_constraint|1|1
provider13|max_constraint|1|1
provider14|flocal|1|0.32183027267456055
provider14|ffinal|1|0.198164701461792
node_provider14|total_time|1|4.758197
node_provider14|loops|1|3
node_provider14|messages|1|2
provider14|min_constraint|1|1
provider14|max_constraint|1|1
provider1|flocal|1|0.31321239471435547
provider1|ffinal|1|0.20385003089904785
node_provider1|total_time|1|11.078346
node_provider1|loops|1|13
node_provider1|messages|1|2
provider1|min_constraint|1|1
provider1|max_constraint|1|1
provider2|flocal|1|0.31949496269226074
provider2|ffinal|1|0.19860339164733887
node_provider2|total_time|1|11.057653
node_provider2|loops|1|9
node_provider2|messages|1|2
provider2|min_constraint|1|1
provider2|max_constraint|1|1
provider3|flocal|1|0.32265615463256836
provider3|ffinal|1|0.20281982421875
node_provider3|total_time|1|10.353909
node_provider3|loops|1|11
node_provider3|messages|1|2
provider3|min_constraint|1|1
provider3|max_constraint|1|1
provider4|flocal|1|0.2362065315246582
provider4|ffinal|1|0.1697862148284912
node_provider4|total_time|1|10.605852
node_provider4|loops|1|9
node_provider4|messages|1|2
provider4|min_constraint|1|1
provider4|max_constraint|1|1
provider5|flocal|1|0.31563305854797363
provider5|ffinal|1|0.19777154922485352
node_provider5|total_time|1|8.976186
node_provider5|loops|1|7
node_provider5|messages|1|2
provider5|min_constraint|1|1
provider5|max_constraint|1|1
provider6|flocal|1|0.2380838394165039
provider6|ffinal|1|0.17116570472717285
node_provider6|total_time|1|8.760251
node_provider6|loops|1|5
node_provider6|messages|1|2
provider6|min_constraint|1|1
provider6|max_constraint|1|1
provider7|flocal|1|0.31446123123168945
provider7|ffinal|1|0.20003151893615723
node_provider7|total_time|1|8.826731
node_provider7|loops|1|8
node_provider7|messages|1|2
provider7|min_constraint|1|1
provider7|max_constraint|1|1
provider8|flocal|1|0.3066689968109131
provider8|ffinal|1|0.20229268074035645
node_provider8|total_time|1|7.457066
node_provider8|loops|1|6
node_provider8|messages|1|2
provider8|min_constraint|1|1
provider8|max_constraint|1|1
provider9|flocal|1|0.3187263011932373
provider9|ffinal|1|0.20728278160095215
node_provider9|total_time|1|7.687086
node_provider9|loops|1|8
node_provider9|messages|1|2
provider9|min_constraint|1|1
provider9|max_constraint|1|1
user|funsat|1|0.25411462783813477
user|funsat|1|0.1712665557861328
user|funsat|1|0.1685943603515625
user|funsat|1|0.16576743125915527
user|funsat|1|0.16492056846618652
user|funsat|1|0.17245125770568848
node_user|total_time|1|20.661677
node_user|loops|1|13
node_user|messages|1|0
user|min_constraint|1|31
user|max_constraint|1|31
provider0|flocal|2|0.2844390869140625
provider0|ffinal|2|0.17393970489501953
node_provider0|total_time|2|10.544447
node_provider0|loops|2|10
node_provider0|messages|2|2
provider0|min_constraint|2|1
provider0|max_constraint|2|1
provider10|flocal|2|0.28690552711486816
provider10|ffinal|2|0.49192261695861816
node_provider10|total_time|2|6.297431
node_provider10|loops|2|4
node_provider10|messages|2|2
provider10|min_constraint|2|1
provider10|max_constraint|2|1
provider11|flocal|2|0.2689175605773926
provider11|ffinal|2|0.4034409523010254
node_provider11|total_time|2|5.930449
node_provider11|loops|2|3
node_provider11|messages|2|2
provider11|min_constraint|2|1
provider11|max_constraint|2|1
provider12|flocal|2|0.27272462844848633
provider12|ffinal|2|0.4212930202484131
node_provider12|total_time|2|5.490258
node_provider12|loops|2|3
node_provider12|messages|2|2
provider12|min_constraint|2|1
provider12|max_constraint|2|1
provider13|flocal|2|0.27820372581481934
provider13|ffinal|2|0.1918926239013672
node_provider13|total_time|2|5.174339
node_provider13|loops|2|4
node_provider13|messages|2|2
provider13|min_constraint|2|1
provider13|max_constraint|2|1
provider14|flocal|2|0.2894101142883301
provider14|ffinal|2|0.19004559516906738
node_provider14|total_time|2|3.466261
node_provider14|loops|2|3
node_provider14|messages|2|2
provider14|min_constraint|2|1
provider14|max_constraint|2|1
provider1|flocal|2|0.2950716018676758
provider1|ffinal|2|0.31617045402526855
node_provider1|total_time|2|10.617852
node_provider1|loops|2|7
node_provider1|messages|2|2
provider1|min_constraint|2|1
provider1|max_constraint|2|1
provider2|flocal|2|0.29564452171325684
provider2|ffinal|2|0.1983811855316162
node_provider2|total_time|2|9.160198
node_provider2|loops|2|10
node_provider2|messages|2|2
provider2|min_constraint|2|1
provider2|max_constraint|2|1
provider3|flocal|2|0.2793571949005127
provider3|ffinal|2|0.4941835403442383
node_provider3|total_time|2|9.566048
node_provider3|loops|2|9
node_provider3|messages|2|2
provider3|min_constraint|2|1
provider3|max_constraint|2|1
provider4|flocal|2|0.2906155586242676
provider4|ffinal|2|0.18874216079711914
node_provider4|total_time|2|9.372665
node_provider4|loops|2|10
node_provider4|messages|2|2
provider4|min_constraint|2|1
provider4|max_constraint|2|1
provider5|flocal|2|0.2815084457397461
provider5|ffinal|2|0.19280052185058594
node_provider5|total_time|2|7.734650
node_provider5|loops|2|6
node_provider5|messages|2|2
provider5|min_constraint|2|1
provider5|max_constraint|2|1
provider6|flocal|2|0.27657580375671387
provider6|ffinal|2|0.19158434867858887
node_provider6|total_time|2|8.537150
node_provider6|loops|2|7
node_provider6|messages|2|2
provider6|min_constraint|2|1
provider6|max_constraint|2|1
provider7|flocal|2|0.20846128463745117
provider7|ffinal|2|0.1750197410583496
node_provider7|total_time|2|6.750330
node_provider7|loops|2|4
node_provider7|messages|2|2
provider7|min_constraint|2|1
provider7|max_constraint|2|1
provider8|flocal|2|0.29060792922973633
provider8|ffinal|2|0.19761896133422852
node_provider8|total_time|2|6.796031
node_provider8|loops|2|5
node_provider8|messages|2|2
provider8|min_constraint|2|1
provider8|max_constraint|2|1
provider9|flocal|2|0.24944496154785156
provider9|ffinal|2|0.19280624389648438
node_provider9|total_time|2|7.365032
node_provider9|loops|2|6
node_provider9|messages|2|2
provider9|min_constraint|2|1
provider9|max_constraint|2|1
user|funsat|2|0.4373135566711426
user|funsat|2|0.16458582878112793
user|funsat|2|0.16362857818603516
user|funsat|2|0.16001176834106445
user|funsat|2|0.16755199432373047
user|funsat|2|0.16560006141662598
user|funsat|2|0.17310762405395508
user|funsat|2|0.16409540176391602
node_user|total_time|2|19.031824
node_user|loops|2|16
node_user|messages|2|0
user|min_constraint|2|31
user|max_constraint|2|31
provider0|flocal|3|0.2889277935028076
provider0|ffinal|3|0.19841599464416504
node_provider0|total_time|3|11.489821
node_provider0|loops|3|11
node_provider0|messages|3|2
provider0|min_constraint|3|1
provider0|max_constraint|3|1
provider10|flocal|3|0.28662633895874023
provider10|ffinal|3|0.19726276397705078
node_provider10|total_time|3|7.533577
node_provider10|loops|3|6
node_provider10|messages|3|2
provider10|min_constraint|3|1
provider10|max_constraint|3|1
provider11|flocal|3|0.26377177238464355
provider11|ffinal|3|0.20345306396484375
node_provider11|total_time|3|6.369597
node_provider11|loops|3|6
node_provider11|messages|3|2
provider11|min_constraint|3|1
provider11|max_constraint|3|1
provider12|flocal|3|0.3032264709472656
provider12|ffinal|3|0.20455384254455566
node_provider12|total_time|3|5.590603
node_provider12|loops|3|3
node_provider12|messages|3|2
provider12|min_constraint|3|1
provider12|max_constraint|3|1
provider13|flocal|3|0.3452951908111572
provider13|ffinal|3|0.19700121879577637
node_provider13|total_time|3|6.475336
node_provider13|loops|3|4
node_provider13|messages|3|2
provider13|min_constraint|3|1
provider13|max_constraint|3|1
provider14|flocal|3|0.2767612934112549
provider14|ffinal|3|0.19000601768493652
node_provider14|total_time|3|4.552850
node_provider14|loops|3|3
node_provider14|messages|3|2
provider14|min_constraint|3|1
provider14|max_constraint|3|1
provider1|flocal|3|0.2716209888458252
provider1|ffinal|3|0.19639134407043457
node_provider1|total_time|3|10.812036
node_provider1|loops|3|8
node_provider1|messages|3|2
provider1|min_constraint|3|1
provider1|max_constraint|3|1
provider2|flocal|3|0.28923487663269043
provider2|ffinal|3|0.1958158016204834
node_provider2|total_time|3|10.357279
node_provider2|loops|3|9
node_provider2|messages|3|2
provider2|min_constraint|3|1
provider2|max_constraint|3|1
provider3|flocal|3|0.28616976737976074
provider3|ffinal|3|0.19187617301940918
node_provider3|total_time|3|9.817540
node_provider3|loops|3|6
node_provider3|messages|3|2
provider3|min_constraint|3|1
provider3|max_constraint|3|1
provider4|flocal|3|0.278836727142334
provider4|ffinal|3|0.19836926460266113
node_provider4|total_time|3|9.124424
node_provider4|loops|3|6
node_provider4|messages|3|2
provider4|min_constraint|3|1
provider4|max_constraint|3|1
provider5|flocal|3|0.29393434524536133
provider5|ffinal|3|0.20058226585388184
node_provider5|total_time|3|9.177766
node_provider5|loops|3|5
node_provider5|messages|3|2
provider5|min_constraint|3|1
provider5|max_constraint|3|1
provider6|flocal|3|0.28813624382019043
provider6|ffinal|3|0.2010958194732666
node_provider6|total_time|3|8.739508
node_provider6|loops|3|6
node_provider6|messages|3|2
provider6|min_constraint|3|1
provider6|max_constraint|3|1
provider7|flocal|3|0.2937917709350586
provider7|ffinal|3|0.19809675216674805
node_provider7|total_time|3|8.955826
node_provider7|loops|3|7
node_provider7|messages|3|2
provider7|min_constraint|3|1
provider7|max_constraint|3|1
provider8|flocal|3|0.262148380279541
provider8|ffinal|3|0.2045457363128662
node_provider8|total_time|3|8.363951
node_provider8|loops|3|7
node_provider8|messages|3|2
provider8|min_constraint|3|1
provider8|max_constraint|3|1
provider9|flocal|3|0.2685270309448242
provider9|ffinal|3|0.20274662971496582
node_provider9|total_time|3|7.909662
node_provider9|loops|3|6
node_provider9|messages|3|2
provider9|min_constraint|3|1
provider9|max_constraint|3|1
user|funsat|3|0.2826991081237793
user|funsat|3|0.19016790390014648
user|funsat|3|0.1881411075592041
user|funsat|3|0.19003963470458984
user|funsat|3|0.1930544376373291
user|funsat|3|0.19142651557922363
user|funsat|3|0.1888132095336914
node_user|total_time|3|20.712845
node_user|loops|3|17
node_user|messages|3|0
user|min_constraint|3|31
user|max_constraint|3|31
provider0|flocal|4|0.23342084884643555
provider0|ffinal|4|0.17650580406188965
node_provider0|total_time|4|9.264040
node_provider0|loops|4|6
node_provider0|messages|4|2
provider0|min_constraint|4|1
provider0|max_constraint|4|1
provider10|flocal|4|0.2849116325378418
provider10|ffinal|4|0.1968519687652588
node_provider10|total_time|4|4.382291
node_provider10|loops|4|4
node_provider10|messages|4|2
provider10|min_constraint|4|1
provider10|max_constraint|4|1
provider11|flocal|4|0.27828359603881836
provider11|ffinal|4|0.2087388038635254
node_provider11|total_time|4|5.299359
node_provider11|loops|4|3
node_provider11|messages|4|2
provider11|min_constraint|4|1
provider11|max_constraint|4|1
provider12|flocal|4|0.25663208961486816
provider12|ffinal|4|0.19501805305480957
node_provider12|total_time|4|3.960147
node_provider12|loops|4|2
node_provider12|messages|4|2
provider12|min_constraint|4|1
provider12|max_constraint|4|1
provider13|flocal|4|0.28104639053344727
provider13|ffinal|4|0.1955270767211914
node_provider13|total_time|4|2.916191
node_provider13|loops|4|2
node_provider13|messages|4|2
provider13|min_constraint|4|1
provider13|max_constraint|4|1
provider14|flocal|4|0.28919172286987305
provider14|ffinal|4|0.20988941192626953
node_provider14|total_time|4|3.943041
node_provider14|loops|4|2
node_provider14|messages|4|2
provider14|min_constraint|4|1
provider14|max_constraint|4|1
provider1|flocal|4|0.21952509880065918
provider1|ffinal|4|0.21395063400268555
node_provider1|total_time|4|9.673217
node_provider1|loops|4|9
node_provider1|messages|4|2
provider1|min_constraint|4|1
provider1|max_constraint|4|1
provider2|flocal|4|0.2786834239959717
provider2|ffinal|4|0.48771119117736816
node_provider2|total_time|4|10.097113
node_provider2|loops|4|8
node_provider2|messages|4|2
provider2|min_constraint|4|1
provider2|max_constraint|4|1
provider3|flocal|4|0.2749216556549072
provider3|ffinal|4|0.2011723518371582
node_provider3|total_time|4|8.240216
node_provider3|loops|4|7
node_provider3|messages|4|2
provider3|min_constraint|4|1
provider3|max_constraint|4|1
provider4|flocal|4|0.2702627182006836
provider4|ffinal|4|0.19896554946899414
node_provider4|total_time|4|7.334746
node_provider4|loops|4|4
node_provider4|messages|4|2
provider4|min_constraint|4|1
provider4|max_constraint|4|1
provider5|flocal|4|0.20446467399597168
provider5|ffinal|4|0.20570611953735352
node_provider5|total_time|4|7.471334
node_provider5|loops|4|5
node_provider5|messages|4|2
provider5|min_constraint|4|1
provider5|max_constraint|4|1
provider6|flocal|4|0.24699044227600098
provider6|ffinal|4|0.17504405975341797
node_provider6|total_time|4|6.362656
node_provider6|loops|4|5
node_provider6|messages|4|2
provider6|min_constraint|4|1
provider6|max_constraint|4|1
provider7|flocal|4|0.2911827564239502
provider7|ffinal|4|0.19624924659729004
node_provider7|total_time|4|5.769819
node_provider7|loops|4|4
node_provider7|messages|4|2
provider7|min_constraint|4|1
provider7|max_constraint|4|1
provider8|flocal|4|0.28386831283569336
provider8|ffinal|4|0.2002873420715332
node_provider8|total_time|4|5.498396
node_provider8|loops|4|4
node_provider8|messages|4|2
provider8|min_constraint|4|1
provider8|max_constraint|4|1
provider9|flocal|4|0.28003430366516113
provider9|ffinal|4|0.20187997817993164
node_provider9|total_time|4|5.221045
node_provider9|loops|4|4
node_provider9|messages|4|2
provider9|min_constraint|4|1
provider9|max_constraint|4|1
user|funsat|4|0.2776162624359131
user|funsat|4|0.1927964687347412
user|funsat|4|0.19037961959838867
user|funsat|4|0.1840956211090088
user|funsat|4|0.17839908599853516
user|funsat|4|0.19142389297485352
user|funsat|4|0.18600058555603027
user|funsat|4|0.19671034812927246
node_user|total_time|4|18.561798
node_user|loops|4|20
node_user|messages|4|0
user|min_constraint|4|31
user|max_constraint|4|31
provider0|flocal|5|0.32349443435668945
provider0|ffinal|5|0.15727019309997559
node_provider0|total_time|5|9.554450
node_provider0|loops|5|6
node_provider0|messages|5|2
provider0|min_constraint|5|1
provider0|max_constraint|5|1
provider10|flocal|5|0.2500584125518799
provider10|ffinal|5|0.17083048820495605
node_provider10|total_time|5|4.907807
node_provider10|loops|5|3
node_provider10|messages|5|2
provider10|min_constraint|5|1
provider10|max_constraint|5|1
provider11|flocal|5|0.28521275520324707
provider11|ffinal|5|0.199631929397583
node_provider11|total_time|5|3.821228
node_provider11|loops|5|3
node_provider11|messages|5|2
provider11|min_constraint|5|1
provider11|max_constraint|5|1
provider12|flocal|5|0.28917741775512695
provider12|ffinal|5|0.19704771041870117
node_provider12|total_time|5|3.801678
node_provider12|loops|5|4
node_provider12|messages|5|2
provider12|min_constraint|5|1
provider12|max_constraint|5|1
provider13|flocal|5|0.26184511184692383
provider13|ffinal|5|0.1980280876159668
node_provider13|total_time|5|4.492791
node_provider13|loops|5|2
node_provider13|messages|5|2
provider13|min_constraint|5|1
provider13|max_constraint|5|1
provider14|flocal|5|0.27109694480895996
provider14|ffinal|5|0.1909313201904297
node_provider14|total_time|5|2.319826
node_provider14|loops|5|2
node_provider14|messages|5|2
provider14|min_constraint|5|1
provider14|max_constraint|5|1
provider1|flocal|5|0.45593929290771484
provider1|ffinal|5|0.19390535354614258
node_provider1|total_time|5|8.854017
node_provider1|loops|5|14
node_provider1|messages|5|2
provider1|min_constraint|5|1
provider1|max_constraint|5|1
provider2|flocal|5|0.2563004493713379
provider2|ffinal|5|0.1927473545074463
node_provider2|total_time|5|8.322087
node_provider2|loops|5|4
node_provider2|messages|5|2
provider2|min_constraint|5|1
provider2|max_constraint|5|1
provider3|flocal|5|0.28005123138427734
provider3|ffinal|5|0.19460749626159668
node_provider3|total_time|5|8.245022
node_provider3|loops|5|6
node_provider3|messages|5|2
provider3|min_constraint|5|1
provider3|max_constraint|5|1
provider4|flocal|5|0.4665234088897705
provider4|ffinal|5|0.19469475746154785
node_provider4|total_time|5|7.014530
node_provider4|loops|5|6
node_provider4|messages|5|2
provider4|min_constraint|5|1
provider4|max_constraint|5|1
provider5|flocal|5|0.27325940132141113
provider5|ffinal|5|0.19093561172485352
node_provider5|total_time|5|7.893822
node_provider5|loops|5|6
node_provider5|messages|5|2
provider5|min_constraint|5|1
provider5|max_constraint|5|1
provider6|flocal|5|0.26837778091430664
provider6|ffinal|5|0.19614553451538086
node_provider6|total_time|5|7.293655
node_provider6|loops|5|5
node_provider6|messages|5|2
provider6|min_constraint|5|1
provider6|max_constraint|5|1
provider7|flocal|5|0.27686357498168945
provider7|ffinal|5|0.19492554664611816
node_provider7|total_time|5|6.511744
node_provider7|loops|5|4
node_provider7|messages|5|2
provider7|min_constraint|5|1
provider7|max_constraint|5|1
provider8|flocal|5|0.2867746353149414
provider8|ffinal|5|0.19892168045043945
node_provider8|total_time|5|5.527849
node_provider8|loops|5|4
node_provider8|messages|5|2
provider8|min_constraint|5|1
provider8|max_constraint|5|1
provider9|flocal|5|0.28707218170166016
provider9|ffinal|5|0.19309186935424805
node_provider9|total_time|5|4.897369
node_provider9|loops|5|4
node_provider9|messages|5|2
provider9|min_constraint|5|1
provider9|max_constraint|5|1
user|funsat|5|0.2796597480773926
user|funsat|5|0.1648092269897461
user|funsat|5|0.16715145111083984
user|funsat|5|0.1617276668548584
user|funsat|5|0.16335415840148926
node_user|total_time|5|18.092755
node_user|loops|5|14
node_user|messages|5|0
user|min_constraint|5|31
user|max_constraint|5|31
provider0|flocal|6|0.4669055938720703
provider0|ffinal|6|0.2202284336090088
node_provider0|total_time|6|10.214608
node_provider0|loops|6|9
node_provider0|messages|6|2
provider0|min_constraint|6|1
provider0|max_constraint|6|1
provider10|flocal|6|0.34165263175964355
provider10|ffinal|6|0.1978304386138916
node_provider10|total_time|6|6.399361
node_provider10|loops|6|3
node_provider10|messages|6|2
provider10|min_constraint|6|1
provider10|max_constraint|6|1
provider11|flocal|6|0.20398616790771484
provider11|ffinal|6|0.16300392150878906
node_provider11|total_time|6|5.862764
node_provider11|loops|6|4
node_provider11|messages|6|2
provider11|min_constraint|6|1
provider11|max_constraint|6|1
provider12|flocal|6|0.2708873748779297
provider12|ffinal|6|0.19663262367248535
node_provider12|total_time|6|5.332137
node_provider12|loops|6|4
node_provider12|messages|6|2
provider12|min_constraint|6|1
provider12|max_constraint|6|1
provider13|flocal|6|0.27518177032470703
provider13|ffinal|6|0.19185996055603027
node_provider13|total_time|6|4.346498
node_provider13|loops|6|2
node_provider13|messages|6|2
provider13|min_constraint|6|1
provider13|max_constraint|6|1
provider14|flocal|6|0.28458213806152344
provider14|ffinal|6|0.1902637481689453
node_provider14|total_time|6|3.842505
node_provider14|loops|6|5
node_provider14|messages|6|2
provider14|min_constraint|6|1
provider14|max_constraint|6|1
provider1|flocal|6|0.28263020515441895
provider1|ffinal|6|0.1892850399017334
node_provider1|total_time|6|9.872770
node_provider1|loops|6|5
node_provider1|messages|6|2
provider1|min_constraint|6|1
provider1|max_constraint|6|1
provider2|flocal|6|0.27373218536376953
provider2|ffinal|6|0.1966261863708496
node_provider2|total_time|6|10.240573
node_provider2|loops|6|7
node_provider2|messages|6|2
provider2|min_constraint|6|1
provider2|max_constraint|6|1
provider3|flocal|6|0.4989316463470459
provider3|ffinal|6|0.19588017463684082
node_provider3|total_time|6|9.219919
node_provider3|loops|6|6
node_provider3|messages|6|2
provider3|min_constraint|6|1
provider3|max_constraint|6|1
provider4|flocal|6|0.5029606819152832
provider4|ffinal|6|0.19581270217895508
node_provider4|total_time|6|9.723907
node_provider4|loops|6|6
node_provider4|messages|6|2
provider4|min_constraint|6|1
provider4|max_constraint|6|1
provider5|flocal|6|0.2742736339569092
provider5|ffinal|6|0.19502472877502441
node_provider5|total_time|6|9.313088
node_provider5|loops|6|6
node_provider5|messages|6|2
provider5|min_constraint|6|1
provider5|max_constraint|6|1
provider6|flocal|6|0.27634286880493164
provider6|ffinal|6|0.1961226463317871
node_provider6|total_time|6|7.595000
node_provider6|loops|6|7
node_provider6|messages|6|2
provider6|min_constraint|6|1
provider6|max_constraint|6|1
provider7|flocal|6|0.28336191177368164
provider7|ffinal|6|0.1960148811340332
node_provider7|total_time|6|7.725394
node_provider7|loops|6|7
node_provider7|messages|6|2
provider7|min_constraint|6|1
provider7|max_constraint|6|1
provider8|flocal|6|0.2780303955078125
provider8|ffinal|6|0.19587349891662598
node_provider8|total_time|6|6.846447
node_provider8|loops|6|6
node_provider8|messages|6|2
provider8|min_constraint|6|1
provider8|max_constraint|6|1
provider9|flocal|6|0.35834193229675293
provider9|ffinal|6|0.17415523529052734
node_provider9|total_time|6|6.816941
node_provider9|loops|6|4
node_provider9|messages|6|2
provider9|min_constraint|6|1
provider9|max_constraint|6|1
user|funsat|6|0.2716794013977051
user|funsat|6|0.18586301803588867
user|funsat|6|0.19881844520568848
user|funsat|6|0.18673396110534668
user|funsat|6|0.1847856044769287
user|funsat|6|0.18756580352783203
user|funsat|6|0.19118165969848633
node_user|total_time|6|20.624648
node_user|loops|6|21
node_user|messages|6|0
user|min_constraint|6|31
user|max_constraint|6|31
provider0|flocal|7|0.2591421604156494
provider10|flocal|7|0.2811448574066162
provider10|ffinal|7|0.1923360824584961
node_provider10|total_time|7|7.534915
node_provider10|loops|7|7
node_provider10|messages|7|2
provider10|min_constraint|7|1
provider10|max_constraint|7|1
provider11|flocal|7|0.2756204605102539
provider11|ffinal|7|0.19492506980895996
node_provider11|total_time|7|5.877731
node_provider11|loops|7|8
node_provider11|messages|7|2
provider11|min_constraint|7|1
provider11|max_constraint|7|1
provider12|flocal|7|0.2743515968322754
provider12|ffinal|7|0.19196414947509766
node_provider12|total_time|7|5.324463
node_provider12|loops|7|3
node_provider12|messages|7|2
provider12|min_constraint|7|1
provider12|max_constraint|7|1
provider13|flocal|7|0.28057432174682617
provider13|ffinal|7|0.19745397567749023
node_provider13|total_time|7|4.855357
node_provider13|loops|7|3
node_provider13|messages|7|2
provider13|min_constraint|7|1
provider13|max_constraint|7|1
provider14|flocal|7|0.29064035415649414
provider14|ffinal|7|0.19161558151245117
node_provider14|total_time|7|4.237105
node_provider14|loops|7|3
node_provider14|messages|7|2
provider14|min_constraint|7|1
provider14|max_constraint|7|1
provider1|flocal|7|0.298389196395874
provider1|ffinal|7|0.1987597942352295
node_provider1|total_time|7|10.711766
node_provider1|loops|7|7
node_provider1|messages|7|2
provider1|min_constraint|7|1
provider1|max_constraint|7|1
provider2|flocal|7|0.27955079078674316
provider2|ffinal|7|0.19862675666809082
node_provider2|total_time|7|10.962148
node_provider2|loops|7|10
node_provider2|messages|7|2
provider2|min_constraint|7|1
provider2|max_constraint|7|1
provider3|flocal|7|0.2851676940917969
provider3|ffinal|7|0.19284844398498535
node_provider3|total_time|7|9.920324
node_provider3|loops|7|9
node_provider3|messages|7|2
provider3|min_constraint|7|1
provider3|max_constraint|7|1
provider4|flocal|7|0.21373510360717773
provider4|ffinal|7|0.17087984085083008
node_provider4|total_time|7|9.085361
node_provider4|loops|7|7
node_provider4|messages|7|2
provider4|min_constraint|7|1
provider4|max_constraint|7|1
provider5|flocal|7|0.2296886444091797
provider5|ffinal|7|0.19348835945129395
node_provider5|total_time|7|8.551005
node_provider5|loops|7|6
node_provider5|messages|7|2
provider5|min_constraint|7|1
provider5|max_constraint|7|1
provider6|flocal|7|0.2733182907104492
provider6|ffinal|7|0.19798612594604492
node_provider6|total_time|7|8.525346
node_provider6|loops|7|8
node_provider6|messages|7|2
provider6|min_constraint|7|1
provider6|max_constraint|7|1
provider7|flocal|7|0.23428106307983398
provider7|ffinal|7|0.19329619407653809
node_provider7|total_time|7|7.581283
node_provider7|loops|7|6
node_provider7|messages|7|2
provider7|min_constraint|7|1
provider7|max_constraint|7|1
provider8|flocal|7|0.25359082221984863
provider8|ffinal|7|0.19211530685424805
node_provider8|total_time|7|6.977945
node_provider8|loops|7|5
node_provider8|messages|7|2
provider8|min_constraint|7|1
provider8|max_constraint|7|1
provider9|flocal|7|0.23762106895446777
provider9|ffinal|7|0.1897871494293213
node_provider9|total_time|7|6.736531
node_provider9|loops|7|4
node_provider9|messages|7|2
provider9|min_constraint|7|1
provider9|max_constraint|7|1
user|funsat|7|0.2669363021850586
user|funsat|7|0.18787670135498047
user|funsat|7|0.18568897247314453
user|funsat|7|0.18218684196472168
user|funsat|7|0.18961429595947266
user|funsat|7|0.191697359085083
user|funsat|7|0.18522286415100098
node_user|total_time|7|20.278018
node_user|loops|7|16
node_user|messages|7|0
user|min_constraint|7|31
user|max_constraint|7|31
provider0|flocal|8|0.2902262210845947
provider0|ffinal|8|0.19403910636901855
node_provider0|total_time|8|11.582144
node_provider0|loops|8|7
node_provider0|messages|8|2
provider0|min_constraint|8|1
provider0|max_constraint|8|1
provider10|flocal|8|0.2798914909362793
provider10|ffinal|8|0.1979527473449707
node_provider10|total_time|8|6.709631
node_provider10|loops|8|4
node_provider10|messages|8|2
provider10|min_constraint|8|1
provider10|max_constraint|8|1
provider11|flocal|8|0.2829599380493164
provider11|ffinal|8|0.1990649700164795
node_provider11|total_time|8|6.321814
node_provider11|loops|8|5
node_provider11|messages|8|2
provider11|min_constraint|8|1
provider11|max_constraint|8|1
provider12|flocal|8|0.24045920372009277
provider12|ffinal|8|0.20205044746398926
node_provider12|total_time|8|7.002920
node_provider12|loops|8|7
node_provider12|messages|8|2
provider12|min_constraint|8|1
provider12|max_constraint|8|1
provider13|flocal|8|0.2869069576263428
provider13|ffinal|8|0.2032456398010254
node_provider13|total_time|8|5.907331
node_provider13|loops|8|6
node_provider13|messages|8|2
provider13|min_constraint|8|1
provider13|max_constraint|8|1
provider14|flocal|8|0.5639462471008301
provider14|ffinal|8|0.19681000709533691
node_provider14|total_time|8|4.725189
node_provider14|loops|8|3
node_provider14|messages|8|2
provider14|min_constraint|8|1
provider14|max_constraint|8|1
provider1|flocal|8|0.2664182186126709
provider1|ffinal|8|0.19575142860412598
node_provider1|total_time|8|11.203684
node_provider1|loops|8|11
node_provider1|messages|8|2
provider1|min_constraint|8|1
provider1|max_constraint|8|1
provider2|flocal|8|0.28423285484313965
provider2|ffinal|8|0.21292877197265625
node_provider2|total_time|8|12.020233
node_provider2|loops|8|7
node_provider2|messages|8|2
provider2|min_constraint|8|1
provider2|max_constraint|8|1
provider3|flocal|8|0.2937777042388916
provider3|ffinal|8|0.19858908653259277
node_provider3|total_time|8|10.472195
node_provider3|loops|8|13
node_provider3|messages|8|2
provider3|min_constraint|8|1
provider3|max_constraint|8|1
provider4|flocal|8|0.2659592628479004
provider4|ffinal|8|0.19512486457824707
node_provider4|total_time|8|10.324480
node_provider4|loops|8|9
node_provider4|messages|8|2
provider4|min_constraint|8|1
provider4|max_constraint|8|1
provider5|flocal|8|0.20780420303344727
provider5|ffinal|8|0.16097068786621094
node_provider5|total_time|8|8.934805
node_provider5|loops|8|7
node_provider5|messages|8|2
provider5|min_constraint|8|1
provider5|max_constraint|8|1
provider6|flocal|8|0.28791022300720215
provider6|ffinal|8|0.19635534286499023
node_provider6|total_time|8|8.720195
node_provider6|loops|8|7
node_provider6|messages|8|2
provider6|min_constraint|8|1
provider6|max_constraint|8|1
provider7|flocal|8|0.2725036144256592
provider7|ffinal|8|0.14590883255004883
node_provider7|total_time|8|8.199951
node_provider7|loops|8|9
node_provider7|messages|8|2
provider7|min_constraint|8|1
provider7|max_constraint|8|1
provider8|flocal|8|0.28613924980163574
provider8|ffinal|8|0.19921040534973145
node_provider8|total_time|8|8.554273
node_provider8|loops|8|7
node_provider8|messages|8|2
provider8|min_constraint|8|1
provider8|max_constraint|8|1
provider9|flocal|8|0.29547858238220215
provider9|ffinal|8|0.2013256549835205
node_provider9|total_time|8|7.155121
node_provider9|loops|8|6
node_provider9|messages|8|2
provider9|min_constraint|8|1
provider9|max_constraint|8|1
user|funsat|8|0.2575263977050781
user|funsat|8|0.1667029857635498
user|funsat|8|0.17721295356750488
user|funsat|8|0.18402743339538574
user|funsat|8|0.45564842224121094
user|funsat|8|0.19150471687316895
user|funsat|8|0.19037389755249023
node_user|total_time|8|21.205494
node_user|loops|8|17
node_user|messages|8|0
user|min_constraint|8|31
user|max_constraint|8|31
provider0|flocal|9|0.5418636798858643
provider0|ffinal|9|0.20664191246032715
node_provider0|total_time|9|10.534094
node_provider0|loops|9|8
node_provider0|messages|9|2
provider0|min_constraint|9|1
provider0|max_constraint|9|1
provider10|flocal|9|0.29004669189453125
provider10|ffinal|9|0.20533537864685059
node_provider10|total_time|9|6.063234
node_provider10|loops|9|4
node_provider10|messages|9|2
provider10|min_constraint|9|1
provider10|max_constraint|9|1
provider11|flocal|9|0.2968878746032715
provider11|ffinal|9|0.20410561561584473
node_provider11|total_time|9|5.751758
node_provider11|loops|9|6
node_provider11|messages|9|2
provider11|min_constraint|9|1
provider11|max_constraint|9|1
provider12|flocal|9|0.29162025451660156
provider12|ffinal|9|0.20472288131713867
node_provider12|total_time|9|4.537266
node_provider12|loops|9|3
node_provider12|messages|9|2
provider12|min_constraint|9|1
provider12|max_constraint|9|1
provider13|flocal|9|0.2142810821533203
provider13|ffinal|9|0.1861729621887207
node_provider13|total_time|9|4.462332
node_provider13|loops|9|2
node_provider13|messages|9|2
provider13|min_constraint|9|1
provider13|max_constraint|9|1
provider14|flocal|9|0.2514171600341797
provider14|ffinal|9|0.18128538131713867
node_provider14|total_time|9|4.248209
node_provider14|loops|9|6
node_provider14|messages|9|2
provider14|min_constraint|9|1
provider14|max_constraint|9|1
provider1|flocal|9|0.29581212997436523
provider1|ffinal|9|0.2078990936279297
node_provider1|total_time|9|10.083818
node_provider1|loops|9|10
node_provider1|messages|9|2
provider1|min_constraint|9|1
provider1|max_constraint|9|1
provider2|flocal|9|0.29830360412597656
provider2|ffinal|9|0.20315861701965332
node_provider2|total_time|9|9.373528
node_provider2|loops|9|8
node_provider2|messages|9|2
provider2|min_constraint|9|1
provider2|max_constraint|9|1
provider3|flocal|9|0.20809149742126465
provider3|ffinal|9|0.1653761863708496
node_provider3|total_time|9|9.059538
node_provider3|loops|9|9
node_provider3|messages|9|2
provider3|min_constraint|9|1
provider3|max_constraint|9|1
provider4|flocal|9|0.2841224670410156
provider4|ffinal|9|0.20466995239257812
node_provider4|total_time|9|9.054660
node_provider4|loops|9|8
node_provider4|messages|9|2
provider4|min_constraint|9|1
provider4|max_constraint|9|1
provider5|flocal|9|0.2914571762084961
provider5|ffinal|9|0.20748186111450195
node_provider5|total_time|9|8.077355
node_provider5|loops|9|5
node_provider5|messages|9|2
provider5|min_constraint|9|1
provider5|max_constraint|9|1
provider6|flocal|9|0.29532885551452637
provider6|ffinal|9|0.203902006149292
node_provider6|total_time|9|8.780506
node_provider6|loops|9|7
node_provider6|messages|9|2
provider6|min_constraint|9|1
provider6|max_constraint|9|1
provider7|flocal|9|0.2951540946960449
provider7|ffinal|9|0.20478034019470215
node_provider7|total_time|9|7.204441
node_provider7|loops|9|4
node_provider7|messages|9|2
provider7|min_constraint|9|1
provider7|max_constraint|9|1
provider8|flocal|9|0.30008435249328613
provider8|ffinal|9|0.20555543899536133
node_provider8|total_time|9|6.606343
node_provider8|loops|9|4
node_provider8|messages|9|2
provider8|min_constraint|9|1
provider8|max_constraint|9|1
provider9|flocal|9|0.30053138732910156
provider9|ffinal|9|0.1986095905303955
node_provider9|total_time|9|6.779306
node_provider9|loops|9|6
node_provider9|messages|9|2
provider9|min_constraint|9|1
provider9|max_constraint|9|1
user|funsat|9|0.2906787395477295
user|funsat|9|0.19089555740356445
user|funsat|9|0.18888235092163086
user|funsat|9|0.17625069618225098
user|funsat|9|0.18651342391967773
user|funsat|9|0.1921520233154297
user|funsat|9|0.18696331977844238
user|funsat|9|0.19740867614746094
user|funsat|9|0.1969470977783203
node_user|total_time|9|20.267744
node_user|loops|9|19
node_user|messages|9|0
user|min_constraint|9|31
user|max_constraint|9|31
