provider0|flocal|0|0.4150538444519043
provider0|flocal|0|0.1944282054901123
provider0|flocal|0|0.1978461742401123
provider0|flocal|0|0.2050943374633789
provider0|flocal|0|0.19266867637634277
provider0|flocal|0|0.21952533721923828
provider0|ffinal|0|0.1979525089263916
node_provider0|total_time|0|15.789686
node_provider0|loops|0|12
node_provider0|messages|0|6
provider0|min_constraint|0|4
provider0|max_constraint|0|4
provider10|flocal|0|0.5613815784454346
provider10|flocal|0|0.19646859169006348
provider10|ffinal|0|0.21587204933166504
node_provider10|total_time|0|10.154655
node_provider10|loops|0|5
node_provider10|messages|0|2
provider10|min_constraint|0|4
provider10|max_constraint|0|4
provider11|flocal|0|0.7213644981384277
provider11|flocal|0|0.193681001663208
provider11|flocal|0|0.22382140159606934
provider11|ffinal|0|0.1932847499847412
node_provider11|total_time|0|9.499233
node_provider11|loops|0|5
node_provider11|messages|0|3
provider11|min_constraint|0|4
provider11|max_constraint|0|4
provider12|flocal|0|0.39228272438049316
provider12|flocal|0|0.19583845138549805
provider12|flocal|0|0.2178969383239746
provider12|ffinal|0|0.18920207023620605
node_provider12|total_time|0|8.894810
node_provider12|loops|0|10
node_provider12|messages|0|2
provider12|min_constraint|0|4
provider12|max_constraint|0|4
provider13|flocal|0|0.5339586734771729
provider13|flocal|0|0.1946883201599121
provider13|flocal|0|0.2141251564025879
provider13|ffinal|0|0.18833589553833008
node_provider13|total_time|0|8.589885
node_provider13|loops|0|7
node_provider13|messages|0|2
provider13|min_constraint|0|4
provider13|max_constraint|0|4
provider14|flocal|0|0.34947943687438965
provider14|flocal|0|0.17530584335327148
provider14|ffinal|0|0.1905806064605713
node_provider14|total_time|0|8.383589
node_provider14|loops|0|7
node_provider14|messages|0|2
provider14|min_constraint|0|4
provider14|max_constraint|0|4
provider1|flocal|0|0.40331578254699707
provider1|flocal|0|0.3434164524078369
provider1|flocal|0|0.18678569793701172
provider1|flocal|0|0.2141127586364746
provider1|flocal|0|0.19545507431030273
provider1|flocal|0|0.21932148933410645
provider1|ffinal|0|0.19979166984558105
node_provider1|total_time|0|15.352255
node_provider1|loops|0|11
node_provider1|messages|0|6
provider1|min_constraint|0|4
provider1|max_constraint|0|4
provider2|flocal|0|0.3777444362640381
provider2|flocal|0|0.3615860939025879
provider2|flocal|0|0.19555020332336426
provider2|flocal|0|0.19380903244018555
provider2|flocal|0|0.19892525672912598
provider2|flocal|0|0.21771621704101562
provider2|ffinal|0|0.20179152488708496
node_provider2|total_time|0|15.188335
node_provider2|loops|0|11
node_provider2|messages|0|6
provider2|min_constraint|0|4
provider2|max_constraint|0|4
provider3|flocal|0|0.35900115966796875
provider3|flocal|0|0.16586875915527344
provider3|flocal|0|0.17337322235107422
provider3|flocal|0|0.17662954330444336
provider3|flocal|0|0.18683671951293945
provider3|ffinal|0|0.17099475860595703
node_provider3|total_time|0|13.317843
node_provider3|loops|0|12
node_provider3|messages|0|5
provider3|min_constraint|0|4
provider3|max_constraint|0|4
provider4|flocal|0|0.41048765182495117
provider4|flocal|0|0.19437670707702637
provider4|flocal|0|0.20014071464538574
provider4|flocal|0|0.1892704963684082
provider4|flocal|0|0.17910218238830566
provider4|ffinal|0|0.21097803115844727
node_provider4|total_time|0|13.459963
node_provider4|loops|0|13
node_provider4|messages|0|5
provider4|min_constraint|0|4
provider4|max_constraint|0|4
provider5|flocal|0|0.612647294998169
provider5|flocal|0|0.20462560653686523
provider5|flocal|0|0.36086201667785645
provider5|flocal|0|0.17129039764404297
provider5|ffinal|0|0.2131211757659912
node_provider5|total_time|0|12.804176
node_provider5|loops|0|12
node_provider5|messages|0|4
provider5|min_constraint|0|4
provider5|max_constraint|0|4
provider6|flocal|0|0.44365811347961426
provider6|flocal|0|0.19127798080444336
provider6|flocal|0|0.4272172451019287
provider6|flocal|0|0.21635198593139648
provider6|flocal|0|0.1723482608795166
provider6|ffinal|0|0.16787052154541016
node_provider6|total_time|0|13.212506
node_provider6|loops|0|9
node_provider6|messages|0|5
provider6|min_constraint|0|4
provider6|max_constraint|0|4
provider7|flocal|0|0.46183204650878906
provider7|flocal|0|0.5917863845825195
provider7|flocal|0|0.1763620376586914
provider7|flocal|0|0.2117927074432373
provider7|ffinal|0|0.19237542152404785
node_provider7|total_time|0|11.677381
node_provider7|loops|0|7
node_provider7|messages|0|4
provider7|min_constraint|0|4
provider7|max_constraint|0|4
provider8|flocal|0|0.3852412700653076
provider8|flocal|0|0.19582867622375488
provider8|flocal|0|0.1953892707824707
provider8|flocal|0|0.21006441116333008
provider8|ffinal|0|0.19129729270935059
node_provider8|total_time|0|10.972937
node_provider8|loops|0|9
node_provider8|messages|0|4
provider8|min_constraint|0|4
provider8|max_constraint|0|4
provider9|flocal|0|0.7565419673919678
provider9|flocal|0|0.17128729820251465
provider9|flocal|0|0.1887800693511963
provider9|ffinal|0|0.17034649848937988
node_provider9|total_time|0|10.672192
node_provider9|loops|0|8
node_provider9|messages|0|3
provider9|min_constraint|0|4
provider9|max_constraint|0|4
user|flocal|0|0.33719491958618164
user|flocal|0|0.3772404193878174
user|flocal|0|0.33627843856811523
user|flocal|0|0.3561832904815674
user|flocal|0|3.5875816345214844
user|flocal|0|3.6020989418029785
user|ffinal|0|3.7483716011047363
node_user|total_time|0|30.593406
node_user|loops|0|19
node_user|messages|0|150
user|min_constraint|0|31
user|max_constraint|0|31
provider0|flocal|10|0.29241323471069336
provider0|flocal|10|0.2053830623626709
provider0|flocal|10|0.2001786231994629
provider0|flocal|10|0.2020721435546875
provider0|flocal|10|0.17780399322509766
provider0|flocal|10|0.19388079643249512
provider0|ffinal|10|0.1979234218597412
node_provider0|total_time|10|10.910808
node_provider0|loops|10|8
node_provider0|messages|10|6
provider0|min_constraint|10|4
provider0|max_constraint|10|4
provider10|flocal|10|0.2683577537536621
provider10|flocal|10|0.19789838790893555
provider10|flocal|10|0.19306707382202148
provider10|ffinal|10|0.19890904426574707
node_provider10|total_time|10|6.495045
node_provider10|loops|10|3
node_provider10|messages|10|3
provider10|min_constraint|10|4
provider10|max_constraint|10|4
provider11|flocal|10|0.27903318405151367
provider11|flocal|10|0.19454622268676758
provider11|flocal|10|0.19665312767028809
provider11|ffinal|10|0.20143485069274902
node_provider11|total_time|10|5.690541
node_provider11|loops|10|5
node_provider11|messages|10|3
provider11|min_constraint|10|4
provider11|max_constraint|10|4
provider12|flocal|10|0.2621176242828369
provider12|flocal|10|0.1961989402770996
provider12|flocal|10|0.19170641899108887
provider12|ffinal|10|0.19614386558532715
node_provider12|total_time|10|5.062660
node_provider12|loops|10|3
node_provider12|messages|10|3
provider12|min_constraint|10|4
provider12|max_constraint|10|4
provider13|flocal|10|0.2763514518737793
provider13|flocal|10|0.19783926010131836
provider13|flocal|10|0.19706368446350098
provider13|ffinal|10|0.1849222183227539
node_provider13|total_time|10|5.779913
node_provider13|loops|10|4
node_provider13|messages|10|3
provider13|min_constraint|10|4
provider13|max_constraint|10|4
provider14|flocal|10|0.29194164276123047
provider14|flocal|10|0.20413970947265625
provider14|flocal|10|0.1991899013519287
provider14|ffinal|10|0.2019786834716797
node_provider14|total_time|10|5.607453
node_provider14|loops|10|4
node_provider14|messages|10|3
provider14|min_constraint|10|4
provider14|max_constraint|10|4
provider1|flocal|10|0.29126524925231934
provider1|flocal|10|0.20087575912475586
provider1|flocal|10|0.2018880844116211
provider1|flocal|10|0.17025017738342285
provider1|flocal|10|0.1925060749053955
provider1|ffinal|10|0.20371127128601074
node_provider1|total_time|10|11.034431
node_provider1|loops|10|9
node_provider1|messages|10|5
provider1|min_constraint|10|4
provider1|max_constraint|10|4
provider2|flocal|10|0.2872138023376465
provider2|flocal|10|0.1747593879699707
provider2|flocal|10|0.20102572441101074
provider2|flocal|10|0.19732403755187988
provider2|flocal|10|0.19533324241638184
provider2|flocal|10|0.19494390487670898
provider2|ffinal|10|0.19061589241027832
node_provider2|total_time|10|9.637264
node_provider2|loops|10|7
node_provider2|messages|10|5
provider2|min_constraint|10|4
provider2|max_constraint|10|4
provider3|flocal|10|0.22626042366027832
provider3|flocal|10|0.16344904899597168
provider3|flocal|10|0.16872596740722656
provider3|flocal|10|0.16717314720153809
provider3|flocal|10|0.16732454299926758
provider3|flocal|10|0.17314505577087402
provider3|ffinal|10|0.1742722988128662
node_provider3|total_time|10|10.233103
node_provider3|loops|10|10
node_provider3|messages|10|6
provider3|min_constraint|10|4
provider3|max_constraint|10|4
provider4|flocal|10|0.2831234931945801
provider4|flocal|10|0.19803237915039062
provider4|flocal|10|0.2107231616973877
provider4|flocal|10|0.19849157333374023
provider4|flocal|10|0.19760346412658691
provider4|ffinal|10|0.19694113731384277
node_provider4|total_time|10|8.703160
node_provider4|loops|10|7
node_provider4|messages|10|5
provider4|min_constraint|10|4
provider4|max_constraint|10|4
provider5|flocal|10|0.2776665687561035
provider5|flocal|10|0.1995527744293213
provider5|flocal|10|0.19973468780517578
provider5|flocal|10|0.20136380195617676
provider5|ffinal|10|0.19675064086914062
node_provider5|total_time|10|8.593389
node_provider5|loops|10|5
node_provider5|messages|10|4
provider5|min_constraint|10|4
provider5|max_constraint|10|4
provider6|flocal|10|0.28509521484375
provider6|flocal|10|0.19308185577392578
provider6|flocal|10|0.19834136962890625
provider6|flocal|10|0.2026529312133789
provider6|ffinal|10|0.19977068901062012
node_provider6|total_time|10|8.778382
node_provider6|loops|10|8
node_provider6|messages|10|4
provider6|min_constraint|10|4
provider6|max_constraint|10|4
provider7|flocal|10|0.28708672523498535
provider7|flocal|10|0.19131159782409668
provider7|flocal|10|0.19587182998657227
provider7|flocal|10|0.1989881992340088
provider7|flocal|10|0.19663524627685547
provider7|ffinal|10|0.1719684600830078
node_provider7|total_time|10|9.026144
node_provider7|loops|10|6
node_provider7|messages|10|5
provider7|min_constraint|10|4
provider7|max_constraint|10|4
provider8|flocal|10|0.2540605068206787
provider8|flocal|10|0.1704695224761963
provider8|flocal|10|0.17573285102844238
provider8|flocal|10|0.17364144325256348
provider8|ffinal|10|0.17013096809387207
node_provider8|total_time|10|7.525552
node_provider8|loops|10|5
node_provider8|messages|10|4
provider8|min_constraint|10|4
provider8|max_constraint|10|4
provider9|flocal|10|0.28946423530578613
provider9|flocal|10|0.19891715049743652
provider9|flocal|10|0.19413518905639648
provider9|flocal|10|0.2015852928161621
provider9|flocal|10|0.2052929401397705
provider9|ffinal|10|0.1967158317565918
node_provider9|total_time|10|7.485853
node_provider9|loops|10|6
node_provider9|messages|10|5
provider9|min_constraint|10|4
provider9|max_constraint|10|4
user|flocal|10|0.286419153213501
user|flocal|10|0.21271872520446777
user|flocal|10|0.21621322631835938
user|flocal|10|0.24550795555114746
user|flocal|10|0.7414908409118652
user|flocal|10|1.4272725582122803
user|flocal|10|1.4072949886322021
user|ffinal|10|1.4181265830993652
node_user|total_time|10|22.244511
node_user|loops|10|16
node_user|messages|10|180
user|min_constraint|10|31
user|max_constraint|10|31
provider0|flocal|11|0.24521136283874512
provider0|flocal|11|0.16759848594665527
provider0|flocal|11|0.29153871536254883
provider0|flocal|11|0.39766812324523926
provider0|flocal|11|0.1696321964263916
provider0|flocal|11|0.17418885231018066
provider0|ffinal|11|0.16009235382080078
node_provider0|total_time|11|15.266063
node_provider0|loops|11|14
node_provider0|messages|11|6
provider0|min_constraint|11|4
provider0|max_constraint|11|4
provider10|flocal|11|0.26888179779052734
provider10|flocal|11|0.17505526542663574
provider10|flocal|11|0.4044954776763916
provider10|flocal|11|0.17337250709533691
provider10|flocal|11|0.15978240966796875
provider10|ffinal|11|0.1713399887084961
node_provider10|total_time|11|10.269506
node_provider10|loops|11|8
node_provider10|messages|11|5
provider10|min_constraint|11|4
provider10|max_constraint|11|4
provider11|flocal|11|0.2986025810241699
provider11|flocal|11|0.4020507335662842
provider11|flocal|11|0.19904184341430664
provider11|flocal|11|0.19705820083618164
provider11|ffinal|11|0.19602441787719727
node_provider11|total_time|11|9.433296
node_provider11|loops|11|7
node_provider11|messages|11|4
provider11|min_constraint|11|4
provider11|max_constraint|11|4
provider12|flocal|11|0.860621452331543
provider12|flocal|11|0.19875097274780273
provider12|flocal|11|0.2001509666442871
provider12|ffinal|11|0.20087337493896484
node_provider12|total_time|11|8.900887
node_provider12|loops|11|7
node_provider12|messages|11|2
provider12|min_constraint|11|4
provider12|max_constraint|11|4
provider13|flocal|11|0.30854082107543945
provider13|flocal|11|0.2002425193786621
provider13|flocal|11|0.192307710647583
provider13|flocal|11|0.19216203689575195
provider13|ffinal|11|0.1999955177307129
node_provider13|total_time|11|8.463027
node_provider13|loops|11|11
node_provider13|messages|11|4
provider13|min_constraint|11|4
provider13|max_constraint|11|4
provider14|flocal|11|0.43415045738220215
provider14|flocal|11|0.4560420513153076
provider14|flocal|11|0.19737744331359863
provider14|flocal|11|0.20125675201416016
provider14|ffinal|11|0.2019026279449463
node_provider14|total_time|11|9.012600
node_provider14|loops|11|9
node_provider14|messages|11|4
provider14|min_constraint|11|4
provider14|max_constraint|11|4
provider1|flocal|11|0.3630213737487793
provider1|flocal|11|0.5059971809387207
provider1|flocal|11|0.20004749298095703
provider1|flocal|11|0.4035208225250244
provider1|flocal|11|0.18914031982421875
provider1|flocal|11|0.19324111938476562
provider1|ffinal|11|0.20287656784057617
node_provider1|total_time|11|15.225841
node_provider1|loops|11|11
node_provider1|messages|11|6
provider1|min_constraint|11|4
provider1|max_constraint|11|4
provider2|flocal|11|0.2695446014404297
provider2|flocal|11|0.19699764251708984
provider2|flocal|11|0.4483163356781006
provider2|flocal|11|0.19431757926940918
provider2|flocal|11|0.4629535675048828
provider2|flocal|11|0.19912314414978027
provider2|flocal|11|0.19968414306640625
provider2|ffinal|11|0.20250725746154785
node_provider2|total_time|11|13.710474
node_provider2|loops|11|10
node_provider2|messages|11|7
provider2|min_constraint|11|4
provider2|max_constraint|11|4
provider3|flocal|11|0.281203031539917
provider3|flocal|11|0.19373536109924316
provider3|flocal|11|0.20237159729003906
provider3|flocal|11|0.19492530822753906
provider3|flocal|11|0.19391822814941406
provider3|flocal|11|0.17606425285339355
provider3|ffinal|11|0.19577550888061523
node_provider3|total_time|11|13.440931
node_provider3|loops|11|9
node_provider3|messages|11|6
provider3|min_constraint|11|4
provider3|max_constraint|11|4
provider4|flocal|11|0.29064297676086426
provider4|flocal|11|0.19502925872802734
provider4|flocal|11|0.1999526023864746
provider4|flocal|11|0.4568808078765869
provider4|flocal|11|0.19868922233581543
provider4|flocal|11|0.24086380004882812
provider4|ffinal|11|0.2018580436706543
node_provider4|total_time|11|12.714689
node_provider4|loops|11|14
node_provider4|messages|11|6
provider4|min_constraint|11|4
provider4|max_constraint|11|4
provider5|flocal|11|0.29168009757995605
provider5|flocal|11|0.20160484313964844
provider5|flocal|11|0.1890549659729004
provider5|flocal|11|0.19466733932495117
provider5|flocal|11|0.19550633430480957
provider5|flocal|11|0.193403959274292
provider5|ffinal|11|0.19473791122436523
node_provider5|total_time|11|12.567574
node_provider5|loops|11|11
node_provider5|messages|11|6
provider5|min_constraint|11|4
provider5|max_constraint|11|4
provider6|flocal|11|0.25855493545532227
provider6|flocal|11|0.1968395709991455
provider6|flocal|11|0.4602506160736084
provider6|flocal|11|0.19388031959533691
provider6|flocal|11|0.1994333267211914
provider6|flocal|11|0.19342899322509766
provider6|ffinal|11|0.19492435455322266
node_provider6|total_time|11|12.420041
node_provider6|loops|11|9
node_provider6|messages|11|5
provider6|min_constraint|11|4
provider6|max_constraint|11|4
provider7|flocal|11|0.8032138347625732
provider7|flocal|11|0.17743229866027832
provider7|flocal|11|0.17158818244934082
provider7|flocal|11|0.17066550254821777
provider7|flocal|11|0.1727752685546875
provider7|ffinal|11|0.15413141250610352
node_provider7|total_time|11|12.632405
node_provider7|loops|11|9
node_provider7|messages|11|5
provider7|min_constraint|11|4
provider7|max_constraint|11|4
provider8|flocal|11|0.5650146007537842
provider8|flocal|11|0.18851304054260254
provider8|flocal|11|0.1978592872619629
provider8|flocal|11|0.44050168991088867
provider8|flocal|11|0.19216275215148926
provider8|flocal|11|0.19680190086364746
provider8|ffinal|11|0.1981511116027832
node_provider8|total_time|11|10.780458
node_provider8|loops|11|10
node_provider8|messages|11|6
provider8|min_constraint|11|4
provider8|max_constraint|11|4
provider9|flocal|11|0.29254603385925293
provider9|flocal|11|0.4581723213195801
provider9|flocal|11|0.19557666778564453
provider9|flocal|11|0.19548416137695312
provider9|ffinal|11|0.1955103874206543
node_provider9|total_time|11|10.880988
node_provider9|loops|11|6
node_provider9|messages|11|4
provider9|min_constraint|11|4
provider9|max_constraint|11|4
user|flocal|11|0.24294829368591309
user|flocal|11|0.18403840065002441
user|flocal|11|0.5237069129943848
user|flocal|11|0.22193360328674316
user|flocal|11|0.39026570320129395
user|flocal|11|0.3233757019042969
user|flocal|11|1.6973648071289062
user|flocal|11|1.3112921714782715
user|flocal|11|1.3561232089996338
user|ffinal|11|1.31642746925354
node_user|total_time|11|25.801373
node_user|loops|11|19
node_user|messages|11|210
user|min_constraint|11|31
user|max_constraint|11|31
provider0|flocal|12|0.26241493225097656
provider0|flocal|12|0.27258920669555664
provider0|flocal|12|0.2008814811706543
provider0|flocal|12|0.1957709789276123
provider0|flocal|12|0.19710659980773926
provider0|flocal|12|0.20306754112243652
provider0|ffinal|12|0.19681024551391602
node_provider0|total_time|12|12.940763
node_provider0|loops|12|9
node_provider0|messages|12|6
provider0|min_constraint|12|4
provider0|max_constraint|12|4
provider10|flocal|12|0.30313658714294434
provider10|flocal|12|0.1989903450012207
provider10|flocal|12|0.20062780380249023
provider10|flocal|12|0.2000875473022461
provider10|ffinal|12|0.1975090503692627
node_provider10|total_time|12|8.017593
node_provider10|loops|12|6
node_provider10|messages|12|4
provider10|min_constraint|12|4
provider10|max_constraint|12|4
provider11|flocal|12|0.29910755157470703
provider11|flocal|12|0.19438695907592773
provider11|flocal|12|0.1977851390838623
provider11|ffinal|12|0.19855523109436035
node_provider11|total_time|12|7.769794
node_provider11|loops|12|6
node_provider11|messages|12|3
provider11|min_constraint|12|4
provider11|max_constraint|12|4
provider12|flocal|12|0.3000178337097168
provider12|flocal|12|0.1990821361541748
provider12|flocal|12|0.20163941383361816
provider12|ffinal|12|0.19154095649719238
node_provider12|total_time|12|6.683319
node_provider12|loops|12|4
node_provider12|messages|12|2
provider12|min_constraint|12|4
provider12|max_constraint|12|4
provider13|flocal|12|0.30329251289367676
provider13|flocal|12|0.20022201538085938
provider13|flocal|12|0.19779157638549805
provider13|ffinal|12|0.20002532005310059
node_provider13|total_time|12|6.958126
node_provider13|loops|12|4
node_provider13|messages|12|3
provider13|min_constraint|12|4
provider13|max_constraint|12|4
provider14|flocal|12|0.30010199546813965
provider14|flocal|12|0.19641733169555664
provider14|flocal|12|0.19352459907531738
provider14|ffinal|12|0.18985438346862793
node_provider14|total_time|12|5.755330
node_provider14|loops|12|4
node_provider14|messages|12|2
provider14|min_constraint|12|4
provider14|max_constraint|12|4
provider1|flocal|12|0.25995540618896484
provider1|flocal|12|0.1779766082763672
provider1|flocal|12|0.19399476051330566
provider1|flocal|12|0.20359444618225098
provider1|flocal|12|0.2004375457763672
provider1|ffinal|12|0.19652271270751953
node_provider1|total_time|12|11.664179
node_provider1|loops|12|8
node_provider1|messages|12|5
provider1|min_constraint|12|4
provider1|max_constraint|12|4
provider2|flocal|12|0.27962207794189453
provider2|flocal|12|0.19484400749206543
provider2|flocal|12|0.19497394561767578
provider2|flocal|12|0.19492673873901367
provider2|flocal|12|0.19736242294311523
provider2|flocal|12|0.19878888130187988
provider2|ffinal|12|0.1886129379272461
node_provider2|total_time|12|11.846696
node_provider2|loops|12|11
node_provider2|messages|12|6
provider2|min_constraint|12|4
provider2|max_constraint|12|4
provider3|flocal|12|0.2774777412414551
provider3|flocal|12|0.18635129928588867
provider3|flocal|12|0.19960546493530273
provider3|flocal|12|0.20058822631835938
provider3|flocal|12|0.19476985931396484
provider3|ffinal|12|0.19804596900939941
node_provider3|total_time|12|11.470292
node_provider3|loops|12|9
node_provider3|messages|12|5
provider3|min_constraint|12|4
provider3|max_constraint|12|4
provider4|flocal|12|0.28399133682250977
provider4|flocal|12|0.1993556022644043
provider4|flocal|12|0.19842123985290527
provider4|flocal|12|0.1953716278076172
provider4|flocal|12|0.19624614715576172
provider4|ffinal|12|0.191727876663208
node_provider4|total_time|12|10.687197
node_provider4|loops|12|10
node_provider4|messages|12|5
provider4|min_constraint|12|4
provider4|max_constraint|12|4
provider5|flocal|12|0.26090192794799805
provider5|flocal|12|0.20018601417541504
provider5|flocal|12|0.19500231742858887
provider5|flocal|12|0.19972896575927734
provider5|ffinal|12|0.1986236572265625
node_provider5|total_time|12|10.289115
node_provider5|loops|12|7
node_provider5|messages|12|4
provider5|min_constraint|12|4
provider5|max_constraint|12|4
provider6|flocal|12|0.2536466121673584
provider6|flocal|12|0.1985149383544922
provider6|flocal|12|0.19536757469177246
provider6|flocal|12|0.20187735557556152
provider6|flocal|12|0.19562482833862305
provider6|ffinal|12|0.1947307586669922
node_provider6|total_time|12|9.382307
node_provider6|loops|12|7
node_provider6|messages|12|5
provider6|min_constraint|12|4
provider6|max_constraint|12|4
provider7|flocal|12|0.28634047508239746
provider7|flocal|12|0.19527459144592285
provider7|flocal|12|0.19480586051940918
provider7|flocal|12|0.19603729248046875
provider7|ffinal|12|0.20143771171569824
node_provider7|total_time|12|9.488924
node_provider7|loops|12|7
node_provider7|messages|12|4
provider7|min_constraint|12|4
provider7|max_constraint|12|4
provider8|flocal|12|0.2973611354827881
provider8|flocal|12|0.2005155086517334
provider8|flocal|12|0.19897985458374023
provider8|ffinal|12|0.19684576988220215
node_provider8|total_time|12|8.926861
node_provider8|loops|12|6
node_provider8|messages|12|3
provider8|min_constraint|12|4
provider8|max_constraint|12|4
provider9|flocal|12|0.28905677795410156
provider9|flocal|12|0.19551634788513184
provider9|flocal|12|0.19558095932006836
provider9|flocal|12|0.19592905044555664
provider9|ffinal|12|0.19745969772338867
node_provider9|total_time|12|8.668812
node_provider9|loops|12|6
node_provider9|messages|12|4
provider9|min_constraint|12|4
provider9|max_constraint|12|4
user|flocal|12|0.4186885356903076
user|flocal|12|0.21401333808898926
user|flocal|12|0.31355857849121094
user|flocal|12|0.836090087890625
user|flocal|12|1.4194791316986084
user|flocal|12|1.425100564956665
user|ffinal|12|1.418480634689331
node_user|total_time|12|22.916691
node_user|loops|12|19
node_user|messages|12|150
user|min_constraint|12|31
user|max_constraint|12|31
provider0|flocal|13|0.28769993782043457
provider0|flocal|13|0.1978452205657959
provider0|flocal|13|0.19627094268798828
provider0|flocal|13|0.1728501319885254
provider0|flocal|13|0.19531655311584473
provider0|ffinal|13|0.1946554183959961
node_provider0|total_time|13|11.899254
node_provider0|loops|13|7
node_provider0|messages|13|4
provider0|min_constraint|13|4
provider0|max_constraint|13|4
provider10|flocal|13|0.28644418716430664
provider10|flocal|13|0.1951894760131836
provider10|flocal|13|0.19580864906311035
provider10|ffinal|13|0.1985940933227539
node_provider10|total_time|13|7.421395
node_provider10|loops|13|5
node_provider10|messages|13|3
provider10|min_constraint|13|4
provider10|max_constraint|13|4
provider11|flocal|13|0.30224156379699707
provider11|flocal|13|0.19321370124816895
provider11|flocal|13|0.19508671760559082
provider11|ffinal|13|0.3565964698791504
node_provider11|total_time|13|7.472038
node_provider11|loops|13|7
node_provider11|messages|13|3
provider11|min_constraint|13|4
provider11|max_constraint|13|4
provider12|flocal|13|0.2827756404876709
provider12|flocal|13|0.1952061653137207
provider12|flocal|13|0.2012627124786377
provider12|ffinal|13|0.19252371788024902
node_provider12|total_time|13|6.230546
node_provider12|loops|13|3
node_provider12|messages|13|2
provider12|min_constraint|13|4
provider12|max_constraint|13|4
provider13|flocal|13|0.35621190071105957
provider13|flocal|13|0.18578529357910156
provider13|ffinal|13|0.382526159286499
node_provider13|total_time|13|6.602128
node_provider13|loops|13|3
node_provider13|messages|13|2
provider13|min_constraint|13|4
provider13|max_constraint|13|4
provider14|flocal|13|0.29724574089050293
provider14|flocal|13|0.20320892333984375
provider14|flocal|13|0.20400452613830566
provider14|ffinal|13|0.1893908977508545
node_provider14|total_time|13|5.262067
node_provider14|loops|13|4
node_provider14|messages|13|2
provider14|min_constraint|13|4
provider14|max_constraint|13|4
provider1|flocal|13|0.26256394386291504
provider1|flocal|13|0.1930379867553711
provider1|flocal|13|0.19516253471374512
provider1|flocal|13|0.19568967819213867
provider1|ffinal|13|0.18974733352661133
node_provider1|total_time|13|11.520494
node_provider1|loops|13|11
node_provider1|messages|13|4
provider1|min_constraint|13|4
provider1|max_constraint|13|4
provider2|flocal|13|0.28659582138061523
provider2|flocal|13|0.20193719863891602
provider2|flocal|13|0.24275946617126465
provider2|flocal|13|0.19622373580932617
provider2|flocal|13|0.19708657264709473
provider2|ffinal|13|0.19296956062316895
node_provider2|total_time|13|11.148686
node_provider2|loops|13|7
node_provider2|messages|13|5
provider2|min_constraint|13|4
provider2|max_constraint|13|4
provider3|flocal|13|0.27441883087158203
provider3|flocal|13|0.19569873809814453
provider3|flocal|13|0.19151806831359863
provider3|flocal|13|0.2028968334197998
provider3|ffinal|13|0.19545435905456543
node_provider3|total_time|13|10.767093
node_provider3|loops|13|8
node_provider3|messages|13|4
provider3|min_constraint|13|4
provider3|max_constraint|13|4
provider4|flocal|13|0.2880852222442627
provider4|flocal|13|0.19741034507751465
provider4|flocal|13|0.27901434898376465
provider4|flocal|13|0.19855809211730957
provider4|flocal|13|0.197265625
provider4|ffinal|13|0.19827985763549805
node_provider4|total_time|13|11.818495
node_provider4|loops|13|9
node_provider4|messages|13|5
provider4|min_constraint|13|4
provider4|max_constraint|13|4
provider5|flocal|13|0.2800765037536621
provider5|flocal|13|0.19394159317016602
provider5|flocal|13|0.1934044361114502
provider5|flocal|13|0.19598913192749023
provider5|flocal|13|0.19487428665161133
provider5|ffinal|13|0.41889238357543945
node_provider5|total_time|13|10.422458
node_provider5|loops|13|8
node_provider5|messages|13|5
provider5|min_constraint|13|4
provider5|max_constraint|13|4
provider6|flocal|13|0.2797355651855469
provider6|flocal|13|0.20035314559936523
provider6|flocal|13|0.19826984405517578
provider6|ffinal|13|0.22124671936035156
node_provider6|total_time|13|10.011583
node_provider6|loops|13|6
node_provider6|messages|13|3
provider6|min_constraint|13|4
provider6|max_constraint|13|4
provider7|flocal|13|0.22375130653381348
provider7|flocal|13|0.17148470878601074
provider7|flocal|13|0.17089605331420898
provider7|flocal|13|0.17516112327575684
provider7|ffinal|13|0.16672301292419434
node_provider7|total_time|13|9.639840
node_provider7|loops|13|8
node_provider7|messages|13|4
provider7|min_constraint|13|4
provider7|max_constraint|13|4
provider8|flocal|13|0.2913031578063965
provider8|flocal|13|0.19471168518066406
provider8|flocal|13|0.1978895664215088
provider8|ffinal|13|0.1971297264099121
node_provider8|total_time|13|8.502481
node_provider8|loops|13|6
node_provider8|messages|13|3
provider8|min_constraint|13|4
provider8|max_constraint|13|4
provider9|flocal|13|0.30258679389953613
provider9|flocal|13|0.18767452239990234
provider9|flocal|13|0.1993420124053955
provider9|flocal|13|0.20047807693481445
provider9|ffinal|13|0.1862928867340088
node_provider9|total_time|13|8.172801
node_provider9|loops|13|7
node_provider9|messages|13|4
provider9|min_constraint|13|4
provider9|max_constraint|13|4
user|flocal|13|0.2730846405029297
user|flocal|13|0.21834039688110352
user|flocal|13|0.21848845481872559
user|flocal|13|0.27637672424316406
user|flocal|13|0.2806830406188965
user|flocal|13|0.8929843902587891
user|flocal|13|0.9128406047821045
user|ffinal|13|1.0849566459655762
node_user|total_time|13|22.690299
node_user|loops|13|19
node_user|messages|13|150
user|min_constraint|13|31
user|max_constraint|13|31
provider0|flocal|14|0.2893505096435547
provider0|flocal|14|0.19247007369995117
provider0|flocal|14|0.2002720832824707
provider0|flocal|14|0.3025937080383301
provider0|flocal|14|0.19983911514282227
provider0|flocal|14|0.20296096801757812
provider0|ffinal|14|0.17649555206298828
node_provider0|total_time|14|12.166148
node_provider0|loops|14|10
node_provider0|messages|14|6
provider0|min_constraint|14|4
provider0|max_constraint|14|4
provider10|flocal|14|0.3138694763183594
provider10|flocal|14|0.19602060317993164
provider10|flocal|14|0.1951310634613037
provider10|ffinal|14|0.19806694984436035
node_provider10|total_time|14|7.510149
node_provider10|loops|14|5
node_provider10|messages|14|3
provider10|min_constraint|14|4
provider10|max_constraint|14|4
provider11|flocal|14|0.5257766246795654
provider11|flocal|14|0.20522785186767578
provider11|flocal|14|0.19883203506469727
provider11|ffinal|14|0.19951224327087402
node_provider11|total_time|14|6.396617
node_provider11|loops|14|5
node_provider11|messages|14|3
provider11|min_constraint|14|4
provider11|max_constraint|14|4
provider12|flocal|14|0.2890779972076416
provider12|flocal|14|0.19812583923339844
provider12|ffinal|14|0.19371366500854492
node_provider12|total_time|14|5.735023
node_provider12|loops|14|4
node_provider12|messages|14|2
provider12|min_constraint|14|4
provider12|max_constraint|14|4
provider13|flocal|14|0.2940330505371094
provider13|flocal|14|0.2049083709716797
provider13|flocal|14|0.19820141792297363
provider13|ffinal|14|0.19828367233276367
node_provider13|total_time|14|6.466563
node_provider13|loops|14|4
node_provider13|messages|14|3
provider13|min_constraint|14|4
provider13|max_constraint|14|4
provider14|flocal|14|0.2934732437133789
provider14|flocal|14|0.19727015495300293
provider14|ffinal|14|0.19046235084533691
node_provider14|total_time|14|4.365178
node_provider14|loops|14|3
node_provider14|messages|14|2
provider14|min_constraint|14|4
provider14|max_constraint|14|4
provider1|flocal|14|0.2854037284851074
provider1|flocal|14|0.2011854648590088
provider1|flocal|14|0.19591760635375977
provider1|flocal|14|0.1980447769165039
provider1|flocal|14|0.1992330551147461
provider1|ffinal|14|0.44866061210632324
node_provider1|total_time|14|12.586757
node_provider1|loops|14|10
node_provider1|messages|14|5
provider1|min_constraint|14|4
provider1|max_constraint|14|4
provider2|flocal|14|0.29206323623657227
provider2|flocal|14|0.19583845138549805
provider2|flocal|14|0.19356608390808105
provider2|flocal|14|0.19431781768798828
provider2|flocal|14|0.19721555709838867
provider2|ffinal|14|0.19715356826782227
node_provider2|total_time|14|10.420092
node_provider2|loops|14|7
node_provider2|messages|14|5
provider2|min_constraint|14|4
provider2|max_constraint|14|4
provider3|flocal|14|0.3068835735321045
provider3|flocal|14|0.19691109657287598
provider3|flocal|14|0.18930649757385254
provider3|flocal|14|0.19608354568481445
provider3|flocal|14|0.200636625289917
provider3|ffinal|14|0.19150543212890625
node_provider3|total_time|14|9.641240
node_provider3|loops|14|7
node_provider3|messages|14|4
provider3|min_constraint|14|4
provider3|max_constraint|14|4
provider4|flocal|14|0.2882883548736572
provider4|flocal|14|0.19280290603637695
provider4|flocal|14|0.3221251964569092
provider4|flocal|14|0.2012922763824463
provider4|flocal|14|0.19703245162963867
provider4|ffinal|14|0.2018139362335205
node_provider4|total_time|14|10.056893
node_provider4|loops|14|7
node_provider4|messages|14|5
provider4|min_constraint|14|4
provider4|max_constraint|14|4
provider5|flocal|14|0.30761051177978516
provider5|flocal|14|0.4055821895599365
provider5|flocal|14|0.1985640525817871
provider5|ffinal|14|0.19734430313110352
node_provider5|total_time|14|8.930056
node_provider5|loops|14|7
node_provider5|messages|14|3
provider5|min_constraint|14|4
provider5|max_constraint|14|4
provider6|flocal|14|0.3105149269104004
provider6|flocal|14|0.38576436042785645
provider6|flocal|14|0.20305180549621582
provider6|ffinal|14|0.20030713081359863
node_provider6|total_time|14|8.392321
node_provider6|loops|14|8
node_provider6|messages|14|3
provider6|min_constraint|14|4
provider6|max_constraint|14|4
provider7|flocal|14|0.5026631355285645
provider7|flocal|14|0.19531631469726562
provider7|flocal|14|0.19882607460021973
provider7|flocal|14|0.20124435424804688
provider7|flocal|14|0.19427943229675293
provider7|ffinal|14|0.20188522338867188
node_provider7|total_time|14|8.695325
node_provider7|loops|14|6
node_provider7|messages|14|5
provider7|min_constraint|14|4
provider7|max_constraint|14|4
provider8|flocal|14|0.29907917976379395
provider8|flocal|14|0.19513821601867676
provider8|flocal|14|0.19544720649719238
provider8|ffinal|14|0.19586825370788574
node_provider8|total_time|14|7.519301
node_provider8|loops|14|4
node_provider8|messages|14|3
provider8|min_constraint|14|4
provider8|max_constraint|14|4
provider9|flocal|14|0.29843688011169434
provider9|flocal|14|0.20077204704284668
provider9|flocal|14|0.19406890869140625
provider9|ffinal|14|0.20258450508117676
node_provider9|total_time|14|8.060715
node_provider9|loops|14|5
node_provider9|messages|14|3
provider9|min_constraint|14|4
provider9|max_constraint|14|4
user|flocal|14|0.5998287200927734
user|flocal|14|0.2108464241027832
user|flocal|14|0.20857810974121094
user|flocal|14|0.20953774452209473
user|flocal|14|0.29901814460754395
user|flocal|14|0.3145933151245117
user|flocal|14|0.30249691009521484
user|flocal|14|0.3139641284942627
user|flocal|14|0.2910947799682617
user|ffinal|14|0.29456520080566406
node_user|total_time|14|20.389218
node_user|loops|14|18
node_user|messages|14|180
user|min_constraint|14|31
user|max_constraint|14|31
provider0|flocal|1|0.2799341678619385
provider0|flocal|1|0.19758820533752441
provider0|flocal|1|0.19809389114379883
provider0|flocal|1|0.20117640495300293
provider0|ffinal|1|0.19898581504821777
node_provider0|total_time|1|10.175590
node_provider0|loops|1|8
node_provider0|messages|1|4
provider0|min_constraint|1|4
provider0|max_constraint|1|4
provider10|flocal|1|0.300037145614624
provider10|flocal|1|0.1921689510345459
provider10|flocal|1|0.19887924194335938
provider10|ffinal|1|0.19960284233093262
node_provider10|total_time|1|6.803840
node_provider10|loops|1|3
node_provider10|messages|1|3
provider10|min_constraint|1|4
provider10|max_constraint|1|4
provider11|flocal|1|0.28147053718566895
provider11|flocal|1|0.1981191635131836
provider11|flocal|1|0.19760346412658691
provider11|ffinal|1|0.20630908012390137
node_provider11|total_time|1|6.123559
node_provider11|loops|1|6
node_provider11|messages|1|3
provider11|min_constraint|1|4
provider11|max_constraint|1|4
provider12|flocal|1|0.2858724594116211
provider12|flocal|1|0.19344067573547363
provider12|flocal|1|0.19829297065734863
provider12|ffinal|1|0.1930248737335205
node_provider12|total_time|1|4.544308
node_provider12|loops|1|2
node_provider12|messages|1|2
provider12|min_constraint|1|4
provider12|max_constraint|1|4
provider13|flocal|1|0.2857820987701416
provider13|flocal|1|0.20510435104370117
provider13|ffinal|1|0.20169615745544434
node_provider13|total_time|1|5.382639
node_provider13|loops|1|3
node_provider13|messages|1|2
provider13|min_constraint|1|4
provider13|max_constraint|1|4
provider14|flocal|1|0.3051784038543701
provider14|flocal|1|0.19819879531860352
provider14|ffinal|1|0.19221925735473633
node_provider14|total_time|1|3.635815
node_provider14|loops|1|2
node_provider14|messages|1|2
provider14|min_constraint|1|4
provider14|max_constraint|1|4
provider1|flocal|1|0.2929267883300781
provider1|flocal|1|0.1950061321258545
provider1|flocal|1|0.18292593955993652
provider1|flocal|1|0.18221378326416016
provider1|flocal|1|0.19810724258422852
provider1|flocal|1|0.19658136367797852
provider1|ffinal|1|0.19327950477600098
node_provider1|total_time|1|9.618342
node_provider1|loops|1|7
node_provider1|messages|1|5
provider1|min_constraint|1|4
provider1|max_constraint|1|4
provider2|flocal|1|0.27974772453308105
provider2|flocal|1|0.19308829307556152
provider2|flocal|1|0.19652318954467773
provider2|flocal|1|0.19031977653503418
provider2|flocal|1|0.21067118644714355
provider2|ffinal|1|0.19309782981872559
node_provider2|total_time|1|9.573171
node_provider2|loops|1|7
node_provider2|messages|1|5
provider2|min_constraint|1|4
provider2|max_constraint|1|4
provider3|flocal|1|0.27207255363464355
provider3|flocal|1|0.19854187965393066
provider3|flocal|1|0.1984245777130127
provider3|flocal|1|0.19983792304992676
provider3|flocal|1|0.1988530158996582
provider3|ffinal|1|0.19887089729309082
node_provider3|total_time|1|8.765158
node_provider3|loops|1|8
node_provider3|messages|1|4
provider3|min_constraint|1|4
provider3|max_constraint|1|4
provider4|flocal|1|0.2795445919036865
provider4|flocal|1|0.17348098754882812
provider4|flocal|1|0.17420530319213867
provider4|ffinal|1|0.16806983947753906
node_provider4|total_time|1|8.489494
node_provider4|loops|1|8
node_provider4|messages|1|3
provider4|min_constraint|1|4
provider4|max_constraint|1|4
provider5|flocal|1|0.29438042640686035
provider5|flocal|1|0.19856929779052734
provider5|flocal|1|0.19637560844421387
provider5|flocal|1|0.19188475608825684
provider5|flocal|1|0.19532084465026855
provider5|ffinal|1|0.18982291221618652
node_provider5|total_time|1|7.922211
node_provider5|loops|1|6
node_provider5|messages|1|4
provider5|min_constraint|1|4
provider5|max_constraint|1|4
provider6|flocal|1|0.2554919719696045
provider6|flocal|1|0.17620444297790527
provider6|flocal|1|0.17300057411193848
provider6|flocal|1|0.1736588478088379
provider6|ffinal|1|0.17838072776794434
node_provider6|total_time|1|7.641910
node_provider6|loops|1|6
node_provider6|messages|1|4
provider6|min_constraint|1|4
provider6|max_constraint|1|4
provider7|flocal|1|0.29990291595458984
provider7|flocal|1|0.17378783226013184
provider7|flocal|1|0.19785332679748535
provider7|ffinal|1|0.197190523147583
node_provider7|total_time|1|6.896248
node_provider7|loops|1|9
node_provider7|messages|1|3
provider7|min_constraint|1|4
provider7|max_constraint|1|4
provider8|flocal|1|0.30446720123291016
provider8|flocal|1|0.19412612915039062
provider8|flocal|1|0.19742608070373535
provider8|ffinal|1|0.19543933868408203
node_provider8|total_time|1|6.621832
node_provider8|loops|1|4
node_provider8|messages|1|3
provider8|min_constraint|1|4
provider8|max_constraint|1|4
provider9|flocal|1|0.29633569717407227
provider9|flocal|1|0.19441676139831543
provider9|flocal|1|0.20038199424743652
provider9|ffinal|1|0.18138885498046875
node_provider9|total_time|1|7.478274
node_provider9|loops|1|6
node_provider9|messages|1|3
provider9|min_constraint|1|4
provider9|max_constraint|1|4
user|flocal|1|0.24968671798706055
user|flocal|1|0.19876861572265625
user|flocal|1|0.2174818515777588
user|flocal|1|0.7408828735351562
user|flocal|1|0.6887619495391846
user|ffinal|1|0.6891720294952393
node_user|total_time|1|19.855491
node_user|loops|1|15
node_user|messages|1|150
user|min_constraint|1|31
user|max_constraint|1|31
provider0|flocal|2|0.29644227027893066
provider0|flocal|2|0.2016301155090332
provider0|flocal|2|0.2046961784362793
provider0|flocal|2|0.19796037673950195
provider0|flocal|2|0.19800424575805664
provider0|flocal|2|0.19649553298950195
provider0|ffinal|2|0.17361950874328613
node_provider0|total_time|2|13.409530
node_provider0|loops|2|10
node_provider0|messages|2|6
provider0|min_constraint|2|4
provider0|max_constraint|2|4
provider10|flocal|2|0.3825364112854004
provider10|flocal|2|0.19561195373535156
provider10|flocal|2|0.19688868522644043
provider10|flocal|2|0.19378161430358887
provider10|ffinal|2|0.1950826644897461
node_provider10|total_time|2|7.825568
node_provider10|loops|2|5
node_provider10|messages|2|4
provider10|min_constraint|2|4
provider10|max_constraint|2|4
provider11|flocal|2|0.2874743938446045
provider11|flocal|2|0.19175505638122559
provider11|flocal|2|0.32178640365600586
provider11|ffinal|2|0.19783425331115723
node_provider11|total_time|2|7.236408
node_provider11|loops|2|4
node_provider11|messages|2|3
provider11|min_constraint|2|4
provider11|max_constraint|2|4
provider12|flocal|2|0.30593109130859375
provider12|flocal|2|0.19980192184448242
provider12|flocal|2|0.19353604316711426
provider12|ffinal|2|0.18414568901062012
node_provider12|total_time|2|7.201756
node_provider12|loops|2|6
node_provider12|messages|2|3
provider12|min_constraint|2|4
provider12|max_constraint|2|4
provider13|flocal|2|0.29631710052490234
provider13|flocal|2|0.28229856491088867
provider13|flocal|2|0.37499570846557617
provider13|ffinal|2|0.2008514404296875
node_provider13|total_time|2|7.221735
node_provider13|loops|2|7
node_provider13|messages|2|3
provider13|min_constraint|2|4
provider13|max_constraint|2|4
provider14|flocal|2|0.2989518642425537
provider14|flocal|2|0.196638822555542
provider14|flocal|2|0.19897031784057617
provider14|ffinal|2|0.1920487880706787
node_provider14|total_time|2|5.484734
node_provider14|loops|2|3
node_provider14|messages|2|3
provider14|min_constraint|2|4
provider14|max_constraint|2|4
provider1|flocal|2|0.2992069721221924
provider1|flocal|2|0.19630789756774902
provider1|flocal|2|0.28588080406188965
provider1|flocal|2|0.2012159824371338
provider1|flocal|2|0.3449373245239258
provider1|flocal|2|0.17777132987976074
provider1|ffinal|2|0.1944723129272461
node_provider1|total_time|2|11.886737
node_provider1|loops|2|9
node_provider1|messages|2|5
provider1|min_constraint|2|4
provider1|max_constraint|2|4
provider2|flocal|2|0.29555249214172363
provider2|flocal|2|0.19357037544250488
provider2|flocal|2|0.19773292541503906
provider2|flocal|2|0.18869519233703613
provider2|flocal|2|0.19803142547607422
provider2|ffinal|2|0.19708847999572754
node_provider2|total_time|2|12.172083
node_provider2|loops|2|8
node_provider2|messages|2|5
provider2|min_constraint|2|4
provider2|max_constraint|2|4
provider3|flocal|2|0.2959268093109131
provider3|flocal|2|0.19679021835327148
provider3|flocal|2|0.194138765335083
provider3|flocal|2|0.17638587951660156
provider3|flocal|2|0.1983020305633545
provider3|flocal|2|0.19674229621887207
provider3|ffinal|2|0.19632744789123535
node_provider3|total_time|2|11.559716
node_provider3|loops|2|8
node_provider3|messages|2|6
provider3|min_constraint|2|4
provider3|max_constraint|2|4
provider4|flocal|2|0.28289246559143066
provider4|flocal|2|0.19811129570007324
provider4|flocal|2|0.1882948875427246
provider4|flocal|2|0.19148588180541992
provider4|flocal|2|0.2002859115600586
provider4|ffinal|2|0.2007296085357666
node_provider4|total_time|2|11.809711
node_provider4|loops|2|12
node_provider4|messages|2|5
provider4|min_constraint|2|4
provider4|max_constraint|2|4
provider5|flocal|2|0.2952308654785156
provider5|flocal|2|0.31209540367126465
provider5|flocal|2|0.19056105613708496
provider5|flocal|2|0.19508886337280273
provider5|flocal|2|0.19292306900024414
provider5|ffinal|2|0.1955866813659668
node_provider5|total_time|2|10.263359
node_provider5|loops|2|7
node_provider5|messages|2|5
provider5|min_constraint|2|4
provider5|max_constraint|2|4
provider6|flocal|2|0.29164838790893555
provider6|flocal|2|0.3073127269744873
provider6|flocal|2|0.1984860897064209
provider6|flocal|2|0.18440961837768555
provider6|flocal|2|0.1950078010559082
provider6|ffinal|2|0.1996920108795166
node_provider6|total_time|2|9.702856
node_provider6|loops|2|6
node_provider6|messages|2|5
provider6|min_constraint|2|4
provider6|max_constraint|2|4
provider7|flocal|2|0.2781376838684082
provider7|flocal|2|0.17313575744628906
provider7|flocal|2|0.345628023147583
provider7|flocal|2|0.1662898063659668
provider7|ffinal|2|0.17371463775634766
node_provider7|total_time|2|9.327193
node_provider7|loops|2|4
node_provider7|messages|2|4
provider7|min_constraint|2|4
provider7|max_constraint|2|4
provider8|flocal|2|0.41457700729370117
provider8|flocal|2|0.18748998641967773
provider8|flocal|2|0.29196834564208984
provider8|flocal|2|0.1999797821044922
provider8|ffinal|2|0.19502472877502441
node_provider8|total_time|2|9.518836
node_provider8|loops|2|5
node_provider8|messages|2|4
provider8|min_constraint|2|4
provider8|max_constraint|2|4
provider9|flocal|2|0.29295873641967773
provider9|flocal|2|0.19609928131103516
provider9|flocal|2|0.1897268295288086
provider9|flocal|2|0.19184494018554688
provider9|flocal|2|0.19170594215393066
provider9|ffinal|2|0.19077849388122559
node_provider9|total_time|2|8.124411
node_provider9|loops|2|9
node_provider9|messages|2|5
provider9|min_constraint|2|4
provider9|max_constraint|2|4
user|flocal|2|0.2894608974456787
user|flocal|2|0.2279360294342041
user|flocal|2|0.30991530418395996
user|flocal|2|0.2926216125488281
user|flocal|2|0.9709148406982422
user|flocal|2|0.30602455139160156
user|flocal|2|0.2993166446685791
user|ffinal|2|0.2996547222137451
node_user|total_time|2|21.460240
node_user|loops|2|17
node_user|messages|2|150
user|min_constraint|2|31
user|max_constraint|2|31
provider0|flocal|3|0.2714047431945801
provider0|flocal|3|0.19934773445129395
provider0|flocal|3|0.19724678993225098
provider0|flocal|3|0.19749236106872559
provider0|flocal|3|0.19940996170043945
provider0|flocal|3|0.1930251121520996
provider0|ffinal|3|0.19116950035095215
node_provider0|total_time|3|12.188377
node_provider0|loops|3|9
node_provider0|messages|3|6
provider0|min_constraint|3|4
provider0|max_constraint|3|4
provider10|flocal|3|0.29007577896118164
provider10|flocal|3|0.19515132904052734
provider10|flocal|3|0.20488190650939941
provider10|ffinal|3|0.19910287857055664
node_provider10|total_time|3|7.739502
node_provider10|loops|3|5
node_provider10|messages|3|3
provider10|min_constraint|3|4
provider10|max_constraint|3|4
provider11|flocal|3|0.2858774662017822
provider11|flocal|3|0.1936173439025879
provider11|flocal|3|0.19914484024047852
provider11|flocal|3|0.20023655891418457
provider11|ffinal|3|0.19449591636657715
node_provider11|total_time|3|6.363612
node_provider11|loops|3|6
node_provider11|messages|3|4
provider11|min_constraint|3|4
provider11|max_constraint|3|4
provider12|flocal|3|0.2667231559753418
provider12|flocal|3|0.1972358226776123
provider12|flocal|3|0.1983182430267334
provider12|ffinal|3|0.1970813274383545
node_provider12|total_time|3|5.865351
node_provider12|loops|3|4
node_provider12|messages|3|3
provider12|min_constraint|3|4
provider12|max_constraint|3|4
provider13|flocal|3|0.2886366844177246
provider13|flocal|3|0.18880820274353027
provider13|flocal|3|0.1961050033569336
provider13|ffinal|3|0.19356894493103027
node_provider13|total_time|3|5.316608
node_provider13|loops|3|5
node_provider13|messages|3|2
provider13|min_constraint|3|4
provider13|max_constraint|3|4
provider14|flocal|3|0.3023953437805176
provider14|flocal|3|0.19089937210083008
provider14|flocal|3|0.19401884078979492
provider14|flocal|3|0.19735479354858398
provider14|ffinal|3|0.19301772117614746
node_provider14|total_time|3|5.035260
node_provider14|loops|3|5
node_provider14|messages|3|4
provider14|min_constraint|3|4
provider14|max_constraint|3|4
provider1|flocal|3|0.3253180980682373
provider1|flocal|3|0.2950773239135742
provider1|flocal|3|0.1990647315979004
provider1|flocal|3|0.19593524932861328
provider1|flocal|3|0.19550347328186035
provider1|flocal|3|0.20223140716552734
provider1|ffinal|3|0.19971251487731934
node_provider1|total_time|3|12.021886
node_provider1|loops|3|9
node_provider1|messages|3|6
provider1|min_constraint|3|4
provider1|max_constraint|3|4
provider2|flocal|3|0.3106975555419922
provider2|flocal|3|0.1780388355255127
provider2|flocal|3|0.2026681900024414
provider2|flocal|3|0.1980581283569336
provider2|flocal|3|0.19836878776550293
provider2|ffinal|3|0.19580745697021484
node_provider2|total_time|3|11.094610
node_provider2|loops|3|8
node_provider2|messages|3|5
provider2|min_constraint|3|4
provider2|max_constraint|3|4
provider3|flocal|3|0.3232698440551758
provider3|flocal|3|0.19603347778320312
provider3|flocal|3|0.1976470947265625
provider3|flocal|3|0.19901132583618164
provider3|ffinal|3|0.1873929500579834
node_provider3|total_time|3|9.626372
node_provider3|loops|3|5
node_provider3|messages|3|4
provider3|min_constraint|3|4
provider3|max_constraint|3|4
provider4|flocal|3|0.2898831367492676
provider4|flocal|3|0.1952371597290039
provider4|flocal|3|0.19582819938659668
provider4|flocal|3|0.19428515434265137
provider4|flocal|3|0.19684696197509766
provider4|ffinal|3|0.20142626762390137
node_provider4|total_time|3|11.068816
node_provider4|loops|3|10
node_provider4|messages|3|5
provider4|min_constraint|3|4
provider4|max_constraint|3|4
provider5|flocal|3|0.27831363677978516
provider5|flocal|3|0.1955547332763672
provider5|flocal|3|0.19281339645385742
provider5|flocal|3|0.20017123222351074
provider5|flocal|3|0.20013856887817383
provider5|flocal|3|0.19982075691223145
provider5|ffinal|3|0.1994009017944336
node_provider5|total_time|3|9.880047
node_provider5|loops|3|9
node_provider5|messages|3|6
provider5|min_constraint|3|4
provider5|max_constraint|3|4
provider6|flocal|3|0.2804439067840576
provider6|flocal|3|0.19208192825317383
provider6|flocal|3|0.19829988479614258
provider6|flocal|3|0.19426918029785156
provider6|ffinal|3|0.1929776668548584
node_provider6|total_time|3|8.737220
node_provider6|loops|3|5
node_provider6|messages|3|4
provider6|min_constraint|3|4
provider6|max_constraint|3|4
provider7|flocal|3|0.29970216751098633
provider7|flocal|3|0.2001805305480957
provider7|flocal|3|0.19874858856201172
provider7|flocal|3|0.19974780082702637
provider7|ffinal|3|0.2007920742034912
node_provider7|total_time|3|8.161127
node_provider7|loops|3|5
node_provider7|messages|3|4
provider7|min_constraint|3|4
provider7|max_constraint|3|4
provider8|flocal|3|0.28305506706237793
provider8|flocal|3|0.19724154472351074
provider8|flocal|3|0.19479894638061523
provider8|flocal|3|0.19597244262695312
provider8|ffinal|3|0.1975264549255371
node_provider8|total_time|3|8.088704
node_provider8|loops|3|4
node_provider8|messages|3|4
provider8|min_constraint|3|4
provider8|max_constraint|3|4
provider9|flocal|3|0.28918027877807617
provider9|flocal|3|0.19835138320922852
provider9|flocal|3|0.2076871395111084
provider9|ffinal|3|0.19528961181640625
node_provider9|total_time|3|7.772943
node_provider9|loops|3|6
node_provider9|messages|3|3
provider9|min_constraint|3|4
provider9|max_constraint|3|4
user|flocal|3|0.2731924057006836
user|flocal|3|0.23275160789489746
user|flocal|3|0.397214412689209
user|flocal|3|0.3648850917816162
user|flocal|3|0.8747315406799316
user|ffinal|3|0.8749852180480957
node_user|total_time|3|22.174791
node_user|loops|3|14
node_user|messages|3|150
user|min_constraint|3|31
user|max_constraint|3|31
provider0|flocal|4|0.28755855560302734
provider0|flocal|4|0.20357775688171387
provider0|flocal|4|0.1972496509552002
provider0|flocal|4|0.19791603088378906
provider0|flocal|4|0.1884748935699463
provider0|flocal|4|0.1912059783935547
provider0|ffinal|4|0.19791722297668457
node_provider0|total_time|4|17.409639
node_provider0|loops|4|11
node_provider0|messages|4|6
provider0|min_constraint|4|4
provider0|max_constraint|4|4
provider10|flocal|4|0.2811117172241211
provider10|flocal|4|0.19182538986206055
provider10|flocal|4|0.1988050937652588
provider10|flocal|4|0.19674205780029297
provider10|ffinal|4|0.19597673416137695
node_provider10|total_time|4|12.211845
node_provider10|loops|4|11
node_provider10|messages|4|4
provider10|min_constraint|4|4
provider10|max_constraint|4|4
provider11|flocal|4|0.2859232425689697
provider11|flocal|4|0.20203590393066406
provider11|flocal|4|0.19790315628051758
provider11|ffinal|4|0.19717001914978027
node_provider11|total_time|4|12.022166
node_provider11|loops|4|9
node_provider11|messages|4|3
provider11|min_constraint|4|4
provider11|max_constraint|4|4
provider12|flocal|4|0.27939581871032715
provider12|flocal|4|0.19477343559265137
provider12|flocal|4|0.19852495193481445
provider12|ffinal|4|0.20334434509277344
node_provider12|total_time|4|12.033741
node_provider12|loops|4|9
node_provider12|messages|4|3
provider12|min_constraint|4|4
provider12|max_constraint|4|4
provider13|flocal|4|0.3023831844329834
provider13|flocal|4|0.1996469497680664
provider13|flocal|4|0.2498610019683838
provider13|ffinal|4|0.1878821849822998
node_provider13|total_time|4|9.783726
node_provider13|loops|4|9
node_provider13|messages|4|3
provider13|min_constraint|4|4
provider13|max_constraint|4|4
provider14|flocal|4|0.3063373565673828
provider14|flocal|4|0.20249390602111816
provider14|flocal|4|0.1992645263671875
provider14|ffinal|4|0.19467973709106445
node_provider14|total_time|4|9.743149
node_provider14|loops|4|6
node_provider14|messages|4|3
provider14|min_constraint|4|4
provider14|max_constraint|4|4
provider1|flocal|4|0.24840521812438965
provider1|flocal|4|0.17264699935913086
provider1|flocal|4|0.1753404140472412
provider1|flocal|4|0.16735553741455078
provider1|flocal|4|0.17320775985717773
provider1|flocal|4|0.17450165748596191
provider1|flocal|4|0.17418456077575684
provider1|ffinal|4|0.18001246452331543
node_provider1|total_time|4|15.982317
node_provider1|loops|4|13
node_provider1|messages|4|6
provider1|min_constraint|4|4
provider1|max_constraint|4|4
provider2|flocal|4|0.28524017333984375
provider2|flocal|4|0.1938800811767578
provider2|flocal|4|0.19649791717529297
provider2|flocal|4|0.1967942714691162
provider2|flocal|4|0.1955738067626953
provider2|ffinal|4|0.19534015655517578
node_provider2|total_time|4|16.512575
node_provider2|loops|4|12
node_provider2|messages|4|5
provider2|min_constraint|4|4
provider2|max_constraint|4|4
provider3|flocal|4|0.2821664810180664
provider3|flocal|4|0.19694185256958008
provider3|flocal|4|0.19417142868041992
provider3|flocal|4|0.1930677890777588
provider3|flocal|4|0.19380640983581543
provider3|ffinal|4|0.1993401050567627
node_provider3|total_time|4|15.170082
node_provider3|loops|4|13
node_provider3|messages|4|5
provider3|min_constraint|4|4
provider3|max_constraint|4|4
provider4|flocal|4|0.28137660026550293
provider4|flocal|4|0.1951296329498291
provider4|flocal|4|0.19523978233337402
provider4|flocal|4|0.19785642623901367
provider4|flocal|4|0.18212008476257324
provider4|ffinal|4|0.1891007423400879
node_provider4|total_time|4|13.881382
node_provider4|loops|4|12
node_provider4|messages|4|5
provider4|min_constraint|4|4
provider4|max_constraint|4|4
provider5|flocal|4|0.24234914779663086
provider5|flocal|4|0.1735095977783203
provider5|flocal|4|0.1738419532775879
provider5|flocal|4|0.16536641120910645
provider5|ffinal|4|0.17510604858398438
node_provider5|total_time|4|14.294263
node_provider5|loops|4|13
node_provider5|messages|4|4
provider5|min_constraint|4|4
provider5|max_constraint|4|4
provider6|flocal|4|0.2771315574645996
provider6|flocal|4|0.19291901588439941
provider6|flocal|4|0.19788622856140137
provider6|flocal|4|0.20259523391723633
provider6|ffinal|4|0.19835543632507324
node_provider6|total_time|4|13.043842
node_provider6|loops|4|8
node_provider6|messages|4|4
provider6|min_constraint|4|4
provider6|max_constraint|4|4
provider7|flocal|4|0.29112839698791504
provider7|flocal|4|0.19936585426330566
provider7|flocal|4|0.19207310676574707
provider7|flocal|4|0.19110846519470215
provider7|ffinal|4|0.20019173622131348
node_provider7|total_time|4|13.745138
node_provider7|loops|4|9
node_provider7|messages|4|4
provider7|min_constraint|4|4
provider7|max_constraint|4|4
provider8|flocal|4|0.265625
provider8|flocal|4|0.19742846488952637
provider8|flocal|4|0.19386506080627441
provider8|flocal|4|0.1956179141998291
provider8|ffinal|4|0.20028328895568848
node_provider8|total_time|4|13.225899
node_provider8|loops|4|13
node_provider8|messages|4|4
provider8|min_constraint|4|4
provider8|max_constraint|4|4
provider9|flocal|4|0.3033323287963867
provider9|flocal|4|0.19737005233764648
provider9|flocal|4|0.1935725212097168
provider9|ffinal|4|0.19768476486206055
node_provider9|total_time|4|12.876573
node_provider9|loops|4|11
node_provider9|messages|4|3
provider9|min_constraint|4|4
provider9|max_constraint|4|4
user|flocal|4|0.27728772163391113
user|flocal|4|0.20543861389160156
user|flocal|4|0.21254420280456543
user|flocal|4|0.3609328269958496
user|flocal|4|1.1392874717712402
user|flocal|4|4.313522100448608
user|flocal|4|4.284884691238403
user|ffinal|4|4.3216872215271
node_user|total_time|4|33.435024
node_user|loops|4|13
node_user|messages|4|180
user|min_constraint|4|31
user|max_constraint|4|31
provider0|flocal|5|0.28656482696533203
provider0|flocal|5|0.20046544075012207
provider0|flocal|5|0.1806502342224121
provider0|flocal|5|0.20312213897705078
provider0|flocal|5|0.19560885429382324
provider0|ffinal|5|0.19951367378234863
node_provider0|total_time|5|14.385359
node_provider0|loops|5|13
node_provider0|messages|5|5
provider0|min_constraint|5|4
provider0|max_constraint|5|4
provider10|flocal|5|0.3004951477050781
provider10|flocal|5|0.19769954681396484
provider10|flocal|5|0.1973583698272705
provider10|ffinal|5|0.1950209140777588
node_provider10|total_time|5|8.258641
node_provider10|loops|5|7
node_provider10|messages|5|3
provider10|min_constraint|5|4
provider10|max_constraint|5|4
provider11|flocal|5|0.3038313388824463
provider11|flocal|5|0.20038938522338867
provider11|flocal|5|0.19485259056091309
provider11|ffinal|5|0.19433283805847168
node_provider11|total_time|5|8.585315
node_provider11|loops|5|8
node_provider11|messages|5|3
provider11|min_constraint|5|4
provider11|max_constraint|5|4
provider12|flocal|5|0.30319762229919434
provider12|flocal|5|0.19344401359558105
provider12|flocal|5|0.19849729537963867
provider12|ffinal|5|0.19908761978149414
node_provider12|total_time|5|7.713239
node_provider12|loops|5|5
node_provider12|messages|5|3
provider12|min_constraint|5|4
provider12|max_constraint|5|4
provider13|flocal|5|0.2949848175048828
provider13|flocal|5|0.19824743270874023
provider13|flocal|5|0.19628214836120605
provider13|ffinal|5|0.19788193702697754
node_provider13|total_time|5|8.686948
node_provider13|loops|5|4
node_provider13|messages|5|3
provider13|min_constraint|5|4
provider13|max_constraint|5|4
provider14|flocal|5|0.3036525249481201
provider14|flocal|5|0.1987016201019287
provider14|flocal|5|0.20129895210266113
provider14|ffinal|5|0.19878196716308594
node_provider14|total_time|5|6.820311
node_provider14|loops|5|8
node_provider14|messages|5|3
provider14|min_constraint|5|4
provider14|max_constraint|5|4
provider1|flocal|5|0.2706880569458008
provider1|flocal|5|0.18827319145202637
provider1|flocal|5|0.18802762031555176
provider1|flocal|5|0.19299745559692383
provider1|flocal|5|0.19532155990600586
provider1|ffinal|5|0.19675445556640625
node_provider1|total_time|5|13.674015
node_provider1|loops|5|12
node_provider1|messages|5|5
provider1|min_constraint|5|4
provider1|max_constraint|5|4
provider2|flocal|5|0.28394556045532227
provider2|flocal|5|0.20594286918640137
provider2|flocal|5|0.19247937202453613
provider2|flocal|5|0.18314862251281738
provider2|flocal|5|0.19404149055480957
provider2|ffinal|5|0.20131134986877441
node_provider2|total_time|5|12.420847
node_provider2|loops|5|11
node_provider2|messages|5|5
provider2|min_constraint|5|4
provider2|max_constraint|5|4
provider3|flocal|5|0.290144681930542
provider3|flocal|5|0.19701218605041504
provider3|flocal|5|0.20114612579345703
provider3|flocal|5|0.19711017608642578
provider3|flocal|5|0.1975383758544922
provider3|ffinal|5|0.198073148727417
node_provider3|total_time|5|12.892906
node_provider3|loops|5|12
node_provider3|messages|5|5
provider3|min_constraint|5|4
provider3|max_constraint|5|4
provider4|flocal|5|0.28539276123046875
provider4|flocal|5|0.20225882530212402
provider4|flocal|5|0.19698786735534668
provider4|ffinal|5|0.19774341583251953
node_provider4|total_time|5|11.048659
node_provider4|loops|5|9
node_provider4|messages|5|3
provider4|min_constraint|5|4
provider4|max_constraint|5|4
provider5|flocal|5|0.5793793201446533
provider5|flocal|5|0.19994282722473145
provider5|flocal|5|0.19965171813964844
provider5|flocal|5|0.19637203216552734
provider5|ffinal|5|0.2007749080657959
node_provider5|total_time|5|11.074651
node_provider5|loops|5|8
node_provider5|messages|5|4
provider5|min_constraint|5|4
provider5|max_constraint|5|4
provider6|flocal|5|0.29723405838012695
provider6|flocal|5|0.19501781463623047
provider6|flocal|5|0.2029726505279541
provider6|flocal|5|0.1960923671722412
provider6|ffinal|5|0.1989123821258545
node_provider6|total_time|5|10.435505
node_provider6|loops|5|9
node_provider6|messages|5|4
provider6|min_constraint|5|4
provider6|max_constraint|5|4
provider7|flocal|5|0.578988790512085
provider7|flocal|5|0.19983458518981934
provider7|flocal|5|0.1975564956665039
provider7|flocal|5|0.19706463813781738
provider7|ffinal|5|0.1958775520324707
node_provider7|total_time|5|11.228779
node_provider7|loops|5|7
node_provider7|messages|5|4
provider7|min_constraint|5|4
provider7|max_constraint|5|4
provider8|flocal|5|0.2963378429412842
provider8|flocal|5|0.20032095909118652
provider8|flocal|5|0.20358777046203613
provider8|flocal|5|0.1937882900238037
provider8|ffinal|5|0.2008674144744873
node_provider8|total_time|5|10.214290
node_provider8|loops|5|10
node_provider8|messages|5|4
provider8|min_constraint|5|4
provider8|max_constraint|5|4
provider9|flocal|5|0.28946852684020996
provider9|flocal|5|0.19283819198608398
provider9|flocal|5|0.20477724075317383
provider9|flocal|5|0.19429540634155273
provider9|ffinal|5|0.19946646690368652
node_provider9|total_time|5|10.171423
node_provider9|loops|5|5
node_provider9|messages|5|4
provider9|min_constraint|5|4
provider9|max_constraint|5|4
user|flocal|5|0.3060436248779297
user|flocal|5|0.2036454677581787
user|flocal|5|0.3352384567260742
user|flocal|5|0.7892324924468994
user|flocal|5|2.5378496646881104
user|ffinal|5|2.4918015003204346
node_user|total_time|5|24.902081
node_user|loops|5|17
node_user|messages|5|120
user|min_constraint|5|31
user|max_constraint|5|31
provider0|flocal|6|0.2856791019439697
provider0|flocal|6|0.19313740730285645
provider0|flocal|6|0.20840883255004883
provider0|flocal|6|0.19457650184631348
provider0|flocal|6|0.20274996757507324
provider0|flocal|6|0.1928386688232422
provider0|ffinal|6|0.1952509880065918
node_provider0|total_time|6|10.450980
node_provider0|loops|6|7
node_provider0|messages|6|6
provider0|min_constraint|6|4
provider0|max_constraint|6|4
provider10|flocal|6|0.3049638271331787
provider10|flocal|6|0.19470548629760742
provider10|flocal|6|0.19898056983947754
provider10|ffinal|6|0.20069456100463867
node_provider10|total_time|6|6.656184
node_provider10|loops|6|3
node_provider10|messages|6|3
provider10|min_constraint|6|4
provider10|max_constraint|6|4
provider11|flocal|6|0.25250911712646484
provider11|flocal|6|0.17564082145690918
provider11|flocal|6|0.17148160934448242
provider11|flocal|6|0.17995715141296387
provider11|ffinal|6|0.17540478706359863
node_provider11|total_time|6|5.098173
node_provider11|loops|6|4
node_provider11|messages|6|3
provider11|min_constraint|6|4
provider11|max_constraint|6|4
provider12|flocal|6|0.28733277320861816
provider12|flocal|6|0.1988234519958496
provider12|flocal|6|0.19430327415466309
provider12|ffinal|6|0.19450950622558594
node_provider12|total_time|6|5.535883
node_provider12|loops|6|5
node_provider12|messages|6|3
provider12|min_constraint|6|4
provider12|max_constraint|6|4
provider13|flocal|6|0.30143213272094727
provider13|flocal|6|0.20090770721435547
provider13|ffinal|6|0.19672012329101562
node_provider13|total_time|6|4.288839
node_provider13|loops|6|2
node_provider13|messages|6|2
provider13|min_constraint|6|4
provider13|max_constraint|6|4
provider14|flocal|6|0.2967991828918457
provider14|flocal|6|0.20046234130859375
provider14|flocal|6|0.19712519645690918
provider14|ffinal|6|0.19289422035217285
node_provider14|total_time|6|3.810611
node_provider14|loops|6|3
node_provider14|messages|6|3
provider14|min_constraint|6|4
provider14|max_constraint|6|4
provider1|flocal|6|0.27748560905456543
provider1|flocal|6|0.19503045082092285
provider1|flocal|6|0.1907210350036621
provider1|flocal|6|0.1884312629699707
provider1|flocal|6|0.18912005424499512
provider1|ffinal|6|0.19717097282409668
node_provider1|total_time|6|10.561336
node_provider1|loops|6|7
node_provider1|messages|6|5
provider1|min_constraint|6|4
provider1|max_constraint|6|4
provider2|flocal|6|0.29099273681640625
provider2|flocal|6|0.20510244369506836
provider2|flocal|6|0.198988676071167
provider2|flocal|6|0.1954941749572754
provider2|flocal|6|0.19201159477233887
provider2|ffinal|6|0.326275110244751
node_provider2|total_time|6|11.191631
node_provider2|loops|6|9
node_provider2|messages|6|5
provider2|min_constraint|6|4
provider2|max_constraint|6|4
provider3|flocal|6|0.2839071750640869
provider3|flocal|6|0.1906280517578125
provider3|flocal|6|0.19569778442382812
provider3|flocal|6|0.1943378448486328
provider3|flocal|6|0.19828581809997559
provider3|ffinal|6|0.19466519355773926
node_provider3|total_time|6|10.048324
node_provider3|loops|6|10
node_provider3|messages|6|5
provider3|min_constraint|6|4
provider3|max_constraint|6|4
provider4|flocal|6|0.5332624912261963
provider4|flocal|6|0.19590353965759277
provider4|flocal|6|0.1974198818206787
provider4|flocal|6|0.19603824615478516
provider4|flocal|6|0.2010784149169922
provider4|ffinal|6|0.18046045303344727
node_provider4|total_time|6|8.528720
node_provider4|loops|6|4
node_provider4|messages|6|4
provider4|min_constraint|6|4
provider4|max_constraint|6|4
provider5|flocal|6|0.4536318778991699
provider5|flocal|6|0.18763518333435059
provider5|flocal|6|0.19849610328674316
provider5|flocal|6|0.19843006134033203
provider5|ffinal|6|0.19389772415161133
node_provider5|total_time|6|8.065574
node_provider5|loops|6|6
node_provider5|messages|6|4
provider5|min_constraint|6|4
provider5|max_constraint|6|4
provider6|flocal|6|0.26213908195495605
provider6|flocal|6|0.19424724578857422
provider6|flocal|6|0.2060694694519043
provider6|ffinal|6|0.19981813430786133
node_provider6|total_time|6|8.038792
node_provider6|loops|6|6
node_provider6|messages|6|3
provider6|min_constraint|6|4
provider6|max_constraint|6|4
provider7|flocal|6|0.28115200996398926
provider7|flocal|6|0.19879603385925293
provider7|flocal|6|0.19462847709655762
provider7|flocal|6|0.19993233680725098
provider7|flocal|6|0.1960601806640625
provider7|ffinal|6|0.19721221923828125
node_provider7|total_time|6|7.205721
node_provider7|loops|6|7
node_provider7|messages|6|5
provider7|min_constraint|6|4
provider7|max_constraint|6|4
provider8|flocal|6|0.30942678451538086
provider8|flocal|6|0.20084786415100098
provider8|flocal|6|0.19693779945373535
provider8|flocal|6|0.1942453384399414
provider8|ffinal|6|0.3927335739135742
node_provider8|total_time|6|8.300925
node_provider8|loops|6|5
node_provider8|messages|6|4
provider8|min_constraint|6|4
provider8|max_constraint|6|4
provider9|flocal|6|0.29146838188171387
provider9|flocal|6|0.19260859489440918
provider9|flocal|6|0.20328927040100098
provider9|ffinal|6|0.20082759857177734
node_provider9|total_time|6|6.897230
node_provider9|loops|6|6
node_provider9|messages|6|3
provider9|min_constraint|6|4
provider9|max_constraint|6|4
user|flocal|6|0.29074621200561523
user|flocal|6|0.2900550365447998
user|flocal|6|0.26381444931030273
user|flocal|6|0.7456457614898682
user|flocal|6|0.26165103912353516
user|flocal|6|0.4128758907318115
user|ffinal|6|0.4099550247192383
node_user|total_time|6|20.021484
node_user|loops|6|20
node_user|messages|6|180
user|min_constraint|6|31
user|max_constraint|6|31
provider0|flocal|7|0.28023648262023926
provider0|flocal|7|0.19556903839111328
provider0|flocal|7|0.3283522129058838
provider0|flocal|7|0.19244599342346191
provider0|flocal|7|0.20171856880187988
provider0|flocal|7|0.20297503471374512
provider0|ffinal|7|0.19062256813049316
node_provider0|total_time|7|12.669644
node_provider0|loops|7|9
node_provider0|messages|7|6
provider0|min_constraint|7|4
provider0|max_constraint|7|4
provider10|flocal|7|0.2920875549316406
provider10|flocal|7|0.1871175765991211
provider10|flocal|7|0.19480609893798828
provider10|ffinal|7|0.19741201400756836
node_provider10|total_time|7|6.860563
node_provider10|loops|7|5
node_provider10|messages|7|3
provider10|min_constraint|7|4
provider10|max_constraint|7|4
provider11|flocal|7|0.29556965827941895
provider11|flocal|7|0.1905813217163086
provider11|flocal|7|0.18921279907226562
provider11|flocal|7|0.20238161087036133
provider11|ffinal|7|0.19397544860839844
node_provider11|total_time|7|6.490155
node_provider11|loops|7|6
node_provider11|messages|7|4
provider11|min_constraint|7|4
provider11|max_constraint|7|4
provider12|flocal|7|0.3010702133178711
provider12|flocal|7|0.19684910774230957
provider12|flocal|7|0.19010591506958008
provider12|ffinal|7|0.1925210952758789
node_provider12|total_time|7|7.331140
node_provider12|loops|7|5
node_provider12|messages|7|3
provider12|min_constraint|7|4
provider12|max_constraint|7|4
provider13|flocal|7|0.2968275547027588
provider13|flocal|7|0.1858375072479248
provider13|ffinal|7|0.20366406440734863
node_provider13|total_time|7|5.911771
node_provider13|loops|7|5
node_provider13|messages|7|2
provider13|min_constraint|7|4
provider13|max_constraint|7|4
provider14|flocal|7|0.3018620014190674
provider14|flocal|7|0.16791987419128418
provider14|flocal|7|0.17328190803527832
provider14|ffinal|7|0.17898845672607422
node_provider14|total_time|7|4.777968
node_provider14|loops|7|4
node_provider14|messages|7|3
provider14|min_constraint|7|4
provider14|max_constraint|7|4
provider1|flocal|7|0.2867119312286377
provider1|flocal|7|0.19707727432250977
provider1|flocal|7|0.19589495658874512
provider1|flocal|7|0.19591951370239258
provider1|flocal|7|0.19414520263671875
provider1|flocal|7|0.2006702423095703
provider1|ffinal|7|0.1942594051361084
node_provider1|total_time|7|12.042546
node_provider1|loops|7|10
node_provider1|messages|7|6
provider1|min_constraint|7|4
provider1|max_constraint|7|4
provider2|flocal|7|0.27834343910217285
provider2|flocal|7|0.19353342056274414
provider2|flocal|7|0.1987903118133545
provider2|flocal|7|0.19921493530273438
provider2|flocal|7|0.21127843856811523
provider2|flocal|7|0.20055699348449707
provider2|ffinal|7|0.19628500938415527
node_provider2|total_time|7|11.661433
node_provider2|loops|7|7
node_provider2|messages|7|6
provider2|min_constraint|7|4
provider2|max_constraint|7|4
provider3|flocal|7|0.2699570655822754
provider3|flocal|7|0.3476526737213135
provider3|flocal|7|0.1962883472442627
provider3|flocal|7|0.28295445442199707
provider3|flocal|7|0.1921248435974121
provider3|flocal|7|0.21416974067687988
provider3|flocal|7|0.19926118850708008
provider3|ffinal|7|0.19374322891235352
node_provider3|total_time|7|11.275324
node_provider3|loops|7|8
node_provider3|messages|7|7
provider3|min_constraint|7|4
provider3|max_constraint|7|4
provider4|flocal|7|0.27240633964538574
provider4|flocal|7|0.3637826442718506
provider4|flocal|7|0.1963329315185547
provider4|flocal|7|0.19305872917175293
provider4|ffinal|7|0.2006690502166748
node_provider4|total_time|7|9.495513
node_provider4|loops|7|5
node_provider4|messages|7|4
provider4|min_constraint|7|4
provider4|max_constraint|7|4
provider5|flocal|7|0.2538261413574219
provider5|flocal|7|0.19746637344360352
provider5|flocal|7|0.19545269012451172
provider5|flocal|7|0.19608736038208008
provider5|flocal|7|0.1996910572052002
provider5|ffinal|7|0.1981194019317627
node_provider5|total_time|7|9.634249
node_provider5|loops|7|8
node_provider5|messages|7|5
provider5|min_constraint|7|4
provider5|max_constraint|7|4
provider6|flocal|7|0.2768397331237793
provider6|flocal|7|0.1938009262084961
provider6|flocal|7|0.20809507369995117
provider6|ffinal|7|0.1985621452331543
node_provider6|total_time|7|8.820483
node_provider6|loops|7|6
node_provider6|messages|7|3
provider6|min_constraint|7|4
provider6|max_constraint|7|4
provider7|flocal|7|0.288806676864624
provider7|flocal|7|0.19032549858093262
provider7|flocal|7|0.20531201362609863
provider7|flocal|7|0.19211602210998535
provider7|ffinal|7|0.17819952964782715
node_provider7|total_time|7|8.400416
node_provider7|loops|7|5
node_provider7|messages|7|4
provider7|min_constraint|7|4
provider7|max_constraint|7|4
provider8|flocal|7|0.30791306495666504
provider8|flocal|7|0.19521284103393555
provider8|flocal|7|0.19549989700317383
provider8|flocal|7|0.19711637496948242
provider8|ffinal|7|0.19226694107055664
node_provider8|total_time|7|7.547637
node_provider8|loops|7|4
node_provider8|messages|7|4
provider8|min_constraint|7|4
provider8|max_constraint|7|4
provider9|flocal|7|0.300156831741333
provider9|flocal|7|0.1983625888824463
provider9|flocal|7|0.20124387741088867
provider9|ffinal|7|0.19290566444396973
node_provider9|total_time|7|7.574805
node_provider9|loops|7|4
node_provider9|messages|7|3
provider9|min_constraint|7|4
provider9|max_constraint|7|4
user|flocal|7|0.2831275463104248
user|flocal|7|0.19300413131713867
user|flocal|7|0.20557332038879395
user|flocal|7|0.21361899375915527
user|flocal|7|0.29614758491516113
user|flocal|7|0.45400071144104004
user|flocal|7|0.997746467590332
user|flocal|7|1.0332667827606201
user|ffinal|7|0.9836397171020508
node_user|total_time|7|21.356745
node_user|loops|7|16
node_user|messages|7|180
user|min_constraint|7|31
user|max_constraint|7|31
provider0|flocal|8|0.28262901306152344
provider0|flocal|8|0.19659686088562012
provider0|flocal|8|0.1978902816772461
provider0|flocal|8|0.19702982902526855
provider0|flocal|8|0.1931319236755371
provider0|flocal|8|0.1977541446685791
provider0|ffinal|8|0.19434356689453125
node_provider0|total_time|8|11.518840
node_provider0|loops|8|8
node_provider0|messages|8|6
provider0|min_constraint|8|4
provider0|max_constraint|8|4
provider10|flocal|8|0.28571367263793945
provider10|flocal|8|0.19364094734191895
provider10|flocal|8|0.17359709739685059
provider10|ffinal|8|0.1826186180114746
node_provider10|total_time|8|6.936054
node_provider10|loops|8|7
node_provider10|messages|8|3
provider10|min_constraint|8|4
provider10|max_constraint|8|4
provider11|flocal|8|0.29627370834350586
provider11|flocal|8|0.19111847877502441
provider11|flocal|8|0.19868254661560059
provider11|ffinal|8|0.18413090705871582
node_provider11|total_time|8|7.660427
node_provider11|loops|8|6
node_provider11|messages|8|3
provider11|min_constraint|8|4
provider11|max_constraint|8|4
provider12|flocal|8|0.2961709499359131
provider12|flocal|8|0.1890099048614502
provider12|flocal|8|0.19775867462158203
provider12|ffinal|8|0.1955866813659668
node_provider12|total_time|8|6.890119
node_provider12|loops|8|7
node_provider12|messages|8|3
provider12|min_constraint|8|4
provider12|max_constraint|8|4
provider13|flocal|8|0.29767799377441406
provider13|flocal|8|0.2000718116760254
provider13|flocal|8|0.19406867027282715
provider13|ffinal|8|0.19600367546081543
node_provider13|total_time|8|6.566979
node_provider13|loops|8|3
node_provider13|messages|8|3
provider13|min_constraint|8|4
provider13|max_constraint|8|4
provider14|flocal|8|0.5831160545349121
provider14|flocal|8|0.19758892059326172
provider14|ffinal|8|0.19614434242248535
node_provider14|total_time|8|4.864170
node_provider14|loops|8|4
node_provider14|messages|8|2
provider14|min_constraint|8|4
provider14|max_constraint|8|4
provider1|flocal|8|0.25238990783691406
provider1|flocal|8|0.17682528495788574
provider1|flocal|8|0.19035840034484863
provider1|flocal|8|0.191359281539917
provider1|flocal|8|0.19729351997375488
provider1|flocal|8|0.19951081275939941
provider1|ffinal|8|0.19326376914978027
node_provider1|total_time|8|11.468514
node_provider1|loops|8|9
node_provider1|messages|8|6
provider1|min_constraint|8|4
provider1|max_constraint|8|4
provider2|flocal|8|0.28814268112182617
provider2|flocal|8|0.18863534927368164
provider2|flocal|8|0.1925675868988037
provider2|flocal|8|0.19902729988098145
provider2|flocal|8|0.19423270225524902
provider2|flocal|8|0.19797182083129883
provider2|ffinal|8|0.19480443000793457
node_provider2|total_time|8|10.591969
node_provider2|loops|8|9
node_provider2|messages|8|6
provider2|min_constraint|8|4
provider2|max_constraint|8|4
provider3|flocal|8|0.28159213066101074
provider3|flocal|8|0.1957550048828125
provider3|flocal|8|0.19978904724121094
provider3|flocal|8|0.19550681114196777
provider3|ffinal|8|0.1993253231048584
node_provider3|total_time|8|11.261456
node_provider3|loops|8|8
node_provider3|messages|8|4
provider3|min_constraint|8|4
provider3|max_constraint|8|4
provider4|flocal|8|0.27112627029418945
provider4|flocal|8|0.1958022117614746
provider4|flocal|8|0.20317339897155762
provider4|flocal|8|0.1993122100830078
provider4|flocal|8|0.1986069679260254
provider4|ffinal|8|0.19603562355041504
node_provider4|total_time|8|9.638762
node_provider4|loops|8|6
node_provider4|messages|8|4
provider4|min_constraint|8|4
provider4|max_constraint|8|4
provider5|flocal|8|0.25673437118530273
provider5|flocal|8|0.17006134986877441
provider5|flocal|8|0.17120051383972168
provider5|flocal|8|0.17023515701293945
provider5|flocal|8|0.17516446113586426
provider5|ffinal|8|0.17666268348693848
node_provider5|total_time|8|10.244396
node_provider5|loops|8|11
node_provider5|messages|8|5
provider5|min_constraint|8|4
provider5|max_constraint|8|4
provider6|flocal|8|0.26444315910339355
provider6|flocal|8|0.19851422309875488
provider6|flocal|8|0.19739079475402832
provider6|flocal|8|0.1936936378479004
provider6|ffinal|8|0.1995224952697754
node_provider6|total_time|8|9.722279
node_provider6|loops|8|4
node_provider6|messages|8|4
provider6|min_constraint|8|4
provider6|max_constraint|8|4
provider7|flocal|8|0.28147220611572266
provider7|flocal|8|0.19457292556762695
provider7|flocal|8|0.19459939002990723
provider7|flocal|8|0.19342947006225586
provider7|ffinal|8|0.1975266933441162
node_provider7|total_time|8|8.981826
node_provider7|loops|8|6
node_provider7|messages|8|4
provider7|min_constraint|8|4
provider7|max_constraint|8|4
provider8|flocal|8|0.2899169921875
provider8|flocal|8|0.20025300979614258
provider8|flocal|8|0.19426488876342773
provider8|flocal|8|0.19005846977233887
provider8|ffinal|8|0.19296622276306152
node_provider8|total_time|8|8.456454
node_provider8|loops|8|6
node_provider8|messages|8|4
provider8|min_constraint|8|4
provider8|max_constraint|8|4
provider9|flocal|8|0.29209113121032715
provider9|flocal|8|0.1968669891357422
provider9|flocal|8|0.1979081630706787
provider9|ffinal|8|0.19488739967346191
node_provider9|total_time|8|8.033400
node_provider9|loops|8|6
node_provider9|messages|8|3
provider9|min_constraint|8|4
provider9|max_constraint|8|4
user|flocal|8|0.2938826084136963
user|flocal|8|0.21454668045043945
user|flocal|8|0.29061293601989746
user|flocal|8|0.47456789016723633
user|flocal|8|1.019742488861084
user|ffinal|8|1.0155785083770752
node_user|total_time|8|22.144197
node_user|loops|8|20
node_user|messages|8|150
user|min_constraint|8|31
user|max_constraint|8|31
provider0|flocal|9|0.3993802070617676
provider0|flocal|9|0.1897268295288086
provider0|flocal|9|0.19699358940124512
provider0|flocal|9|0.1974048614501953
provider0|flocal|9|0.19873404502868652
provider0|flocal|9|0.1894524097442627
provider0|ffinal|9|0.1872119903564453
node_provider0|total_time|9|11.441645
node_provider0|loops|9|9
node_provider0|messages|9|6
provider0|min_constraint|9|4
provider0|max_constraint|9|4
provider10|flocal|9|0.29837679862976074
provider10|flocal|9|0.19680428504943848
provider10|flocal|9|0.19642353057861328
provider10|flocal|9|0.19681429862976074
provider10|ffinal|9|0.42333507537841797
node_provider10|total_time|9|6.410277
node_provider10|loops|9|4
node_provider10|messages|9|4
provider10|min_constraint|9|4
provider10|max_constraint|9|4
provider11|flocal|9|0.2993631362915039
provider11|flocal|9|0.18939685821533203
provider11|flocal|9|0.19264602661132812
provider11|ffinal|9|0.1965162754058838
node_provider11|total_time|9|6.147956
node_provider11|loops|9|3
node_provider11|messages|9|3
provider11|min_constraint|9|4
provider11|max_constraint|9|4
provider12|flocal|9|0.30565905570983887
provider12|flocal|9|0.19627022743225098
provider12|flocal|9|0.19757342338562012
provider12|ffinal|9|0.19682717323303223
node_provider12|total_time|9|4.527298
node_provider12|loops|9|3
node_provider12|messages|9|1
provider12|min_constraint|9|4
provider12|max_constraint|9|4
provider13|flocal|9|0.2918097972869873
provider13|flocal|9|0.17946481704711914
provider13|ffinal|9|0.17194557189941406
node_provider13|total_time|9|4.068737
node_provider13|loops|9|3
node_provider13|messages|9|2
provider13|min_constraint|9|4
provider13|max_constraint|9|4
provider14|flocal|9|0.3076479434967041
provider14|flocal|9|0.19407892227172852
provider14|ffinal|9|0.27655911445617676
node_provider14|total_time|9|4.578502
node_provider14|loops|9|3
node_provider14|messages|9|2
provider14|min_constraint|9|4
provider14|max_constraint|9|4
provider1|flocal|9|0.2564828395843506
provider1|flocal|9|0.19222068786621094
provider1|flocal|9|0.19176864624023438
provider1|flocal|9|0.19614124298095703
provider1|flocal|9|0.1973285675048828
provider1|flocal|9|0.20166373252868652
provider1|ffinal|9|0.19811630249023438
node_provider1|total_time|9|9.924873
node_provider1|loops|9|8
node_provider1|messages|9|6
provider1|min_constraint|9|4
provider1|max_constraint|9|4
provider2|flocal|9|0.2790260314941406
provider2|flocal|9|0.1939847469329834
provider2|flocal|9|0.19553351402282715
provider2|flocal|9|0.18416666984558105
provider2|flocal|9|0.2020423412322998
provider2|flocal|9|0.18930506706237793
provider2|ffinal|9|0.19748640060424805
node_provider2|total_time|9|10.069873
node_provider2|loops|9|9
node_provider2|messages|9|6
provider2|min_constraint|9|4
provider2|max_constraint|9|4
provider3|flocal|9|0.23536419868469238
provider3|flocal|9|0.17429757118225098
provider3|flocal|9|0.17368626594543457
provider3|flocal|9|0.17104363441467285
provider3|ffinal|9|0.17160487174987793
node_provider3|total_time|9|8.861854
node_provider3|loops|9|4
node_provider3|messages|9|4
provider3|min_constraint|9|4
provider3|max_constraint|9|4
provider4|flocal|9|0.2810482978820801
provider4|flocal|9|0.20317554473876953
provider4|flocal|9|0.1978015899658203
provider4|flocal|9|0.17670369148254395
provider4|flocal|9|0.1974194049835205
provider4|ffinal|9|0.1896216869354248
node_provider4|total_time|9|8.301346
node_provider4|loops|9|5
node_provider4|messages|9|4
provider4|min_constraint|9|4
provider4|max_constraint|9|4
provider5|flocal|9|0.25782060623168945
provider5|flocal|9|0.17976593971252441
provider5|flocal|9|0.19678497314453125
provider5|flocal|9|0.19896316528320312
provider5|flocal|9|0.19926834106445312
provider5|ffinal|9|0.1992959976196289
node_provider5|total_time|9|9.122832
node_provider5|loops|9|10
node_provider5|messages|9|5
provider5|min_constraint|9|4
provider5|max_constraint|9|4
provider6|flocal|9|0.28660130500793457
provider6|flocal|9|0.2019805908203125
provider6|flocal|9|0.19268465042114258
provider6|flocal|9|0.17331171035766602
provider6|ffinal|9|0.17313528060913086
node_provider6|total_time|9|7.311359
node_provider6|loops|9|4
node_provider6|messages|9|4
provider6|min_constraint|9|4
provider6|max_constraint|9|4
provider7|flocal|9|0.23578286170959473
provider7|flocal|9|0.19681262969970703
provider7|flocal|9|0.2015674114227295
provider7|flocal|9|0.1962594985961914
provider7|ffinal|9|0.18615221977233887
node_provider7|total_time|9|7.012499
node_provider7|loops|9|5
node_provider7|messages|9|4
provider7|min_constraint|9|4
provider7|max_constraint|9|4
provider8|flocal|9|0.2742297649383545
provider8|flocal|9|0.19969868659973145
provider8|flocal|9|0.19984769821166992
provider8|flocal|9|0.19312834739685059
provider8|ffinal|9|0.3057279586791992
node_provider8|total_time|9|7.334925
node_provider8|loops|9|6
node_provider8|messages|9|4
provider8|min_constraint|9|4
provider8|max_constraint|9|4
provider9|flocal|9|0.27141737937927246
provider9|flocal|9|0.17724299430847168
provider9|flocal|9|0.1782817840576172
provider9|flocal|9|0.19246196746826172
provider9|ffinal|9|0.3809545040130615
node_provider9|total_time|9|6.882617
node_provider9|loops|9|5
node_provider9|messages|9|4
provider9|min_constraint|9|4
provider9|max_constraint|9|4
user|flocal|9|0.2627749443054199
user|flocal|9|0.23975038528442383
user|flocal|9|0.23796725273132324
user|flocal|9|0.46854424476623535
user|flocal|9|0.33260345458984375
user|flocal|9|0.27252650260925293
user|flocal|9|0.2635533809661865
user|ffinal|9|0.25854921340942383
node_user|total_time|9|20.442864
node_user|loops|9|17
node_user|messages|9|180
user|min_constraint|9|31
user|max_constraint|9|31
