provider|flocal|0|0.2880415916442871
provider|ffinal|0|0.19401288032531738
node_user|total_time|0|2.326566
node_user|loops|0|1
node_user|messages|0|0
provider|min_constraint|0|0
provider|max_constraint|0|0
user|ffinal|0|0.3037288188934326
node_provider|total_time|0|2.424348
node_provider|loops|0|1
node_provider|messages|0|0
user|min_constraint|0|0
user|max_constraint|0|0
provider|flocal|1|0.24367022514343262
provider|ffinal|1|0.17127728462219238
node_user|total_time|1|2.260073
node_user|loops|1|1
node_user|messages|1|0
provider|min_constraint|1|0
provider|max_constraint|1|0
user|ffinal|1|0.2813756465911865
node_provider|total_time|1|2.875301
node_provider|loops|1|1
node_provider|messages|1|0
user|min_constraint|1|0
user|max_constraint|1|0
provider|flocal|2|0.2906200885772705
provider|ffinal|2|0.19263720512390137
node_user|total_time|2|2.289259
node_user|loops|2|1
node_user|messages|2|0
provider|min_constraint|2|0
provider|max_constraint|2|0
user|ffinal|2|0.2752220630645752
node_provider|total_time|2|2.240692
node_provider|loops|2|1
node_provider|messages|2|0
user|min_constraint|2|0
user|max_constraint|2|0
provider|flocal|3|0.2872002124786377
provider|ffinal|3|0.19585442543029785
node_user|total_time|3|1.758237
node_user|loops|3|1
node_user|messages|3|0
provider|min_constraint|3|0
provider|max_constraint|3|0
user|ffinal|3|0.2767753601074219
node_provider|total_time|3|2.419441
node_provider|loops|3|2
node_provider|messages|3|0
user|min_constraint|3|0
user|max_constraint|3|0
provider|flocal|4|0.27962756156921387
provider|ffinal|4|0.19336891174316406
node_user|total_time|4|1.350434
node_user|loops|4|1
node_user|messages|4|0
provider|min_constraint|4|0
provider|max_constraint|4|0
user|ffinal|4|0.20624899864196777
node_provider|total_time|4|2.451440
node_provider|loops|4|1
node_provider|messages|4|0
user|min_constraint|4|0
user|max_constraint|4|0
provider|flocal|5|0.2874910831451416
provider|ffinal|5|0.36014246940612793
node_user|total_time|5|1.079477
node_user|loops|5|1
node_user|messages|5|0
provider|min_constraint|5|0
provider|max_constraint|5|0
user|ffinal|5|0.280825138092041
node_provider|total_time|5|1.581516
node_provider|loops|5|1
node_provider|messages|5|0
user|min_constraint|5|0
user|max_constraint|5|0
provider|flocal|6|0.30806446075439453
provider|ffinal|6|0.19441485404968262
node_user|total_time|6|1.610873
node_user|loops|6|1
node_user|messages|6|0
provider|min_constraint|6|0
provider|max_constraint|6|0
user|ffinal|6|0.32077598571777344
node_provider|total_time|6|1.688730
node_provider|loops|6|1
node_provider|messages|6|0
user|min_constraint|6|0
user|max_constraint|6|0
provider|flocal|7|0.33587217330932617
provider|ffinal|7|0.18887758255004883
node_user|total_time|7|0.860728
node_user|loops|7|1
node_user|messages|7|0
provider|min_constraint|7|0
provider|max_constraint|7|0
user|ffinal|7|0.2821934223175049
node_provider|total_time|7|0.740562
node_provider|loops|7|1
node_provider|messages|7|0
user|min_constraint|7|0
user|max_constraint|7|0
provider|flocal|8|0.27686095237731934
provider|ffinal|8|0.1851801872253418
node_user|total_time|8|1.716383
node_user|loops|8|1
node_user|messages|8|0
provider|min_constraint|8|0
provider|max_constraint|8|0
user|ffinal|8|0.24204182624816895
node_provider|total_time|8|2.214550
node_provider|loops|8|0
node_provider|messages|8|0
user|min_constraint|8|0
user|max_constraint|8|0
provider|flocal|9|0.49773383140563965
provider|ffinal|9|0.19021892547607422
node_user|total_time|9|0.991757
node_user|loops|9|1
node_user|messages|9|0
provider|min_constraint|9|0
provider|max_constraint|9|0
user|ffinal|9|0.28598594665527344
node_provider|total_time|9|1.190749
node_provider|loops|9|0
node_provider|messages|9|0
user|min_constraint|9|0
user|max_constraint|9|0
