provider|flocal|0|0.28461432456970215
provider|ffinal|0|0.2023332118988037
node_user|total_time|0|13.460404
node_user|loops|0|13
node_user|messages|0|2
provider|min_constraint|0|2
provider|max_constraint|0|2
transformer0|flocal|0|0.2941172122955322
transformer0|ffinal|0|0.20742416381835938
node_transformer0|total_time|0|4.217570
node_transformer0|loops|0|3
node_transformer0|messages|0|2
transformer0|min_constraint|0|4
transformer0|max_constraint|0|4
transformer10|ffinal|0|0.3092992305755615
node_transformer10|total_time|0|1.556243
node_transformer10|loops|0|0
node_transformer10|messages|0|0
transformer10|min_constraint|0|0
transformer10|max_constraint|0|0
transformer11|ffinal|0|0.304149866104126
node_transformer11|total_time|0|1.253145
node_transformer11|loops|0|0
node_transformer11|messages|0|0
transformer11|min_constraint|0|0
transformer11|max_constraint|0|0
transformer12|ffinal|0|0.31931114196777344
node_transformer12|total_time|0|2.307199
node_transformer12|loops|0|0
node_transformer12|messages|0|0
transformer12|min_constraint|0|0
transformer12|max_constraint|0|0
transformer13|ffinal|0|0.31993556022644043
node_transformer13|total_time|0|1.215761
node_transformer13|loops|0|0
node_transformer13|messages|0|0
transformer13|min_constraint|0|0
transformer13|max_constraint|0|0
transformer14|ffinal|0|0.3180356025695801
node_transformer14|total_time|0|2.280326
node_transformer14|loops|0|0
node_transformer14|messages|0|0
transformer14|min_constraint|0|0
transformer14|max_constraint|0|0
transformer1|flocal|0|0.2809288501739502
transformer1|ffinal|0|0.20331478118896484
node_transformer1|total_time|0|3.643077
node_transformer1|loops|0|2
node_transformer1|messages|0|0
transformer1|min_constraint|0|0
transformer1|max_constraint|0|0
transformer2|ffinal|0|0.3144526481628418
node_transformer2|total_time|0|2.888075
node_transformer2|loops|0|2
node_transformer2|messages|0|0
transformer2|min_constraint|0|0
transformer2|max_constraint|0|0
transformer3|ffinal|0|0.307065486907959
node_transformer3|total_time|0|3.463592
node_transformer3|loops|0|2
node_transformer3|messages|0|0
transformer3|min_constraint|0|0
transformer3|max_constraint|0|0
transformer4|ffinal|0|0.28870439529418945
node_transformer4|total_time|0|2.415335
node_transformer4|loops|0|1
node_transformer4|messages|0|0
transformer4|min_constraint|0|0
transformer4|max_constraint|0|0
transformer5|ffinal|0|0.30585408210754395
node_transformer5|total_time|0|2.113928
node_transformer5|loops|0|2
node_transformer5|messages|0|0
transformer5|min_constraint|0|0
transformer5|max_constraint|0|0
transformer6|ffinal|0|0.28859972953796387
node_transformer6|total_time|0|2.183187
node_transformer6|loops|0|1
node_transformer6|messages|0|0
transformer6|min_constraint|0|0
transformer6|max_constraint|0|0
transformer7|ffinal|0|0.2644522190093994
node_transformer7|total_time|0|0.517733
node_transformer7|loops|0|0
node_transformer7|messages|0|0
transformer7|min_constraint|0|0
transformer7|max_constraint|0|0
transformer8|ffinal|0|0.3207266330718994
node_transformer8|total_time|0|0.591374
node_transformer8|loops|0|0
node_transformer8|messages|0|0
transformer8|min_constraint|0|0
transformer8|max_constraint|0|0
transformer9|ffinal|0|0.324462890625
node_transformer9|total_time|0|2.156923
node_transformer9|loops|0|0
node_transformer9|messages|0|0
transformer9|min_constraint|0|0
transformer9|max_constraint|0|0
user|ffinal|0|0.41201210021972656
node_provider|total_time|0|13.761361
node_provider|loops|0|11
node_provider|messages|0|0
user|min_constraint|0|0
user|max_constraint|0|0
provider|flocal|1|0.2760939598083496
provider|ffinal|1|0.19584155082702637
node_user|total_time|1|12.559265
node_user|loops|1|13
node_user|messages|1|2
provider|min_constraint|1|2
provider|max_constraint|1|2
transformer0|flocal|1|0.2800459861755371
transformer0|ffinal|1|0.19852542877197266
node_transformer0|total_time|1|3.040548
node_transformer0|loops|1|3
node_transformer0|messages|1|2
transformer0|min_constraint|1|4
transformer0|max_constraint|1|4
transformer10|ffinal|1|0.2786085605621338
node_transformer10|total_time|1|1.093190
node_transformer10|loops|1|0
node_transformer10|messages|1|0
transformer10|min_constraint|1|0
transformer10|max_constraint|1|0
transformer11|ffinal|1|0.26661252975463867
node_transformer11|total_time|1|0.976945
node_transformer11|loops|1|0
node_transformer11|messages|1|0
transformer11|min_constraint|1|0
transformer11|max_constraint|1|0
transformer12|ffinal|1|0.27628302574157715
node_transformer12|total_time|1|1.622741
node_transformer12|loops|1|0
node_transformer12|messages|1|0
transformer12|min_constraint|1|0
transformer12|max_constraint|1|0
transformer13|ffinal|1|0.27912187576293945
node_transformer13|total_time|1|0.516684
node_transformer13|loops|1|0
node_transformer13|messages|1|0
transformer13|min_constraint|1|0
transformer13|max_constraint|1|0
transformer14|ffinal|1|0.27961254119873047
node_transformer14|total_time|1|0.288867
node_transformer14|loops|1|0
node_transformer14|messages|1|0
transformer14|min_constraint|1|0
transformer14|max_constraint|1|0
transformer1|flocal|1|0.34170007705688477
transformer1|ffinal|1|0.19817709922790527
node_transformer1|total_time|1|2.223651
node_transformer1|loops|1|2
node_transformer1|messages|1|0
transformer1|min_constraint|1|0
transformer1|max_constraint|1|0
transformer2|ffinal|1|0.2736222743988037
node_transformer2|total_time|1|2.731955
node_transformer2|loops|1|1
node_transformer2|messages|1|0
transformer2|min_constraint|1|0
transformer2|max_constraint|1|0
transformer3|ffinal|1|0.2843341827392578
node_transformer3|total_time|1|2.301476
node_transformer3|loops|1|1
node_transformer3|messages|1|0
transformer3|min_constraint|1|0
transformer3|max_constraint|1|0
transformer4|ffinal|1|0.263397216796875
node_transformer4|total_time|1|1.280951
node_transformer4|loops|1|0
node_transformer4|messages|1|0
transformer4|min_constraint|1|0
transformer4|max_constraint|1|0
transformer5|ffinal|1|0.40182065963745117
node_transformer5|total_time|1|2.108188
node_transformer5|loops|1|0
node_transformer5|messages|1|0
transformer5|min_constraint|1|0
transformer5|max_constraint|1|0
transformer6|ffinal|1|0.28328895568847656
node_transformer6|total_time|1|0.608326
node_transformer6|loops|1|0
node_transformer6|messages|1|0
transformer6|min_constraint|1|0
transformer6|max_constraint|1|0
transformer7|ffinal|1|0.2376728057861328
node_transformer7|total_time|1|1.805385
node_transformer7|loops|1|0
node_transformer7|messages|1|0
transformer7|min_constraint|1|0
transformer7|max_constraint|1|0
transformer8|ffinal|1|0.2652928829193115
node_transformer8|total_time|1|1.129293
node_transformer8|loops|1|0
node_transformer8|messages|1|0
transformer8|min_constraint|1|0
transformer8|max_constraint|1|0
transformer9|ffinal|1|0.2761716842651367
node_transformer9|total_time|1|1.792066
node_transformer9|loops|1|0
node_transformer9|messages|1|0
transformer9|min_constraint|1|0
transformer9|max_constraint|1|0
user|ffinal|1|0.2857215404510498
node_provider|total_time|1|13.495807
node_provider|loops|1|11
node_provider|messages|1|0
user|min_constraint|1|0
user|max_constraint|1|0
provider|flocal|2|1.093703269958496
provider|ffinal|2|0.1955556869506836
node_user|total_time|2|13.569120
node_user|loops|2|18
node_user|messages|2|2
provider|min_constraint|2|2
provider|max_constraint|2|2
transformer0|flocal|2|0.24774765968322754
transformer0|ffinal|2|0.17744779586791992
node_transformer0|total_time|2|3.933063
node_transformer0|loops|2|2
node_transformer0|messages|2|2
transformer0|min_constraint|2|4
transformer0|max_constraint|2|4
transformer10|ffinal|2|0.29015660285949707
node_transformer10|total_time|2|2.094995
node_transformer10|loops|2|0
node_transformer10|messages|2|0
transformer10|min_constraint|2|0
transformer10|max_constraint|2|0
transformer11|ffinal|2|0.6056067943572998
node_transformer11|total_time|2|0.649833
node_transformer11|loops|2|0
node_transformer11|messages|2|0
transformer11|min_constraint|2|0
transformer11|max_constraint|2|0
transformer12|ffinal|2|0.3014259338378906
node_transformer12|total_time|2|1.803845
node_transformer12|loops|2|0
node_transformer12|messages|2|0
transformer12|min_constraint|2|0
transformer12|max_constraint|2|0
transformer13|ffinal|2|0.272737979888916
node_transformer13|total_time|2|0.367042
node_transformer13|loops|2|0
node_transformer13|messages|2|0
transformer13|min_constraint|2|0
transformer13|max_constraint|2|0
transformer14|ffinal|2|0.28877830505371094
node_transformer14|total_time|2|0.439632
node_transformer14|loops|2|0
node_transformer14|messages|2|0
transformer14|min_constraint|2|0
transformer14|max_constraint|2|0
transformer1|flocal|2|0.27961158752441406
transformer1|ffinal|2|0.19641804695129395
node_transformer1|total_time|2|3.721197
node_transformer1|loops|2|6
node_transformer1|messages|2|0
transformer1|min_constraint|2|0
transformer1|max_constraint|2|0
transformer2|ffinal|2|0.2913825511932373
node_transformer2|total_time|2|3.391522
node_transformer2|loops|2|4
node_transformer2|messages|2|0
transformer2|min_constraint|2|0
transformer2|max_constraint|2|0
transformer3|ffinal|2|0.28977370262145996
node_transformer3|total_time|2|2.631453
node_transformer3|loops|2|2
node_transformer3|messages|2|0
transformer3|min_constraint|2|0
transformer3|max_constraint|2|0
transformer4|ffinal|2|0.30086231231689453
node_transformer4|total_time|2|3.256649
node_transformer4|loops|2|1
node_transformer4|messages|2|0
transformer4|min_constraint|2|0
transformer4|max_constraint|2|0
transformer5|ffinal|2|0.2742326259613037
node_transformer5|total_time|2|2.191007
node_transformer5|loops|2|0
node_transformer5|messages|2|0
transformer5|min_constraint|2|0
transformer5|max_constraint|2|0
transformer6|ffinal|2|0.279691219329834
node_transformer6|total_time|2|1.771676
node_transformer6|loops|2|1
node_transformer6|messages|2|0
transformer6|min_constraint|2|0
transformer6|max_constraint|2|0
transformer7|ffinal|2|0.28701114654541016
node_transformer7|total_time|2|1.886585
node_transformer7|loops|2|0
node_transformer7|messages|2|0
transformer7|min_constraint|2|0
transformer7|max_constraint|2|0
transformer8|ffinal|2|0.20785260200500488
node_transformer8|total_time|2|0.819159
node_transformer8|loops|2|0
node_transformer8|messages|2|0
transformer8|min_constraint|2|0
transformer8|max_constraint|2|0
transformer9|ffinal|2|0.27892017364501953
node_transformer9|total_time|2|2.066961
node_transformer9|loops|2|0
node_transformer9|messages|2|0
transformer9|min_constraint|2|0
transformer9|max_constraint|2|0
user|ffinal|2|0.2996997833251953
node_provider|total_time|2|13.635730
node_provider|loops|2|11
node_provider|messages|2|0
user|min_constraint|2|0
user|max_constraint|2|0
provider|flocal|3|2.180495262145996
provider|ffinal|3|0.2010495662689209
node_user|total_time|3|13.846478
node_user|loops|3|11
node_user|messages|3|2
provider|min_constraint|3|2
provider|max_constraint|3|2
transformer0|flocal|3|0.28948211669921875
transformer0|ffinal|3|0.24925494194030762
node_transformer0|total_time|3|4.508884
node_transformer0|loops|3|3
node_transformer0|messages|3|2
transformer0|min_constraint|3|4
transformer0|max_constraint|3|4
transformer10|ffinal|3|0.27886223793029785
node_transformer10|total_time|3|1.192559
node_transformer10|loops|3|0
node_transformer10|messages|3|0
transformer10|min_constraint|3|0
transformer10|max_constraint|3|0
transformer11|ffinal|3|0.28653740882873535
node_transformer11|total_time|3|2.110174
node_transformer11|loops|3|0
node_transformer11|messages|3|0
transformer11|min_constraint|3|0
transformer11|max_constraint|3|0
transformer12|ffinal|3|0.2911338806152344
node_transformer12|total_time|3|1.230141
node_transformer12|loops|3|0
node_transformer12|messages|3|0
transformer12|min_constraint|3|0
transformer12|max_constraint|3|0
transformer13|ffinal|3|0.277346134185791
node_transformer13|total_time|3|1.565467
node_transformer13|loops|3|0
node_transformer13|messages|3|0
transformer13|min_constraint|3|0
transformer13|max_constraint|3|0
transformer14|ffinal|3|0.2041454315185547
node_transformer14|total_time|3|1.048894
node_transformer14|loops|3|0
node_transformer14|messages|3|0
transformer14|min_constraint|3|0
transformer14|max_constraint|3|0
transformer1|flocal|3|0.2657172679901123
transformer1|ffinal|3|0.19590449333190918
node_transformer1|total_time|3|3.471104
node_transformer1|loops|3|2
node_transformer1|messages|3|0
transformer1|min_constraint|3|0
transformer1|max_constraint|3|0
transformer2|ffinal|3|0.28694748878479004
node_transformer2|total_time|3|3.837725
node_transformer2|loops|3|2
node_transformer2|messages|3|0
transformer2|min_constraint|3|0
transformer2|max_constraint|3|0
transformer3|ffinal|3|0.2715640068054199
node_transformer3|total_time|3|2.851782
node_transformer3|loops|3|2
node_transformer3|messages|3|0
transformer3|min_constraint|3|0
transformer3|max_constraint|3|0
transformer4|ffinal|3|0.2073497772216797
node_transformer4|total_time|3|2.753378
node_transformer4|loops|3|1
node_transformer4|messages|3|0
transformer4|min_constraint|3|0
transformer4|max_constraint|3|0
transformer5|ffinal|3|0.33789992332458496
node_transformer5|total_time|3|2.478725
node_transformer5|loops|3|1
node_transformer5|messages|3|0
transformer5|min_constraint|3|0
transformer5|max_constraint|3|0
transformer6|ffinal|3|0.27409911155700684
node_transformer6|total_time|3|1.514120
node_transformer6|loops|3|0
node_transformer6|messages|3|0
transformer6|min_constraint|3|0
transformer6|max_constraint|3|0
transformer7|ffinal|3|0.2750372886657715
node_transformer7|total_time|3|2.109163
node_transformer7|loops|3|1
node_transformer7|messages|3|0
transformer7|min_constraint|3|0
transformer7|max_constraint|3|0
transformer8|ffinal|3|0.28565239906311035
node_transformer8|total_time|3|1.274416
node_transformer8|loops|3|0
node_transformer8|messages|3|0
transformer8|min_constraint|3|0
transformer8|max_constraint|3|0
transformer9|ffinal|3|0.2719998359680176
node_transformer9|total_time|3|1.038445
node_transformer9|loops|3|0
node_transformer9|messages|3|0
transformer9|min_constraint|3|0
transformer9|max_constraint|3|0
user|ffinal|3|0.32727646827697754
node_provider|total_time|3|14.349078
node_provider|loops|3|9
node_provider|messages|3|0
user|min_constraint|3|0
user|max_constraint|3|0
provider|flocal|4|0.27552080154418945
provider|ffinal|4|0.1981041431427002
node_user|total_time|4|15.134600
node_user|loops|4|14
node_user|messages|4|2
provider|min_constraint|4|2
provider|max_constraint|4|2
transformer0|flocal|4|0.28437209129333496
transformer0|ffinal|4|0.3223419189453125
node_transformer0|total_time|4|6.431303
node_transformer0|loops|4|3
node_transformer0|messages|4|2
transformer0|min_constraint|4|4
transformer0|max_constraint|4|4
transformer10|ffinal|4|0.3554799556732178
node_transformer10|total_time|4|1.687180
node_transformer10|loops|4|0
node_transformer10|messages|4|0
transformer10|min_constraint|4|0
transformer10|max_constraint|4|0
transformer11|ffinal|4|0.2724456787109375
node_transformer11|total_time|4|0.993118
node_transformer11|loops|4|0
node_transformer11|messages|4|0
transformer11|min_constraint|4|0
transformer11|max_constraint|4|0
transformer12|ffinal|4|0.24457931518554688
node_transformer12|total_time|4|1.528769
node_transformer12|loops|4|0
node_transformer12|messages|4|0
transformer12|min_constraint|4|0
transformer12|max_constraint|4|0
transformer13|ffinal|4|0.2022714614868164
node_transformer13|total_time|4|0.737825
node_transformer13|loops|4|0
node_transformer13|messages|4|0
transformer13|min_constraint|4|0
transformer13|max_constraint|4|0
transformer14|ffinal|4|0.29120564460754395
node_transformer14|total_time|4|1.538976
node_transformer14|loops|4|0
node_transformer14|messages|4|0
transformer14|min_constraint|4|0
transformer14|max_constraint|4|0
transformer1|flocal|4|0.2816040515899658
transformer1|ffinal|4|0.19398903846740723
node_transformer1|total_time|4|4.909363
node_transformer1|loops|4|5
node_transformer1|messages|4|0
transformer1|min_constraint|4|0
transformer1|max_constraint|4|0
transformer2|ffinal|4|0.28998684883117676
node_transformer2|total_time|4|4.869406
node_transformer2|loops|4|4
node_transformer2|messages|4|0
transformer2|min_constraint|4|0
transformer2|max_constraint|4|0
transformer3|ffinal|4|0.3014392852783203
node_transformer3|total_time|4|3.979778
node_transformer3|loops|4|4
node_transformer3|messages|4|0
transformer3|min_constraint|4|0
transformer3|max_constraint|4|0
transformer4|ffinal|4|0.28919386863708496
node_transformer4|total_time|4|3.455089
node_transformer4|loops|4|2
node_transformer4|messages|4|0
transformer4|min_constraint|4|0
transformer4|max_constraint|4|0
transformer5|ffinal|4|0.21293210983276367
node_transformer5|total_time|4|3.945061
node_transformer5|loops|4|2
node_transformer5|messages|4|0
transformer5|min_constraint|4|0
transformer5|max_constraint|4|0
transformer6|ffinal|4|0.2873713970184326
node_transformer6|total_time|4|2.526729
node_transformer6|loops|4|1
node_transformer6|messages|4|0
transformer6|min_constraint|4|0
transformer6|max_constraint|4|0
transformer7|ffinal|4|0.2937476634979248
node_transformer7|total_time|4|2.129935
node_transformer7|loops|4|2
node_transformer7|messages|4|0
transformer7|min_constraint|4|0
transformer7|max_constraint|4|0
transformer8|ffinal|4|0.2696695327758789
node_transformer8|total_time|4|2.180340
node_transformer8|loops|4|0
node_transformer8|messages|4|0
transformer8|min_constraint|4|0
transformer8|max_constraint|4|0
transformer9|ffinal|4|0.2835822105407715
node_transformer9|total_time|4|1.575944
node_transformer9|loops|4|0
node_transformer9|messages|4|0
transformer9|min_constraint|4|0
transformer9|max_constraint|4|0
user|ffinal|4|0.28650331497192383
node_provider|total_time|4|15.072498
node_provider|loops|4|16
node_provider|messages|4|0
user|min_constraint|4|0
user|max_constraint|4|0
provider|flocal|5|0.2775897979736328
provider|ffinal|5|0.19219017028808594
node_user|total_time|5|13.275968
node_user|loops|5|12
node_user|messages|5|2
provider|min_constraint|5|2
provider|max_constraint|5|2
transformer0|flocal|5|0.42098450660705566
transformer0|ffinal|5|0.17842888832092285
node_transformer0|total_time|5|4.440774
node_transformer0|loops|5|3
node_transformer0|messages|5|2
transformer0|min_constraint|5|4
transformer0|max_constraint|5|4
transformer10|ffinal|5|0.2361295223236084
node_transformer10|total_time|5|0.471292
node_transformer10|loops|5|0
node_transformer10|messages|5|0
transformer10|min_constraint|5|0
transformer10|max_constraint|5|0
transformer11|ffinal|5|0.2969505786895752
node_transformer11|total_time|5|1.496157
node_transformer11|loops|5|0
node_transformer11|messages|5|0
transformer11|min_constraint|5|0
transformer11|max_constraint|5|0
transformer12|ffinal|5|0.3014514446258545
node_transformer12|total_time|5|1.995455
node_transformer12|loops|5|0
node_transformer12|messages|5|0
transformer12|min_constraint|5|0
transformer12|max_constraint|5|0
transformer13|ffinal|5|0.29305100440979004
node_transformer13|total_time|5|1.631749
node_transformer13|loops|5|0
node_transformer13|messages|5|0
transformer13|min_constraint|5|0
transformer13|max_constraint|5|0
transformer14|ffinal|5|0.26954126358032227
node_transformer14|total_time|5|0.546331
node_transformer14|loops|5|0
node_transformer14|messages|5|0
transformer14|min_constraint|5|0
transformer14|max_constraint|5|0
transformer1|flocal|5|0.2821066379547119
transformer1|ffinal|5|0.19872593879699707
node_transformer1|total_time|5|2.605553
node_transformer1|loops|5|1
node_transformer1|messages|5|0
transformer1|min_constraint|5|0
transformer1|max_constraint|5|0
transformer2|ffinal|5|0.2274479866027832
node_transformer2|total_time|5|2.739542
node_transformer2|loops|5|1
node_transformer2|messages|5|0
transformer2|min_constraint|5|0
transformer2|max_constraint|5|0
transformer3|ffinal|5|0.3013181686401367
node_transformer3|total_time|5|1.930078
node_transformer3|loops|5|0
node_transformer3|messages|5|0
transformer3|min_constraint|5|0
transformer3|max_constraint|5|0
transformer4|ffinal|5|0.2954235076904297
node_transformer4|total_time|5|2.092709
node_transformer4|loops|5|0
node_transformer4|messages|5|0
transformer4|min_constraint|5|0
transformer4|max_constraint|5|0
transformer5|ffinal|5|0.3086433410644531
node_transformer5|total_time|5|1.887025
node_transformer5|loops|5|0
node_transformer5|messages|5|0
transformer5|min_constraint|5|0
transformer5|max_constraint|5|0
transformer6|ffinal|5|0.30102014541625977
node_transformer6|total_time|5|1.498503
node_transformer6|loops|5|0
node_transformer6|messages|5|0
transformer6|min_constraint|5|0
transformer6|max_constraint|5|0
transformer7|ffinal|5|0.29860663414001465
node_transformer7|total_time|5|1.167514
node_transformer7|loops|5|0
node_transformer7|messages|5|0
transformer7|min_constraint|5|0
transformer7|max_constraint|5|0
transformer8|ffinal|5|0.29259705543518066
node_transformer8|total_time|5|0.647862
node_transformer8|loops|5|0
node_transformer8|messages|5|0
transformer8|min_constraint|5|0
transformer8|max_constraint|5|0
transformer9|ffinal|5|0.2557640075683594
node_transformer9|total_time|5|1.467347
node_transformer9|loops|5|0
node_transformer9|messages|5|0
transformer9|min_constraint|5|0
transformer9|max_constraint|5|0
user|ffinal|5|0.3031933307647705
node_provider|total_time|5|13.648726
node_provider|loops|5|16
node_provider|messages|5|0
user|min_constraint|5|0
user|max_constraint|5|0
provider|flocal|6|0.5484001636505127
provider|ffinal|6|0.22846007347106934
node_user|total_time|6|13.445921
node_user|loops|6|13
node_user|messages|6|2
provider|min_constraint|6|2
provider|max_constraint|6|2
transformer0|flocal|6|0.2668600082397461
transformer0|ffinal|6|0.21199297904968262
node_transformer0|total_time|6|3.735383
node_transformer0|loops|6|3
node_transformer0|messages|6|2
transformer0|min_constraint|6|4
transformer0|max_constraint|6|4
transformer10|ffinal|6|0.28673458099365234
node_transformer10|total_time|6|0.742401
node_transformer10|loops|6|0
node_transformer10|messages|6|0
transformer10|min_constraint|6|0
transformer10|max_constraint|6|0
transformer11|ffinal|6|0.2870171070098877
node_transformer11|total_time|6|0.462176
node_transformer11|loops|6|0
node_transformer11|messages|6|0
transformer11|min_constraint|6|0
transformer11|max_constraint|6|0
transformer12|ffinal|6|0.45481085777282715
node_transformer12|total_time|6|0.646305
node_transformer12|loops|6|0
node_transformer12|messages|6|0
transformer12|min_constraint|6|0
transformer12|max_constraint|6|0
transformer13|ffinal|6|0.2585890293121338
node_transformer13|total_time|6|2.022220
node_transformer13|loops|6|0
node_transformer13|messages|6|0
transformer13|min_constraint|6|0
transformer13|max_constraint|6|0
transformer14|ffinal|6|0.2906465530395508
node_transformer14|total_time|6|1.347036
node_transformer14|loops|6|0
node_transformer14|messages|6|0
transformer14|min_constraint|6|0
transformer14|max_constraint|6|0
transformer1|flocal|6|0.21086859703063965
transformer1|ffinal|6|0.16378402709960938
node_transformer1|total_time|6|4.191501
node_transformer1|loops|6|2
node_transformer1|messages|6|0
transformer1|min_constraint|6|0
transformer1|max_constraint|6|0
transformer2|ffinal|6|0.28818178176879883
node_transformer2|total_time|6|3.958782
node_transformer2|loops|6|1
node_transformer2|messages|6|0
transformer2|min_constraint|6|0
transformer2|max_constraint|6|0
transformer3|ffinal|6|0.280559778213501
node_transformer3|total_time|6|2.991844
node_transformer3|loops|6|2
node_transformer3|messages|6|0
transformer3|min_constraint|6|0
transformer3|max_constraint|6|0
transformer4|ffinal|6|0.2851145267486572
node_transformer4|total_time|6|1.990977
node_transformer4|loops|6|1
node_transformer4|messages|6|0
transformer4|min_constraint|6|0
transformer4|max_constraint|6|0
transformer5|ffinal|6|0.1976022720336914
node_transformer5|total_time|6|1.205614
node_transformer5|loops|6|0
node_transformer5|messages|6|0
transformer5|min_constraint|6|0
transformer5|max_constraint|6|0
transformer6|ffinal|6|0.2680330276489258
node_transformer6|total_time|6|0.728517
node_transformer6|loops|6|0
node_transformer6|messages|6|0
transformer6|min_constraint|6|0
transformer6|max_constraint|6|0
transformer7|ffinal|6|0.27896714210510254
node_transformer7|total_time|6|1.757437
node_transformer7|loops|6|0
node_transformer7|messages|6|0
transformer7|min_constraint|6|0
transformer7|max_constraint|6|0
transformer8|ffinal|6|0.2623612880706787
node_transformer8|total_time|6|1.782436
node_transformer8|loops|6|0
node_transformer8|messages|6|0
transformer8|min_constraint|6|0
transformer8|max_constraint|6|0
transformer9|ffinal|6|0.2893249988555908
node_transformer9|total_time|6|0.362883
node_transformer9|loops|6|0
node_transformer9|messages|6|0
transformer9|min_constraint|6|0
transformer9|max_constraint|6|0
user|ffinal|6|0.29437875747680664
node_provider|total_time|6|13.134491
node_provider|loops|6|10
node_provider|messages|6|0
user|min_constraint|6|0
user|max_constraint|6|0
provider|flocal|7|0.2799510955810547
provider|ffinal|7|0.19564127922058105
node_user|total_time|7|14.279811
node_user|loops|7|11
node_user|messages|7|2
provider|min_constraint|7|2
provider|max_constraint|7|2
transformer0|flocal|7|0.20678377151489258
transformer0|ffinal|7|0.1764829158782959
node_transformer0|total_time|7|4.927069
node_transformer0|loops|7|2
node_transformer0|messages|7|2
transformer0|min_constraint|7|4
transformer0|max_constraint|7|4
transformer10|ffinal|7|1.5695009231567383
node_transformer10|total_time|7|3.423067
node_transformer10|loops|7|0
node_transformer10|messages|7|0
transformer10|min_constraint|7|0
transformer10|max_constraint|7|0
transformer11|ffinal|7|1.9286448955535889
node_transformer11|total_time|7|2.932456
node_transformer11|loops|7|0
node_transformer11|messages|7|0
transformer11|min_constraint|7|0
transformer11|max_constraint|7|0
transformer12|ffinal|7|1.4463012218475342
node_transformer12|total_time|7|2.760809
node_transformer12|loops|7|0
node_transformer12|messages|7|0
transformer12|min_constraint|7|0
transformer12|max_constraint|7|0
transformer13|ffinal|7|0.9965999126434326
node_transformer13|total_time|7|2.617009
node_transformer13|loops|7|0
node_transformer13|messages|7|0
transformer13|min_constraint|7|0
transformer13|max_constraint|7|0
transformer14|ffinal|7|1.255478858947754
node_transformer14|total_time|7|1.871378
node_transformer14|loops|7|0
node_transformer14|messages|7|0
transformer14|min_constraint|7|0
transformer14|max_constraint|7|0
transformer1|flocal|7|0.28980565071105957
transformer1|ffinal|7|0.19556975364685059
node_transformer1|total_time|7|4.446687
node_transformer1|loops|7|3
node_transformer1|messages|7|0
transformer1|min_constraint|7|0
transformer1|max_constraint|7|0
transformer2|ffinal|7|0.26734256744384766
node_transformer2|total_time|7|4.339312
node_transformer2|loops|7|3
node_transformer2|messages|7|0
transformer2|min_constraint|7|0
transformer2|max_constraint|7|0
transformer3|ffinal|7|0.2828702926635742
node_transformer3|total_time|7|3.512169
node_transformer3|loops|7|1
node_transformer3|messages|7|0
transformer3|min_constraint|7|0
transformer3|max_constraint|7|0
transformer4|ffinal|7|0.2830495834350586
node_transformer4|total_time|7|2.783955
node_transformer4|loops|7|1
node_transformer4|messages|7|0
transformer4|min_constraint|7|0
transformer4|max_constraint|7|0
transformer5|ffinal|7|0.28996968269348145
node_transformer5|total_time|7|2.412606
node_transformer5|loops|7|1
node_transformer5|messages|7|0
transformer5|min_constraint|7|0
transformer5|max_constraint|7|0
transformer6|ffinal|7|0.28014707565307617
node_transformer6|total_time|7|2.960925
node_transformer6|loops|7|1
node_transformer6|messages|7|0
transformer6|min_constraint|7|0
transformer6|max_constraint|7|0
transformer7|ffinal|7|0.28153276443481445
node_transformer7|total_time|7|1.529724
node_transformer7|loops|7|0
node_transformer7|messages|7|0
transformer7|min_constraint|7|0
transformer7|max_constraint|7|0
transformer8|ffinal|7|0.24669957160949707
node_transformer8|total_time|7|2.100146
node_transformer8|loops|7|0
node_transformer8|messages|7|0
transformer8|min_constraint|7|0
transformer8|max_constraint|7|0
transformer9|ffinal|7|0.2825641632080078
node_transformer9|total_time|7|0.909592
node_transformer9|loops|7|0
node_transformer9|messages|7|0
transformer9|min_constraint|7|0
transformer9|max_constraint|7|0
user|ffinal|7|0.3043370246887207
node_provider|total_time|7|14.330906
node_provider|loops|7|11
node_provider|messages|7|0
user|min_constraint|7|0
user|max_constraint|7|0
provider|flocal|8|0.28577303886413574
provider|ffinal|8|0.22554397583007812
node_user|total_time|8|14.518767
node_user|loops|8|12
node_user|messages|8|2
provider|min_constraint|8|2
provider|max_constraint|8|2
transformer0|flocal|8|0.27155137062072754
transformer0|ffinal|8|0.19435930252075195
node_transformer0|total_time|8|5.128603
node_transformer0|loops|8|2
node_transformer0|messages|8|2
transformer0|min_constraint|8|4
transformer0|max_constraint|8|4
transformer10|ffinal|8|0.27310848236083984
node_transformer10|total_time|8|0.407373
node_transformer10|loops|8|0
node_transformer10|messages|8|0
transformer10|min_constraint|8|0
transformer10|max_constraint|8|0
transformer11|ffinal|8|0.2912442684173584
node_transformer11|total_time|8|1.711288
node_transformer11|loops|8|0
node_transformer11|messages|8|0
transformer11|min_constraint|8|0
transformer11|max_constraint|8|0
transformer12|ffinal|8|0.29357457160949707
node_transformer12|total_time|8|2.157335
node_transformer12|loops|8|0
node_transformer12|messages|8|0
transformer12|min_constraint|8|0
transformer12|max_constraint|8|0
transformer13|ffinal|8|0.2924957275390625
node_transformer13|total_time|8|1.044393
node_transformer13|loops|8|0
node_transformer13|messages|8|0
transformer13|min_constraint|8|0
transformer13|max_constraint|8|0
transformer14|ffinal|8|0.24088120460510254
node_transformer14|total_time|8|0.487061
node_transformer14|loops|8|0
node_transformer14|messages|8|0
transformer14|min_constraint|8|0
transformer14|max_constraint|8|0
transformer1|flocal|8|0.24953150749206543
transformer1|ffinal|8|0.29908180236816406
node_transformer1|total_time|8|4.528546
node_transformer1|loops|8|4
node_transformer1|messages|8|0
transformer1|min_constraint|8|0
transformer1|max_constraint|8|0
transformer2|ffinal|8|0.458209753036499
node_transformer2|total_time|8|4.006615
node_transformer2|loops|8|1
node_transformer2|messages|8|0
transformer2|min_constraint|8|0
transformer2|max_constraint|8|0
transformer3|ffinal|8|0.2859306335449219
node_transformer3|total_time|8|5.277484
node_transformer3|loops|8|2
node_transformer3|messages|8|0
transformer3|min_constraint|8|0
transformer3|max_constraint|8|0
transformer4|ffinal|8|0.2794933319091797
node_transformer4|total_time|8|4.033018
node_transformer4|loops|8|2
node_transformer4|messages|8|0
transformer4|min_constraint|8|0
transformer4|max_constraint|8|0
transformer5|ffinal|8|0.2790713310241699
node_transformer5|total_time|8|2.973032
node_transformer5|loops|8|2
node_transformer5|messages|8|0
transformer5|min_constraint|8|0
transformer5|max_constraint|8|0
transformer6|ffinal|8|0.27889394760131836
node_transformer6|total_time|8|2.746119
node_transformer6|loops|8|3
node_transformer6|messages|8|0
transformer6|min_constraint|8|0
transformer6|max_constraint|8|0
transformer7|ffinal|8|0.4646477699279785
node_transformer7|total_time|8|1.765539
node_transformer7|loops|8|1
node_transformer7|messages|8|0
transformer7|min_constraint|8|0
transformer7|max_constraint|8|0
transformer8|ffinal|8|0.2806267738342285
node_transformer8|total_time|8|2.092273
node_transformer8|loops|8|0
node_transformer8|messages|8|0
transformer8|min_constraint|8|0
transformer8|max_constraint|8|0
transformer9|ffinal|8|0.2647674083709717
node_transformer9|total_time|8|2.123911
node_transformer9|loops|8|0
node_transformer9|messages|8|0
transformer9|min_constraint|8|0
transformer9|max_constraint|8|0
user|ffinal|8|0.46938347816467285
node_provider|total_time|8|14.595592
node_provider|loops|8|15
node_provider|messages|8|0
user|min_constraint|8|0
user|max_constraint|8|0
provider|flocal|9|0.2583010196685791
provider|ffinal|9|0.19641661643981934
node_user|total_time|9|13.703073
node_user|loops|9|16
node_user|messages|9|2
provider|min_constraint|9|2
provider|max_constraint|9|2
transformer0|flocal|9|1.244640588760376
transformer0|ffinal|9|0.17026448249816895
node_transformer0|total_time|9|4.975592
node_transformer0|loops|9|3
node_transformer0|messages|9|2
transformer0|min_constraint|9|4
transformer0|max_constraint|9|4
transformer10|ffinal|9|0.2656283378601074
node_transformer10|total_time|9|1.569089
node_transformer10|loops|9|0
node_transformer10|messages|9|0
transformer10|min_constraint|9|0
transformer10|max_constraint|9|0
transformer11|ffinal|9|0.24060368537902832
node_transformer11|total_time|9|1.095937
node_transformer11|loops|9|0
node_transformer11|messages|9|0
transformer11|min_constraint|9|0
transformer11|max_constraint|9|0
transformer12|ffinal|9|0.25959181785583496
node_transformer12|total_time|9|1.852320
node_transformer12|loops|9|0
node_transformer12|messages|9|0
transformer12|min_constraint|9|0
transformer12|max_constraint|9|0
transformer13|ffinal|9|0.2419142723083496
node_transformer13|total_time|9|1.550291
node_transformer13|loops|9|0
node_transformer13|messages|9|0
transformer13|min_constraint|9|0
transformer13|max_constraint|9|0
transformer14|ffinal|9|0.29733753204345703
node_transformer14|total_time|9|2.122200
node_transformer14|loops|9|0
node_transformer14|messages|9|0
transformer14|min_constraint|9|0
transformer14|max_constraint|9|0
transformer1|flocal|9|0.2630488872528076
transformer1|ffinal|9|0.1987619400024414
node_transformer1|total_time|9|3.942717
node_transformer1|loops|9|2
node_transformer1|messages|9|0
transformer1|min_constraint|9|0
transformer1|max_constraint|9|0
transformer2|ffinal|9|0.26886796951293945
node_transformer2|total_time|9|2.968448
node_transformer2|loops|9|4
node_transformer2|messages|9|0
transformer2|min_constraint|9|0
transformer2|max_constraint|9|0
transformer3|ffinal|9|0.2935450077056885
node_transformer3|total_time|9|3.031263
node_transformer3|loops|9|1
node_transformer3|messages|9|0
transformer3|min_constraint|9|0
transformer3|max_constraint|9|0
transformer4|ffinal|9|0.285947322845459
node_transformer4|total_time|9|3.840689
node_transformer4|loops|9|1
node_transformer4|messages|9|0
transformer4|min_constraint|9|0
transformer4|max_constraint|9|0
transformer5|ffinal|9|0.2707669734954834
node_transformer5|total_time|9|1.633319
node_transformer5|loops|9|2
node_transformer5|messages|9|0
transformer5|min_constraint|9|0
transformer5|max_constraint|9|0
transformer6|ffinal|9|0.27803659439086914
node_transformer6|total_time|9|1.920649
node_transformer6|loops|9|0
node_transformer6|messages|9|0
transformer6|min_constraint|9|0
transformer6|max_constraint|9|0
transformer7|ffinal|9|0.2837071418762207
node_transformer7|total_time|9|1.918437
node_transformer7|loops|9|0
node_transformer7|messages|9|0
transformer7|min_constraint|9|0
transformer7|max_constraint|9|0
transformer8|ffinal|9|0.2919595241546631
node_transformer8|total_time|9|2.090786
node_transformer8|loops|9|0
node_transformer8|messages|9|0
transformer8|min_constraint|9|0
transformer8|max_constraint|9|0
transformer9|ffinal|9|0.28276968002319336
node_transformer9|total_time|9|1.031033
node_transformer9|loops|9|0
node_transformer9|messages|9|0
transformer9|min_constraint|9|0
transformer9|max_constraint|9|0
user|ffinal|9|0.2368330955505371
node_provider|total_time|9|14.186955
node_provider|loops|9|14
node_provider|messages|9|0
user|min_constraint|9|0
user|max_constraint|9|0
