('mariadbworker0', 'servicev1', 'novaworker0', 'mariadbservicev1')
('keystoneworker0', 'servicev1', 'novaworker0', 'keystoneservicev1')
('mariadbworker0', 'servicev2', 'novaworker0', 'mariadbservicev2')
('keystoneworker0', 'servicev2', 'novaworker0', 'keystoneservicev2')
('mariadbworker0', 'servicev3', 'novaworker0', 'mariadbservicev3')
('keystoneworker0', 'servicev3', 'novaworker0', 'keystoneservicev3')
Run on port 40001
{'mariadbmaster': {'address': 'gros-121.nancy.grid5000.fr', 'port_planner': 40001}, 'commonmaster': {'address': 'gros-121.nancy.grid5000.fr', 'port_planner': 40001}, 'haproxymaster': {'address': 'gros-121.nancy.grid5000.fr', 'port_planner': 40001}, 'memcachedmaster': {'address': 'gros-121.nancy.grid5000.fr', 'port_planner': 40001}, 'ovswitchmaster': {'address': 'gros-121.nancy.grid5000.fr', 'port_planner': 40001}, 'rabbitmqmaster': {'address': 'gros-121.nancy.grid5000.fr', 'port_planner': 40001}, 'factsmaster': {'address': 'gros-121.nancy.grid5000.fr', 'port_planner': 40001}, 'mariadbworker0': {'address': 'gros-26.nancy.grid5000.fr', 'port_planner': 40001}, 'commonworker0': {'address': 'gros-26.nancy.grid5000.fr', 'port_planner': 40001}, 'haproxyworker0': {'address': 'gros-26.nancy.grid5000.fr', 'port_planner': 40001}, 'memcachedworker0': {'address': 'gros-26.nancy.grid5000.fr', 'port_planner': 40001}, 'ovswitchworker0': {'address': 'gros-26.nancy.grid5000.fr', 'port_planner': 40001}, 'rabbitmqworker0': {'address': 'gros-26.nancy.grid5000.fr', 'port_planner': 40001}, 'factsworker0': {'address': 'gros-26.nancy.grid5000.fr', 'port_planner': 40001}, 'keystoneworker0': {'address': 'gros-26.nancy.grid5000.fr', 'port_planner': 40001}, 'glanceworker0': {'address': 'gros-26.nancy.grid5000.fr', 'port_planner': 40001}, 'neutronworker0': {'address': 'gros-27.nancy.grid5000.fr', 'port_planner': 40001}, 'novaworker0': {'address': 'gros-33.nancy.grid5000.fr', 'port_planner': 40001}}
pinged ALL
novaworker0|flocal|0|0.9407436847686768
novaworker0|flocal|0|0.4430873394012451
novaworker0|ffinal|0|0.4508347511291504
node_nova0|total_time|0|6.145676
node_nova0|loops|0|2
node_nova0|messages|0|10
novaworker0|min_constraint|0|5
novaworker0|max_constraint|0|5
novaworker0|flocal|0|0.6560051441192627
novaworker0|ffinal|0|0.4408600330352783
node_nova0|total_time|0|4.563287
node_nova0|loops|0|1
node_nova0|messages|0|5
novaworker0|min_constraint|0|3
novaworker0|max_constraint|0|3
