haproxyworker0|flocal|0|0.3638124465942383
rabbitmqworker0|flocal|0|0.37883734703063965
factsworker0|flocal|0|0.3807845115661621
ovswitchworker0|flocal|0|0.3922121524810791
memcachedsworker0|flocal|0|0.3947286605834961
commonworker0|flocal|0|0.4250178337097168
keystoneworker0|flocal|0|0.43885016441345215
glanceworker0|flocal|0|0.44562196731567383
mariadbworker0|flocal|0|0.6238698959350586
haproxyworker0|flocal|0|0.2421555519104004
factsworker0|flocal|0|0.23955178260803223
ovswitchworker0|flocal|0|0.2466881275177002
memcachedsworker0|flocal|0|0.267941951751709
rabbitmqworker0|flocal|0|0.2695138454437256
glanceworker0|funsat|0|0.2796449661254883
keystoneworker0|flocal|0|0.3464844226837158
mariadbworker0|funsat|0|0.388714075088501
commonworker0|flocal|0|0.39989399909973145
ovswitchworker0|flocal|0|0.23933029174804688
memcachedsworker0|flocal|0|0.24053144454956055
factsworker0|flocal|0|0.24652314186096191
rabbitmqworker0|flocal|0|0.26131725311279297
glanceworker0|funsat|0|0.24705123901367188
haproxyworker0|flocal|0|0.2700934410095215
keystoneworker0|flocal|0|0.2974395751953125
commonworker0|flocal|0|0.3422670364379883
mariadbworker0|funsat|0|0.3686096668243408
ovswitchworker0|flocal|0|0.25289106369018555
memcachedsworker0|flocal|0|0.25354933738708496
factsworker0|flocal|0|0.264110803604126
rabbitmqworker0|flocal|0|0.27031421661376953
haproxyworker0|flocal|0|0.2773141860961914
glanceworker0|funsat|0|0.2777726650238037
keystoneworker0|flocal|0|0.3114323616027832
commonworker0|flocal|0|0.3646962642669678
mariadbworker0|funsat|0|0.37410831451416016
ovswitchworker0|flocal|0|0.24014711380004883
rabbitmqworker0|flocal|0|0.25710415840148926
glanceworker0|funsat|0|0.256939172744751
haproxyworker0|flocal|0|0.27286672592163086
memcachedsworker0|flocal|0|0.27755093574523926
factsworker0|flocal|0|0.2948601245880127
keystoneworker0|flocal|0|0.2976081371307373
mariadbworker0|funsat|0|0.36217355728149414
commonworker0|flocal|0|0.3771333694458008
ovswitchworker0|ffinal|0|0.23952317237854004
factsworker0|ffinal|0|0.24161863327026367
memcachedsworker0|ffinal|0|0.25370335578918457
rabbitmqworker0|ffinal|0|0.2610933780670166
haproxyworker0|ffinal|0|0.2739834785461426
glanceworker0|funsat|0|0.2715613842010498
keystoneworker0|ffinal|0|0.2933475971221924
mariadbworker0|funsat|0|0.362018346786499
commonworker0|ffinal|0|0.37219953536987305
node_worker0|total_time|10|7.590403
node_worker0|loops|10|4
node_worker0|messages|10|89
memcachedsworker0|min_constraint|10|1
factsworker0|max_constraint|10|13
