factsmaster|flocal|0|0.2836165428161621
ovswitchmaster|flocal|0|0.2887585163116455
rabbitmqmaster|flocal|0|0.29216480255126953
memcachedsmaster|flocal|0|0.3054373264312744
haproxymaster|flocal|0|0.3070378303527832
commonmaster|flocal|0|0.3399341106414795
mariadbmaster|flocal|0|0.47791171073913574
haproxymaster|flocal|0|0.21891331672668457
ovswitchmaster|flocal|0|0.22683072090148926
factsmaster|flocal|0|0.23371577262878418
rabbitmqmaster|flocal|0|0.2387373447418213
memcachedsmaster|flocal|0|0.2624845504760742
commonmaster|flocal|0|0.2875356674194336
mariadbmaster|flocal|0|0.45916199684143066
memcachedsmaster|flocal|0|0.22282099723815918
ovswitchmaster|flocal|0|0.23236536979675293
haproxymaster|flocal|0|0.2350020408630371
rabbitmqmaster|flocal|0|0.2406902313232422
factsmaster|flocal|0|0.2414531707763672
commonmaster|flocal|0|0.31967711448669434
mariadbmaster|flocal|0|0.4051954746246338
memcachedsmaster|flocal|0|0.2209177017211914
haproxymaster|flocal|0|0.253129243850708
ovswitchmaster|flocal|0|0.25345492362976074
rabbitmqmaster|flocal|0|0.2563650608062744
factsmaster|flocal|0|0.257310152053833
commonmaster|flocal|0|0.34720635414123535
mariadbmaster|flocal|0|0.5464916229248047
memcachedsmaster|flocal|0|0.22947931289672852
rabbitmqmaster|flocal|0|0.24232888221740723
haproxymaster|flocal|0|0.24661517143249512
ovswitchmaster|flocal|0|0.24572467803955078
factsmaster|flocal|0|0.25289320945739746
commonmaster|flocal|0|0.369124174118042
mariadbmaster|flocal|0|0.5085742473602295
ovswitchmaster|ffinal|0|0.2143537998199463
memcachedsmaster|ffinal|0|0.22831273078918457
rabbitmqmaster|ffinal|0|0.23248028755187988
haproxymaster|ffinal|0|0.24588656425476074
factsmaster|ffinal|0|0.2477245330810547
commonmaster|ffinal|0|0.36074352264404297
mariadbmaster|ffinal|0|0.5090434551239014
node_master|total_time|10|8.502304
node_master|loops|10|5
node_master|messages|10|116
memcachedsmaster|min_constraint|10|1
commonmaster|max_constraint|10|17
