haproxyworker0|flocal|0|0.2740335464477539
factsworker0|flocal|0|0.2847416400909424
memcachedsworker0|flocal|0|0.2975294589996338
ovswitchworker0|flocal|0|0.2991797924041748
rabbitmqworker0|flocal|0|0.30010414123535156
commonworker0|flocal|0|0.34281468391418457
glanceworker0|flocal|0|0.32938122749328613
keystoneworker0|flocal|0|0.3717942237854004
mariadbworker0|flocal|0|0.5460460186004639
ovswitchworker0|flocal|0|0.24004125595092773
haproxyworker0|flocal|0|0.24950885772705078
memcachedsworker0|flocal|0|0.2656126022338867
factsworker0|flocal|0|0.2651376724243164
rabbitmqworker0|flocal|0|0.26886796951293945
commonworker0|flocal|0|0.33829426765441895
glanceworker0|flocal|0|0.3193986415863037
keystoneworker0|flocal|0|0.3385775089263916
mariadbworker0|flocal|0|0.7674703598022461
rabbitmqworker0|flocal|0|0.24627685546875
factsworker0|flocal|0|0.24803495407104492
ovswitchworker0|flocal|0|0.2635667324066162
memcachedsworker0|flocal|0|0.2704777717590332
haproxyworker0|flocal|0|0.2812919616699219
glanceworker0|flocal|0|0.3096122741699219
keystoneworker0|flocal|0|0.3255960941314697
commonworker0|flocal|0|0.344836950302124
mariadbworker0|flocal|0|1.7145400047302246
memcachedsworker0|ffinal|0|0.22471046447753906
haproxyworker0|ffinal|0|0.24578404426574707
rabbitmqworker0|ffinal|0|0.25415825843811035
ovswitchworker0|ffinal|0|0.26608872413635254
factsworker0|ffinal|0|0.26563477516174316
glanceworker0|ffinal|0|0.30420637130737305
commonworker0|ffinal|0|0.3520348072052002
keystoneworker0|ffinal|0|0.3797175884246826
mariadbworker0|ffinal|0|1.7303681373596191
node_worker0|total_time|10|8.515037
node_worker0|loops|10|2
node_worker0|messages|10|60
memcachedsworker0|min_constraint|10|1
mariadbworker0|max_constraint|10|25
