rabbitmqmaster|flocal|0|0.26396751403808594
memcachedsmaster|flocal|0|0.27254152297973633
factsmaster|flocal|0|0.2717583179473877
haproxymaster|flocal|0|0.28146839141845703
ovswitchmaster|flocal|0|0.29863667488098145
commonmaster|flocal|0|0.34580302238464355
mariadbmaster|flocal|0|0.45574951171875
ovswitchmaster|flocal|0|0.2059624195098877
haproxymaster|flocal|0|0.22940373420715332
rabbitmqmaster|flocal|0|0.23014450073242188
memcachedsmaster|flocal|0|0.23325347900390625
factsmaster|flocal|0|0.23536944389343262
commonmaster|flocal|0|0.28746891021728516
mariadbmaster|flocal|0|0.4055774211883545
memcachedsmaster|flocal|0|0.21461796760559082
factsmaster|flocal|0|0.22443318367004395
ovswitchmaster|flocal|0|0.22564125061035156
rabbitmqmaster|flocal|0|0.23239374160766602
haproxymaster|flocal|0|0.2537574768066406
commonmaster|flocal|0|0.32768869400024414
mariadbmaster|flocal|0|0.4265403747558594
haproxymaster|flocal|0|0.23353195190429688
memcachedsmaster|flocal|0|0.256591796875
ovswitchmaster|flocal|0|0.2614426612854004
rabbitmqmaster|flocal|0|0.26105260848999023
factsmaster|flocal|0|0.26267504692077637
commonmaster|flocal|0|0.3433988094329834
mariadbmaster|flocal|0|0.40879011154174805
haproxymaster|flocal|0|0.23391509056091309
memcachedsmaster|flocal|0|0.23608160018920898
ovswitchmaster|flocal|0|0.23794317245483398
rabbitmqmaster|flocal|0|0.24769115447998047
factsmaster|flocal|0|0.2538583278656006
commonmaster|flocal|0|0.33074235916137695
mariadbmaster|flocal|0|0.4139690399169922
memcachedsmaster|ffinal|0|0.236100435256958
rabbitmqmaster|ffinal|0|0.24920320510864258
factsmaster|ffinal|0|0.2551743984222412
ovswitchmaster|ffinal|0|0.2635211944580078
haproxymaster|ffinal|0|0.27197766304016113
commonmaster|ffinal|0|0.33669114112854004
mariadbmaster|ffinal|0|0.4247102737426758
node_master|total_time|11|9.251882
node_master|loops|11|5
node_master|messages|11|82
memcachedsmaster|min_constraint|11|1
factsmaster|max_constraint|11|13
