haproxyworker0|flocal|0|0.40167236328125
rabbitmqworker0|flocal|0|0.40894651412963867
factsworker0|flocal|0|0.4283885955810547
ovswitchworker0|flocal|0|0.43454694747924805
memcachedsworker0|flocal|0|0.4411602020263672
keystoneworker0|flocal|0|0.45023345947265625
commonworker0|flocal|0|0.47132158279418945
glanceworker0|flocal|0|0.4832329750061035
mariadbworker0|flocal|0|0.634678840637207
memcachedsworker0|flocal|0|0.2460339069366455
haproxyworker0|flocal|0|0.259371280670166
factsworker0|flocal|0|0.2822761535644531
rabbitmqworker0|flocal|0|0.28739166259765625
ovswitchworker0|flocal|0|0.28868865966796875
commonworker0|flocal|0|0.29865288734436035
keystoneworker0|flocal|0|0.31155943870544434
glanceworker0|flocal|0|0.33702969551086426
mariadbworker0|funsat|0|0.3798537254333496
haproxyworker0|flocal|0|0.24822592735290527
ovswitchworker0|flocal|0|0.2506387233734131
memcachedsworker0|flocal|0|0.26521992683410645
factsworker0|flocal|0|0.2589845657348633
rabbitmqworker0|flocal|0|0.277768611907959
commonworker0|flocal|0|0.2977430820465088
keystoneworker0|flocal|0|0.3180856704711914
glanceworker0|flocal|0|0.31424784660339355
mariadbworker0|funsat|0|0.38550329208374023
rabbitmqworker0|flocal|0|0.2482585906982422
ovswitchworker0|flocal|0|0.26892900466918945
factsworker0|flocal|0|0.2774026393890381
commonworker0|flocal|0|0.29984116554260254
haproxyworker0|flocal|0|0.3097248077392578
memcachedsworker0|flocal|0|0.3197159767150879
keystoneworker0|flocal|0|0.3259925842285156
glanceworker0|flocal|0|0.32903194427490234
mariadbworker0|funsat|0|0.3878617286682129
memcachedsworker0|ffinal|0|0.248610258102417
haproxyworker0|ffinal|0|0.2717771530151367
factsworker0|ffinal|0|0.26822924613952637
rabbitmqworker0|ffinal|0|0.27973222732543945
ovswitchworker0|ffinal|0|0.2836909294128418
commonworker0|ffinal|0|0.3001821041107178
glanceworker0|ffinal|0|0.3127014636993408
keystoneworker0|ffinal|0|0.35082316398620605
mariadbworker0|funsat|0|0.4161262512207031
node_worker0|total_time|11|7.139396
node_worker0|loops|11|4
node_worker0|messages|11|34
commonworker0|min_constraint|11|1
mariadbworker0|max_constraint|11|6
