memcachedsworker0|flocal|0|0.30864787101745605
ovswitchworker0|flocal|0|0.3205139636993408
rabbitmqworker0|flocal|0|0.32645273208618164
factsworker0|flocal|0|0.32755327224731445
haproxyworker0|flocal|0|0.3325014114379883
keystoneworker0|flocal|0|0.3672754764556885
glanceworker0|flocal|0|0.3669164180755615
commonworker0|flocal|0|0.38201117515563965
mariadbworker0|flocal|0|0.5629215240478516
memcachedsworker0|flocal|0|0.2627756595611572
haproxyworker0|flocal|0|0.2727510929107666
rabbitmqworker0|flocal|0|0.27146363258361816
factsworker0|flocal|0|0.2900240421295166
ovswitchworker0|flocal|0|0.2970428466796875
keystoneworker0|flocal|0|0.31943845748901367
commonworker0|flocal|0|0.34873032569885254
glanceworker0|flocal|0|0.3506028652191162
mariadbworker0|flocal|0|0.5122113227844238
memcachedsworker0|flocal|0|0.24391889572143555
rabbitmqworker0|flocal|0|0.26156044006347656
ovswitchworker0|flocal|0|0.2708709239959717
factsworker0|flocal|0|0.2714366912841797
haproxyworker0|flocal|0|0.2945997714996338
glanceworker0|flocal|0|0.3149220943450928
commonworker0|flocal|0|0.33062744140625
keystoneworker0|flocal|0|0.3436429500579834
mariadbworker0|flocal|0|0.686018705368042
haproxyworker0|ffinal|0|0.26379871368408203
ovswitchworker0|ffinal|0|0.28008270263671875
rabbitmqworker0|ffinal|0|0.2868351936340332
factsworker0|ffinal|0|0.28382301330566406
memcachedsworker0|ffinal|0|0.3044397830963135
glanceworker0|ffinal|0|0.34500670433044434
commonworker0|ffinal|0|0.36934757232666016
keystoneworker0|ffinal|0|0.37914323806762695
mariadbworker0|ffinal|0|0.7274503707885742
node_worker0|total_time|11|7.094157
node_worker0|loops|11|3
node_worker0|messages|11|108
memcachedsworker0|min_constraint|11|1
mariadbworker0|max_constraint|11|16
