ovswitchmaster|flocal|0|0.2591407299041748
rabbitmqmaster|flocal|0|0.2613091468811035
factsmaster|flocal|0|0.26206135749816895
memcachedsmaster|flocal|0|0.26500678062438965
haproxymaster|flocal|0|0.2670755386352539
commonmaster|flocal|0|0.32471156120300293
mariadbmaster|flocal|0|0.4495511054992676
rabbitmqmaster|flocal|0|0.22977733612060547
memcachedsmaster|flocal|0|0.23609375953674316
ovswitchmaster|flocal|0|0.23961997032165527
haproxymaster|flocal|0|0.24459171295166016
factsmaster|flocal|0|0.24818015098571777
commonmaster|flocal|0|0.2957794666290283
mariadbmaster|flocal|0|0.4129829406738281
memcachedsmaster|flocal|0|0.2304680347442627
haproxymaster|flocal|0|0.23188066482543945
rabbitmqmaster|flocal|0|0.23637890815734863
factsmaster|flocal|0|0.23653435707092285
ovswitchmaster|flocal|0|0.24699926376342773
commonmaster|flocal|0|0.3239614963531494
mariadbmaster|flocal|0|0.41046762466430664
haproxymaster|flocal|0|0.23621606826782227
memcachedsmaster|flocal|0|0.23879075050354004
factsmaster|flocal|0|0.2356569766998291
ovswitchmaster|flocal|0|0.27231502532958984
rabbitmqmaster|flocal|0|0.2604942321777344
commonmaster|flocal|0|0.31741905212402344
mariadbmaster|flocal|0|0.5095944404602051
haproxymaster|flocal|0|0.2323160171508789
rabbitmqmaster|flocal|0|0.23242545127868652
memcachedsmaster|flocal|0|0.23548412322998047
ovswitchmaster|flocal|0|0.24581098556518555
factsmaster|flocal|0|0.260744571685791
commonmaster|flocal|0|0.35841989517211914
mariadbmaster|flocal|0|0.5563323497772217
haproxymaster|ffinal|0|0.22373437881469727
rabbitmqmaster|ffinal|0|0.22974681854248047
memcachedsmaster|ffinal|0|0.2311384677886963
ovswitchmaster|ffinal|0|0.242692232131958
factsmaster|ffinal|0|0.24890661239624023
commonmaster|ffinal|0|0.3479747772216797
mariadbmaster|ffinal|0|0.5220370292663574
node_master|total_time|11|8.938396
node_master|loops|11|5
node_master|messages|11|116
memcachedsmaster|min_constraint|11|1
commonmaster|max_constraint|11|17
