ovswitchworker0|flocal|0|0.3130645751953125
factsworker0|flocal|0|0.31973743438720703
haproxyworker0|flocal|0|0.327681303024292
rabbitmqworker0|flocal|0|0.3442656993865967
memcachedsworker0|flocal|0|0.35472607612609863
commonworker0|flocal|0|0.3650791645050049
glanceworker0|flocal|0|0.37941884994506836
keystoneworker0|flocal|0|0.3827939033508301
mariadbworker0|flocal|0|0.5425751209259033
memcachedsworker0|flocal|0|0.2444167137145996
haproxyworker0|flocal|0|0.24756646156311035
ovswitchworker0|flocal|0|0.26027607917785645
factsworker0|flocal|0|0.28398990631103516
rabbitmqworker0|flocal|0|0.2885119915008545
commonworker0|flocal|0|0.3121979236602783
keystoneworker0|flocal|0|0.32840967178344727
glanceworker0|flocal|0|0.32999682426452637
mariadbworker0|funsat|0|0.3843989372253418
ovswitchworker0|flocal|0|0.2526404857635498
factsworker0|flocal|0|0.25231099128723145
rabbitmqworker0|flocal|0|0.272627592086792
haproxyworker0|flocal|0|0.27908802032470703
commonworker0|flocal|0|0.2930908203125
memcachedsworker0|flocal|0|0.306041955947876
keystoneworker0|flocal|0|0.31343507766723633
glanceworker0|flocal|0|0.3212544918060303
mariadbworker0|funsat|0|0.3739356994628906
haproxyworker0|flocal|0|0.23330998420715332
ovswitchworker0|flocal|0|0.24084687232971191
factsworker0|flocal|0|0.24250125885009766
rabbitmqworker0|flocal|0|0.2480936050415039
memcachedsworker0|flocal|0|0.27081775665283203
keystoneworker0|flocal|0|0.29665708541870117
commonworker0|flocal|0|0.31679725646972656
glanceworker0|flocal|0|0.3099846839904785
mariadbworker0|funsat|0|0.35901308059692383
haproxyworker0|ffinal|0|0.24355316162109375
memcachedsworker0|ffinal|0|0.2519562244415283
rabbitmqworker0|ffinal|0|0.25432825088500977
factsworker0|ffinal|0|0.26343250274658203
ovswitchworker0|ffinal|0|0.2684202194213867
commonworker0|ffinal|0|0.2937917709350586
keystoneworker0|ffinal|0|0.3116772174835205
glanceworker0|ffinal|0|0.31251072883605957
mariadbworker0|funsat|0|0.36374402046203613
node_worker0|total_time|12|6.517299
node_worker0|loops|12|4
node_worker0|messages|12|25
commonworker0|min_constraint|12|1
mariadbworker0|max_constraint|12|6
