factsmaster|flocal|0|0.2959258556365967
haproxymaster|flocal|0|0.30274534225463867
memcachedsmaster|flocal|0|0.30284738540649414
ovswitchmaster|flocal|0|0.31134653091430664
rabbitmqmaster|flocal|0|0.31162214279174805
commonmaster|flocal|0|0.3645789623260498
mariadbmaster|flocal|0|0.4842555522918701
rabbitmqmaster|flocal|0|0.24208784103393555
ovswitchmaster|flocal|0|0.2533986568450928
memcachedsmaster|flocal|0|0.2544102668762207
factsmaster|flocal|0|0.2539708614349365
haproxymaster|flocal|0|0.2641758918762207
commonmaster|flocal|0|0.2807142734527588
mariadbmaster|flocal|0|0.4481477737426758
ovswitchmaster|flocal|0|0.24938654899597168
haproxymaster|flocal|0|0.2597367763519287
memcachedsmaster|flocal|0|0.2606332302093506
factsmaster|flocal|0|0.26620984077453613
rabbitmqmaster|flocal|0|0.26810336112976074
commonmaster|flocal|0|0.37497448921203613
mariadbmaster|flocal|0|0.4490189552307129
rabbitmqmaster|flocal|0|0.2382640838623047
haproxymaster|flocal|0|0.2637522220611572
memcachedsmaster|flocal|0|0.26874756813049316
ovswitchmaster|flocal|0|0.25545215606689453
factsmaster|flocal|0|0.25959229469299316
commonmaster|flocal|0|0.3630514144897461
mariadbmaster|flocal|0|0.5827314853668213
haproxymaster|flocal|0|0.24940824508666992
memcachedsmaster|flocal|0|0.25135207176208496
rabbitmqmaster|flocal|0|0.25159311294555664
ovswitchmaster|flocal|0|0.2562727928161621
factsmaster|flocal|0|0.2632901668548584
commonmaster|flocal|0|0.37946105003356934
mariadbmaster|flocal|0|0.5735197067260742
ovswitchmaster|ffinal|0|0.24494695663452148
haproxymaster|ffinal|0|0.24930739402770996
factsmaster|ffinal|0|0.25716209411621094
memcachedsmaster|ffinal|0|0.25940537452697754
rabbitmqmaster|ffinal|0|0.2990303039550781
commonmaster|ffinal|0|0.42566609382629395
mariadbmaster|ffinal|0|0.5743424892425537
node_master|total_time|12|7.072509
node_master|loops|12|5
node_master|messages|12|84
memcachedsmaster|min_constraint|12|1
commonmaster|max_constraint|12|17
