ovswitchworker0|flocal|0|0.3137392997741699
rabbitmqworker0|flocal|0|0.32877206802368164
memcachedsworker0|flocal|0|0.3301522731781006
haproxyworker0|flocal|0|0.34079527854919434
factsworker0|flocal|0|0.34395909309387207
commonworker0|flocal|0|0.3800210952758789
keystoneworker0|flocal|0|0.39184021949768066
glanceworker0|flocal|0|0.3948371410369873
mariadbworker0|flocal|0|0.5928483009338379
haproxyworker0|flocal|0|0.24835896492004395
ovswitchworker0|flocal|0|0.2711763381958008
rabbitmqworker0|flocal|0|0.2711002826690674
factsworker0|flocal|0|0.2995779514312744
memcachedsworker0|flocal|0|0.306685209274292
commonworker0|flocal|0|0.33024144172668457
keystoneworker0|flocal|0|0.33480381965637207
glanceworker0|flocal|0|0.3355565071105957
mariadbworker0|flocal|0|0.504554271697998
memcachedsworker0|flocal|0|0.2496192455291748
ovswitchworker0|flocal|0|0.2604336738586426
factsworker0|flocal|0|0.2729003429412842
rabbitmqworker0|flocal|0|0.2821824550628662
haproxyworker0|flocal|0|0.29551005363464355
glanceworker0|flocal|0|0.3265876770019531
commonworker0|flocal|0|0.34043192863464355
keystoneworker0|flocal|0|0.3359825611114502
mariadbworker0|flocal|0|0.9268455505371094
ovswitchworker0|ffinal|0|0.37013912200927734
memcachedsworker0|ffinal|0|0.3711578845977783
rabbitmqworker0|ffinal|0|0.3784809112548828
haproxyworker0|ffinal|0|0.38340282440185547
factsworker0|ffinal|0|0.37817859649658203
keystoneworker0|ffinal|0|0.44185328483581543
commonworker0|ffinal|0|0.46337127685546875
glanceworker0|ffinal|0|0.4586198329925537
mariadbworker0|ffinal|0|1.0401411056518555
node_worker0|total_time|1|7.196191
node_worker0|loops|1|3
node_worker0|messages|1|92
memcachedsworker0|min_constraint|1|1
mariadbworker0|max_constraint|1|21
