memcachedsworker0|flocal|0|0.3305087089538574
ovswitchworker0|flocal|0|0.33851122856140137
factsworker0|flocal|0|0.3364579677581787
haproxyworker0|flocal|0|0.3594231605529785
rabbitmqworker0|flocal|0|0.35825395584106445
commonworker0|flocal|0|0.3818519115447998
keystoneworker0|flocal|0|0.38636350631713867
glanceworker0|flocal|0|0.3977012634277344
mariadbworker0|flocal|0|0.5854823589324951
factsworker0|flocal|0|0.24986934661865234
ovswitchworker0|flocal|0|0.2629690170288086
memcachedsworker0|flocal|0|0.28386712074279785
rabbitmqworker0|flocal|0|0.2839524745941162
glanceworker0|funsat|0|0.2794346809387207
haproxyworker0|flocal|0|0.3324458599090576
keystoneworker0|flocal|0|0.3248472213745117
mariadbworker0|funsat|0|0.37968993186950684
commonworker0|flocal|0|0.4166224002838135
haproxyworker0|flocal|0|0.25490880012512207
memcachedsworker0|flocal|0|0.2646491527557373
ovswitchworker0|flocal|0|0.2648160457611084
rabbitmqworker0|flocal|0|0.27139830589294434
glanceworker0|funsat|0|0.263796329498291
factsworker0|flocal|0|0.2912569046020508
keystoneworker0|flocal|0|0.31455540657043457
commonworker0|flocal|0|0.36043667793273926
mariadbworker0|funsat|0|0.38564562797546387
haproxyworker0|flocal|0|0.25875258445739746
ovswitchworker0|flocal|0|0.2616391181945801
rabbitmqworker0|flocal|0|0.2737870216369629
factsworker0|flocal|0|0.2747764587402344
memcachedsworker0|flocal|0|0.28830909729003906
glanceworker0|funsat|0|0.28838229179382324
keystoneworker0|flocal|0|0.3188011646270752
mariadbworker0|funsat|0|0.38155436515808105
commonworker0|flocal|0|0.38600897789001465
memcachedsworker0|flocal|0|0.258817195892334
haproxyworker0|flocal|0|0.27002406120300293
factsworker0|flocal|0|0.26614880561828613
rabbitmqworker0|flocal|0|0.2691774368286133
glanceworker0|funsat|0|0.26009225845336914
ovswitchworker0|flocal|0|0.2862725257873535
keystoneworker0|flocal|0|0.3249804973602295
mariadbworker0|funsat|0|0.38924574851989746
commonworker0|flocal|0|0.3923053741455078
memcachedsworker0|ffinal|0|0.24998784065246582
factsworker0|ffinal|0|0.2523777484893799
haproxyworker0|ffinal|0|0.2869117259979248
ovswitchworker0|ffinal|0|0.28646373748779297
glanceworker0|funsat|0|0.2721390724182129
rabbitmqworker0|ffinal|0|0.28720521926879883
keystoneworker0|ffinal|0|0.30467891693115234
commonworker0|ffinal|0|0.40992069244384766
mariadbworker0|funsat|0|0.4373040199279785
node_worker0|total_time|1|7.980229
node_worker0|loops|1|5
node_worker0|messages|1|119
memcachedsworker0|min_constraint|1|1
factsworker0|max_constraint|1|13
