ovswitchmaster|flocal|0|0.619452714920044
factsmaster|flocal|0|0.6216566562652588
memcachedsmaster|flocal|0|0.6357579231262207
haproxymaster|flocal|0|0.6467366218566895
rabbitmqmaster|flocal|0|0.6518607139587402
commonmaster|flocal|0|0.6660468578338623
mariadbmaster|flocal|0|0.8056066036224365
haproxymaster|flocal|0|0.22603416442871094
factsmaster|flocal|0|0.2258915901184082
rabbitmqmaster|flocal|0|0.23763775825500488
ovswitchmaster|flocal|0|0.24381351470947266
memcachedsmaster|flocal|0|0.24785923957824707
commonmaster|flocal|0|0.29137349128723145
mariadbmaster|flocal|0|0.4602487087249756
haproxymaster|flocal|0|0.23574423789978027
ovswitchmaster|flocal|0|0.23635363578796387
factsmaster|flocal|0|0.23951172828674316
memcachedsmaster|flocal|0|0.24253249168395996
rabbitmqmaster|flocal|0|0.2841312885284424
commonmaster|flocal|0|0.3202555179595947
mariadbmaster|flocal|0|0.45357608795166016
haproxymaster|flocal|0|0.23715877532958984
rabbitmqmaster|flocal|0|0.22474408149719238
ovswitchmaster|flocal|0|0.24585819244384766
memcachedsmaster|flocal|0|0.25473976135253906
factsmaster|flocal|0|0.2568225860595703
commonmaster|flocal|0|0.3179192543029785
mariadbmaster|flocal|0|0.49862146377563477
ovswitchmaster|flocal|0|0.2283177375793457
haproxymaster|flocal|0|0.23319697380065918
memcachedsmaster|flocal|0|0.23789215087890625
rabbitmqmaster|flocal|0|0.2811086177825928
factsmaster|flocal|0|0.2880687713623047
commonmaster|flocal|0|0.35094165802001953
mariadbmaster|flocal|0|0.5094790458679199
rabbitmqmaster|ffinal|0|0.22820353507995605
haproxymaster|ffinal|0|0.23161077499389648
memcachedsmaster|ffinal|0|0.23387670516967773
ovswitchmaster|ffinal|0|0.24017047882080078
factsmaster|ffinal|0|0.24447894096374512
commonmaster|ffinal|0|0.347902774810791
mariadbmaster|ffinal|0|0.5121021270751953
node_master|total_time|1|8.313595
node_master|loops|1|5
node_master|messages|1|116
memcachedsmaster|min_constraint|1|1
commonmaster|max_constraint|1|17
