rabbitmqmaster|flocal|0|0.3134429454803467
factsmaster|flocal|0|0.31788039207458496
memcachedsmaster|flocal|0|0.32591700553894043
haproxymaster|flocal|0|0.3339114189147949
ovswitchmaster|flocal|0|0.33253931999206543
commonmaster|flocal|0|0.36707520484924316
mariadbmaster|flocal|0|0.49184465408325195
memcachedsmaster|flocal|0|0.2323319911956787
factsmaster|flocal|0|0.24140286445617676
ovswitchmaster|flocal|0|0.25853538513183594
haproxymaster|flocal|0|0.268218994140625
rabbitmqmaster|flocal|0|0.27692484855651855
commonmaster|flocal|0|0.29837918281555176
mariadbmaster|flocal|0|0.4375791549682617
factsmaster|flocal|0|0.2481071949005127
memcachedsmaster|flocal|0|0.24986529350280762
rabbitmqmaster|flocal|0|0.26097846031188965
ovswitchmaster|flocal|0|0.270627498626709
haproxymaster|flocal|0|0.2885861396789551
commonmaster|flocal|0|0.3488578796386719
mariadbmaster|flocal|0|0.446211576461792
ovswitchmaster|flocal|0|0.24722886085510254
haproxymaster|flocal|0|0.2546112537384033
rabbitmqmaster|flocal|0|0.2415313720703125
memcachedsmaster|flocal|0|0.26415538787841797
factsmaster|flocal|0|0.25294923782348633
commonmaster|flocal|0|0.32814669609069824
mariadbmaster|flocal|0|0.5935502052307129
ovswitchmaster|flocal|0|0.24805808067321777
haproxymaster|flocal|0|0.2546985149383545
memcachedsmaster|flocal|0|0.25668764114379883
rabbitmqmaster|flocal|0|0.25760722160339355
factsmaster|flocal|0|0.2646036148071289
commonmaster|flocal|0|0.3624699115753174
mariadbmaster|flocal|0|0.5757772922515869
memcachedsmaster|ffinal|0|0.23857378959655762
factsmaster|ffinal|0|0.24541854858398438
ovswitchmaster|ffinal|0|0.24965572357177734
haproxymaster|ffinal|0|0.2581901550292969
rabbitmqmaster|ffinal|0|0.2620849609375
commonmaster|ffinal|0|0.35162901878356934
mariadbmaster|ffinal|0|0.5877838134765625
node_master|total_time|3|12.087461
node_master|loops|3|6
node_master|messages|3|84
memcachedsmaster|min_constraint|3|1
commonmaster|max_constraint|3|17
