rabbitmqmaster|flocal|0|0.32628822326660156
ovswitchmaster|flocal|0|0.32706785202026367
memcachedsmaster|flocal|0|0.3275759220123291
factsmaster|flocal|0|0.3339955806732178
haproxymaster|flocal|0|0.34001898765563965
commonmaster|flocal|0|0.3726673126220703
mariadbmaster|flocal|0|0.5154643058776855
haproxymaster|flocal|0|0.2554798126220703
memcachedsmaster|flocal|0|0.255324125289917
factsmaster|flocal|0|0.2543799877166748
ovswitchmaster|flocal|0|0.26366543769836426
rabbitmqmaster|flocal|0|0.2729036808013916
commonmaster|flocal|0|0.3163292407989502
mariadbmaster|flocal|0|0.45589733123779297
haproxymaster|flocal|0|0.24430179595947266
rabbitmqmaster|flocal|0|0.24818873405456543
ovswitchmaster|flocal|0|0.24891948699951172
memcachedsmaster|flocal|0|0.254317045211792
factsmaster|flocal|0|0.25443553924560547
commonmaster|flocal|0|0.3208935260772705
mariadbmaster|flocal|0|0.4230184555053711
memcachedsmaster|flocal|0|0.254941463470459
ovswitchmaster|flocal|0|0.24094367027282715
rabbitmqmaster|flocal|0|0.25440335273742676
factsmaster|flocal|0|0.2608325481414795
haproxymaster|flocal|0|0.2778923511505127
commonmaster|flocal|0|0.34926605224609375
mariadbmaster|flocal|0|0.5899233818054199
memcachedsmaster|flocal|0|0.2382054328918457
ovswitchmaster|flocal|0|0.24024724960327148
haproxymaster|flocal|0|0.24915599822998047
rabbitmqmaster|flocal|0|0.2561612129211426
factsmaster|flocal|0|0.27036380767822266
commonmaster|flocal|0|0.3632934093475342
mariadbmaster|flocal|0|0.6004602909088135
ovswitchmaster|ffinal|0|0.24369072914123535
haproxymaster|ffinal|0|0.25250959396362305
factsmaster|ffinal|0|0.259601354598999
memcachedsmaster|ffinal|0|0.2744596004486084
rabbitmqmaster|ffinal|0|0.2750523090362549
commonmaster|ffinal|0|0.35436415672302246
mariadbmaster|ffinal|0|0.5963561534881592
node_master|total_time|3|8.009875
node_master|loops|3|5
node_master|messages|3|116
memcachedsmaster|min_constraint|3|1
commonmaster|max_constraint|3|17
