factsmaster|flocal|0|0.3109273910522461
rabbitmqmaster|flocal|0|0.3178393840789795
ovswitchmaster|flocal|0|0.3245213031768799
memcachedsmaster|flocal|0|0.3252084255218506
haproxymaster|flocal|0|0.32995009422302246
commonmaster|flocal|0|0.3662271499633789
mariadbmaster|flocal|0|0.49856114387512207
haproxymaster|flocal|0|0.26589012145996094
factsmaster|flocal|0|0.2646028995513916
memcachedsmaster|flocal|0|0.2691080570220947
rabbitmqmaster|flocal|0|0.27013182640075684
ovswitchmaster|flocal|0|0.29128384590148926
commonmaster|flocal|0|0.32013821601867676
mariadbmaster|flocal|0|0.4513223171234131
haproxymaster|flocal|0|0.24699020385742188
memcachedsmaster|flocal|0|0.2463669776916504
factsmaster|flocal|0|0.25759148597717285
ovswitchmaster|flocal|0|0.26058483123779297
rabbitmqmaster|flocal|0|0.2606489658355713
commonmaster|flocal|0|0.3488328456878662
mariadbmaster|flocal|0|0.43141627311706543
memcachedsmaster|flocal|0|0.25635671615600586
ovswitchmaster|flocal|0|0.25766730308532715
rabbitmqmaster|flocal|0|0.25739336013793945
factsmaster|flocal|0|0.26409482955932617
haproxymaster|flocal|0|0.281726598739624
commonmaster|flocal|0|0.3484499454498291
mariadbmaster|flocal|0|0.45224833488464355
rabbitmqmaster|flocal|0|0.24129486083984375
haproxymaster|flocal|0|0.25128841400146484
memcachedsmaster|flocal|0|0.2514224052429199
ovswitchmaster|flocal|0|0.2649571895599365
factsmaster|flocal|0|0.2967391014099121
commonmaster|flocal|0|0.3446030616760254
mariadbmaster|flocal|0|0.46350550651550293
memcachedsmaster|ffinal|0|0.24431967735290527
ovswitchmaster|ffinal|0|0.2455453872680664
rabbitmqmaster|ffinal|0|0.24558162689208984
factsmaster|ffinal|0|0.26414990425109863
haproxymaster|ffinal|0|0.26769137382507324
commonmaster|ffinal|0|0.3418104648590088
mariadbmaster|ffinal|0|0.4492645263671875
node_master|total_time|4|5.265625
node_master|loops|4|5
node_master|messages|4|82
memcachedsmaster|min_constraint|4|1
factsmaster|max_constraint|4|13
