haproxyworker0|flocal|0|0.2955179214477539
ovswitchworker0|flocal|0|0.3002290725708008
factsworker0|flocal|0|0.3029475212097168
memcachedsworker0|flocal|0|0.30611252784729004
rabbitmqworker0|flocal|0|0.30895471572875977
commonworker0|flocal|0|0.35054659843444824
keystoneworker0|flocal|0|0.3694157600402832
glanceworker0|flocal|0|0.37302398681640625
mariadbworker0|flocal|0|0.5512087345123291
ovswitchworker0|flocal|0|0.23961782455444336
haproxyworker0|flocal|0|0.282595157623291
memcachedsworker0|flocal|0|0.28377294540405273
commonworker0|flocal|0|0.28586339950561523
factsworker0|flocal|0|0.2813997268676758
rabbitmqworker0|flocal|0|0.2886333465576172
keystoneworker0|flocal|0|0.2827279567718506
glanceworker0|flocal|0|0.30370044708251953
mariadbworker0|funsat|0|0.373734712600708
haproxyworker0|flocal|0|0.22780442237854004
memcachedsworker0|flocal|0|0.24716758728027344
factsworker0|flocal|0|0.2520155906677246
ovswitchworker0|flocal|0|0.2794773578643799
rabbitmqworker0|flocal|0|0.28516221046447754
keystoneworker0|flocal|0|0.28948283195495605
commonworker0|flocal|0|0.31891655921936035
mariadbworker0|funsat|0|0.3519573211669922
glanceworker0|flocal|0|0.3422279357910156
memcachedsworker0|flocal|0|0.23727655410766602
ovswitchworker0|flocal|0|0.24756598472595215
rabbitmqworker0|flocal|0|0.26973462104797363
factsworker0|flocal|0|0.27195262908935547
haproxyworker0|flocal|0|0.2747623920440674
keystoneworker0|flocal|0|0.3015868663787842
commonworker0|flocal|0|0.3159027099609375
glanceworker0|flocal|0|0.31763434410095215
mariadbworker0|funsat|0|0.3661067485809326
