ovswitchworker0|flocal|0|0.3144416809082031
memcachedsworker0|flocal|0|0.32620859146118164
factsworker0|flocal|0|0.3266289234161377
haproxyworker0|flocal|0|0.32900047302246094
rabbitmqworker0|flocal|0|0.3357851505279541
glanceworker0|flocal|0|0.3541281223297119
commonworker0|flocal|0|0.3601653575897217
keystoneworker0|flocal|0|0.385972261428833
mariadbworker0|flocal|0|0.5722949504852295
ovswitchworker0|flocal|0|0.23761653900146484
haproxyworker0|flocal|0|0.25481104850769043
factsworker0|flocal|0|0.2638084888458252
memcachedsworker0|flocal|0|0.2868936061859131
rabbitmqworker0|flocal|0|0.3074660301208496
keystoneworker0|flocal|0|0.34351658821105957
commonworker0|flocal|0|0.3505735397338867
glanceworker0|flocal|0|0.33931469917297363
mariadbworker0|flocal|0|0.4850499629974365
ovswitchworker0|ffinal|0|0.25896263122558594
factsworker0|ffinal|0|0.25747203826904297
haproxyworker0|ffinal|0|0.2667238712310791
memcachedsworker0|ffinal|0|0.276700496673584
rabbitmqworker0|ffinal|0|0.30268192291259766
keystoneworker0|ffinal|0|0.3121144771575928
commonworker0|ffinal|0|0.3483262062072754
glanceworker0|ffinal|0|0.3638441562652588
mariadbworker0|ffinal|0|0.5236361026763916
node_worker0|total_time|5|5.241362
node_worker0|loops|5|2
node_worker0|messages|5|38
memcachedsworker0|min_constraint|5|1
commonworker0|max_constraint|5|10
