memcachedsworker0|flocal|0|0.2902193069458008
haproxyworker0|flocal|0|0.29758310317993164
ovswitchworker0|flocal|0|0.29873108863830566
factsworker0|flocal|0|0.29615306854248047
rabbitmqworker0|flocal|0|0.30782127380371094
commonworker0|flocal|0|0.3353762626647949
keystoneworker0|flocal|0|0.3296504020690918
glanceworker0|flocal|0|0.3451719284057617
mariadbworker0|flocal|0|0.5435914993286133
haproxyworker0|flocal|0|0.24920082092285156
rabbitmqworker0|flocal|0|0.24798226356506348
ovswitchworker0|flocal|0|0.27385616302490234
memcachedsworker0|flocal|0|0.27915406227111816
factsworker0|flocal|0|0.27886295318603516
glanceworker0|funsat|0|0.2872776985168457
commonworker0|flocal|0|0.33212780952453613
keystoneworker0|flocal|0|0.3395719528198242
mariadbworker0|funsat|0|0.398268461227417
ovswitchworker0|flocal|0|0.24113845825195312
memcachedsworker0|flocal|0|0.26328563690185547
rabbitmqworker0|flocal|0|0.26477503776550293
haproxyworker0|flocal|0|0.2685410976409912
factsworker0|flocal|0|0.2706596851348877
glanceworker0|funsat|0|0.2649664878845215
keystoneworker0|flocal|0|0.3043789863586426
commonworker0|flocal|0|0.3387777805328369
mariadbworker0|funsat|0|0.36705970764160156
memcachedsworker0|flocal|0|0.24579358100891113
haproxyworker0|flocal|0|0.25364065170288086
factsworker0|flocal|0|0.2677884101867676
ovswitchworker0|flocal|0|0.2694261074066162
rabbitmqworker0|flocal|0|0.26937270164489746
glanceworker0|funsat|0|0.272655725479126
keystoneworker0|flocal|0|0.32769346237182617
commonworker0|flocal|0|0.3316648006439209
mariadbworker0|funsat|0|0.3908519744873047
memcachedsworker0|ffinal|0|0.22792458534240723
haproxyworker0|ffinal|0|0.24096965789794922
ovswitchworker0|ffinal|0|0.24689030647277832
factsworker0|ffinal|0|0.2639765739440918
rabbitmqworker0|ffinal|0|0.2764134407043457
glanceworker0|funsat|0|0.25797605514526367
keystoneworker0|ffinal|0|0.3008735179901123
commonworker0|ffinal|0|0.3714640140533447
mariadbworker0|funsat|0|0.37212514877319336
node_worker0|total_time|5|7.458976
node_worker0|loops|5|4
node_worker0|messages|5|89
memcachedsworker0|min_constraint|5|1
commonworker0|max_constraint|5|12
