memcachedsmaster|flocal|0|0.3280527591705322
factsmaster|flocal|0|0.33544278144836426
haproxymaster|flocal|0|0.3418710231781006
ovswitchmaster|flocal|0|0.3521616458892822
rabbitmqmaster|flocal|0|0.35230207443237305
commonmaster|flocal|0|0.39011049270629883
mariadbmaster|flocal|0|0.5189082622528076
memcachedsmaster|flocal|0|0.24367785453796387
haproxymaster|flocal|0|0.24496960639953613
ovswitchmaster|flocal|0|0.257457971572876
rabbitmqmaster|flocal|0|0.2576003074645996
factsmaster|flocal|0|0.2580246925354004
commonmaster|flocal|0|0.3013770580291748
mariadbmaster|flocal|0|0.432222843170166
memcachedsmaster|flocal|0|0.24521374702453613
factsmaster|flocal|0|0.2556610107421875
rabbitmqmaster|flocal|0|0.2614622116088867
haproxymaster|flocal|0|0.26723194122314453
ovswitchmaster|flocal|0|0.2718391418457031
commonmaster|flocal|0|0.3392789363861084
mariadbmaster|flocal|0|0.43445324897766113
rabbitmqmaster|flocal|0|0.2420213222503662
haproxymaster|flocal|0|0.2489769458770752
memcachedsmaster|flocal|0|0.26476049423217773
ovswitchmaster|flocal|0|0.2662537097930908
factsmaster|flocal|0|0.280318021774292
commonmaster|flocal|0|0.35094308853149414
mariadbmaster|flocal|0|0.4332144260406494
rabbitmqmaster|flocal|0|0.2571735382080078
haproxymaster|flocal|0|0.2666921615600586
memcachedsmaster|flocal|0|0.2685670852661133
ovswitchmaster|flocal|0|0.27059149742126465
factsmaster|flocal|0|0.2752251625061035
commonmaster|flocal|0|0.3587362766265869
mariadbmaster|flocal|0|0.5868041515350342
memcachedsmaster|ffinal|0|0.2478196620941162
rabbitmqmaster|ffinal|0|0.25051093101501465
haproxymaster|ffinal|0|0.25745296478271484
ovswitchmaster|ffinal|0|0.26406168937683105
factsmaster|ffinal|0|0.2695505619049072
commonmaster|ffinal|0|0.34216904640197754
mariadbmaster|ffinal|0|0.5766613483428955
node_master|total_time|5|7.115933
node_master|loops|5|5
node_master|messages|5|114
memcachedsmaster|min_constraint|5|1
factsmaster|max_constraint|5|13
