memcachedsworker0|flocal|0|0.2723543643951416
haproxyworker0|flocal|0|0.27906155586242676
factsworker0|flocal|0|0.28345632553100586
rabbitmqworker0|flocal|0|0.2856616973876953
ovswitchworker0|flocal|0|0.30036401748657227
keystoneworker0|flocal|0|0.340839147567749
commonworker0|flocal|0|0.3541581630706787
glanceworker0|flocal|0|0.38100099563598633
mariadbworker0|flocal|0|0.5254316329956055
memcachedsworker0|flocal|0|0.23113751411437988
factsworker0|flocal|0|0.26245975494384766
rabbitmqworker0|flocal|0|0.27443742752075195
haproxyworker0|flocal|0|0.28250980377197266
ovswitchworker0|flocal|0|0.30180978775024414
commonworker0|flocal|0|0.31728672981262207
glanceworker0|flocal|0|0.36654114723205566
keystoneworker0|flocal|0|0.37718844413757324
mariadbworker0|flocal|0|0.8821821212768555
ovswitchworker0|flocal|0|0.25010037422180176
memcachedsworker0|flocal|0|0.27579593658447266
rabbitmqworker0|flocal|0|0.2734403610229492
factsworker0|flocal|0|0.2704596519470215
haproxyworker0|flocal|0|0.3074951171875
keystoneworker0|flocal|0|0.3264734745025635
glanceworker0|flocal|0|0.3280754089355469
commonworker0|flocal|0|0.39778661727905273
mariadbworker0|flocal|0|2.1810126304626465
memcachedsworker0|ffinal|0|0.22433781623840332
haproxyworker0|ffinal|0|0.22592735290527344
ovswitchworker0|ffinal|0|0.2496356964111328
factsworker0|ffinal|0|0.2578873634338379
rabbitmqworker0|ffinal|0|0.28307318687438965
glanceworker0|ffinal|0|0.3032231330871582
keystoneworker0|ffinal|0|0.3432631492614746
commonworker0|ffinal|0|0.3665640354156494
mariadbworker0|ffinal|0|2.0984318256378174
node_worker0|total_time|6|10.151496
node_worker0|loops|6|2
node_worker0|messages|6|60
memcachedsworker0|min_constraint|6|1
mariadbworker0|max_constraint|6|25
