haproxymaster|flocal|0|0.26682066917419434
memcachedsmaster|flocal|0|0.2666034698486328
factsmaster|flocal|0|0.27240514755249023
ovswitchmaster|flocal|0|0.28327012062072754
rabbitmqmaster|flocal|0|0.28580641746520996
commonmaster|flocal|0|0.3203928470611572
mariadbmaster|flocal|0|0.44681477546691895
memcachedsmaster|flocal|0|0.24030494689941406
haproxymaster|flocal|0|0.2592768669128418
factsmaster|flocal|0|0.26201844215393066
ovswitchmaster|flocal|0|0.2662513256072998
rabbitmqmaster|flocal|0|0.26825976371765137
commonmaster|flocal|0|0.30312347412109375
mariadbmaster|flocal|0|0.4274728298187256
ovswitchmaster|flocal|0|0.3532092571258545
memcachedsmaster|flocal|0|0.360123872756958
factsmaster|flocal|0|0.36357808113098145
rabbitmqmaster|flocal|0|0.371612548828125
haproxymaster|flocal|0|0.37697315216064453
commonmaster|flocal|0|0.4698188304901123
mariadbmaster|flocal|0|0.5456244945526123
haproxymaster|flocal|0|0.23856425285339355
memcachedsmaster|flocal|0|0.23924708366394043
ovswitchmaster|flocal|0|0.24464941024780273
rabbitmqmaster|flocal|0|0.23270559310913086
factsmaster|flocal|0|0.2578291893005371
commonmaster|flocal|0|0.36907076835632324
mariadbmaster|flocal|0|0.5713276863098145
haproxymaster|flocal|0|0.23757719993591309
ovswitchmaster|flocal|0|0.23726248741149902
memcachedsmaster|flocal|0|0.24349570274353027
rabbitmqmaster|flocal|0|0.2435448169708252
factsmaster|flocal|0|0.24651694297790527
commonmaster|flocal|0|0.3537273406982422
mariadbmaster|flocal|0|0.5526371002197266
ovswitchmaster|ffinal|0|0.22114253044128418
haproxymaster|ffinal|0|0.2326514720916748
rabbitmqmaster|ffinal|0|0.251084566116333
memcachedsmaster|ffinal|0|0.25815296173095703
factsmaster|ffinal|0|0.26792263984680176
commonmaster|ffinal|0|0.355008602142334
mariadbmaster|ffinal|0|0.5500800609588623
node_master|total_time|6|10.062911
node_master|loops|6|6
node_master|messages|6|84
memcachedsmaster|min_constraint|6|1
commonmaster|max_constraint|6|17
