factsmaster|flocal|0|0.32831692695617676
memcachedsmaster|flocal|0|0.33027219772338867
haproxymaster|flocal|0|0.3467400074005127
rabbitmqmaster|flocal|0|0.3457667827606201
ovswitchmaster|flocal|0|0.34797000885009766
commonmaster|flocal|0|0.38011908531188965
mariadbmaster|flocal|0|0.5253784656524658
haproxymaster|flocal|0|0.23426103591918945
ovswitchmaster|flocal|0|0.25163769721984863
memcachedsmaster|flocal|0|0.2521650791168213
factsmaster|flocal|0|0.2518036365509033
rabbitmqmaster|flocal|0|0.25818514823913574
commonmaster|flocal|0|0.3000497817993164
mariadbmaster|flocal|0|0.42329859733581543
haproxymaster|flocal|0|0.23948025703430176
factsmaster|flocal|0|0.24081015586853027
rabbitmqmaster|flocal|0|0.24288296699523926
memcachedsmaster|flocal|0|0.25557708740234375
ovswitchmaster|flocal|0|0.2944667339324951
commonmaster|flocal|0|0.33622264862060547
mariadbmaster|flocal|0|0.4564015865325928
rabbitmqmaster|flocal|0|0.2437596321105957
haproxymaster|flocal|0|0.2658822536468506
memcachedsmaster|flocal|0|0.26993799209594727
ovswitchmaster|flocal|0|0.27314233779907227
factsmaster|flocal|0|0.2662630081176758
commonmaster|flocal|0|0.3423478603363037
mariadbmaster|flocal|0|0.44448399543762207
haproxymaster|flocal|0|0.24635767936706543
rabbitmqmaster|flocal|0|0.2524709701538086
ovswitchmaster|flocal|0|0.25345587730407715
factsmaster|flocal|0|0.25438404083251953
memcachedsmaster|flocal|0|0.26702022552490234
commonmaster|flocal|0|0.33759188652038574
mariadbmaster|flocal|0|0.45537614822387695
ovswitchmaster|ffinal|0|0.23540234565734863
memcachedsmaster|ffinal|0|0.24678540229797363
rabbitmqmaster|ffinal|0|0.2560768127441406
factsmaster|ffinal|0|0.2530665397644043
haproxymaster|ffinal|0|0.29685187339782715
commonmaster|ffinal|0|0.3220250606536865
mariadbmaster|ffinal|0|0.4693634510040283
node_master|total_time|7|8.528559
node_master|loops|7|5
node_master|messages|7|82
memcachedsmaster|min_constraint|7|1
factsmaster|max_constraint|7|13
