haproxymaster|flocal|0|0.2660796642303467
factsmaster|flocal|0|0.2713298797607422
rabbitmqmaster|flocal|0|0.27704882621765137
memcachedsmaster|flocal|0|0.27778172492980957
ovswitchmaster|flocal|0|0.2851541042327881
commonmaster|flocal|0|0.32602477073669434
mariadbmaster|flocal|0|0.4598100185394287
memcachedsmaster|flocal|0|0.22900867462158203
factsmaster|flocal|0|0.22899365425109863
haproxymaster|flocal|0|0.24162650108337402
ovswitchmaster|flocal|0|0.2492973804473877
rabbitmqmaster|flocal|0|0.24936962127685547
commonmaster|flocal|0|0.2975585460662842
mariadbmaster|flocal|0|0.4261512756347656
memcachedsmaster|flocal|0|0.2489469051361084
ovswitchmaster|flocal|0|0.26107239723205566
rabbitmqmaster|flocal|0|0.26159071922302246
factsmaster|flocal|0|0.27487850189208984
haproxymaster|flocal|0|0.28446364402770996
commonmaster|flocal|0|0.34548234939575195
mariadbmaster|flocal|0|0.43862199783325195
memcachedsmaster|flocal|0|0.2340996265411377
ovswitchmaster|flocal|0|0.2600059509277344
rabbitmqmaster|flocal|0|0.27790141105651855
factsmaster|flocal|0|0.27494144439697266
haproxymaster|flocal|0|0.28401780128479004
commonmaster|flocal|0|0.34625720977783203
mariadbmaster|flocal|0|0.5566732883453369
memcachedsmaster|flocal|0|0.23971867561340332
haproxymaster|flocal|0|0.2528858184814453
rabbitmqmaster|flocal|0|0.252025842666626
factsmaster|flocal|0|0.2683577537536621
ovswitchmaster|flocal|0|0.29929399490356445
commonmaster|flocal|0|0.4008312225341797
mariadbmaster|flocal|0|0.5393307209014893
ovswitchmaster|ffinal|0|0.24311327934265137
rabbitmqmaster|ffinal|0|0.24312901496887207
memcachedsmaster|ffinal|0|0.24907326698303223
factsmaster|ffinal|0|0.24835801124572754
haproxymaster|ffinal|0|0.25089049339294434
commonmaster|ffinal|0|0.3629779815673828
mariadbmaster|ffinal|0|0.5438365936279297
node_master|total_time|7|9.951771
node_master|loops|7|5
node_master|messages|7|84
memcachedsmaster|min_constraint|7|1
commonmaster|max_constraint|7|17
