factsworker0|flocal|0|0.329988956451416
ovswitchworker0|flocal|0|0.3512554168701172
rabbitmqworker0|flocal|0|0.3513960838317871
memcachedsworker0|flocal|0|0.35799121856689453
keystoneworker0|flocal|0|0.38463282585144043
haproxyworker0|flocal|0|0.39269471168518066
commonworker0|flocal|0|0.4020876884460449
glanceworker0|flocal|0|0.43810462951660156
mariadbworker0|flocal|0|0.5906991958618164
haproxyworker0|flocal|0|0.26043701171875
rabbitmqworker0|flocal|0|0.2811622619628906
ovswitchworker0|flocal|0|0.28169679641723633
factsworker0|flocal|0|0.2904689311981201
memcachedsworker0|flocal|0|0.2926599979400635
glanceworker0|flocal|0|0.34079813957214355
keystoneworker0|flocal|0|0.367232084274292
commonworker0|flocal|0|0.38816118240356445
mariadbworker0|flocal|0|0.49875307083129883
rabbitmqworker0|flocal|0|0.2527787685394287
memcachedsworker0|flocal|0|0.25452423095703125
ovswitchworker0|flocal|0|0.2735311985015869
factsworker0|flocal|0|0.28060460090637207
haproxyworker0|flocal|0|0.33998680114746094
commonworker0|flocal|0|0.36200976371765137
keystoneworker0|flocal|0|0.35843658447265625
glanceworker0|flocal|0|0.3765137195587158
mariadbworker0|flocal|0|0.9827640056610107
rabbitmqworker0|ffinal|0|0.27678799629211426
factsworker0|ffinal|0|0.2823801040649414
ovswitchworker0|ffinal|0|0.28456830978393555
memcachedsworker0|ffinal|0|0.28871965408325195
haproxyworker0|ffinal|0|0.2959299087524414
glanceworker0|ffinal|0|0.3343982696533203
keystoneworker0|ffinal|0|0.35205841064453125
commonworker0|ffinal|0|0.37288856506347656
mariadbworker0|ffinal|0|0.9897019863128662
node_worker0|total_time|7|7.504612
node_worker0|loops|7|4
node_worker0|messages|7|108
memcachedsworker0|min_constraint|7|1
mariadbworker0|max_constraint|7|21
