ovswitchworker0|flocal|0|0.32106685638427734
rabbitmqworker0|flocal|0|0.33488893508911133
memcachedsworker0|flocal|0|0.33554625511169434
factsworker0|flocal|0|0.35149693489074707
haproxyworker0|flocal|0|0.3569455146789551
keystoneworker0|flocal|0|0.37296056747436523
glanceworker0|flocal|0|0.3912620544433594
commonworker0|flocal|0|0.394179105758667
mariadbworker0|flocal|0|0.5596027374267578
memcachedsworker0|flocal|0|0.2507047653198242
ovswitchworker0|flocal|0|0.2504103183746338
rabbitmqworker0|flocal|0|0.28245019912719727
haproxyworker0|flocal|0|0.2891995906829834
factsworker0|flocal|0|0.31782984733581543
keystoneworker0|flocal|0|0.32671284675598145
glanceworker0|flocal|0|0.33297061920166016
commonworker0|flocal|0|0.3477954864501953
mariadbworker0|funsat|0|0.3783292770385742
factsworker0|flocal|0|0.25331592559814453
haproxyworker0|flocal|0|0.2690761089324951
ovswitchworker0|flocal|0|0.27768397331237793
rabbitmqworker0|flocal|0|0.28255796432495117
memcachedsworker0|flocal|0|0.28417253494262695
commonworker0|flocal|0|0.308077335357666
keystoneworker0|flocal|0|0.31824755668640137
glanceworker0|flocal|0|0.3263120651245117
mariadbworker0|funsat|0|0.3960566520690918
haproxyworker0|flocal|0|0.2730534076690674
memcachedsworker0|flocal|0|0.27281904220581055
factsworker0|flocal|0|0.27402567863464355
rabbitmqworker0|flocal|0|0.2970597743988037
commonworker0|flocal|0|0.2991180419921875
ovswitchworker0|flocal|0|0.3087272644042969
keystoneworker0|flocal|0|0.3108174800872803
glanceworker0|flocal|0|0.31574034690856934
mariadbworker0|funsat|0|0.3710930347442627
