memcachedsworker0|flocal|0|0.31244516372680664
ovswitchworker0|flocal|0|0.312302827835083
factsworker0|flocal|0|0.3261070251464844
rabbitmqworker0|flocal|0|0.34279680252075195
haproxyworker0|flocal|0|0.3444850444793701
commonworker0|flocal|0|0.373124361038208
keystoneworker0|flocal|0|0.36397266387939453
glanceworker0|flocal|0|0.37624239921569824
mariadbworker0|flocal|0|0.566002368927002
memcachedsworker0|flocal|0|0.2517848014831543
factsworker0|flocal|0|0.2480623722076416
ovswitchworker0|flocal|0|0.2966945171356201
rabbitmqworker0|flocal|0|0.30123043060302734
haproxyworker0|flocal|0|0.30805039405822754
keystoneworker0|flocal|0|0.31731557846069336
commonworker0|flocal|0|0.353468656539917
glanceworker0|flocal|0|0.34035611152648926
mariadbworker0|flocal|0|0.6010417938232422
ovswitchworker0|flocal|0|0.2525138854980469
memcachedsworker0|flocal|0|0.27811193466186523
factsworker0|flocal|0|0.2812509536743164
rabbitmqworker0|flocal|0|0.322615385055542
haproxyworker0|flocal|0|0.32539868354797363
glanceworker0|flocal|0|0.3285670280456543
keystoneworker0|flocal|0|0.349698543548584
commonworker0|flocal|0|0.38415002822875977
mariadbworker0|flocal|0|1.2227485179901123
memcachedsworker0|ffinal|0|0.25256800651550293
ovswitchworker0|ffinal|0|0.25318074226379395
factsworker0|ffinal|0|0.26257920265197754
rabbitmqworker0|ffinal|0|0.26503610610961914
haproxyworker0|ffinal|0|0.27811670303344727
glanceworker0|ffinal|0|0.3302803039550781
keystoneworker0|ffinal|0|0.3529372215270996
commonworker0|ffinal|0|0.4006357192993164
mariadbworker0|ffinal|0|1.284759521484375
node_worker0|total_time|8|8.357982
node_worker0|loops|8|4
node_worker0|messages|8|60
memcachedsworker0|min_constraint|8|1
mariadbworker0|max_constraint|8|25
