haproxymaster|flocal|0|0.336078405380249
memcachedsmaster|flocal|0|0.33942222595214844
rabbitmqmaster|flocal|0|0.3439507484436035
factsmaster|flocal|0|0.3473060131072998
ovswitchmaster|flocal|0|0.3503608703613281
commonmaster|flocal|0|0.39762187004089355
mariadbmaster|flocal|0|0.5073361396789551
haproxymaster|flocal|0|0.22616195678710938
memcachedsmaster|flocal|0|0.2303316593170166
rabbitmqmaster|flocal|0|0.2435002326965332
factsmaster|flocal|0|0.24037790298461914
ovswitchmaster|flocal|0|0.24635624885559082
commonmaster|flocal|0|0.2786397933959961
mariadbmaster|flocal|0|0.4086003303527832
memcachedsmaster|flocal|0|0.21528100967407227
haproxymaster|flocal|0|0.2321617603302002
rabbitmqmaster|flocal|0|0.23122024536132812
ovswitchmaster|flocal|0|0.24808883666992188
factsmaster|flocal|0|0.26325297355651855
commonmaster|flocal|0|0.3531382083892822
mariadbmaster|flocal|0|0.48963069915771484
memcachedsmaster|flocal|0|0.23885202407836914
haproxymaster|flocal|0|0.24029994010925293
factsmaster|flocal|0|0.23943090438842773
rabbitmqmaster|flocal|0|0.2643091678619385
ovswitchmaster|flocal|0|0.2690117359161377
commonmaster|flocal|0|0.35813093185424805
mariadbmaster|flocal|0|0.5565826892852783
memcachedsmaster|flocal|0|0.2188122272491455
ovswitchmaster|flocal|0|0.22886037826538086
factsmaster|flocal|0|0.2396993637084961
rabbitmqmaster|flocal|0|0.24502825736999512
haproxymaster|flocal|0|0.24869585037231445
commonmaster|flocal|0|0.3655693531036377
mariadbmaster|flocal|0|0.5669527053833008
memcachedsmaster|ffinal|0|0.2136385440826416
haproxymaster|ffinal|0|0.23822450637817383
factsmaster|ffinal|0|0.23548150062561035
ovswitchmaster|ffinal|0|0.24263858795166016
rabbitmqmaster|ffinal|0|0.24323391914367676
commonmaster|ffinal|0|0.35117149353027344
mariadbmaster|ffinal|0|0.5782520771026611
node_master|total_time|8|9.965646
node_master|loops|8|5
node_master|messages|8|118
memcachedsmaster|min_constraint|8|1
commonmaster|max_constraint|8|17
