memcachedsmaster|flocal|0|0.2604823112487793
factsmaster|flocal|0|0.2657144069671631
ovswitchmaster|flocal|0|0.2745029926300049
rabbitmqmaster|flocal|0|0.2746601104736328
haproxymaster|flocal|0|0.27789759635925293
commonmaster|flocal|0|0.3163011074066162
mariadbmaster|flocal|0|0.4554014205932617
ovswitchmaster|flocal|0|0.22463035583496094
factsmaster|flocal|0|0.2279951572418213
haproxymaster|flocal|0|0.24387383460998535
rabbitmqmaster|flocal|0|0.2533717155456543
memcachedsmaster|flocal|0|0.25658416748046875
commonmaster|flocal|0|0.28113484382629395
mariadbmaster|flocal|0|0.43913793563842773
rabbitmqmaster|flocal|0|0.22604799270629883
memcachedsmaster|flocal|0|0.23058152198791504
haproxymaster|flocal|0|0.23698878288269043
ovswitchmaster|flocal|0|0.2367708683013916
factsmaster|flocal|0|0.24116110801696777
commonmaster|flocal|0|0.34760189056396484
mariadbmaster|flocal|0|0.40634727478027344
memcachedsmaster|flocal|0|0.2353837490081787
haproxymaster|flocal|0|0.23723769187927246
rabbitmqmaster|flocal|0|0.23206090927124023
ovswitchmaster|flocal|0|0.2503659725189209
factsmaster|flocal|0|0.2424015998840332
commonmaster|flocal|0|0.3502931594848633
mariadbmaster|flocal|0|0.418839693069458
memcachedsmaster|flocal|0|0.23652124404907227
ovswitchmaster|flocal|0|0.2380683422088623
rabbitmqmaster|flocal|0|0.2579014301300049
factsmaster|flocal|0|0.25785398483276367
haproxymaster|flocal|0|0.2603130340576172
commonmaster|flocal|0|0.35480451583862305
mariadbmaster|flocal|0|0.4245316982269287
haproxymaster|ffinal|0|0.2610292434692383
ovswitchmaster|ffinal|0|0.2679760456085205
rabbitmqmaster|ffinal|0|0.26967382431030273
factsmaster|ffinal|0|0.27097582817077637
memcachedsmaster|ffinal|0|0.2933166027069092
commonmaster|ffinal|0|0.379413366317749
mariadbmaster|ffinal|0|0.479534387588501
node_master|total_time|9|8.208002
node_master|loops|9|5
node_master|messages|9|82
memcachedsmaster|min_constraint|9|1
factsmaster|max_constraint|9|13
