haproxymaster|flocal|10|0.2744302749633789
factsmaster|flocal|10|0.2716200351715088
ovswitchmaster|flocal|10|0.28642964363098145
memcachedsmaster|flocal|10|0.29314470291137695
rabbitmqmaster|flocal|10|0.29752206802368164
commonmaster|flocal|10|0.3422122001647949
mariadbmaster|flocal|10|0.46950364112854004
memcachedsmaster|flocal|10|0.21323132514953613
ovswitchmaster|flocal|10|0.21768975257873535
rabbitmqmaster|flocal|10|0.22481799125671387
factsmaster|flocal|10|0.2310633659362793
haproxymaster|flocal|10|0.2429492473602295
commonmaster|flocal|10|0.28494787216186523
mariadbmaster|flocal|10|0.42690610885620117
memcachedsmaster|flocal|10|0.23443078994750977
haproxymaster|flocal|10|0.24087309837341309
ovswitchmaster|flocal|10|0.24615716934204102
factsmaster|flocal|10|0.24678492546081543
rabbitmqmaster|flocal|10|0.2525935173034668
commonmaster|flocal|10|0.33320069313049316
mariadbmaster|flocal|10|0.5226809978485107
memcachedsmaster|flocal|10|0.23041224479675293
rabbitmqmaster|flocal|10|0.23034930229187012
factsmaster|flocal|10|0.23457741737365723
ovswitchmaster|flocal|10|0.24038410186767578
haproxymaster|flocal|10|0.2598235607147217
commonmaster|flocal|10|0.34865689277648926
mariadbmaster|flocal|10|0.5692074298858643
memcachedsmaster|flocal|10|0.22407817840576172
haproxymaster|flocal|10|0.22943854331970215
ovswitchmaster|flocal|10|0.2312633991241455
rabbitmqmaster|flocal|10|0.24684858322143555
factsmaster|flocal|10|0.2494945526123047
commonmaster|flocal|10|0.3486151695251465
mariadbmaster|flocal|10|0.5656590461730957
rabbitmqmaster|ffinal|10|0.2301023006439209
memcachedsmaster|ffinal|10|0.23166108131408691
haproxymaster|ffinal|10|0.24641895294189453
ovswitchmaster|ffinal|10|0.2559382915496826
factsmaster|ffinal|10|0.2679176330566406
commonmaster|ffinal|10|0.3479142189025879
mariadbmaster|ffinal|10|0.5664546489715576
node_master|total_time|10|10.490473
node_master|loops|10|5
node_master|messages|10|86
memcachedsmaster|min_constraint|10|1
commonmaster|max_constraint|10|17
