rabbitmqmaster|flocal|12|0.30814504623413086
ovswitchmaster|flocal|12|0.30895233154296875
factsmaster|flocal|12|0.3084707260131836
memcachedsmaster|flocal|12|0.31281065940856934
haproxymaster|flocal|12|0.3217759132385254
commonmaster|flocal|12|0.3566153049468994
mariadbmaster|flocal|12|0.48434925079345703
haproxymaster|flocal|12|0.24494028091430664
factsmaster|flocal|12|0.24397015571594238
ovswitchmaster|flocal|12|0.2617013454437256
rabbitmqmaster|flocal|12|0.26239442825317383
memcachedsmaster|flocal|12|0.2727210521697998
commonmaster|flocal|12|0.31200170516967773
mariadbmaster|flocal|12|0.4570505619049072
rabbitmqmaster|flocal|12|0.24271583557128906
haproxymaster|flocal|12|0.25020933151245117
memcachedsmaster|flocal|12|0.25606608390808105
ovswitchmaster|flocal|12|0.25862765312194824
factsmaster|flocal|12|0.26371192932128906
commonmaster|flocal|12|0.3543086051940918
mariadbmaster|flocal|12|0.43552303314208984
rabbitmqmaster|flocal|12|0.23794221878051758
ovswitchmaster|flocal|12|0.2643744945526123
memcachedsmaster|flocal|12|0.2720348834991455
haproxymaster|flocal|12|0.27344703674316406
factsmaster|flocal|12|0.26467108726501465
commonmaster|flocal|12|0.36414122581481934
mariadbmaster|flocal|12|0.4425947666168213
haproxymaster|flocal|12|0.23619699478149414
rabbitmqmaster|flocal|12|0.24014067649841309
ovswitchmaster|flocal|12|0.24130964279174805
memcachedsmaster|flocal|12|0.24267172813415527
factsmaster|flocal|12|0.2542252540588379
commonmaster|flocal|12|0.3322303295135498
mariadbmaster|flocal|12|0.4131441116333008
haproxymaster|ffinal|12|0.23102402687072754
ovswitchmaster|ffinal|12|0.2421731948852539
rabbitmqmaster|ffinal|12|0.2467644214630127
memcachedsmaster|ffinal|12|0.25229668617248535
factsmaster|ffinal|12|0.28030991554260254
commonmaster|ffinal|12|0.33412647247314453
mariadbmaster|ffinal|12|0.42677950859069824
node_master|total_time|12|8.588444
node_master|loops|12|5
node_master|messages|12|82
memcachedsmaster|min_constraint|12|1
factsmaster|max_constraint|12|13
