haproxyworker0|flocal|13|0.2765812873840332
ovswitchworker0|flocal|13|0.2782905101776123
memcachedsworker0|flocal|13|0.28497862815856934
factsworker0|flocal|13|0.28972935676574707
rabbitmqworker0|flocal|13|0.3124673366546631
keystoneworker0|flocal|13|0.3429844379425049
glanceworker0|flocal|13|0.3581409454345703
commonworker0|flocal|13|0.38063979148864746
mariadbworker0|flocal|13|0.5873010158538818
haproxyworker0|flocal|13|0.2520785331726074
rabbitmqworker0|flocal|13|0.2660672664642334
factsworker0|flocal|13|0.2666590213775635
memcachedsworker0|flocal|13|0.26950812339782715
glanceworker0|funsat|13|0.2668943405151367
ovswitchworker0|flocal|13|0.30573248863220215
keystoneworker0|flocal|13|0.3253185749053955
commonworker0|flocal|13|0.3562448024749756
mariadbworker0|funsat|13|0.36425232887268066
memcachedsworker0|flocal|13|0.24373316764831543
haproxyworker0|flocal|13|0.24778366088867188
ovswitchworker0|flocal|13|0.24895548820495605
rabbitmqworker0|flocal|13|0.2743525505065918
glanceworker0|funsat|13|0.26909470558166504
factsworker0|flocal|13|0.28998374938964844
keystoneworker0|flocal|13|0.3026857376098633
commonworker0|flocal|13|0.38392019271850586
mariadbworker0|funsat|13|0.39885950088500977
ovswitchworker0|flocal|13|0.24657773971557617
memcachedsworker0|flocal|13|0.25359106063842773
haproxyworker0|flocal|13|0.2544722557067871
rabbitmqworker0|flocal|13|0.2605135440826416
factsworker0|flocal|13|0.26735496520996094
glanceworker0|funsat|13|0.26285266876220703
keystoneworker0|flocal|13|0.30942845344543457
commonworker0|flocal|13|0.3505995273590088
mariadbworker0|funsat|13|0.3647572994232178
ovswitchworker0|flocal|13|0.24715685844421387
haproxyworker0|flocal|13|0.262876033782959
rabbitmqworker0|flocal|13|0.2620573043823242
factsworker0|flocal|13|0.2695002555847168
memcachedsworker0|flocal|13|0.2779700756072998
glanceworker0|funsat|13|0.27099132537841797
keystoneworker0|flocal|13|0.316056489944458
commonworker0|flocal|13|0.35825490951538086
mariadbworker0|funsat|13|0.36812806129455566
memcachedsworker0|ffinal|13|0.22494983673095703
haproxyworker0|ffinal|13|0.2429790496826172
rabbitmqworker0|ffinal|13|0.24206852912902832
ovswitchworker0|ffinal|13|0.24675440788269043
factsworker0|ffinal|13|0.2530224323272705
glanceworker0|funsat|13|0.2606511116027832
keystoneworker0|ffinal|13|0.29699087142944336
commonworker0|ffinal|13|0.3804783821105957
mariadbworker0|funsat|13|0.3922998905181885
node_worker0|total_time|13|6.227285
node_worker0|loops|13|5
node_worker0|messages|13|129
memcachedsworker0|min_constraint|13|1
factsworker0|max_constraint|13|13
