factsmaster|flocal|13|0.24975061416625977
rabbitmqmaster|flocal|13|0.2591891288757324
memcachedsmaster|flocal|13|0.2752823829650879
ovswitchmaster|flocal|13|0.2788207530975342
haproxymaster|flocal|13|0.31042957305908203
commonmaster|flocal|13|0.3486166000366211
mariadbmaster|flocal|13|0.4334292411804199
memcachedsmaster|flocal|13|0.21197915077209473
rabbitmqmaster|flocal|13|0.22780442237854004
haproxymaster|flocal|13|0.23107147216796875
ovswitchmaster|flocal|13|0.2313680648803711
factsmaster|flocal|13|0.23801040649414062
commonmaster|flocal|13|0.28550148010253906
mariadbmaster|flocal|13|0.41325950622558594
ovswitchmaster|flocal|13|0.22055816650390625
haproxymaster|flocal|13|0.22175168991088867
rabbitmqmaster|flocal|13|0.22485566139221191
memcachedsmaster|flocal|13|0.2269883155822754
factsmaster|flocal|13|0.23840928077697754
commonmaster|flocal|13|0.3190929889678955
mariadbmaster|flocal|13|0.42486095428466797
memcachedsmaster|flocal|13|0.23780012130737305
haproxymaster|flocal|13|0.23862338066101074
ovswitchmaster|flocal|13|0.24910235404968262
rabbitmqmaster|flocal|13|0.239060640335083
factsmaster|flocal|13|0.25184082984924316
commonmaster|flocal|13|0.3296689987182617
mariadbmaster|flocal|13|0.5885701179504395
memcachedsmaster|flocal|13|0.23611736297607422
rabbitmqmaster|flocal|13|0.23545169830322266
haproxymaster|flocal|13|0.2377462387084961
ovswitchmaster|flocal|13|0.25191688537597656
factsmaster|flocal|13|0.2563648223876953
commonmaster|flocal|13|0.35678839683532715
mariadbmaster|flocal|13|0.5738778114318848
ovswitchmaster|ffinal|13|0.2305912971496582
memcachedsmaster|ffinal|13|0.2371211051940918
rabbitmqmaster|ffinal|13|0.2398984432220459
haproxymaster|ffinal|13|0.25617527961730957
factsmaster|ffinal|13|0.2594616413116455
commonmaster|ffinal|13|0.35587286949157715
mariadbmaster|ffinal|13|0.5762033462524414
node_master|total_time|13|9.235650
node_master|loops|13|5
node_master|messages|13|84
memcachedsmaster|min_constraint|13|1
commonmaster|max_constraint|13|17
