rabbitmqmaster|flocal|14|0.3043828010559082
factsmaster|flocal|14|0.3151421546936035
haproxymaster|flocal|14|0.32068538665771484
memcachedsmaster|flocal|14|0.3453829288482666
ovswitchmaster|flocal|14|0.3456413745880127
commonmaster|flocal|14|0.3541543483734131
mariadbmaster|flocal|14|0.49498510360717773
memcachedsmaster|flocal|14|0.24437355995178223
haproxymaster|flocal|14|0.25858187675476074
factsmaster|flocal|14|0.25830721855163574
ovswitchmaster|flocal|14|0.26575398445129395
rabbitmqmaster|flocal|14|0.2921013832092285
commonmaster|flocal|14|0.3096287250518799
mariadbmaster|flocal|14|0.46624040603637695
ovswitchmaster|flocal|14|0.2532942295074463
haproxymaster|flocal|14|0.26040029525756836
memcachedsmaster|flocal|14|0.26114654541015625
factsmaster|flocal|14|0.2601327896118164
rabbitmqmaster|flocal|14|0.26778626441955566
commonmaster|flocal|14|0.3582112789154053
mariadbmaster|flocal|14|0.532085657119751
memcachedsmaster|flocal|14|0.2539489269256592
haproxymaster|flocal|14|0.26021409034729004
rabbitmqmaster|flocal|14|0.25358128547668457
ovswitchmaster|flocal|14|0.25736069679260254
factsmaster|flocal|14|0.2765238285064697
commonmaster|flocal|14|0.3529994487762451
mariadbmaster|flocal|14|0.54933762550354
memcachedsmaster|flocal|14|0.23995709419250488
factsmaster|flocal|14|0.2602224349975586
haproxymaster|flocal|14|0.2636241912841797
rabbitmqmaster|flocal|14|0.2624180316925049
ovswitchmaster|flocal|14|0.2632596492767334
commonmaster|flocal|14|0.3612816333770752
mariadbmaster|flocal|14|0.5135164260864258
memcachedsmaster|ffinal|14|0.26034021377563477
rabbitmqmaster|ffinal|14|0.2607307434082031
factsmaster|ffinal|14|0.266615629196167
ovswitchmaster|ffinal|14|0.2747180461883545
haproxymaster|ffinal|14|0.28317737579345703
commonmaster|ffinal|14|0.37956833839416504
mariadbmaster|ffinal|14|0.5427999496459961
node_master|total_time|14|10.456643
node_master|loops|14|5
node_master|messages|14|86
memcachedsmaster|min_constraint|14|1
commonmaster|max_constraint|14|17
