rabbitmqworker0|flocal|14|0.3119535446166992
ovswitchworker0|flocal|14|0.3294804096221924
haproxyworker0|flocal|14|0.34229516983032227
memcachedsworker0|flocal|14|0.3421776294708252
factsworker0|flocal|14|0.33252549171447754
commonworker0|flocal|14|0.3659665584564209
keystoneworker0|flocal|14|0.3686492443084717
glanceworker0|flocal|14|0.38079333305358887
mariadbworker0|flocal|14|0.5885999202728271
factsworker0|flocal|14|0.5344014167785645
memcachedsworker0|flocal|14|0.550652265548706
glanceworker0|funsat|14|0.5436959266662598
rabbitmqworker0|flocal|14|0.5753042697906494
ovswitchworker0|flocal|14|0.5828719139099121
haproxyworker0|flocal|14|0.5938749313354492
keystoneworker0|flocal|14|0.6227011680603027
mariadbworker0|funsat|14|0.6608238220214844
commonworker0|flocal|14|0.6720750331878662
ovswitchworker0|flocal|14|0.2388443946838379
rabbitmqworker0|flocal|14|0.2516896724700928
memcachedsworker0|flocal|14|0.2643117904663086
glanceworker0|funsat|14|0.2653052806854248
haproxyworker0|flocal|14|0.29179978370666504
factsworker0|flocal|14|0.2886502742767334
keystoneworker0|flocal|14|0.3254518508911133
commonworker0|flocal|14|0.38080358505249023
mariadbworker0|funsat|14|0.38188838958740234
memcachedsworker0|flocal|14|0.24718403816223145
ovswitchworker0|flocal|14|0.2574038505554199
rabbitmqworker0|flocal|14|0.26834607124328613
haproxyworker0|flocal|14|0.28257012367248535
factsworker0|flocal|14|0.2870800495147705
glanceworker0|funsat|14|0.2782299518585205
keystoneworker0|flocal|14|0.31558656692504883
mariadbworker0|funsat|14|0.37766265869140625
commonworker0|flocal|14|0.38117074966430664
