ovswitchmaster|flocal|1|0.26340508460998535
factsmaster|flocal|1|0.26367998123168945
haproxymaster|flocal|1|0.2815995216369629
rabbitmqmaster|flocal|1|0.2971043586730957
memcachedsmaster|flocal|1|0.3124570846557617
commonmaster|flocal|1|0.32794833183288574
mariadbmaster|flocal|1|0.45258331298828125
haproxymaster|flocal|1|0.2308816909790039
memcachedsmaster|flocal|1|0.23974180221557617
factsmaster|flocal|1|0.24118328094482422
ovswitchmaster|flocal|1|0.24245929718017578
rabbitmqmaster|flocal|1|0.24760198593139648
commonmaster|flocal|1|0.30111193656921387
mariadbmaster|flocal|1|0.41811251640319824
memcachedsmaster|flocal|1|0.22147297859191895
haproxymaster|flocal|1|0.22444486618041992
ovswitchmaster|flocal|1|0.2282106876373291
rabbitmqmaster|flocal|1|0.23228955268859863
factsmaster|flocal|1|0.246140718460083
commonmaster|flocal|1|0.3291332721710205
mariadbmaster|flocal|1|0.41716504096984863
ovswitchmaster|flocal|1|0.23607802391052246
haproxymaster|flocal|1|0.2418358325958252
rabbitmqmaster|flocal|1|0.2300574779510498
memcachedsmaster|flocal|1|0.24549531936645508
factsmaster|flocal|1|0.2447071075439453
commonmaster|flocal|1|0.32570838928222656
mariadbmaster|flocal|1|0.41649627685546875
memcachedsmaster|flocal|1|0.22071075439453125
ovswitchmaster|flocal|1|0.24131488800048828
haproxymaster|flocal|1|0.2685377597808838
rabbitmqmaster|flocal|1|0.2872927188873291
factsmaster|flocal|1|0.28905344009399414
commonmaster|flocal|1|0.37868404388427734
mariadbmaster|flocal|1|0.5179460048675537
ovswitchmaster|flocal|1|0.24434852600097656
memcachedsmaster|flocal|1|0.24998760223388672
rabbitmqmaster|flocal|1|0.2503173351287842
factsmaster|flocal|1|0.25455689430236816
haproxymaster|flocal|1|0.2717430591583252
commonmaster|flocal|1|0.351665735244751
mariadbmaster|flocal|1|0.489656925201416
ovswitchmaster|ffinal|1|0.23412609100341797
memcachedsmaster|ffinal|1|0.24330711364746094
haproxymaster|ffinal|1|0.26106715202331543
factsmaster|ffinal|1|0.2605001926422119
rabbitmqmaster|ffinal|1|0.26707935333251953
commonmaster|ffinal|1|0.37735676765441895
mariadbmaster|ffinal|1|0.5148472785949707
node_master|total_time|1|11.527572
node_master|loops|1|8
node_master|messages|1|114
memcachedsmaster|min_constraint|1|1
commonmaster|max_constraint|1|17
