rabbitmqmaster|flocal|2|0.25190043449401855
factsmaster|flocal|2|0.25444507598876953
memcachedsmaster|flocal|2|0.27100253105163574
ovswitchmaster|flocal|2|0.27303242683410645
haproxymaster|flocal|2|0.27532005310058594
commonmaster|flocal|2|0.3078899383544922
mariadbmaster|flocal|2|0.44494128227233887
ovswitchmaster|flocal|2|0.21581792831420898
haproxymaster|flocal|2|0.22308731079101562
rabbitmqmaster|flocal|2|0.22915983200073242
memcachedsmaster|flocal|2|0.23622870445251465
factsmaster|flocal|2|0.23911333084106445
commonmaster|flocal|2|0.28650522232055664
mariadbmaster|flocal|2|0.41817498207092285
memcachedsmaster|flocal|2|0.22396516799926758
haproxymaster|flocal|2|0.22438907623291016
rabbitmqmaster|flocal|2|0.2262744903564453
factsmaster|flocal|2|0.23221778869628906
ovswitchmaster|flocal|2|0.24260973930358887
commonmaster|flocal|2|0.31559181213378906
mariadbmaster|flocal|2|0.42312002182006836
ovswitchmaster|flocal|2|0.2405383586883545
factsmaster|flocal|2|0.22809910774230957
memcachedsmaster|flocal|2|0.2437593936920166
rabbitmqmaster|flocal|2|0.23623943328857422
haproxymaster|flocal|2|0.2674548625946045
commonmaster|flocal|2|0.3185310363769531
mariadbmaster|flocal|2|0.4443933963775635
haproxymaster|flocal|2|0.2244126796722412
ovswitchmaster|flocal|2|0.22696471214294434
rabbitmqmaster|flocal|2|0.2330002784729004
memcachedsmaster|flocal|2|0.2405531406402588
factsmaster|flocal|2|0.242431640625
commonmaster|flocal|2|0.31229400634765625
mariadbmaster|flocal|2|0.5467822551727295
memcachedsmaster|flocal|2|0.23770999908447266
ovswitchmaster|flocal|2|0.24022984504699707
haproxymaster|flocal|2|0.24188685417175293
rabbitmqmaster|flocal|2|0.2500956058502197
factsmaster|flocal|2|0.27118444442749023
commonmaster|flocal|2|0.3374149799346924
mariadbmaster|flocal|2|0.5833549499511719
rabbitmqmaster|ffinal|2|0.24177837371826172
haproxymaster|ffinal|2|0.24868154525756836
factsmaster|ffinal|2|0.2578089237213135
memcachedsmaster|ffinal|2|0.26541996002197266
ovswitchmaster|ffinal|2|0.26701831817626953
commonmaster|ffinal|2|0.3479127883911133
mariadbmaster|ffinal|2|0.5797653198242188
node_master|total_time|2|11.974629
node_master|loops|2|9
node_master|messages|2|114
memcachedsmaster|min_constraint|2|1
commonmaster|max_constraint|2|17
