haproxyworker0|flocal|2|0.3213982582092285
factsworker0|flocal|2|0.33020663261413574
rabbitmqworker0|flocal|2|0.33127641677856445
memcachedsworker0|flocal|2|0.33864903450012207
ovswitchworker0|flocal|2|0.36086177825927734
commonworker0|flocal|2|0.3827500343322754
keystoneworker0|flocal|2|0.41959428787231445
glanceworker0|flocal|2|0.4153480529785156
mariadbworker0|flocal|2|0.6091020107269287
factsworker0|flocal|2|0.4935569763183594
memcachedsworker0|flocal|2|0.499131441116333
ovswitchworker0|flocal|2|0.5229320526123047
rabbitmqworker0|flocal|2|0.5225999355316162
haproxyworker0|flocal|2|0.5477418899536133
glanceworker0|funsat|2|0.569927453994751
keystoneworker0|flocal|2|0.5918891429901123
commonworker0|flocal|2|0.6197688579559326
mariadbworker0|funsat|2|0.6730239391326904
haproxyworker0|flocal|2|0.2587559223175049
ovswitchworker0|flocal|2|0.2612755298614502
memcachedsworker0|flocal|2|0.2629821300506592
rabbitmqworker0|flocal|2|0.27067136764526367
glanceworker0|funsat|2|0.2632570266723633
factsworker0|flocal|2|0.2864980697631836
keystoneworker0|flocal|2|0.3279752731323242
commonworker0|flocal|2|0.34577131271362305
mariadbworker0|funsat|2|0.3813161849975586
rabbitmqworker0|flocal|2|0.25864291191101074
memcachedsworker0|flocal|2|0.2656364440917969
ovswitchworker0|flocal|2|0.27063632011413574
factsworker0|flocal|2|0.2826051712036133
haproxyworker0|flocal|2|0.29270267486572266
glanceworker0|funsat|2|0.28403592109680176
keystoneworker0|flocal|2|0.32296013832092285
commonworker0|flocal|2|0.37685370445251465
mariadbworker0|funsat|2|0.37807154655456543
memcachedsworker0|flocal|2|0.25244832038879395
ovswitchworker0|flocal|2|0.2741553783416748
haproxyworker0|flocal|2|0.2825202941894531
rabbitmqworker0|flocal|2|0.2968456745147705
glanceworker0|funsat|2|0.2778482437133789
factsworker0|flocal|2|0.2938511371612549
keystoneworker0|flocal|2|0.3235139846801758
commonworker0|flocal|2|0.3939933776855469
mariadbworker0|funsat|2|0.4029269218444824
ovswitchworker0|flocal|2|0.28244471549987793
memcachedsworker0|flocal|2|0.2887389659881592
rabbitmqworker0|flocal|2|0.28852105140686035
factsworker0|flocal|2|0.29160642623901367
haproxyworker0|flocal|2|0.3019287586212158
glanceworker0|funsat|2|0.27687978744506836
keystoneworker0|flocal|2|0.3442678451538086
mariadbworker0|funsat|2|0.40830063819885254
commonworker0|flocal|2|0.41259002685546875
memcachedsworker0|ffinal|2|0.25960612297058105
ovswitchworker0|ffinal|2|0.28672313690185547
factsworker0|ffinal|2|0.2926778793334961
glanceworker0|funsat|2|0.28673505783081055
rabbitmqworker0|ffinal|2|0.3147776126861572
haproxyworker0|ffinal|2|0.3263072967529297
keystoneworker0|ffinal|2|0.3262922763824463
commonworker0|ffinal|2|0.3785240650177002
mariadbworker0|funsat|2|0.4041752815246582
node_worker0|total_time|2|8.529123
node_worker0|loops|2|6
node_worker0|messages|2|119
memcachedsworker0|min_constraint|2|1
factsworker0|max_constraint|2|13
