rabbitmqworker0|flocal|3|0.26139140129089355
ovswitchworker0|flocal|3|0.2780756950378418
factsworker0|flocal|3|0.2828381061553955
haproxyworker0|flocal|3|0.3033332824707031
commonworker0|flocal|3|0.31855010986328125
memcachedsworker0|flocal|3|0.3331878185272217
glanceworker0|flocal|3|0.32965683937072754
keystoneworker0|flocal|3|0.3382608890533447
mariadbworker0|flocal|3|0.5340499877929688
haproxyworker0|flocal|3|0.2346665859222412
ovswitchworker0|flocal|3|0.2432551383972168
memcachedsworker0|flocal|3|0.24516582489013672
factsworker0|flocal|3|0.25853729248046875
rabbitmqworker0|flocal|3|0.27484703063964844
glanceworker0|funsat|3|0.2686922550201416
keystoneworker0|flocal|3|0.3207583427429199
commonworker0|flocal|3|0.349048376083374
mariadbworker0|funsat|3|0.3602592945098877
memcachedsworker0|flocal|3|0.22385835647583008
haproxyworker0|flocal|3|0.25972867012023926
factsworker0|flocal|3|0.2574303150177002
ovswitchworker0|flocal|3|0.25989341735839844
rabbitmqworker0|flocal|3|0.27161240577697754
glanceworker0|funsat|3|0.2713289260864258
keystoneworker0|flocal|3|0.31537723541259766
commonworker0|flocal|3|0.34470152854919434
mariadbworker0|funsat|3|0.36646461486816406
haproxyworker0|flocal|3|0.44945335388183594
memcachedsworker0|flocal|3|0.4824509620666504
ovswitchworker0|flocal|3|0.4828517436981201
rabbitmqworker0|flocal|3|0.4824666976928711
factsworker0|flocal|3|0.4870920181274414
glanceworker0|funsat|3|0.4917151927947998
keystoneworker0|flocal|3|0.5347437858581543
commonworker0|flocal|3|0.5823776721954346
mariadbworker0|funsat|3|0.590855598449707
haproxyworker0|ffinal|3|0.23981475830078125
memcachedsworker0|ffinal|3|0.2507765293121338
ovswitchworker0|ffinal|3|0.2558913230895996
rabbitmqworker0|ffinal|3|0.26108741760253906
factsworker0|ffinal|3|0.26444578170776367
glanceworker0|funsat|3|0.2630949020385742
keystoneworker0|ffinal|3|0.30257654190063477
commonworker0|ffinal|3|0.3403754234313965
mariadbworker0|funsat|3|0.37406182289123535
node_worker0|total_time|3|8.296796
node_worker0|loops|3|4
node_worker0|messages|3|89
memcachedsworker0|min_constraint|3|1
commonworker0|max_constraint|3|12
