rabbitmqmaster|flocal|4|0.3354530334472656
ovswitchmaster|flocal|4|0.33588314056396484
memcachedsmaster|flocal|4|0.3361985683441162
factsmaster|flocal|4|0.34913206100463867
haproxymaster|flocal|4|0.3538789749145508
commonmaster|flocal|4|0.3940732479095459
mariadbmaster|flocal|4|0.5186944007873535
memcachedsmaster|flocal|4|0.254680871963501
haproxymaster|flocal|4|0.25501036643981934
factsmaster|flocal|4|0.26235008239746094
rabbitmqmaster|flocal|4|0.26584625244140625
ovswitchmaster|flocal|4|0.2711496353149414
commonmaster|flocal|4|0.3156452178955078
mariadbmaster|flocal|4|0.4413614273071289
ovswitchmaster|flocal|4|0.24873566627502441
haproxymaster|flocal|4|0.2581181526184082
memcachedsmaster|flocal|4|0.2643122673034668
factsmaster|flocal|4|0.26403355598449707
rabbitmqmaster|flocal|4|0.27103209495544434
commonmaster|flocal|4|0.3367760181427002
mariadbmaster|flocal|4|0.43797874450683594
memcachedsmaster|flocal|4|0.24220061302185059
ovswitchmaster|flocal|4|0.23111224174499512
haproxymaster|flocal|4|0.2520134449005127
rabbitmqmaster|flocal|4|0.24432826042175293
factsmaster|flocal|4|0.24811720848083496
commonmaster|flocal|4|0.32418370246887207
mariadbmaster|flocal|4|0.4336118698120117
memcachedsmaster|flocal|4|0.2525932788848877
rabbitmqmaster|flocal|4|0.2533988952636719
ovswitchmaster|flocal|4|0.2616159915924072
haproxymaster|flocal|4|0.2732057571411133
factsmaster|flocal|4|0.27141833305358887
commonmaster|flocal|4|0.34502148628234863
mariadbmaster|flocal|4|0.4482917785644531
memcachedsmaster|ffinal|4|0.257854700088501
ovswitchmaster|ffinal|4|0.26116299629211426
haproxymaster|ffinal|4|0.2689061164855957
rabbitmqmaster|ffinal|4|0.26801252365112305
factsmaster|ffinal|4|0.2814157009124756
commonmaster|ffinal|4|0.3470125198364258
mariadbmaster|ffinal|4|0.45686769485473633
node_master|total_time|4|9.630466
node_master|loops|4|5
node_master|messages|4|82
memcachedsmaster|min_constraint|4|1
factsmaster|max_constraint|4|13
