factsmaster|flocal|5|0.3081550598144531
memcachedsmaster|flocal|5|0.3133368492126465
haproxymaster|flocal|5|0.3227376937866211
rabbitmqmaster|flocal|5|0.32156896591186523
ovswitchmaster|flocal|5|0.3299243450164795
commonmaster|flocal|5|0.4388127326965332
mariadbmaster|flocal|5|0.5537359714508057
rabbitmqmaster|flocal|5|0.24038171768188477
factsmaster|flocal|5|0.25508928298950195
haproxymaster|flocal|5|0.2577085494995117
ovswitchmaster|flocal|5|0.26660799980163574
memcachedsmaster|flocal|5|0.27375054359436035
commonmaster|flocal|5|0.3014953136444092
mariadbmaster|flocal|5|0.45824646949768066
memcachedsmaster|flocal|5|0.23860764503479004
ovswitchmaster|flocal|5|0.23950743675231934
factsmaster|flocal|5|0.24978041648864746
rabbitmqmaster|flocal|5|0.2512533664703369
haproxymaster|flocal|5|0.26157665252685547
commonmaster|flocal|5|0.3375711441040039
mariadbmaster|flocal|5|0.4260590076446533
rabbitmqmaster|flocal|5|0.2353048324584961
ovswitchmaster|flocal|5|0.2681915760040283
factsmaster|flocal|5|0.26169657707214355
haproxymaster|flocal|5|0.28432488441467285
memcachedsmaster|flocal|5|0.29560303688049316
commonmaster|flocal|5|0.31288933753967285
mariadbmaster|flocal|5|0.4365420341491699
haproxymaster|flocal|5|0.226762056350708
rabbitmqmaster|flocal|5|0.2306499481201172
factsmaster|flocal|5|0.2419741153717041
memcachedsmaster|flocal|5|0.2463526725769043
ovswitchmaster|flocal|5|0.25325775146484375
commonmaster|flocal|5|0.31543803215026855
mariadbmaster|flocal|5|0.5507998466491699
haproxymaster|flocal|5|0.22628283500671387
memcachedsmaster|flocal|5|0.2288048267364502
rabbitmqmaster|flocal|5|0.2366039752960205
factsmaster|flocal|5|0.24241399765014648
ovswitchmaster|flocal|5|0.24895691871643066
commonmaster|flocal|5|0.35108017921447754
mariadbmaster|flocal|5|0.5518505573272705
memcachedsmaster|ffinal|5|0.23817825317382812
haproxymaster|ffinal|5|0.24185919761657715
rabbitmqmaster|ffinal|5|0.24414658546447754
ovswitchmaster|ffinal|5|0.24756598472595215
factsmaster|ffinal|5|0.2576119899749756
commonmaster|ffinal|5|0.3454320430755615
mariadbmaster|ffinal|5|0.552332878112793
node_master|total_time|5|11.298895
node_master|loops|5|9
node_master|messages|5|114
memcachedsmaster|min_constraint|5|1
commonmaster|max_constraint|5|17
