rabbitmqworker0|flocal|6|0.2819550037384033
memcachedsworker0|flocal|6|0.29245948791503906
haproxyworker0|flocal|6|0.3006250858306885
factsworker0|flocal|6|0.2960832118988037
ovswitchworker0|flocal|6|0.30211448669433594
commonworker0|flocal|6|0.32338404655456543
keystoneworker0|flocal|6|0.3248436450958252
glanceworker0|flocal|6|0.3373911380767822
mariadbworker0|flocal|6|0.5203924179077148
memcachedsworker0|flocal|6|0.23716187477111816
ovswitchworker0|flocal|6|0.2599148750305176
rabbitmqworker0|flocal|6|0.2702159881591797
factsworker0|flocal|6|0.27167487144470215
glanceworker0|funsat|6|0.2739450931549072
haproxyworker0|flocal|6|0.28804469108581543
keystoneworker0|flocal|6|0.3197002410888672
commonworker0|flocal|6|0.32410740852355957
mariadbworker0|funsat|6|0.35912442207336426
memcachedsworker0|flocal|6|0.2442331314086914
rabbitmqworker0|flocal|6|0.25342607498168945
factsworker0|flocal|6|0.2613523006439209
ovswitchworker0|flocal|6|0.27536821365356445
glanceworker0|funsat|6|0.2584350109100342
haproxyworker0|flocal|6|0.2812974452972412
keystoneworker0|flocal|6|0.3070821762084961
commonworker0|flocal|6|0.32692956924438477
mariadbworker0|funsat|6|0.3686552047729492
memcachedsworker0|flocal|6|0.24503731727600098
rabbitmqworker0|flocal|6|0.2560455799102783
ovswitchworker0|flocal|6|0.26403331756591797
glanceworker0|funsat|6|0.2687413692474365
factsworker0|flocal|6|0.28294992446899414
haproxyworker0|flocal|6|0.28754258155822754
keystoneworker0|flocal|6|0.31116509437561035
commonworker0|flocal|6|0.3404884338378906
mariadbworker0|funsat|6|0.37502050399780273
ovswitchworker0|ffinal|6|0.24358677864074707
memcachedsworker0|ffinal|6|0.2581002712249756
haproxyworker0|ffinal|6|0.2646658420562744
rabbitmqworker0|ffinal|6|0.26488447189331055
factsworker0|ffinal|6|0.26787900924682617
glanceworker0|funsat|6|0.27112889289855957
keystoneworker0|ffinal|6|0.3143002986907959
commonworker0|ffinal|6|0.3531785011291504
mariadbworker0|funsat|6|0.36296510696411133
node_worker0|total_time|6|6.902304
node_worker0|loops|6|4
node_worker0|messages|6|89
memcachedsworker0|min_constraint|6|1
commonworker0|max_constraint|6|12
