memcachedsmaster|flocal|8|0.26825737953186035
ovswitchmaster|flocal|8|0.27376413345336914
factsmaster|flocal|8|0.2765028476715088
haproxymaster|flocal|8|0.280428409576416
rabbitmqmaster|flocal|8|0.2866709232330322
commonmaster|flocal|8|0.3320577144622803
mariadbmaster|flocal|8|0.4635162353515625
haproxymaster|flocal|8|0.22242355346679688
memcachedsmaster|flocal|8|0.22447514533996582
ovswitchmaster|flocal|8|0.23212099075317383
rabbitmqmaster|flocal|8|0.2415003776550293
factsmaster|flocal|8|0.2470865249633789
commonmaster|flocal|8|0.28352975845336914
mariadbmaster|flocal|8|0.403078556060791
memcachedsmaster|flocal|8|0.21795177459716797
factsmaster|flocal|8|0.22734475135803223
haproxymaster|flocal|8|0.2337970733642578
ovswitchmaster|flocal|8|0.23797821998596191
rabbitmqmaster|flocal|8|0.24187040328979492
commonmaster|flocal|8|0.3225858211517334
mariadbmaster|flocal|8|0.40259480476379395
memcachedsmaster|flocal|8|0.23377752304077148
haproxymaster|flocal|8|0.26194095611572266
ovswitchmaster|flocal|8|0.26972222328186035
factsmaster|flocal|8|0.2628664970397949
rabbitmqmaster|flocal|8|0.28601884841918945
commonmaster|flocal|8|0.3722708225250244
mariadbmaster|flocal|8|0.5472006797790527
memcachedsmaster|flocal|8|0.23068976402282715
haproxymaster|flocal|8|0.23554158210754395
factsmaster|flocal|8|0.24672842025756836
rabbitmqmaster|flocal|8|0.25194263458251953
ovswitchmaster|flocal|8|0.25391077995300293
commonmaster|flocal|8|0.34922218322753906
mariadbmaster|flocal|8|0.5549321174621582
ovswitchmaster|ffinal|8|0.22678208351135254
haproxymaster|ffinal|8|0.22915935516357422
rabbitmqmaster|ffinal|8|0.23992538452148438
memcachedsmaster|ffinal|8|0.24112606048583984
factsmaster|ffinal|8|0.24672698974609375
commonmaster|ffinal|8|0.3544790744781494
mariadbmaster|ffinal|8|0.5738315582275391
node_master|total_time|8|11.924587
node_master|loops|8|6
node_master|messages|8|84
memcachedsmaster|min_constraint|8|1
commonmaster|max_constraint|8|17
