factsworker0|flocal|8|0.30594944953918457
rabbitmqworker0|flocal|8|0.31076836585998535
memcachedsworker0|flocal|8|0.32221555709838867
ovswitchworker0|flocal|8|0.3425724506378174
haproxyworker0|flocal|8|0.34578871726989746
commonworker0|flocal|8|0.3868753910064697
keystoneworker0|flocal|8|0.3988492488861084
glanceworker0|flocal|8|0.41280245780944824
mariadbworker0|flocal|8|0.5698165893554688
haproxyworker0|flocal|8|0.2519338130950928
rabbitmqworker0|flocal|8|0.2717273235321045
factsworker0|flocal|8|0.2765824794769287
ovswitchworker0|flocal|8|0.2820262908935547
memcachedsworker0|flocal|8|0.2911489009857178
glanceworker0|funsat|8|0.2870817184448242
keystoneworker0|flocal|8|0.32051920890808105
commonworker0|flocal|8|0.34701061248779297
mariadbworker0|funsat|8|0.3685922622680664
haproxyworker0|flocal|8|0.2671070098876953
memcachedsworker0|flocal|8|0.28257060050964355
rabbitmqworker0|flocal|8|0.2903757095336914
ovswitchworker0|flocal|8|0.299114465713501
glanceworker0|funsat|8|0.28897666931152344
factsworker0|flocal|8|0.31777095794677734
keystoneworker0|flocal|8|0.34938836097717285
commonworker0|flocal|8|0.3861727714538574
mariadbworker0|funsat|8|0.39471912384033203
memcachedsworker0|flocal|8|0.2613081932067871
ovswitchworker0|flocal|8|0.2623019218444824
haproxyworker0|flocal|8|0.27185583114624023
factsworker0|flocal|8|0.2801220417022705
rabbitmqworker0|flocal|8|0.2852146625518799
glanceworker0|funsat|8|0.265777587890625
keystoneworker0|flocal|8|0.3279552459716797
commonworker0|flocal|8|0.34337449073791504
mariadbworker0|funsat|8|0.38353872299194336
memcachedsworker0|ffinal|8|0.24501299858093262
haproxyworker0|ffinal|8|0.26760268211364746
rabbitmqworker0|ffinal|8|0.27153539657592773
glanceworker0|funsat|8|0.2650728225708008
ovswitchworker0|ffinal|8|0.2855052947998047
factsworker0|ffinal|8|0.2888309955596924
keystoneworker0|ffinal|8|0.3004493713378906
commonworker0|ffinal|8|0.35831665992736816
mariadbworker0|funsat|8|0.3791353702545166
node_worker0|total_time|8|7.685790
node_worker0|loops|8|4
node_worker0|messages|8|89
memcachedsworker0|min_constraint|8|1
commonworker0|max_constraint|8|12
