memcachedsworker0|flocal|9|0.28037023544311523
ovswitchworker0|flocal|9|0.2841036319732666
factsworker0|flocal|9|0.29199671745300293
haproxyworker0|flocal|9|0.3113105297088623
commonworker0|flocal|9|0.33291149139404297
rabbitmqworker0|flocal|9|0.34039759635925293
keystoneworker0|flocal|9|0.3535025119781494
glanceworker0|flocal|9|0.3544337749481201
mariadbworker0|flocal|9|0.518446683883667
haproxyworker0|flocal|9|0.24524927139282227
memcachedsworker0|flocal|9|0.2448718547821045
factsworker0|flocal|9|0.24361634254455566
ovswitchworker0|flocal|9|0.2802700996398926
commonworker0|flocal|9|0.2879502773284912
rabbitmqworker0|flocal|9|0.29675936698913574
keystoneworker0|flocal|9|0.28648996353149414
mariadbworker0|funsat|9|0.3511354923248291
glanceworker0|flocal|9|0.3425459861755371
haproxyworker0|flocal|9|0.22648882865905762
factsworker0|flocal|9|0.24202322959899902
ovswitchworker0|flocal|9|0.24889922142028809
rabbitmqworker0|flocal|9|0.2588515281677246
memcachedsworker0|flocal|9|0.27570295333862305
keystoneworker0|flocal|9|0.31676220893859863
glanceworker0|flocal|9|0.3172459602355957
commonworker0|flocal|9|0.3484630584716797
mariadbworker0|funsat|9|0.3913462162017822
haproxyworker0|ffinal|9|0.23591232299804688
memcachedsworker0|ffinal|9|0.25727152824401855
ovswitchworker0|ffinal|9|0.25850558280944824
factsworker0|ffinal|9|0.2560577392578125
rabbitmqworker0|ffinal|9|0.2626173496246338
commonworker0|ffinal|9|0.29362034797668457
keystoneworker0|ffinal|9|0.3002173900604248
glanceworker0|ffinal|9|0.31528496742248535
mariadbworker0|funsat|9|0.3582780361175537
node_worker0|total_time|9|6.208314
node_worker0|loops|9|3
node_worker0|messages|9|25
commonworker0|min_constraint|9|1
mariadbworker0|max_constraint|9|6
