factsmaster|flocal|0|0.4402334690093994
ovswitchmaster|flocal|0|0.4429287910461426
rabbitmqmaster|flocal|0|0.4429044723510742
memcachedsmaster|flocal|0|0.4436798095703125
haproxymaster|flocal|0|0.4447057247161865
commonmaster|flocal|0|0.493330717086792
mariadbmaster|flocal|0|0.6146936416625977
haproxymaster|flocal|0|0.244828462600708
ovswitchmaster|flocal|0|0.24477648735046387
factsmaster|flocal|0|0.25322985649108887
rabbitmqmaster|flocal|0|0.2621145248413086
memcachedsmaster|flocal|0|0.26308679580688477
commonmaster|flocal|0|0.30382823944091797
mariadbmaster|flocal|0|0.4330887794494629
memcachedsmaster|flocal|0|0.26615381240844727
ovswitchmaster|flocal|0|0.2660846710205078
haproxymaster|flocal|0|0.2666797637939453
factsmaster|flocal|0|0.2654566764831543
rabbitmqmaster|flocal|0|0.29980921745300293
commonmaster|flocal|0|0.34474921226501465
mariadbmaster|flocal|0|0.6200947761535645
memcachedsmaster|flocal|0|0.246917724609375
haproxymaster|flocal|0|0.2553389072418213
rabbitmqmaster|flocal|0|0.26158714294433594
ovswitchmaster|flocal|0|0.2620863914489746
factsmaster|flocal|0|0.26399827003479004
commonmaster|flocal|0|0.3526802062988281
mariadbmaster|flocal|0|0.542980432510376
memcachedsmaster|flocal|0|0.24676871299743652
factsmaster|flocal|0|0.24636197090148926
ovswitchmaster|flocal|0|0.24936246871948242
rabbitmqmaster|flocal|0|0.26090288162231445
haproxymaster|flocal|0|0.26865100860595703
commonmaster|flocal|0|0.34497928619384766
mariadbmaster|flocal|0|0.5134491920471191
memcachedsmaster|ffinal|0|0.2320117950439453
ovswitchmaster|ffinal|0|0.2361159324645996
factsmaster|ffinal|0|0.25194334983825684
haproxymaster|ffinal|0|0.2541799545288086
rabbitmqmaster|ffinal|0|0.2539548873901367
commonmaster|ffinal|0|0.35103845596313477
mariadbmaster|ffinal|0|0.518620491027832
node_master|total_time|0|9.382887
node_master|loops|0|5
node_master|messages|0|118
memcachedsmaster|min_constraint|0|1
commonmaster|max_constraint|0|17
factsmaster|flocal|0|0.31818413734436035
memcachedsmaster|flocal|0|0.323042631149292
rabbitmqmaster|flocal|0|0.3243093490600586
haproxymaster|flocal|0|0.3321101665496826
ovswitchmaster|flocal|0|0.33185362815856934
commonmaster|flocal|0|0.3750627040863037
mariadbmaster|flocal|0|0.5065426826477051
rabbitmqmaster|flocal|0|0.2284994125366211
haproxymaster|flocal|0|0.22944974899291992
memcachedsmaster|flocal|0|0.2292497158050537
factsmaster|flocal|0|0.24364185333251953
ovswitchmaster|flocal|0|0.2534060478210449
commonmaster|flocal|0|0.29233860969543457
mariadbmaster|flocal|0|0.4283761978149414
haproxymaster|flocal|0|0.2476663589477539
memcachedsmaster|flocal|0|0.2647855281829834
rabbitmqmaster|flocal|0|0.2649524211883545
ovswitchmaster|flocal|0|0.27810049057006836
factsmaster|flocal|0|0.30298328399658203
commonmaster|flocal|0|0.33658504486083984
mariadbmaster|flocal|0|0.4310476779937744
haproxymaster|flocal|0|0.25104808807373047
ovswitchmaster|flocal|0|0.2519402503967285
memcachedsmaster|flocal|0|0.25892066955566406
factsmaster|flocal|0|0.2534365653991699
rabbitmqmaster|flocal|0|0.25911593437194824
commonmaster|flocal|0|0.32290029525756836
mariadbmaster|flocal|0|0.5641460418701172
memcachedsmaster|flocal|0|0.22922348976135254
haproxymaster|flocal|0|0.2397310733795166
rabbitmqmaster|flocal|0|0.2413187026977539
factsmaster|flocal|0|0.24552655220031738
ovswitchmaster|flocal|0|0.2516293525695801
commonmaster|flocal|0|0.34223151206970215
mariadbmaster|flocal|0|0.569080114364624
ovswitchmaster|ffinal|0|0.23462271690368652
rabbitmqmaster|ffinal|0|0.23451542854309082
memcachedsmaster|ffinal|0|0.2505021095275879
haproxymaster|ffinal|0|0.2575986385345459
factsmaster|ffinal|0|0.2456498146057129
commonmaster|ffinal|0|0.34042978286743164
mariadbmaster|ffinal|0|0.5557169914245605
node_master|total_time|0|8.320098
node_master|loops|0|5
node_master|messages|0|84
memcachedsmaster|min_constraint|0|1
commonmaster|max_constraint|0|17
haproxyworker0|flocal|0|0.4446537494659424
rabbitmqworker0|flocal|0|0.4446265697479248
memcachedsworker0|flocal|0|0.44546031951904297
factsworker0|flocal|0|0.44513416290283203
ovswitchworker0|flocal|0|0.4609200954437256
keystoneworker0|flocal|0|0.48525094985961914
commonworker0|flocal|0|0.5107841491699219
glanceworker0|flocal|0|0.501988410949707
mariadbworker0|flocal|0|0.6927855014801025
memcachedsworker0|flocal|0|0.24477863311767578
factsworker0|flocal|0|0.2750883102416992
ovswitchworker0|flocal|0|0.285015344619751
rabbitmqworker0|flocal|0|0.2894582748413086
haproxyworker0|flocal|0|0.3029670715332031
commonworker0|flocal|0|0.3424844741821289
glanceworker0|flocal|0|0.33707594871520996
keystoneworker0|flocal|0|0.37308645248413086
mariadbworker0|flocal|0|0.5094709396362305
ovswitchworker0|flocal|0|0.5116300582885742
memcachedsworker0|flocal|0|0.5120718479156494
rabbitmqworker0|flocal|0|0.5114169120788574
haproxyworker0|flocal|0|0.5198259353637695
factsworker0|flocal|0|0.52170729637146
keystoneworker0|flocal|0|0.5715277194976807
glanceworker0|flocal|0|0.5624899864196777
commonworker0|flocal|0|0.6006731986999512
mariadbworker0|flocal|0|0.9220952987670898
memcachedsworker0|flocal|0|0.25454115867614746
factsworker0|flocal|0|0.2723805904388428
haproxyworker0|flocal|0|0.27507877349853516
ovswitchworker0|flocal|0|0.2843782901763916
rabbitmqworker0|flocal|0|0.2846994400024414
glanceworker0|flocal|0|0.3322305679321289
keystoneworker0|flocal|0|0.34975147247314453
commonworker0|flocal|0|0.37474918365478516
mariadbworker0|flocal|0|1.1263298988342285
memcachedsworker0|ffinal|0|0.2391824722290039
haproxyworker0|ffinal|0|0.2718505859375
factsworker0|ffinal|0|0.27874231338500977
ovswitchworker0|ffinal|0|0.28317856788635254
rabbitmqworker0|ffinal|0|0.27980661392211914
keystoneworker0|ffinal|0|0.3311126232147217
glanceworker0|ffinal|0|0.332141637802124
commonworker0|ffinal|0|0.358717679977417
mariadbworker0|ffinal|0|1.1671133041381836
node_worker0|total_time|0|7.231258
node_worker0|loops|0|3
node_worker0|messages|0|108
memcachedsworker0|min_constraint|0|1
mariadbworker0|max_constraint|0|25
rabbitmqworker0|flocal|0|0.45737361907958984
haproxyworker0|flocal|0|0.45845913887023926
memcachedsworker0|flocal|0|0.45835113525390625
factsworker0|flocal|0|0.46165990829467773
ovswitchworker0|flocal|0|0.46877074241638184
commonworker0|flocal|0|0.4871351718902588
keystoneworker0|flocal|0|0.5089054107666016
glanceworker0|flocal|0|0.5459408760070801
mariadbworker0|flocal|0|0.7042765617370605
memcachedsworker0|flocal|0|0.2674736976623535
factsworker0|flocal|0|0.2695188522338867
rabbitmqworker0|flocal|0|0.29590773582458496
ovswitchworker0|flocal|0|0.2973153591156006
haproxyworker0|flocal|0|0.3148064613342285
keystoneworker0|flocal|0|0.3117382526397705
commonworker0|flocal|0|0.3563265800476074
glanceworker0|flocal|0|0.34098029136657715
mariadbworker0|flocal|0|0.5138909816741943
ovswitchworker0|ffinal|0|0.24583077430725098
factsworker0|ffinal|0|0.275054931640625
memcachedsworker0|ffinal|0|0.2823972702026367
haproxyworker0|ffinal|0|0.28308534622192383
rabbitmqworker0|ffinal|0|0.28235507011413574
keystoneworker0|ffinal|0|0.3149855136871338
glanceworker0|ffinal|0|0.3381967544555664
commonworker0|ffinal|0|0.3896336555480957
mariadbworker0|ffinal|0|0.5199058055877686
node_worker0|total_time|0|6.298259
node_worker0|loops|0|2
node_worker0|messages|0|54
memcachedsworker0|min_constraint|0|1
commonworker0|max_constraint|0|10
neutronworker0|flocal|0|0.46926283836364746
neutronworker0|flocal|0|0.2776987552642822
neutronworker0|ffinal|0|0.26419734954833984
node_neutron0|total_time|0|7.477723
node_neutron0|loops|0|4
node_neutron0|messages|0|8
neutronworker0|min_constraint|0|5
neutronworker0|max_constraint|0|5
neutronworker0|flocal|0|0.4763941764831543
neutronworker0|ffinal|0|0.2793865203857422
node_neutron0|total_time|0|4.935250
node_neutron0|loops|0|2
node_neutron0|messages|0|4
neutronworker0|min_constraint|0|3
neutronworker0|max_constraint|0|3
novaworker0|flocal|0|0.9407436847686768
novaworker0|flocal|0|0.4430873394012451
novaworker0|ffinal|0|0.4508347511291504
node_nova0|total_time|0|6.145676
node_nova0|loops|0|2
node_nova0|messages|0|10
novaworker0|min_constraint|0|5
novaworker0|max_constraint|0|5
novaworker0|flocal|0|0.6560051441192627
novaworker0|ffinal|0|0.4408600330352783
node_nova0|total_time|0|4.563287
node_nova0|loops|0|1
node_nova0|messages|0|5
novaworker0|min_constraint|0|3
novaworker0|max_constraint|0|3
factsmaster|flocal|10|0.2836165428161621
ovswitchmaster|flocal|10|0.2887585163116455
rabbitmqmaster|flocal|10|0.29216480255126953
memcachedsmaster|flocal|10|0.3054373264312744
haproxymaster|flocal|10|0.3070378303527832
commonmaster|flocal|10|0.3399341106414795
mariadbmaster|flocal|10|0.47791171073913574
haproxymaster|flocal|10|0.21891331672668457
ovswitchmaster|flocal|10|0.22683072090148926
factsmaster|flocal|10|0.23371577262878418
rabbitmqmaster|flocal|10|0.2387373447418213
memcachedsmaster|flocal|10|0.2624845504760742
commonmaster|flocal|10|0.2875356674194336
mariadbmaster|flocal|10|0.45916199684143066
memcachedsmaster|flocal|10|0.22282099723815918
ovswitchmaster|flocal|10|0.23236536979675293
haproxymaster|flocal|10|0.2350020408630371
rabbitmqmaster|flocal|10|0.2406902313232422
factsmaster|flocal|10|0.2414531707763672
commonmaster|flocal|10|0.31967711448669434
mariadbmaster|flocal|10|0.4051954746246338
memcachedsmaster|flocal|10|0.2209177017211914
haproxymaster|flocal|10|0.253129243850708
ovswitchmaster|flocal|10|0.25345492362976074
rabbitmqmaster|flocal|10|0.2563650608062744
factsmaster|flocal|10|0.257310152053833
commonmaster|flocal|10|0.34720635414123535
mariadbmaster|flocal|10|0.5464916229248047
memcachedsmaster|flocal|10|0.22947931289672852
rabbitmqmaster|flocal|10|0.24232888221740723
haproxymaster|flocal|10|0.24661517143249512
ovswitchmaster|flocal|10|0.24572467803955078
factsmaster|flocal|10|0.25289320945739746
commonmaster|flocal|10|0.369124174118042
mariadbmaster|flocal|10|0.5085742473602295
ovswitchmaster|ffinal|10|0.2143537998199463
memcachedsmaster|ffinal|10|0.22831273078918457
rabbitmqmaster|ffinal|10|0.23248028755187988
haproxymaster|ffinal|10|0.24588656425476074
factsmaster|ffinal|10|0.2477245330810547
commonmaster|ffinal|10|0.36074352264404297
mariadbmaster|ffinal|10|0.5090434551239014
node_master|total_time|10|8.502304
node_master|loops|10|5
node_master|messages|10|116
memcachedsmaster|min_constraint|10|1
commonmaster|max_constraint|10|17
haproxyworker0|flocal|10|0.2740335464477539
factsworker0|flocal|10|0.2847416400909424
memcachedsworker0|flocal|10|0.2975294589996338
ovswitchworker0|flocal|10|0.2991797924041748
rabbitmqworker0|flocal|10|0.30010414123535156
commonworker0|flocal|10|0.34281468391418457
glanceworker0|flocal|10|0.32938122749328613
keystoneworker0|flocal|10|0.3717942237854004
mariadbworker0|flocal|10|0.5460460186004639
ovswitchworker0|flocal|10|0.24004125595092773
haproxyworker0|flocal|10|0.24950885772705078
memcachedsworker0|flocal|10|0.2656126022338867
factsworker0|flocal|10|0.2651376724243164
rabbitmqworker0|flocal|10|0.26886796951293945
commonworker0|flocal|10|0.33829426765441895
glanceworker0|flocal|10|0.3193986415863037
keystoneworker0|flocal|10|0.3385775089263916
mariadbworker0|flocal|10|0.7674703598022461
rabbitmqworker0|flocal|10|0.24627685546875
factsworker0|flocal|10|0.24803495407104492
ovswitchworker0|flocal|10|0.2635667324066162
memcachedsworker0|flocal|10|0.2704777717590332
haproxyworker0|flocal|10|0.2812919616699219
glanceworker0|flocal|10|0.3096122741699219
keystoneworker0|flocal|10|0.3255960941314697
commonworker0|flocal|10|0.344836950302124
mariadbworker0|flocal|10|1.7145400047302246
memcachedsworker0|ffinal|10|0.22471046447753906
haproxyworker0|ffinal|10|0.24578404426574707
rabbitmqworker0|ffinal|10|0.25415825843811035
ovswitchworker0|ffinal|10|0.26608872413635254
factsworker0|ffinal|10|0.26563477516174316
glanceworker0|ffinal|10|0.30420637130737305
commonworker0|ffinal|10|0.3520348072052002
keystoneworker0|ffinal|10|0.3797175884246826
mariadbworker0|ffinal|10|1.7303681373596191
node_worker0|total_time|10|8.515037
node_worker0|loops|10|2
node_worker0|messages|10|60
memcachedsworker0|min_constraint|10|1
mariadbworker0|max_constraint|10|25
neutronworker0|flocal|10|0.32929396629333496
neutronworker0|flocal|10|0.2507791519165039
neutronworker0|ffinal|10|0.24158930778503418
node_neutron0|total_time|10|6.190820
node_neutron0|loops|10|4
node_neutron0|messages|10|8
neutronworker0|min_constraint|10|5
neutronworker0|max_constraint|10|5
novaworker0|flocal|10|0.5140960216522217
novaworker0|flocal|10|0.44765400886535645
novaworker0|ffinal|10|0.4279458522796631
node_nova0|total_time|10|4.872240
node_nova0|loops|10|1
node_nova0|messages|10|5
novaworker0|min_constraint|10|5
novaworker0|max_constraint|10|5
ovswitchmaster|flocal|11|0.2591407299041748
rabbitmqmaster|flocal|11|0.2613091468811035
factsmaster|flocal|11|0.26206135749816895
memcachedsmaster|flocal|11|0.26500678062438965
haproxymaster|flocal|11|0.2670755386352539
commonmaster|flocal|11|0.32471156120300293
mariadbmaster|flocal|11|0.4495511054992676
rabbitmqmaster|flocal|11|0.22977733612060547
memcachedsmaster|flocal|11|0.23609375953674316
ovswitchmaster|flocal|11|0.23961997032165527
haproxymaster|flocal|11|0.24459171295166016
factsmaster|flocal|11|0.24818015098571777
commonmaster|flocal|11|0.2957794666290283
mariadbmaster|flocal|11|0.4129829406738281
memcachedsmaster|flocal|11|0.2304680347442627
haproxymaster|flocal|11|0.23188066482543945
rabbitmqmaster|flocal|11|0.23637890815734863
factsmaster|flocal|11|0.23653435707092285
ovswitchmaster|flocal|11|0.24699926376342773
commonmaster|flocal|11|0.3239614963531494
mariadbmaster|flocal|11|0.41046762466430664
haproxymaster|flocal|11|0.23621606826782227
memcachedsmaster|flocal|11|0.23879075050354004
factsmaster|flocal|11|0.2356569766998291
ovswitchmaster|flocal|11|0.27231502532958984
rabbitmqmaster|flocal|11|0.2604942321777344
commonmaster|flocal|11|0.31741905212402344
mariadbmaster|flocal|11|0.5095944404602051
haproxymaster|flocal|11|0.2323160171508789
rabbitmqmaster|flocal|11|0.23242545127868652
memcachedsmaster|flocal|11|0.23548412322998047
ovswitchmaster|flocal|11|0.24581098556518555
factsmaster|flocal|11|0.260744571685791
commonmaster|flocal|11|0.35841989517211914
mariadbmaster|flocal|11|0.5563323497772217
haproxymaster|ffinal|11|0.22373437881469727
rabbitmqmaster|ffinal|11|0.22974681854248047
memcachedsmaster|ffinal|11|0.2311384677886963
ovswitchmaster|ffinal|11|0.242692232131958
factsmaster|ffinal|11|0.24890661239624023
commonmaster|ffinal|11|0.3479747772216797
mariadbmaster|ffinal|11|0.5220370292663574
node_master|total_time|11|8.938396
node_master|loops|11|5
node_master|messages|11|116
memcachedsmaster|min_constraint|11|1
commonmaster|max_constraint|11|17
memcachedsworker0|flocal|11|0.30864787101745605
ovswitchworker0|flocal|11|0.3205139636993408
rabbitmqworker0|flocal|11|0.32645273208618164
factsworker0|flocal|11|0.32755327224731445
haproxyworker0|flocal|11|0.3325014114379883
keystoneworker0|flocal|11|0.3672754764556885
glanceworker0|flocal|11|0.3669164180755615
commonworker0|flocal|11|0.38201117515563965
mariadbworker0|flocal|11|0.5629215240478516
memcachedsworker0|flocal|11|0.2627756595611572
haproxyworker0|flocal|11|0.2727510929107666
rabbitmqworker0|flocal|11|0.27146363258361816
factsworker0|flocal|11|0.2900240421295166
ovswitchworker0|flocal|11|0.2970428466796875
keystoneworker0|flocal|11|0.31943845748901367
commonworker0|flocal|11|0.34873032569885254
glanceworker0|flocal|11|0.3506028652191162
mariadbworker0|flocal|11|0.5122113227844238
memcachedsworker0|flocal|11|0.24391889572143555
rabbitmqworker0|flocal|11|0.26156044006347656
ovswitchworker0|flocal|11|0.2708709239959717
factsworker0|flocal|11|0.2714366912841797
haproxyworker0|flocal|11|0.2945997714996338
glanceworker0|flocal|11|0.3149220943450928
commonworker0|flocal|11|0.33062744140625
keystoneworker0|flocal|11|0.3436429500579834
mariadbworker0|flocal|11|0.686018705368042
haproxyworker0|ffinal|11|0.26379871368408203
ovswitchworker0|ffinal|11|0.28008270263671875
rabbitmqworker0|ffinal|11|0.2868351936340332
factsworker0|ffinal|11|0.28382301330566406
memcachedsworker0|ffinal|11|0.3044397830963135
glanceworker0|ffinal|11|0.34500670433044434
commonworker0|ffinal|11|0.36934757232666016
keystoneworker0|ffinal|11|0.37914323806762695
mariadbworker0|ffinal|11|0.7274503707885742
node_worker0|total_time|11|7.094157
node_worker0|loops|11|3
node_worker0|messages|11|108
memcachedsworker0|min_constraint|11|1
mariadbworker0|max_constraint|11|16
neutronworker0|flocal|11|0.27865171432495117
neutronworker0|flocal|11|0.2494361400604248
neutronworker0|ffinal|11|0.24891996383666992
node_neutron0|total_time|11|5.888618
node_neutron0|loops|11|3
node_neutron0|messages|11|8
neutronworker0|min_constraint|11|5
neutronworker0|max_constraint|11|5
novaworker0|flocal|11|0.5302951335906982
novaworker0|flocal|11|0.4424729347229004
novaworker0|ffinal|11|0.46782684326171875
node_nova0|total_time|11|5.936531
node_nova0|loops|11|3
node_nova0|messages|11|10
novaworker0|min_constraint|11|5
novaworker0|max_constraint|11|5
factsmaster|flocal|12|0.2959258556365967
haproxymaster|flocal|12|0.30274534225463867
memcachedsmaster|flocal|12|0.30284738540649414
ovswitchmaster|flocal|12|0.31134653091430664
rabbitmqmaster|flocal|12|0.31162214279174805
commonmaster|flocal|12|0.3645789623260498
mariadbmaster|flocal|12|0.4842555522918701
rabbitmqmaster|flocal|12|0.24208784103393555
ovswitchmaster|flocal|12|0.2533986568450928
memcachedsmaster|flocal|12|0.2544102668762207
factsmaster|flocal|12|0.2539708614349365
haproxymaster|flocal|12|0.2641758918762207
commonmaster|flocal|12|0.2807142734527588
mariadbmaster|flocal|12|0.4481477737426758
ovswitchmaster|flocal|12|0.24938654899597168
haproxymaster|flocal|12|0.2597367763519287
memcachedsmaster|flocal|12|0.2606332302093506
factsmaster|flocal|12|0.26620984077453613
rabbitmqmaster|flocal|12|0.26810336112976074
commonmaster|flocal|12|0.37497448921203613
mariadbmaster|flocal|12|0.4490189552307129
rabbitmqmaster|flocal|12|0.2382640838623047
haproxymaster|flocal|12|0.2637522220611572
memcachedsmaster|flocal|12|0.26874756813049316
ovswitchmaster|flocal|12|0.25545215606689453
factsmaster|flocal|12|0.25959229469299316
commonmaster|flocal|12|0.3630514144897461
mariadbmaster|flocal|12|0.5827314853668213
haproxymaster|flocal|12|0.24940824508666992
memcachedsmaster|flocal|12|0.25135207176208496
rabbitmqmaster|flocal|12|0.25159311294555664
ovswitchmaster|flocal|12|0.2562727928161621
factsmaster|flocal|12|0.2632901668548584
commonmaster|flocal|12|0.37946105003356934
mariadbmaster|flocal|12|0.5735197067260742
ovswitchmaster|ffinal|12|0.24494695663452148
haproxymaster|ffinal|12|0.24930739402770996
factsmaster|ffinal|12|0.25716209411621094
memcachedsmaster|ffinal|12|0.25940537452697754
rabbitmqmaster|ffinal|12|0.2990303039550781
commonmaster|ffinal|12|0.42566609382629395
mariadbmaster|ffinal|12|0.5743424892425537
node_master|total_time|12|7.072509
node_master|loops|12|5
node_master|messages|12|84
memcachedsmaster|min_constraint|12|1
commonmaster|max_constraint|12|17
rabbitmqworker0|flocal|12|0.3080611228942871
ovswitchworker0|flocal|12|0.320601224899292
memcachedsworker0|flocal|12|0.3364436626434326
haproxyworker0|flocal|12|0.34018421173095703
factsworker0|flocal|12|0.3683032989501953
glanceworker0|flocal|12|0.37856435775756836
commonworker0|flocal|12|0.3867948055267334
keystoneworker0|flocal|12|0.4200315475463867
mariadbworker0|flocal|12|0.5934302806854248
haproxyworker0|flocal|12|0.2610747814178467
factsworker0|flocal|12|0.2820916175842285
rabbitmqworker0|flocal|12|0.29102325439453125
memcachedsworker0|flocal|12|0.29973936080932617
ovswitchworker0|flocal|12|0.30118823051452637
commonworker0|flocal|12|0.34519481658935547
glanceworker0|flocal|12|0.34269213676452637
keystoneworker0|flocal|12|0.35977792739868164
mariadbworker0|flocal|12|0.5820033550262451
ovswitchworker0|ffinal|12|0.25066709518432617
factsworker0|ffinal|12|0.25275516510009766
haproxyworker0|ffinal|12|0.259427547454834
rabbitmqworker0|ffinal|12|0.27295923233032227
memcachedsworker0|ffinal|12|0.29224538803100586
keystoneworker0|ffinal|12|0.32168054580688477
glanceworker0|ffinal|12|0.33875298500061035
commonworker0|ffinal|12|0.36458611488342285
mariadbworker0|ffinal|12|0.579864501953125
node_worker0|total_time|12|5.531872
node_worker0|loops|12|2
node_worker0|messages|12|60
memcachedsworker0|min_constraint|12|1
commonworker0|max_constraint|12|10
neutronworker0|flocal|12|0.36070966720581055
neutronworker0|ffinal|12|0.27553749084472656
node_neutron0|total_time|12|4.112093
node_neutron0|loops|12|3
node_neutron0|messages|12|4
neutronworker0|min_constraint|12|3
neutronworker0|max_constraint|12|3
novaworker0|flocal|12|0.5329947471618652
novaworker0|flocal|12|0.4445798397064209
novaworker0|ffinal|12|0.44487929344177246
node_nova0|total_time|12|3.663648
node_nova0|loops|12|2
node_nova0|messages|12|5
novaworker0|min_constraint|12|5
novaworker0|max_constraint|12|5
memcachedsmaster|flocal|13|0.27613401412963867
factsmaster|flocal|13|0.28173375129699707
rabbitmqmaster|flocal|13|0.2838292121887207
ovswitchmaster|flocal|13|0.296367883682251
haproxymaster|flocal|13|0.29844236373901367
commonmaster|flocal|13|0.3389010429382324
mariadbmaster|flocal|13|0.4611232280731201
haproxymaster|flocal|13|0.22902822494506836
ovswitchmaster|flocal|13|0.22922277450561523
factsmaster|flocal|13|0.23376965522766113
memcachedsmaster|flocal|13|0.24192523956298828
rabbitmqmaster|flocal|13|0.24480175971984863
commonmaster|flocal|13|0.28505539894104004
mariadbmaster|flocal|13|0.40767359733581543
haproxymaster|flocal|13|0.23514628410339355
rabbitmqmaster|flocal|13|0.23795652389526367
memcachedsmaster|flocal|13|0.24354171752929688
factsmaster|flocal|13|0.24367380142211914
ovswitchmaster|flocal|13|0.25244998931884766
commonmaster|flocal|13|0.3588254451751709
mariadbmaster|flocal|13|0.4193594455718994
haproxymaster|flocal|13|0.2411651611328125
memcachedsmaster|flocal|13|0.24646759033203125
rabbitmqmaster|flocal|13|0.23161053657531738
ovswitchmaster|flocal|13|0.2525942325592041
factsmaster|flocal|13|0.24087858200073242
commonmaster|flocal|13|0.3391289710998535
mariadbmaster|flocal|13|0.4185471534729004
rabbitmqmaster|flocal|13|0.3256869316101074
memcachedsmaster|flocal|13|0.3322162628173828
haproxymaster|flocal|13|0.33954811096191406
ovswitchmaster|flocal|13|0.3443260192871094
factsmaster|flocal|13|0.34804272651672363
commonmaster|flocal|13|0.44387149810791016
mariadbmaster|flocal|13|0.6616306304931641
memcachedsmaster|ffinal|13|0.22536993026733398
ovswitchmaster|ffinal|13|0.23007702827453613
rabbitmqmaster|ffinal|13|0.23018312454223633
factsmaster|ffinal|13|0.24660968780517578
haproxymaster|ffinal|13|0.26439785957336426
commonmaster|ffinal|13|0.33404016494750977
mariadbmaster|ffinal|13|0.552480936050415
node_master|total_time|13|7.746804
node_master|loops|13|5
node_master|messages|13|114
memcachedsmaster|min_constraint|13|1
factsmaster|max_constraint|13|13
rabbitmqworker0|flocal|13|0.27566051483154297
ovswitchworker0|flocal|13|0.2926943302154541
haproxyworker0|flocal|13|0.3002173900604248
factsworker0|flocal|13|0.2953817844390869
memcachedsworker0|flocal|13|0.34146857261657715
keystoneworker0|flocal|13|0.3499770164489746
glanceworker0|flocal|13|0.3533310890197754
commonworker0|flocal|13|0.37735438346862793
mariadbworker0|flocal|13|0.5388481616973877
rabbitmqworker0|flocal|13|0.3076343536376953
haproxyworker0|flocal|13|0.3148231506347656
ovswitchworker0|flocal|13|0.32761073112487793
memcachedsworker0|flocal|13|0.3347048759460449
factsworker0|flocal|13|0.33508920669555664
glanceworker0|flocal|13|0.37196803092956543
keystoneworker0|flocal|13|0.41454648971557617
commonworker0|flocal|13|0.4388134479522705
mariadbworker0|flocal|13|0.6521682739257812
haproxyworker0|ffinal|13|0.24829411506652832
memcachedsworker0|ffinal|13|0.24763226509094238
factsworker0|ffinal|13|0.23725533485412598
ovswitchworker0|ffinal|13|0.24579596519470215
rabbitmqworker0|ffinal|13|0.2521941661834717
glanceworker0|ffinal|13|0.3017585277557373
keystoneworker0|ffinal|13|0.33815741539001465
commonworker0|ffinal|13|0.36695265769958496
mariadbworker0|ffinal|13|0.5725479125976562
node_worker0|total_time|13|4.882724
node_worker0|loops|13|1
node_worker0|messages|13|60
memcachedsworker0|min_constraint|13|1
commonworker0|max_constraint|13|10
neutronworker0|flocal|13|0.5464513301849365
neutronworker0|ffinal|13|0.2732207775115967
node_neutron0|total_time|13|5.197224
node_neutron0|loops|13|2
node_neutron0|messages|13|4
neutronworker0|min_constraint|13|3
neutronworker0|max_constraint|13|3
novaworker0|flocal|13|0.5234549045562744
novaworker0|ffinal|13|0.4372086524963379
node_nova0|total_time|13|4.915600
node_nova0|loops|13|3
node_nova0|messages|13|5
novaworker0|min_constraint|13|3
novaworker0|max_constraint|13|3
rabbitmqmaster|flocal|14|0.2704734802246094
haproxymaster|flocal|14|0.2731964588165283
ovswitchmaster|flocal|14|0.27855563163757324
factsmaster|flocal|14|0.29184484481811523
memcachedsmaster|flocal|14|0.30316996574401855
commonmaster|flocal|14|0.3274424076080322
mariadbmaster|flocal|14|0.4438905715942383
ovswitchmaster|flocal|14|0.2736644744873047
memcachedsmaster|flocal|14|0.2752952575683594
rabbitmqmaster|flocal|14|0.2886683940887451
haproxymaster|flocal|14|0.3160252571105957
factsmaster|flocal|14|0.3373382091522217
commonmaster|flocal|14|0.352222204208374
mariadbmaster|flocal|14|0.5386335849761963
rabbitmqmaster|flocal|14|0.22052955627441406
memcachedsmaster|flocal|14|0.2239389419555664
factsmaster|flocal|14|0.23577618598937988
haproxymaster|flocal|14|0.24141860008239746
ovswitchmaster|flocal|14|0.24399209022521973
commonmaster|flocal|14|0.32219791412353516
mariadbmaster|flocal|14|0.5077483654022217
memcachedsmaster|flocal|14|0.24095368385314941
ovswitchmaster|flocal|14|0.23345136642456055
rabbitmqmaster|flocal|14|0.23431897163391113
haproxymaster|flocal|14|0.25184035301208496
factsmaster|flocal|14|0.25618839263916016
commonmaster|flocal|14|0.35761451721191406
mariadbmaster|flocal|14|0.5300695896148682
ovswitchmaster|flocal|14|0.2317347526550293
memcachedsmaster|flocal|14|0.2405872344970703
haproxymaster|flocal|14|0.24915766716003418
rabbitmqmaster|flocal|14|0.24347877502441406
factsmaster|flocal|14|0.2494802474975586
commonmaster|flocal|14|0.3501400947570801
mariadbmaster|flocal|14|0.4984753131866455
rabbitmqmaster|ffinal|14|0.2328779697418213
ovswitchmaster|ffinal|14|0.234055757522583
memcachedsmaster|ffinal|14|0.24707436561584473
factsmaster|ffinal|14|0.25343990325927734
haproxymaster|ffinal|14|0.25689220428466797
commonmaster|ffinal|14|0.35901856422424316
mariadbmaster|ffinal|14|0.5201451778411865
node_master|total_time|14|9.738828
node_master|loops|14|5
node_master|messages|14|118
memcachedsmaster|min_constraint|14|1
commonmaster|max_constraint|14|17
ovswitchworker0|flocal|14|0.27577638626098633
rabbitmqworker0|flocal|14|0.28557801246643066
factsworker0|flocal|14|0.29364681243896484
haproxyworker0|flocal|14|0.2983071804046631
memcachedsworker0|flocal|14|0.3008284568786621
commonworker0|flocal|14|0.3400545120239258
keystoneworker0|flocal|14|0.334392786026001
glanceworker0|flocal|14|0.3507077693939209
mariadbworker0|flocal|14|0.5246996879577637
memcachedsworker0|flocal|14|0.23343563079833984
ovswitchworker0|flocal|14|0.2411487102508545
rabbitmqworker0|flocal|14|0.2743527889251709
factsworker0|flocal|14|0.26299047470092773
haproxyworker0|flocal|14|0.2801816463470459
glanceworker0|flocal|14|0.3144035339355469
keystoneworker0|flocal|14|0.32767796516418457
commonworker0|flocal|14|0.35549449920654297
mariadbworker0|flocal|14|0.7125778198242188
memcachedsworker0|flocal|14|0.24190378189086914
ovswitchworker0|flocal|14|0.24777650833129883
haproxyworker0|flocal|14|0.25496459007263184
rabbitmqworker0|flocal|14|0.265627384185791
factsworker0|flocal|14|0.26739048957824707
glanceworker0|flocal|14|0.3150906562805176
keystoneworker0|flocal|14|0.3297882080078125
commonworker0|flocal|14|0.36724233627319336
mariadbworker0|flocal|14|1.8677477836608887
ovswitchworker0|ffinal|14|0.2442159652709961
memcachedsworker0|ffinal|14|0.26755428314208984
rabbitmqworker0|ffinal|14|0.2766740322113037
haproxyworker0|ffinal|14|0.28814029693603516
factsworker0|ffinal|14|0.28691625595092773
glanceworker0|ffinal|14|0.3402125835418701
keystoneworker0|ffinal|14|0.3525106906890869
commonworker0|ffinal|14|0.41083574295043945
mariadbworker0|ffinal|14|1.8649003505706787
node_worker0|total_time|14|9.600454
node_worker0|loops|14|2
node_worker0|messages|14|60
memcachedsworker0|min_constraint|14|1
mariadbworker0|max_constraint|14|25
neutronworker0|flocal|14|0.3455162048339844
neutronworker0|flocal|14|0.46343159675598145
neutronworker0|ffinal|14|0.28035712242126465
node_neutron0|total_time|14|6.902865
node_neutron0|loops|14|4
node_neutron0|messages|14|8
neutronworker0|min_constraint|14|5
neutronworker0|max_constraint|14|5
novaworker0|flocal|14|0.49907970428466797
novaworker0|flocal|14|0.44600343704223633
novaworker0|ffinal|14|0.44694972038269043
node_nova0|total_time|14|6.033505
node_nova0|loops|14|3
node_nova0|messages|14|10
novaworker0|min_constraint|14|5
novaworker0|max_constraint|14|5
ovswitchmaster|flocal|1|0.619452714920044
factsmaster|flocal|1|0.6216566562652588
memcachedsmaster|flocal|1|0.6357579231262207
haproxymaster|flocal|1|0.6467366218566895
rabbitmqmaster|flocal|1|0.6518607139587402
commonmaster|flocal|1|0.6660468578338623
mariadbmaster|flocal|1|0.8056066036224365
haproxymaster|flocal|1|0.22603416442871094
factsmaster|flocal|1|0.2258915901184082
rabbitmqmaster|flocal|1|0.23763775825500488
ovswitchmaster|flocal|1|0.24381351470947266
memcachedsmaster|flocal|1|0.24785923957824707
commonmaster|flocal|1|0.29137349128723145
mariadbmaster|flocal|1|0.4602487087249756
haproxymaster|flocal|1|0.23574423789978027
ovswitchmaster|flocal|1|0.23635363578796387
factsmaster|flocal|1|0.23951172828674316
memcachedsmaster|flocal|1|0.24253249168395996
rabbitmqmaster|flocal|1|0.2841312885284424
commonmaster|flocal|1|0.3202555179595947
mariadbmaster|flocal|1|0.45357608795166016
haproxymaster|flocal|1|0.23715877532958984
rabbitmqmaster|flocal|1|0.22474408149719238
ovswitchmaster|flocal|1|0.24585819244384766
memcachedsmaster|flocal|1|0.25473976135253906
factsmaster|flocal|1|0.2568225860595703
commonmaster|flocal|1|0.3179192543029785
mariadbmaster|flocal|1|0.49862146377563477
ovswitchmaster|flocal|1|0.2283177375793457
haproxymaster|flocal|1|0.23319697380065918
memcachedsmaster|flocal|1|0.23789215087890625
rabbitmqmaster|flocal|1|0.2811086177825928
factsmaster|flocal|1|0.2880687713623047
commonmaster|flocal|1|0.35094165802001953
mariadbmaster|flocal|1|0.5094790458679199
rabbitmqmaster|ffinal|1|0.22820353507995605
haproxymaster|ffinal|1|0.23161077499389648
memcachedsmaster|ffinal|1|0.23387670516967773
ovswitchmaster|ffinal|1|0.24017047882080078
factsmaster|ffinal|1|0.24447894096374512
commonmaster|ffinal|1|0.347902774810791
mariadbmaster|ffinal|1|0.5121021270751953
node_master|total_time|1|8.313595
node_master|loops|1|5
node_master|messages|1|116
memcachedsmaster|min_constraint|1|1
commonmaster|max_constraint|1|17
ovswitchworker0|flocal|1|0.3137392997741699
rabbitmqworker0|flocal|1|0.32877206802368164
memcachedsworker0|flocal|1|0.3301522731781006
haproxyworker0|flocal|1|0.34079527854919434
factsworker0|flocal|1|0.34395909309387207
commonworker0|flocal|1|0.3800210952758789
keystoneworker0|flocal|1|0.39184021949768066
glanceworker0|flocal|1|0.3948371410369873
mariadbworker0|flocal|1|0.5928483009338379
haproxyworker0|flocal|1|0.24835896492004395
ovswitchworker0|flocal|1|0.2711763381958008
rabbitmqworker0|flocal|1|0.2711002826690674
factsworker0|flocal|1|0.2995779514312744
memcachedsworker0|flocal|1|0.306685209274292
commonworker0|flocal|1|0.33024144172668457
keystoneworker0|flocal|1|0.33480381965637207
glanceworker0|flocal|1|0.3355565071105957
mariadbworker0|flocal|1|0.504554271697998
memcachedsworker0|flocal|1|0.2496192455291748
ovswitchworker0|flocal|1|0.2604336738586426
factsworker0|flocal|1|0.2729003429412842
rabbitmqworker0|flocal|1|0.2821824550628662
haproxyworker0|flocal|1|0.29551005363464355
glanceworker0|flocal|1|0.3265876770019531
commonworker0|flocal|1|0.34043192863464355
keystoneworker0|flocal|1|0.3359825611114502
mariadbworker0|flocal|1|0.9268455505371094
ovswitchworker0|ffinal|1|0.37013912200927734
memcachedsworker0|ffinal|1|0.3711578845977783
rabbitmqworker0|ffinal|1|0.3784809112548828
haproxyworker0|ffinal|1|0.38340282440185547
factsworker0|ffinal|1|0.37817859649658203
keystoneworker0|ffinal|1|0.44185328483581543
commonworker0|ffinal|1|0.46337127685546875
glanceworker0|ffinal|1|0.4586198329925537
mariadbworker0|ffinal|1|1.0401411056518555
node_worker0|total_time|1|7.196191
node_worker0|loops|1|3
node_worker0|messages|1|92
memcachedsworker0|min_constraint|1|1
mariadbworker0|max_constraint|1|21
neutronworker0|flocal|1|0.32335686683654785
neutronworker0|flocal|1|0.2402019500732422
neutronworker0|ffinal|1|0.24564194679260254
node_neutron0|total_time|1|4.990750
node_neutron0|loops|1|2
node_neutron0|messages|1|4
neutronworker0|min_constraint|1|5
neutronworker0|max_constraint|1|5
novaworker0|flocal|1|0.5411427021026611
novaworker0|flocal|1|0.4363548755645752
novaworker0|ffinal|1|0.5098550319671631
node_nova0|total_time|1|5.639487
node_nova0|loops|1|2
node_nova0|messages|1|10
novaworker0|min_constraint|1|5
novaworker0|max_constraint|1|5
memcachedsmaster|flocal|2|0.2621583938598633
haproxymaster|flocal|2|0.2696571350097656
rabbitmqmaster|flocal|2|0.27197742462158203
factsmaster|flocal|2|0.2697865962982178
ovswitchmaster|flocal|2|0.27648043632507324
commonmaster|flocal|2|0.30877041816711426
mariadbmaster|flocal|2|0.4512336254119873
haproxymaster|flocal|2|0.21748566627502441
memcachedsmaster|flocal|2|0.22353243827819824
rabbitmqmaster|flocal|2|0.23313164710998535
ovswitchmaster|flocal|2|0.23902559280395508
factsmaster|flocal|2|0.24254655838012695
commonmaster|flocal|2|0.28652024269104004
mariadbmaster|flocal|2|0.41791701316833496
haproxymaster|flocal|2|0.23040366172790527
rabbitmqmaster|flocal|2|0.2348928451538086
factsmaster|flocal|2|0.23565077781677246
memcachedsmaster|flocal|2|0.240708589553833
ovswitchmaster|flocal|2|0.27217769622802734
commonmaster|flocal|2|0.3397078514099121
mariadbmaster|flocal|2|0.584052324295044
memcachedsmaster|flocal|2|0.2197415828704834
rabbitmqmaster|flocal|2|0.23659539222717285
factsmaster|flocal|2|0.23786211013793945
ovswitchmaster|flocal|2|0.24724102020263672
haproxymaster|flocal|2|0.2625765800476074
commonmaster|flocal|2|0.3484921455383301
mariadbmaster|flocal|2|0.5722744464874268
ovswitchmaster|flocal|2|0.2343430519104004
rabbitmqmaster|flocal|2|0.2417004108428955
factsmaster|flocal|2|0.24611783027648926
memcachedsmaster|flocal|2|0.24912261962890625
haproxymaster|flocal|2|0.26276302337646484
commonmaster|flocal|2|0.3544650077819824
mariadbmaster|flocal|2|0.565218448638916
rabbitmqmaster|ffinal|2|0.3912014961242676
haproxymaster|ffinal|2|0.39551258087158203
factsmaster|ffinal|2|0.39399242401123047
memcachedsmaster|ffinal|2|0.3967397212982178
ovswitchmaster|ffinal|2|0.39971327781677246
commonmaster|ffinal|2|0.4952816963195801
mariadbmaster|ffinal|2|0.7231018543243408
node_master|total_time|2|8.684460
node_master|loops|2|5
node_master|messages|2|86
memcachedsmaster|min_constraint|2|1
commonmaster|max_constraint|2|17
factsworker0|flocal|2|0.4242565631866455
memcachedsworker0|flocal|2|0.434345006942749
ovswitchworker0|flocal|2|0.43469882011413574
haproxyworker0|flocal|2|0.4371755123138428
rabbitmqworker0|flocal|2|0.44291114807128906
commonworker0|flocal|2|0.48515963554382324
keystoneworker0|flocal|2|0.490497350692749
glanceworker0|flocal|2|0.4992973804473877
mariadbworker0|flocal|2|0.6909196376800537
ovswitchworker0|flocal|2|0.25208568572998047
memcachedsworker0|flocal|2|0.2535245418548584
haproxyworker0|flocal|2|0.2725834846496582
factsworker0|flocal|2|0.27999019622802734
rabbitmqworker0|flocal|2|0.2869577407836914
glanceworker0|flocal|2|0.35011887550354004
keystoneworker0|flocal|2|0.370790958404541
commonworker0|flocal|2|0.40047287940979004
mariadbworker0|flocal|2|0.5110297203063965
ovswitchworker0|flocal|2|0.2522892951965332
memcachedsworker0|flocal|2|0.25316476821899414
rabbitmqworker0|flocal|2|0.2830326557159424
factsworker0|flocal|2|0.28620028495788574
haproxyworker0|flocal|2|0.29003357887268066
commonworker0|flocal|2|0.3339872360229492
glanceworker0|flocal|2|0.3259108066558838
keystoneworker0|flocal|2|0.3562510013580322
mariadbworker0|flocal|2|0.6396598815917969
haproxyworker0|flocal|2|0.2587571144104004
memcachedsworker0|flocal|2|0.26641321182250977
rabbitmqworker0|flocal|2|0.2675766944885254
ovswitchworker0|flocal|2|0.29480481147766113
factsworker0|flocal|2|0.322202205657959
glanceworker0|flocal|2|0.3303098678588867
keystoneworker0|flocal|2|0.34994935989379883
commonworker0|flocal|2|0.3873288631439209
mariadbworker0|flocal|2|0.7897272109985352
rabbitmqworker0|ffinal|2|0.24377679824829102
factsworker0|ffinal|2|0.2619805335998535
memcachedsworker0|ffinal|2|0.2764003276824951
haproxyworker0|ffinal|2|0.288470983505249
ovswitchworker0|ffinal|2|0.3137226104736328
keystoneworker0|ffinal|2|0.33573317527770996
glanceworker0|ffinal|2|0.36014318466186523
commonworker0|ffinal|2|0.3812394142150879
mariadbworker0|ffinal|2|0.7955713272094727
node_worker0|total_time|2|7.267711
node_worker0|loops|2|4
node_worker0|messages|2|148
memcachedsworker0|min_constraint|2|1
mariadbworker0|max_constraint|2|25
neutronworker0|flocal|2|0.2940690517425537
neutronworker0|flocal|2|0.2562732696533203
neutronworker0|flocal|2|0.517507791519165
neutronworker0|ffinal|2|0.24668264389038086
node_neutron0|total_time|2|5.225659
node_neutron0|loops|2|3
node_neutron0|messages|2|8
neutronworker0|min_constraint|2|5
neutronworker0|max_constraint|2|5
novaworker0|flocal|2|0.5381393432617188
novaworker0|flocal|2|0.4412953853607178
novaworker0|flocal|2|0.4418773651123047
novaworker0|ffinal|2|0.5528614521026611
node_nova0|total_time|2|4.842492
node_nova0|loops|2|2
node_nova0|messages|2|10
novaworker0|min_constraint|2|5
novaworker0|max_constraint|2|5
rabbitmqmaster|flocal|3|0.32628822326660156
ovswitchmaster|flocal|3|0.32706785202026367
memcachedsmaster|flocal|3|0.3275759220123291
factsmaster|flocal|3|0.3339955806732178
haproxymaster|flocal|3|0.34001898765563965
commonmaster|flocal|3|0.3726673126220703
mariadbmaster|flocal|3|0.5154643058776855
haproxymaster|flocal|3|0.2554798126220703
memcachedsmaster|flocal|3|0.255324125289917
factsmaster|flocal|3|0.2543799877166748
ovswitchmaster|flocal|3|0.26366543769836426
rabbitmqmaster|flocal|3|0.2729036808013916
commonmaster|flocal|3|0.3163292407989502
mariadbmaster|flocal|3|0.45589733123779297
haproxymaster|flocal|3|0.24430179595947266
rabbitmqmaster|flocal|3|0.24818873405456543
ovswitchmaster|flocal|3|0.24891948699951172
memcachedsmaster|flocal|3|0.254317045211792
factsmaster|flocal|3|0.25443553924560547
commonmaster|flocal|3|0.3208935260772705
mariadbmaster|flocal|3|0.4230184555053711
memcachedsmaster|flocal|3|0.254941463470459
ovswitchmaster|flocal|3|0.24094367027282715
rabbitmqmaster|flocal|3|0.25440335273742676
factsmaster|flocal|3|0.2608325481414795
haproxymaster|flocal|3|0.2778923511505127
commonmaster|flocal|3|0.34926605224609375
mariadbmaster|flocal|3|0.5899233818054199
memcachedsmaster|flocal|3|0.2382054328918457
ovswitchmaster|flocal|3|0.24024724960327148
haproxymaster|flocal|3|0.24915599822998047
rabbitmqmaster|flocal|3|0.2561612129211426
factsmaster|flocal|3|0.27036380767822266
commonmaster|flocal|3|0.3632934093475342
mariadbmaster|flocal|3|0.6004602909088135
ovswitchmaster|ffinal|3|0.24369072914123535
haproxymaster|ffinal|3|0.25250959396362305
factsmaster|ffinal|3|0.259601354598999
memcachedsmaster|ffinal|3|0.2744596004486084
rabbitmqmaster|ffinal|3|0.2750523090362549
commonmaster|ffinal|3|0.35436415672302246
mariadbmaster|ffinal|3|0.5963561534881592
node_master|total_time|3|8.009875
node_master|loops|3|5
node_master|messages|3|116
memcachedsmaster|min_constraint|3|1
commonmaster|max_constraint|3|17
memcachedsworker0|flocal|3|0.30828166007995605
ovswitchworker0|flocal|3|0.3091244697570801
haproxyworker0|flocal|3|0.32704997062683105
rabbitmqworker0|flocal|3|0.33806633949279785
factsworker0|flocal|3|0.33388495445251465
keystoneworker0|flocal|3|0.3539454936981201
glanceworker0|flocal|3|0.3607752323150635
commonworker0|flocal|3|0.3918275833129883
mariadbworker0|flocal|3|0.5755047798156738
memcachedsworker0|flocal|3|0.2393629550933838
haproxyworker0|flocal|3|0.25586628913879395
rabbitmqworker0|flocal|3|0.26606011390686035
ovswitchworker0|flocal|3|0.26808929443359375
factsworker0|flocal|3|0.27614641189575195
commonworker0|flocal|3|0.347332239151001
keystoneworker0|flocal|3|0.33908724784851074
glanceworker0|flocal|3|0.35723257064819336
mariadbworker0|flocal|3|0.5962014198303223
rabbitmqworker0|ffinal|3|0.23865199089050293
ovswitchworker0|ffinal|3|0.2569706439971924
memcachedsworker0|ffinal|3|0.2755167484283447
factsworker0|ffinal|3|0.2671809196472168
haproxyworker0|ffinal|3|0.2974064350128174
commonworker0|ffinal|3|0.32903456687927246
keystoneworker0|ffinal|3|0.31810665130615234
glanceworker0|ffinal|3|0.3316655158996582
mariadbworker0|ffinal|3|0.6179840564727783
node_worker0|total_time|3|5.707608
node_worker0|loops|3|2
node_worker0|messages|3|60
memcachedsworker0|min_constraint|3|1
commonworker0|max_constraint|3|10
neutronworker0|flocal|3|0.3318300247192383
neutronworker0|flocal|3|0.27674293518066406
neutronworker0|ffinal|3|0.281818151473999
node_neutron0|total_time|3|5.594584
node_neutron0|loops|3|4
node_neutron0|messages|3|8
neutronworker0|min_constraint|3|5
neutronworker0|max_constraint|3|5
novaworker0|flocal|3|0.49961185455322266
novaworker0|flocal|3|0.4382812976837158
novaworker0|ffinal|3|0.44767022132873535
node_nova0|total_time|3|5.404516
node_nova0|loops|3|3
node_nova0|messages|3|10
novaworker0|min_constraint|3|5
novaworker0|max_constraint|3|5
factsmaster|flocal|4|0.3109273910522461
rabbitmqmaster|flocal|4|0.3178393840789795
ovswitchmaster|flocal|4|0.3245213031768799
memcachedsmaster|flocal|4|0.3252084255218506
haproxymaster|flocal|4|0.32995009422302246
commonmaster|flocal|4|0.3662271499633789
mariadbmaster|flocal|4|0.49856114387512207
haproxymaster|flocal|4|0.26589012145996094
factsmaster|flocal|4|0.2646028995513916
memcachedsmaster|flocal|4|0.2691080570220947
rabbitmqmaster|flocal|4|0.27013182640075684
ovswitchmaster|flocal|4|0.29128384590148926
commonmaster|flocal|4|0.32013821601867676
mariadbmaster|flocal|4|0.4513223171234131
haproxymaster|flocal|4|0.24699020385742188
memcachedsmaster|flocal|4|0.2463669776916504
factsmaster|flocal|4|0.25759148597717285
ovswitchmaster|flocal|4|0.26058483123779297
rabbitmqmaster|flocal|4|0.2606489658355713
commonmaster|flocal|4|0.3488328456878662
mariadbmaster|flocal|4|0.43141627311706543
memcachedsmaster|flocal|4|0.25635671615600586
ovswitchmaster|flocal|4|0.25766730308532715
rabbitmqmaster|flocal|4|0.25739336013793945
factsmaster|flocal|4|0.26409482955932617
haproxymaster|flocal|4|0.281726598739624
commonmaster|flocal|4|0.3484499454498291
mariadbmaster|flocal|4|0.45224833488464355
rabbitmqmaster|flocal|4|0.24129486083984375
haproxymaster|flocal|4|0.25128841400146484
memcachedsmaster|flocal|4|0.2514224052429199
ovswitchmaster|flocal|4|0.2649571895599365
factsmaster|flocal|4|0.2967391014099121
commonmaster|flocal|4|0.3446030616760254
mariadbmaster|flocal|4|0.46350550651550293
memcachedsmaster|ffinal|4|0.24431967735290527
ovswitchmaster|ffinal|4|0.2455453872680664
rabbitmqmaster|ffinal|4|0.24558162689208984
factsmaster|ffinal|4|0.26414990425109863
haproxymaster|ffinal|4|0.26769137382507324
commonmaster|ffinal|4|0.3418104648590088
mariadbmaster|ffinal|4|0.4492645263671875
node_master|total_time|4|5.265625
node_master|loops|4|5
node_master|messages|4|82
memcachedsmaster|min_constraint|4|1
factsmaster|max_constraint|4|13
haproxyworker0|flocal|4|0.3007330894470215
ovswitchworker0|flocal|4|0.3115689754486084
rabbitmqworker0|flocal|4|0.3125901222229004
memcachedsworker0|flocal|4|0.3183784484863281
factsworker0|flocal|4|0.32948946952819824
keystoneworker0|flocal|4|0.32776689529418945
commonworker0|flocal|4|0.3465306758880615
glanceworker0|flocal|4|0.35413455963134766
mariadbworker0|flocal|4|0.537877082824707
ovswitchworker0|ffinal|4|0.23770809173583984
memcachedsworker0|ffinal|4|0.2446129322052002
factsworker0|ffinal|4|0.26508450508117676
rabbitmqworker0|ffinal|4|0.28362584114074707
commonworker0|ffinal|4|0.28839111328125
haproxyworker0|ffinal|4|0.2899463176727295
keystoneworker0|ffinal|4|0.2950267791748047
glanceworker0|ffinal|4|0.30548763275146484
mariadbworker0|ffinal|4|0.5219094753265381
node_worker0|total_time|4|2.558879
node_worker0|loops|4|0
node_worker0|messages|4|16
commonworker0|min_constraint|4|1
mariadbworker0|max_constraint|4|3
neutronworker0|ffinal|4|0.35319995880126953
node_neutron0|total_time|4|2.046489
node_neutron0|loops|4|1
node_neutron0|messages|4|0
neutronworker0|min_constraint|4|1
neutronworker0|max_constraint|4|1
novaworker0|ffinal|4|0.4530513286590576
node_nova0|total_time|4|1.672245
node_nova0|loops|4|1
node_nova0|messages|4|0
novaworker0|min_constraint|4|1
novaworker0|max_constraint|4|1
memcachedsmaster|flocal|5|0.3280527591705322
factsmaster|flocal|5|0.33544278144836426
haproxymaster|flocal|5|0.3418710231781006
ovswitchmaster|flocal|5|0.3521616458892822
rabbitmqmaster|flocal|5|0.35230207443237305
commonmaster|flocal|5|0.39011049270629883
mariadbmaster|flocal|5|0.5189082622528076
memcachedsmaster|flocal|5|0.24367785453796387
haproxymaster|flocal|5|0.24496960639953613
ovswitchmaster|flocal|5|0.257457971572876
rabbitmqmaster|flocal|5|0.2576003074645996
factsmaster|flocal|5|0.2580246925354004
commonmaster|flocal|5|0.3013770580291748
mariadbmaster|flocal|5|0.432222843170166
memcachedsmaster|flocal|5|0.24521374702453613
factsmaster|flocal|5|0.2556610107421875
rabbitmqmaster|flocal|5|0.2614622116088867
haproxymaster|flocal|5|0.26723194122314453
ovswitchmaster|flocal|5|0.2718391418457031
commonmaster|flocal|5|0.3392789363861084
mariadbmaster|flocal|5|0.43445324897766113
rabbitmqmaster|flocal|5|0.2420213222503662
haproxymaster|flocal|5|0.2489769458770752
memcachedsmaster|flocal|5|0.26476049423217773
ovswitchmaster|flocal|5|0.2662537097930908
factsmaster|flocal|5|0.280318021774292
commonmaster|flocal|5|0.35094308853149414
mariadbmaster|flocal|5|0.4332144260406494
rabbitmqmaster|flocal|5|0.2571735382080078
haproxymaster|flocal|5|0.2666921615600586
memcachedsmaster|flocal|5|0.2685670852661133
ovswitchmaster|flocal|5|0.27059149742126465
factsmaster|flocal|5|0.2752251625061035
commonmaster|flocal|5|0.3587362766265869
mariadbmaster|flocal|5|0.5868041515350342
memcachedsmaster|ffinal|5|0.2478196620941162
rabbitmqmaster|ffinal|5|0.25051093101501465
haproxymaster|ffinal|5|0.25745296478271484
ovswitchmaster|ffinal|5|0.26406168937683105
factsmaster|ffinal|5|0.2695505619049072
commonmaster|ffinal|5|0.34216904640197754
mariadbmaster|ffinal|5|0.5766613483428955
node_master|total_time|5|7.115933
node_master|loops|5|5
node_master|messages|5|114
memcachedsmaster|min_constraint|5|1
factsmaster|max_constraint|5|13
ovswitchworker0|flocal|5|0.3144416809082031
memcachedsworker0|flocal|5|0.32620859146118164
factsworker0|flocal|5|0.3266289234161377
haproxyworker0|flocal|5|0.32900047302246094
rabbitmqworker0|flocal|5|0.3357851505279541
glanceworker0|flocal|5|0.3541281223297119
commonworker0|flocal|5|0.3601653575897217
keystoneworker0|flocal|5|0.385972261428833
mariadbworker0|flocal|5|0.5722949504852295
ovswitchworker0|flocal|5|0.23761653900146484
haproxyworker0|flocal|5|0.25481104850769043
factsworker0|flocal|5|0.2638084888458252
memcachedsworker0|flocal|5|0.2868936061859131
rabbitmqworker0|flocal|5|0.3074660301208496
keystoneworker0|flocal|5|0.34351658821105957
commonworker0|flocal|5|0.3505735397338867
glanceworker0|flocal|5|0.33931469917297363
mariadbworker0|flocal|5|0.4850499629974365
ovswitchworker0|ffinal|5|0.25896263122558594
factsworker0|ffinal|5|0.25747203826904297
haproxyworker0|ffinal|5|0.2667238712310791
memcachedsworker0|ffinal|5|0.276700496673584
rabbitmqworker0|ffinal|5|0.30268192291259766
keystoneworker0|ffinal|5|0.3121144771575928
commonworker0|ffinal|5|0.3483262062072754
glanceworker0|ffinal|5|0.3638441562652588
mariadbworker0|ffinal|5|0.5236361026763916
node_worker0|total_time|5|5.241362
node_worker0|loops|5|2
node_worker0|messages|5|38
memcachedsworker0|min_constraint|5|1
commonworker0|max_constraint|5|10
neutronworker0|flocal|5|0.3283672332763672
neutronworker0|ffinal|5|0.26131319999694824
node_neutron0|total_time|5|3.957061
node_neutron0|loops|5|2
node_neutron0|messages|5|4
neutronworker0|min_constraint|5|3
neutronworker0|max_constraint|5|3
novaworker0|ffinal|5|0.44964098930358887
node_nova0|total_time|5|3.474640
node_nova0|loops|5|3
node_nova0|messages|5|0
novaworker0|min_constraint|5|1
novaworker0|max_constraint|5|1
memcachedsmaster|flocal|6|0.26215434074401855
ovswitchmaster|flocal|6|0.2669966220855713
haproxymaster|flocal|6|0.26872873306274414
rabbitmqmaster|flocal|6|0.2695803642272949
factsmaster|flocal|6|0.2704317569732666
commonmaster|flocal|6|0.3134617805480957
mariadbmaster|flocal|6|0.4456486701965332
ovswitchmaster|flocal|6|0.21617841720581055
memcachedsmaster|flocal|6|0.22085142135620117
haproxymaster|flocal|6|0.23868227005004883
rabbitmqmaster|flocal|6|0.23790359497070312
factsmaster|flocal|6|0.2416236400604248
commonmaster|flocal|6|0.2935459613800049
mariadbmaster|flocal|6|0.4191763401031494
ovswitchmaster|flocal|6|0.23315048217773438
haproxymaster|flocal|6|0.23534035682678223
memcachedsmaster|flocal|6|0.24509000778198242
rabbitmqmaster|flocal|6|0.2488877773284912
factsmaster|flocal|6|0.25064897537231445
commonmaster|flocal|6|0.3380117416381836
mariadbmaster|flocal|6|0.4237821102142334
memcachedsmaster|flocal|6|0.2356398105621338
ovswitchmaster|flocal|6|0.23511362075805664
haproxymaster|flocal|6|0.251631498336792
factsmaster|flocal|6|0.24330687522888184
rabbitmqmaster|flocal|6|0.2906825542449951
commonmaster|flocal|6|0.3697171211242676
mariadbmaster|flocal|6|0.5072934627532959
memcachedsmaster|flocal|6|0.22649574279785156
haproxymaster|flocal|6|0.22701668739318848
rabbitmqmaster|flocal|6|0.23287725448608398
ovswitchmaster|flocal|6|0.2364513874053955
factsmaster|flocal|6|0.2416079044342041
commonmaster|flocal|6|0.3559126853942871
mariadbmaster|flocal|6|0.4972996711730957
rabbitmqmaster|ffinal|6|0.21907448768615723
ovswitchmaster|ffinal|6|0.23328852653503418
memcachedsmaster|ffinal|6|0.24171733856201172
factsmaster|ffinal|6|0.24394536018371582
haproxymaster|ffinal|6|0.24880051612854004
commonmaster|ffinal|6|0.35735654830932617
mariadbmaster|ffinal|6|0.5090546607971191
node_master|total_time|6|8.916697
node_master|loops|6|5
node_master|messages|6|116
memcachedsmaster|min_constraint|6|1
commonmaster|max_constraint|6|17
memcachedsworker0|flocal|6|0.2723543643951416
haproxyworker0|flocal|6|0.27906155586242676
factsworker0|flocal|6|0.28345632553100586
rabbitmqworker0|flocal|6|0.2856616973876953
ovswitchworker0|flocal|6|0.30036401748657227
keystoneworker0|flocal|6|0.340839147567749
commonworker0|flocal|6|0.3541581630706787
glanceworker0|flocal|6|0.38100099563598633
mariadbworker0|flocal|6|0.5254316329956055
memcachedsworker0|flocal|6|0.23113751411437988
factsworker0|flocal|6|0.26245975494384766
rabbitmqworker0|flocal|6|0.27443742752075195
haproxyworker0|flocal|6|0.28250980377197266
ovswitchworker0|flocal|6|0.30180978775024414
commonworker0|flocal|6|0.31728672981262207
glanceworker0|flocal|6|0.36654114723205566
keystoneworker0|flocal|6|0.37718844413757324
mariadbworker0|flocal|6|0.8821821212768555
ovswitchworker0|flocal|6|0.25010037422180176
memcachedsworker0|flocal|6|0.27579593658447266
rabbitmqworker0|flocal|6|0.2734403610229492
factsworker0|flocal|6|0.2704596519470215
haproxyworker0|flocal|6|0.3074951171875
keystoneworker0|flocal|6|0.3264734745025635
glanceworker0|flocal|6|0.3280754089355469
commonworker0|flocal|6|0.39778661727905273
mariadbworker0|flocal|6|2.1810126304626465
memcachedsworker0|ffinal|6|0.22433781623840332
haproxyworker0|ffinal|6|0.22592735290527344
ovswitchworker0|ffinal|6|0.2496356964111328
factsworker0|ffinal|6|0.2578873634338379
rabbitmqworker0|ffinal|6|0.28307318687438965
glanceworker0|ffinal|6|0.3032231330871582
keystoneworker0|ffinal|6|0.3432631492614746
commonworker0|ffinal|6|0.3665640354156494
mariadbworker0|ffinal|6|2.0984318256378174
node_worker0|total_time|6|10.151496
node_worker0|loops|6|2
node_worker0|messages|6|60
memcachedsworker0|min_constraint|6|1
mariadbworker0|max_constraint|6|25
neutronworker0|flocal|6|0.26879262924194336
neutronworker0|flocal|6|0.3808891773223877
neutronworker0|ffinal|6|0.25069355964660645
node_neutron0|total_time|6|5.984909
node_neutron0|loops|6|5
node_neutron0|messages|6|8
neutronworker0|min_constraint|6|5
neutronworker0|max_constraint|6|5
novaworker0|flocal|6|0.5226418972015381
novaworker0|flocal|6|0.4535238742828369
novaworker0|ffinal|6|0.4454176425933838
node_nova0|total_time|6|5.744490
node_nova0|loops|6|4
node_nova0|messages|6|10
novaworker0|min_constraint|6|5
novaworker0|max_constraint|6|5
haproxymaster|flocal|7|0.2660796642303467
factsmaster|flocal|7|0.2713298797607422
rabbitmqmaster|flocal|7|0.27704882621765137
memcachedsmaster|flocal|7|0.27778172492980957
ovswitchmaster|flocal|7|0.2851541042327881
commonmaster|flocal|7|0.32602477073669434
mariadbmaster|flocal|7|0.4598100185394287
memcachedsmaster|flocal|7|0.22900867462158203
factsmaster|flocal|7|0.22899365425109863
haproxymaster|flocal|7|0.24162650108337402
ovswitchmaster|flocal|7|0.2492973804473877
rabbitmqmaster|flocal|7|0.24936962127685547
commonmaster|flocal|7|0.2975585460662842
mariadbmaster|flocal|7|0.4261512756347656
memcachedsmaster|flocal|7|0.2489469051361084
ovswitchmaster|flocal|7|0.26107239723205566
rabbitmqmaster|flocal|7|0.26159071922302246
factsmaster|flocal|7|0.27487850189208984
haproxymaster|flocal|7|0.28446364402770996
commonmaster|flocal|7|0.34548234939575195
mariadbmaster|flocal|7|0.43862199783325195
memcachedsmaster|flocal|7|0.2340996265411377
ovswitchmaster|flocal|7|0.2600059509277344
rabbitmqmaster|flocal|7|0.27790141105651855
factsmaster|flocal|7|0.27494144439697266
haproxymaster|flocal|7|0.28401780128479004
commonmaster|flocal|7|0.34625720977783203
mariadbmaster|flocal|7|0.5566732883453369
memcachedsmaster|flocal|7|0.23971867561340332
haproxymaster|flocal|7|0.2528858184814453
rabbitmqmaster|flocal|7|0.252025842666626
factsmaster|flocal|7|0.2683577537536621
ovswitchmaster|flocal|7|0.29929399490356445
commonmaster|flocal|7|0.4008312225341797
mariadbmaster|flocal|7|0.5393307209014893
ovswitchmaster|ffinal|7|0.24311327934265137
rabbitmqmaster|ffinal|7|0.24312901496887207
memcachedsmaster|ffinal|7|0.24907326698303223
factsmaster|ffinal|7|0.24835801124572754
haproxymaster|ffinal|7|0.25089049339294434
commonmaster|ffinal|7|0.3629779815673828
mariadbmaster|ffinal|7|0.5438365936279297
node_master|total_time|7|9.951771
node_master|loops|7|5
node_master|messages|7|84
memcachedsmaster|min_constraint|7|1
commonmaster|max_constraint|7|17
factsworker0|flocal|7|0.329988956451416
ovswitchworker0|flocal|7|0.3512554168701172
rabbitmqworker0|flocal|7|0.3513960838317871
memcachedsworker0|flocal|7|0.35799121856689453
keystoneworker0|flocal|7|0.38463282585144043
haproxyworker0|flocal|7|0.39269471168518066
commonworker0|flocal|7|0.4020876884460449
glanceworker0|flocal|7|0.43810462951660156
mariadbworker0|flocal|7|0.5906991958618164
haproxyworker0|flocal|7|0.26043701171875
rabbitmqworker0|flocal|7|0.2811622619628906
ovswitchworker0|flocal|7|0.28169679641723633
factsworker0|flocal|7|0.2904689311981201
memcachedsworker0|flocal|7|0.2926599979400635
glanceworker0|flocal|7|0.34079813957214355
keystoneworker0|flocal|7|0.367232084274292
commonworker0|flocal|7|0.38816118240356445
mariadbworker0|flocal|7|0.49875307083129883
rabbitmqworker0|flocal|7|0.2527787685394287
memcachedsworker0|flocal|7|0.25452423095703125
ovswitchworker0|flocal|7|0.2735311985015869
factsworker0|flocal|7|0.28060460090637207
haproxyworker0|flocal|7|0.33998680114746094
commonworker0|flocal|7|0.36200976371765137
keystoneworker0|flocal|7|0.35843658447265625
glanceworker0|flocal|7|0.3765137195587158
mariadbworker0|flocal|7|0.9827640056610107
rabbitmqworker0|ffinal|7|0.27678799629211426
factsworker0|ffinal|7|0.2823801040649414
ovswitchworker0|ffinal|7|0.28456830978393555
memcachedsworker0|ffinal|7|0.28871965408325195
haproxyworker0|ffinal|7|0.2959299087524414
glanceworker0|ffinal|7|0.3343982696533203
keystoneworker0|ffinal|7|0.35205841064453125
commonworker0|ffinal|7|0.37288856506347656
mariadbworker0|ffinal|7|0.9897019863128662
node_worker0|total_time|7|7.504612
node_worker0|loops|7|4
node_worker0|messages|7|108
memcachedsworker0|min_constraint|7|1
mariadbworker0|max_constraint|7|21
neutronworker0|flocal|7|0.4088020324707031
neutronworker0|flocal|7|0.276766300201416
neutronworker0|ffinal|7|0.25939297676086426
node_neutron0|total_time|7|7.851298
node_neutron0|loops|7|5
node_neutron0|messages|7|8
neutronworker0|min_constraint|7|5
neutronworker0|max_constraint|7|5
novaworker0|flocal|7|0.7222213745117188
novaworker0|ffinal|7|0.44242143630981445
node_nova0|total_time|7|7.131370
node_nova0|loops|7|5
node_nova0|messages|7|5
novaworker0|min_constraint|7|5
novaworker0|max_constraint|7|5
haproxymaster|flocal|8|0.336078405380249
memcachedsmaster|flocal|8|0.33942222595214844
rabbitmqmaster|flocal|8|0.3439507484436035
factsmaster|flocal|8|0.3473060131072998
ovswitchmaster|flocal|8|0.3503608703613281
commonmaster|flocal|8|0.39762187004089355
mariadbmaster|flocal|8|0.5073361396789551
haproxymaster|flocal|8|0.22616195678710938
memcachedsmaster|flocal|8|0.2303316593170166
rabbitmqmaster|flocal|8|0.2435002326965332
factsmaster|flocal|8|0.24037790298461914
ovswitchmaster|flocal|8|0.24635624885559082
commonmaster|flocal|8|0.2786397933959961
mariadbmaster|flocal|8|0.4086003303527832
memcachedsmaster|flocal|8|0.21528100967407227
haproxymaster|flocal|8|0.2321617603302002
rabbitmqmaster|flocal|8|0.23122024536132812
ovswitchmaster|flocal|8|0.24808883666992188
factsmaster|flocal|8|0.26325297355651855
commonmaster|flocal|8|0.3531382083892822
mariadbmaster|flocal|8|0.48963069915771484
memcachedsmaster|flocal|8|0.23885202407836914
haproxymaster|flocal|8|0.24029994010925293
factsmaster|flocal|8|0.23943090438842773
rabbitmqmaster|flocal|8|0.2643091678619385
ovswitchmaster|flocal|8|0.2690117359161377
commonmaster|flocal|8|0.35813093185424805
mariadbmaster|flocal|8|0.5565826892852783
memcachedsmaster|flocal|8|0.2188122272491455
ovswitchmaster|flocal|8|0.22886037826538086
factsmaster|flocal|8|0.2396993637084961
rabbitmqmaster|flocal|8|0.24502825736999512
haproxymaster|flocal|8|0.24869585037231445
commonmaster|flocal|8|0.3655693531036377
mariadbmaster|flocal|8|0.5669527053833008
memcachedsmaster|ffinal|8|0.2136385440826416
haproxymaster|ffinal|8|0.23822450637817383
factsmaster|ffinal|8|0.23548150062561035
ovswitchmaster|ffinal|8|0.24263858795166016
rabbitmqmaster|ffinal|8|0.24323391914367676
commonmaster|ffinal|8|0.35117149353027344
mariadbmaster|ffinal|8|0.5782520771026611
node_master|total_time|8|9.965646
node_master|loops|8|5
node_master|messages|8|118
memcachedsmaster|min_constraint|8|1
commonmaster|max_constraint|8|17
memcachedsworker0|flocal|8|0.31244516372680664
ovswitchworker0|flocal|8|0.312302827835083
factsworker0|flocal|8|0.3261070251464844
rabbitmqworker0|flocal|8|0.34279680252075195
haproxyworker0|flocal|8|0.3444850444793701
commonworker0|flocal|8|0.373124361038208
keystoneworker0|flocal|8|0.36397266387939453
glanceworker0|flocal|8|0.37624239921569824
mariadbworker0|flocal|8|0.566002368927002
memcachedsworker0|flocal|8|0.2517848014831543
factsworker0|flocal|8|0.2480623722076416
ovswitchworker0|flocal|8|0.2966945171356201
rabbitmqworker0|flocal|8|0.30123043060302734
haproxyworker0|flocal|8|0.30805039405822754
keystoneworker0|flocal|8|0.31731557846069336
commonworker0|flocal|8|0.353468656539917
glanceworker0|flocal|8|0.34035611152648926
mariadbworker0|flocal|8|0.6010417938232422
ovswitchworker0|flocal|8|0.2525138854980469
memcachedsworker0|flocal|8|0.27811193466186523
factsworker0|flocal|8|0.2812509536743164
rabbitmqworker0|flocal|8|0.322615385055542
haproxyworker0|flocal|8|0.32539868354797363
glanceworker0|flocal|8|0.3285670280456543
keystoneworker0|flocal|8|0.349698543548584
commonworker0|flocal|8|0.38415002822875977
mariadbworker0|flocal|8|1.2227485179901123
memcachedsworker0|ffinal|8|0.25256800651550293
ovswitchworker0|ffinal|8|0.25318074226379395
factsworker0|ffinal|8|0.26257920265197754
rabbitmqworker0|ffinal|8|0.26503610610961914
haproxyworker0|ffinal|8|0.27811670303344727
glanceworker0|ffinal|8|0.3302803039550781
keystoneworker0|ffinal|8|0.3529372215270996
commonworker0|ffinal|8|0.4006357192993164
mariadbworker0|ffinal|8|1.284759521484375
node_worker0|total_time|8|8.357982
node_worker0|loops|8|4
node_worker0|messages|8|60
memcachedsworker0|min_constraint|8|1
mariadbworker0|max_constraint|8|25
neutronworker0|flocal|8|0.36751770973205566
neutronworker0|flocal|8|0.27398157119750977
neutronworker0|ffinal|8|0.275897741317749
node_neutron0|total_time|8|7.689864
node_neutron0|loops|8|5
node_neutron0|messages|8|8
neutronworker0|min_constraint|8|5
neutronworker0|max_constraint|8|5
novaworker0|flocal|8|0.5414166450500488
novaworker0|flocal|8|0.4445517063140869
novaworker0|ffinal|8|0.4533064365386963
node_nova0|total_time|8|7.528811
node_nova0|loops|8|4
node_nova0|messages|8|10
novaworker0|min_constraint|8|5
novaworker0|max_constraint|8|5
ovswitchmaster|flocal|9|0.26470136642456055
rabbitmqmaster|flocal|9|0.26770472526550293
memcachedsmaster|flocal|9|0.2702372074127197
factsmaster|flocal|9|0.2978363037109375
haproxymaster|flocal|9|0.3006627559661865
commonmaster|flocal|9|0.31844401359558105
mariadbmaster|flocal|9|0.44058728218078613
haproxymaster|flocal|9|0.21922802925109863
memcachedsmaster|flocal|9|0.2253589630126953
ovswitchmaster|flocal|9|0.22946882247924805
rabbitmqmaster|flocal|9|0.2380821704864502
factsmaster|flocal|9|0.25481414794921875
commonmaster|flocal|9|0.3050096035003662
mariadbmaster|flocal|9|0.4220240116119385
rabbitmqmaster|flocal|9|0.22983431816101074
ovswitchmaster|flocal|9|0.23690319061279297
memcachedsmaster|flocal|9|0.24512434005737305
factsmaster|flocal|9|0.2512342929840088
haproxymaster|flocal|9|0.2575047016143799
commonmaster|flocal|9|0.3488132953643799
mariadbmaster|flocal|9|0.42945265769958496
haproxymaster|flocal|9|0.25077128410339355
factsmaster|flocal|9|0.24692630767822266
rabbitmqmaster|flocal|9|0.248060941696167
memcachedsmaster|flocal|9|0.29324960708618164
ovswitchmaster|flocal|9|0.2825767993927002
commonmaster|flocal|9|0.34833598136901855
mariadbmaster|flocal|9|0.5649497509002686
ovswitchmaster|flocal|9|0.22309041023254395
memcachedsmaster|flocal|9|0.23487567901611328
rabbitmqmaster|flocal|9|0.2350320816040039
haproxymaster|flocal|9|0.2369534969329834
factsmaster|flocal|9|0.24622535705566406
commonmaster|flocal|9|0.4069828987121582
mariadbmaster|flocal|9|0.605823278427124
rabbitmqmaster|ffinal|9|0.2216639518737793
ovswitchmaster|ffinal|9|0.23937320709228516
factsmaster|ffinal|9|0.2471790313720703
memcachedsmaster|ffinal|9|0.25488853454589844
haproxymaster|ffinal|9|0.28206682205200195
commonmaster|ffinal|9|0.34264707565307617
mariadbmaster|ffinal|9|0.570772647857666
node_master|total_time|9|8.530292
node_master|loops|9|5
node_master|messages|9|116
memcachedsmaster|min_constraint|9|1
commonmaster|max_constraint|9|17
rabbitmqworker0|flocal|9|0.2987384796142578
factsworker0|flocal|9|0.2995314598083496
ovswitchworker0|flocal|9|0.31928300857543945
memcachedsworker0|flocal|9|0.33295178413391113
haproxyworker0|flocal|9|0.3355095386505127
glanceworker0|flocal|9|0.3622589111328125
commonworker0|flocal|9|0.3840196132659912
keystoneworker0|flocal|9|0.3665454387664795
mariadbworker0|flocal|9|0.5548067092895508
haproxyworker0|flocal|9|0.2336585521697998
memcachedsworker0|flocal|9|0.23630595207214355
rabbitmqworker0|flocal|9|0.24091148376464844
factsworker0|flocal|9|0.25901079177856445
ovswitchworker0|flocal|9|0.27568960189819336
keystoneworker0|flocal|9|0.30444788932800293
glanceworker0|flocal|9|0.3148460388183594
commonworker0|flocal|9|0.3469583988189697
mariadbworker0|flocal|9|0.5161771774291992
memcachedsworker0|flocal|9|0.23799490928649902
ovswitchworker0|flocal|9|0.2360386848449707
rabbitmqworker0|flocal|9|0.24188613891601562
haproxyworker0|flocal|9|0.26129913330078125
factsworker0|flocal|9|0.2567768096923828
glanceworker0|flocal|9|0.3030369281768799
keystoneworker0|flocal|9|0.32061266899108887
commonworker0|flocal|9|0.34917759895324707
mariadbworker0|flocal|9|0.8007638454437256
ovswitchworker0|flocal|9|0.23599600791931152
factsworker0|flocal|9|0.24892115592956543
rabbitmqworker0|flocal|9|0.25614142417907715
memcachedsworker0|flocal|9|0.2576258182525635
haproxyworker0|flocal|9|0.26096200942993164
commonworker0|flocal|9|0.33715248107910156
keystoneworker0|flocal|9|0.33507227897644043
glanceworker0|flocal|9|0.3430962562561035
mariadbworker0|flocal|9|1.500105381011963
ovswitchworker0|ffinal|9|0.23009681701660156
rabbitmqworker0|ffinal|9|0.25106382369995117
memcachedsworker0|ffinal|9|0.2663273811340332
haproxyworker0|ffinal|9|0.28282594680786133
factsworker0|ffinal|9|0.29659128189086914
glanceworker0|ffinal|9|0.31249523162841797
keystoneworker0|ffinal|9|0.3307323455810547
commonworker0|ffinal|9|0.37511277198791504
mariadbworker0|ffinal|9|1.4830069541931152
node_worker0|total_time|9|7.620887
node_worker0|loops|9|3
node_worker0|messages|9|108
memcachedsworker0|min_constraint|9|1
mariadbworker0|max_constraint|9|25
neutronworker0|flocal|9|0.3558778762817383
neutronworker0|flocal|9|0.2780425548553467
neutronworker0|ffinal|9|0.2804374694824219
node_neutron0|total_time|9|5.586730
node_neutron0|loops|9|3
node_neutron0|messages|9|8
neutronworker0|min_constraint|9|5
neutronworker0|max_constraint|9|5
novaworker0|flocal|9|0.4518885612487793
novaworker0|ffinal|9|0.4206268787384033
node_nova0|total_time|9|4.788373
node_nova0|loops|9|2
node_nova0|messages|9|5
novaworker0|min_constraint|9|3
novaworker0|max_constraint|9|3
