memcachedsmaster|flocal|0|0.32416772842407227
haproxymaster|flocal|0|0.3336038589477539
rabbitmqmaster|flocal|0|0.334608793258667
factsmaster|flocal|0|0.33536481857299805
ovswitchmaster|flocal|0|0.34140539169311523
commonmaster|flocal|0|0.37458372116088867
mariadbmaster|flocal|0|0.5015034675598145
memcachedsmaster|flocal|0|0.24264764785766602
haproxymaster|flocal|0|0.2434842586517334
rabbitmqmaster|flocal|0|0.2504417896270752
factsmaster|flocal|0|0.2505836486816406
ovswitchmaster|flocal|0|0.2622389793395996
commonmaster|flocal|0|0.29884839057922363
mariadbmaster|flocal|0|0.42887115478515625
memcachedsmaster|flocal|0|0.23108434677124023
haproxymaster|flocal|0|0.24250054359436035
ovswitchmaster|flocal|0|0.24576640129089355
rabbitmqmaster|flocal|0|0.24804186820983887
factsmaster|flocal|0|0.24824881553649902
commonmaster|flocal|0|0.31737279891967773
mariadbmaster|flocal|0|0.4196600914001465
memcachedsmaster|flocal|0|0.24711060523986816
rabbitmqmaster|flocal|0|0.23616504669189453
ovswitchmaster|flocal|0|0.2489316463470459
factsmaster|flocal|0|0.260653018951416
haproxymaster|flocal|0|0.2808566093444824
commonmaster|flocal|0|0.3272287845611572
mariadbmaster|flocal|0|0.5413775444030762
ovswitchmaster|flocal|0|0.2462296485900879
factsmaster|flocal|0|0.2519843578338623
haproxymaster|flocal|0|0.25464320182800293
rabbitmqmaster|flocal|0|0.25609922409057617
memcachedsmaster|flocal|0|0.29764842987060547
commonmaster|flocal|0|0.3521854877471924
mariadbmaster|flocal|0|0.5771467685699463
memcachedsmaster|ffinal|0|0.24656224250793457
factsmaster|ffinal|0|0.2547903060913086
ovswitchmaster|ffinal|0|0.25702571868896484
haproxymaster|ffinal|0|0.25965261459350586
rabbitmqmaster|ffinal|0|0.2654404640197754
commonmaster|ffinal|0|0.3512449264526367
mariadbmaster|ffinal|0|0.5419256687164307
node_master|total_time|0|12.975929
node_master|loops|0|10
node_master|messages|0|84
memcachedsmaster|min_constraint|0|1
commonmaster|max_constraint|0|17
haproxymaster|flocal|0|0.29804539680480957
memcachedsmaster|flocal|0|0.29776835441589355
ovswitchmaster|flocal|0|0.2983219623565674
factsmaster|flocal|0|0.29950428009033203
rabbitmqmaster|flocal|0|0.3061368465423584
commonmaster|flocal|0|0.351945161819458
mariadbmaster|flocal|0|0.4731621742248535
rabbitmqmaster|flocal|0|0.24157094955444336
memcachedsmaster|flocal|0|0.24285340309143066
haproxymaster|flocal|0|0.2436974048614502
factsmaster|flocal|0|0.25077056884765625
ovswitchmaster|flocal|0|0.26128292083740234
commonmaster|flocal|0|0.29660773277282715
mariadbmaster|flocal|0|0.4382314682006836
haproxymaster|flocal|0|0.24637818336486816
rabbitmqmaster|flocal|0|0.24575281143188477
memcachedsmaster|flocal|0|0.264629602432251
factsmaster|flocal|0|0.2639491558074951
ovswitchmaster|flocal|0|0.28020215034484863
commonmaster|flocal|0|0.3593428134918213
mariadbmaster|flocal|0|0.5867900848388672
ovswitchmaster|flocal|0|0.23192048072814941
rabbitmqmaster|flocal|0|0.2516162395477295
factsmaster|flocal|0|0.2560558319091797
memcachedsmaster|flocal|0|0.26227664947509766
haproxymaster|flocal|0|0.27245330810546875
commonmaster|flocal|0|0.35906434059143066
mariadbmaster|flocal|0|0.5696468353271484
memcachedsmaster|flocal|0|0.23262572288513184
haproxymaster|flocal|0|0.24207472801208496
ovswitchmaster|flocal|0|0.24481534957885742
rabbitmqmaster|flocal|0|0.25159215927124023
factsmaster|flocal|0|0.2571241855621338
commonmaster|flocal|0|0.36801791191101074
mariadbmaster|flocal|0|0.5762748718261719
memcachedsmaster|ffinal|0|0.25016212463378906
ovswitchmaster|ffinal|0|0.26537227630615234
factsmaster|ffinal|0|0.2716634273529053
haproxymaster|ffinal|0|0.27469944953918457
rabbitmqmaster|ffinal|0|0.28988003730773926
commonmaster|ffinal|0|0.3757202625274658
mariadbmaster|ffinal|0|0.6039960384368896
node_master|total_time|0|12.403214
node_master|loops|0|5
node_master|messages|0|86
memcachedsmaster|min_constraint|0|1
commonmaster|max_constraint|0|17
ovswitchworker0|flocal|0|0.3562190532684326
haproxyworker0|flocal|0|0.37442541122436523
factsworker0|flocal|0|0.3749985694885254
memcachedsworker0|flocal|0|0.3805100917816162
keystoneworker0|flocal|0|0.4058103561401367
rabbitmqworker0|flocal|0|0.42656493186950684
glanceworker0|flocal|0|0.43115997314453125
commonworker0|flocal|0|0.4339942932128906
mariadbworker0|flocal|0|0.6502101421356201
memcachedsworker0|flocal|0|0.3593764305114746
ovswitchworker0|flocal|0|0.4102029800415039
factsworker0|flocal|0|0.42288661003112793
rabbitmqworker0|flocal|0|0.42920446395874023
haproxyworker0|flocal|0|0.443073034286499
glanceworker0|funsat|0|0.4211537837982178
commonworker0|flocal|0|0.4581737518310547
keystoneworker0|flocal|0|0.4682433605194092
mariadbworker0|funsat|0|0.5322906970977783
memcachedsworker0|flocal|0|0.26991963386535645
factsworker0|flocal|0|0.27832555770874023
ovswitchworker0|flocal|0|0.28048086166381836
rabbitmqworker0|flocal|0|0.2809321880340576
glanceworker0|funsat|0|0.29567694664001465
haproxyworker0|flocal|0|0.31224703788757324
keystoneworker0|flocal|0|0.3419613838195801
commonworker0|flocal|0|0.3556194305419922
mariadbworker0|funsat|0|0.4182863235473633
memcachedsworker0|flocal|0|0.27097463607788086
rabbitmqworker0|flocal|0|0.29341959953308105
ovswitchworker0|flocal|0|0.3060722351074219
factsworker0|flocal|0|0.3008146286010742
glanceworker0|funsat|0|0.29459238052368164
haproxyworker0|flocal|0|0.3133862018585205
keystoneworker0|flocal|0|0.32067012786865234
commonworker0|flocal|0|0.3767232894897461
mariadbworker0|funsat|0|0.39419078826904297
ovswitchworker0|ffinal|0|0.26141858100891113
rabbitmqworker0|ffinal|0|0.27254414558410645
memcachedsworker0|ffinal|0|0.28414297103881836
glanceworker0|funsat|0|0.2738053798675537
haproxyworker0|ffinal|0|0.29869866371154785
factsworker0|ffinal|0|0.29727816581726074
keystoneworker0|ffinal|0|0.3361358642578125
commonworker0|ffinal|0|0.38707780838012695
mariadbworker0|funsat|0|0.38890695571899414
node_worker0|total_time|0|9.817609
node_worker0|loops|0|4
node_worker0|messages|0|89
memcachedsworker0|min_constraint|0|1
commonworker0|max_constraint|0|12
factsworker0|flocal|0|0.32473087310791016
haproxyworker0|flocal|0|0.3400590419769287
rabbitmqworker0|flocal|0|0.3361549377441406
memcachedsworker0|flocal|0|0.3483090400695801
ovswitchworker0|flocal|0|0.3579437732696533
keystoneworker0|flocal|0|0.3847355842590332
glanceworker0|flocal|0|0.39640164375305176
commonworker0|flocal|0|0.4172554016113281
mariadbworker0|flocal|0|0.5884006023406982
factsworker0|flocal|0|0.27270984649658203
memcachedsworker0|flocal|0|0.28121113777160645
ovswitchworker0|flocal|0|0.2837822437286377
rabbitmqworker0|flocal|0|0.2838766574859619
haproxyworker0|flocal|0|0.308563232421875
glanceworker0|funsat|0|0.2927384376525879
keystoneworker0|flocal|0|0.3395373821258545
commonworker0|flocal|0|0.3714737892150879
mariadbworker0|funsat|0|0.4014730453491211
haproxyworker0|flocal|0|0.2591400146484375
memcachedsworker0|flocal|0|0.27001237869262695
rabbitmqworker0|flocal|0|0.2803027629852295
ovswitchworker0|flocal|0|0.2812168598175049
factsworker0|flocal|0|0.27813196182250977
glanceworker0|funsat|0|0.2899038791656494
keystoneworker0|flocal|0|0.3332173824310303
commonworker0|flocal|0|0.3559408187866211
mariadbworker0|funsat|0|0.4000582695007324
ovswitchworker0|flocal|0|0.2543203830718994
rabbitmqworker0|flocal|0|0.24791455268859863
memcachedsworker0|flocal|0|0.283886194229126
haproxyworker0|flocal|0|0.29065632820129395
glanceworker0|funsat|0|0.2718498706817627
factsworker0|flocal|0|0.3030531406402588
keystoneworker0|flocal|0|0.307354211807251
mariadbworker0|funsat|0|0.3766634464263916
commonworker0|flocal|0|0.402496337890625
memcachedsworker0|flocal|0|0.25586891174316406
rabbitmqworker0|flocal|0|0.2669851779937744
ovswitchworker0|flocal|0|0.2800736427307129
factsworker0|flocal|0|0.2889094352722168
glanceworker0|funsat|0|0.2874302864074707
haproxyworker0|flocal|0|0.315349817276001
keystoneworker0|flocal|0|0.33057618141174316
commonworker0|flocal|0|0.3795022964477539
mariadbworker0|funsat|0|0.4178040027618408
memcachedsworker0|ffinal|0|0.2413039207458496
ovswitchworker0|ffinal|0|0.24241852760314941
rabbitmqworker0|ffinal|0|0.2583909034729004
haproxyworker0|ffinal|0|0.2841653823852539
glanceworker0|funsat|0|0.27171754837036133
factsworker0|ffinal|0|0.279022216796875
keystoneworker0|ffinal|0|0.36612844467163086
commonworker0|ffinal|0|0.38785529136657715
mariadbworker0|funsat|0|0.43603944778442383
node_worker0|total_time|0|8.051551
node_worker0|loops|0|5
node_worker0|messages|0|119
memcachedsworker0|min_constraint|0|1
factsworker0|max_constraint|0|13
neutronworker0|funsat|0|0.5146770477294922
neutronworker0|funsat|0|0.2299175262451172
neutronworker0|funsat|0|0.2319948673248291
neutronworker0|funsat|0|0.2292933464050293
node_neutron0|total_time|0|9.399516
node_neutron0|loops|0|6
node_neutron0|messages|0|0
neutronworker0|min_constraint|0|6
neutronworker0|max_constraint|0|6
neutronworker0|funsat|0|0.3221168518066406
neutronworker0|funsat|0|0.23129510879516602
neutronworker0|funsat|0|0.2291398048400879
node_neutron0|total_time|0|7.584602
node_neutron0|loops|0|4
node_neutron0|messages|0|0
neutronworker0|min_constraint|0|6
neutronworker0|max_constraint|0|6
novaworker0|funsat|0|0.428267240524292
novaworker0|funsat|0|0.3154637813568115
novaworker0|funsat|0|0.3242919445037842
novaworker0|funsat|0|0.3308849334716797
node_nova0|total_time|0|9.707885
node_nova0|loops|0|9
node_nova0|messages|0|0
novaworker0|min_constraint|0|7
novaworker0|max_constraint|0|7
novaworker0|funsat|0|0.4235997200012207
novaworker0|funsat|0|0.3205757141113281
novaworker0|funsat|0|0.313215970993042
novaworker0|funsat|0|0.3243248462677002
node_nova0|total_time|0|7.530530
node_nova0|loops|0|5
node_nova0|messages|0|0
novaworker0|min_constraint|0|7
novaworker0|max_constraint|0|7
haproxymaster|flocal|10|0.2744302749633789
factsmaster|flocal|10|0.2716200351715088
ovswitchmaster|flocal|10|0.28642964363098145
memcachedsmaster|flocal|10|0.29314470291137695
rabbitmqmaster|flocal|10|0.29752206802368164
commonmaster|flocal|10|0.3422122001647949
mariadbmaster|flocal|10|0.46950364112854004
memcachedsmaster|flocal|10|0.21323132514953613
ovswitchmaster|flocal|10|0.21768975257873535
rabbitmqmaster|flocal|10|0.22481799125671387
factsmaster|flocal|10|0.2310633659362793
haproxymaster|flocal|10|0.2429492473602295
commonmaster|flocal|10|0.28494787216186523
mariadbmaster|flocal|10|0.42690610885620117
memcachedsmaster|flocal|10|0.23443078994750977
haproxymaster|flocal|10|0.24087309837341309
ovswitchmaster|flocal|10|0.24615716934204102
factsmaster|flocal|10|0.24678492546081543
rabbitmqmaster|flocal|10|0.2525935173034668
commonmaster|flocal|10|0.33320069313049316
mariadbmaster|flocal|10|0.5226809978485107
memcachedsmaster|flocal|10|0.23041224479675293
rabbitmqmaster|flocal|10|0.23034930229187012
factsmaster|flocal|10|0.23457741737365723
ovswitchmaster|flocal|10|0.24038410186767578
haproxymaster|flocal|10|0.2598235607147217
commonmaster|flocal|10|0.34865689277648926
mariadbmaster|flocal|10|0.5692074298858643
memcachedsmaster|flocal|10|0.22407817840576172
haproxymaster|flocal|10|0.22943854331970215
ovswitchmaster|flocal|10|0.2312633991241455
rabbitmqmaster|flocal|10|0.24684858322143555
factsmaster|flocal|10|0.2494945526123047
commonmaster|flocal|10|0.3486151695251465
mariadbmaster|flocal|10|0.5656590461730957
rabbitmqmaster|ffinal|10|0.2301023006439209
memcachedsmaster|ffinal|10|0.23166108131408691
haproxymaster|ffinal|10|0.24641895294189453
ovswitchmaster|ffinal|10|0.2559382915496826
factsmaster|ffinal|10|0.2679176330566406
commonmaster|ffinal|10|0.3479142189025879
mariadbmaster|ffinal|10|0.5664546489715576
node_master|total_time|10|10.490473
node_master|loops|10|5
node_master|messages|10|86
memcachedsmaster|min_constraint|10|1
commonmaster|max_constraint|10|17
haproxyworker0|flocal|10|0.3638124465942383
rabbitmqworker0|flocal|10|0.37883734703063965
factsworker0|flocal|10|0.3807845115661621
ovswitchworker0|flocal|10|0.3922121524810791
memcachedsworker0|flocal|10|0.3947286605834961
commonworker0|flocal|10|0.4250178337097168
keystoneworker0|flocal|10|0.43885016441345215
glanceworker0|flocal|10|0.44562196731567383
mariadbworker0|flocal|10|0.6238698959350586
haproxyworker0|flocal|10|0.2421555519104004
factsworker0|flocal|10|0.23955178260803223
ovswitchworker0|flocal|10|0.2466881275177002
memcachedsworker0|flocal|10|0.267941951751709
rabbitmqworker0|flocal|10|0.2695138454437256
glanceworker0|funsat|10|0.2796449661254883
keystoneworker0|flocal|10|0.3464844226837158
mariadbworker0|funsat|10|0.388714075088501
commonworker0|flocal|10|0.39989399909973145
ovswitchworker0|flocal|10|0.23933029174804688
memcachedsworker0|flocal|10|0.24053144454956055
factsworker0|flocal|10|0.24652314186096191
rabbitmqworker0|flocal|10|0.26131725311279297
glanceworker0|funsat|10|0.24705123901367188
haproxyworker0|flocal|10|0.2700934410095215
keystoneworker0|flocal|10|0.2974395751953125
commonworker0|flocal|10|0.3422670364379883
mariadbworker0|funsat|10|0.3686096668243408
ovswitchworker0|flocal|10|0.25289106369018555
memcachedsworker0|flocal|10|0.25354933738708496
factsworker0|flocal|10|0.264110803604126
rabbitmqworker0|flocal|10|0.27031421661376953
haproxyworker0|flocal|10|0.2773141860961914
glanceworker0|funsat|10|0.2777726650238037
keystoneworker0|flocal|10|0.3114323616027832
commonworker0|flocal|10|0.3646962642669678
mariadbworker0|funsat|10|0.37410831451416016
ovswitchworker0|flocal|10|0.24014711380004883
rabbitmqworker0|flocal|10|0.25710415840148926
glanceworker0|funsat|10|0.256939172744751
haproxyworker0|flocal|10|0.27286672592163086
memcachedsworker0|flocal|10|0.27755093574523926
factsworker0|flocal|10|0.2948601245880127
keystoneworker0|flocal|10|0.2976081371307373
mariadbworker0|funsat|10|0.36217355728149414
commonworker0|flocal|10|0.3771333694458008
ovswitchworker0|ffinal|10|0.23952317237854004
factsworker0|ffinal|10|0.24161863327026367
memcachedsworker0|ffinal|10|0.25370335578918457
rabbitmqworker0|ffinal|10|0.2610933780670166
haproxyworker0|ffinal|10|0.2739834785461426
glanceworker0|funsat|10|0.2715613842010498
keystoneworker0|ffinal|10|0.2933475971221924
mariadbworker0|funsat|10|0.362018346786499
commonworker0|ffinal|10|0.37219953536987305
node_worker0|total_time|10|7.590403
node_worker0|loops|10|4
node_worker0|messages|10|89
memcachedsworker0|min_constraint|10|1
factsworker0|max_constraint|10|13
neutronworker0|funsat|10|0.22539353370666504
neutronworker0|funsat|10|0.20673060417175293
neutronworker0|funsat|10|0.20664119720458984
neutronworker0|funsat|10|0.2010197639465332
node_neutron0|total_time|10|7.039798
node_neutron0|loops|10|4
node_neutron0|messages|10|0
neutronworker0|min_constraint|10|6
neutronworker0|max_constraint|10|6
novaworker0|funsat|10|0.376922607421875
novaworker0|funsat|10|0.3262009620666504
novaworker0|funsat|10|0.3046092987060547
novaworker0|funsat|10|0.3265371322631836
node_nova0|total_time|10|6.785808
node_nova0|loops|10|5
node_nova0|messages|10|0
novaworker0|min_constraint|10|7
novaworker0|max_constraint|10|7
rabbitmqmaster|flocal|11|0.26396751403808594
memcachedsmaster|flocal|11|0.27254152297973633
factsmaster|flocal|11|0.2717583179473877
haproxymaster|flocal|11|0.28146839141845703
ovswitchmaster|flocal|11|0.29863667488098145
commonmaster|flocal|11|0.34580302238464355
mariadbmaster|flocal|11|0.45574951171875
ovswitchmaster|flocal|11|0.2059624195098877
haproxymaster|flocal|11|0.22940373420715332
rabbitmqmaster|flocal|11|0.23014450073242188
memcachedsmaster|flocal|11|0.23325347900390625
factsmaster|flocal|11|0.23536944389343262
commonmaster|flocal|11|0.28746891021728516
mariadbmaster|flocal|11|0.4055774211883545
memcachedsmaster|flocal|11|0.21461796760559082
factsmaster|flocal|11|0.22443318367004395
ovswitchmaster|flocal|11|0.22564125061035156
rabbitmqmaster|flocal|11|0.23239374160766602
haproxymaster|flocal|11|0.2537574768066406
commonmaster|flocal|11|0.32768869400024414
mariadbmaster|flocal|11|0.4265403747558594
haproxymaster|flocal|11|0.23353195190429688
memcachedsmaster|flocal|11|0.256591796875
ovswitchmaster|flocal|11|0.2614426612854004
rabbitmqmaster|flocal|11|0.26105260848999023
factsmaster|flocal|11|0.26267504692077637
commonmaster|flocal|11|0.3433988094329834
mariadbmaster|flocal|11|0.40879011154174805
haproxymaster|flocal|11|0.23391509056091309
memcachedsmaster|flocal|11|0.23608160018920898
ovswitchmaster|flocal|11|0.23794317245483398
rabbitmqmaster|flocal|11|0.24769115447998047
factsmaster|flocal|11|0.2538583278656006
commonmaster|flocal|11|0.33074235916137695
mariadbmaster|flocal|11|0.4139690399169922
memcachedsmaster|ffinal|11|0.236100435256958
rabbitmqmaster|ffinal|11|0.24920320510864258
factsmaster|ffinal|11|0.2551743984222412
ovswitchmaster|ffinal|11|0.2635211944580078
haproxymaster|ffinal|11|0.27197766304016113
commonmaster|ffinal|11|0.33669114112854004
mariadbmaster|ffinal|11|0.4247102737426758
node_master|total_time|11|9.251882
node_master|loops|11|5
node_master|messages|11|82
memcachedsmaster|min_constraint|11|1
factsmaster|max_constraint|11|13
haproxyworker0|flocal|11|0.40167236328125
rabbitmqworker0|flocal|11|0.40894651412963867
factsworker0|flocal|11|0.4283885955810547
ovswitchworker0|flocal|11|0.43454694747924805
memcachedsworker0|flocal|11|0.4411602020263672
keystoneworker0|flocal|11|0.45023345947265625
commonworker0|flocal|11|0.47132158279418945
glanceworker0|flocal|11|0.4832329750061035
mariadbworker0|flocal|11|0.634678840637207
memcachedsworker0|flocal|11|0.2460339069366455
haproxyworker0|flocal|11|0.259371280670166
factsworker0|flocal|11|0.2822761535644531
rabbitmqworker0|flocal|11|0.28739166259765625
ovswitchworker0|flocal|11|0.28868865966796875
commonworker0|flocal|11|0.29865288734436035
keystoneworker0|flocal|11|0.31155943870544434
glanceworker0|flocal|11|0.33702969551086426
mariadbworker0|funsat|11|0.3798537254333496
haproxyworker0|flocal|11|0.24822592735290527
ovswitchworker0|flocal|11|0.2506387233734131
memcachedsworker0|flocal|11|0.26521992683410645
factsworker0|flocal|11|0.2589845657348633
rabbitmqworker0|flocal|11|0.277768611907959
commonworker0|flocal|11|0.2977430820465088
keystoneworker0|flocal|11|0.3180856704711914
glanceworker0|flocal|11|0.31424784660339355
mariadbworker0|funsat|11|0.38550329208374023
rabbitmqworker0|flocal|11|0.2482585906982422
ovswitchworker0|flocal|11|0.26892900466918945
factsworker0|flocal|11|0.2774026393890381
commonworker0|flocal|11|0.29984116554260254
haproxyworker0|flocal|11|0.3097248077392578
memcachedsworker0|flocal|11|0.3197159767150879
keystoneworker0|flocal|11|0.3259925842285156
glanceworker0|flocal|11|0.32903194427490234
mariadbworker0|funsat|11|0.3878617286682129
memcachedsworker0|ffinal|11|0.248610258102417
haproxyworker0|ffinal|11|0.2717771530151367
factsworker0|ffinal|11|0.26822924613952637
rabbitmqworker0|ffinal|11|0.27973222732543945
ovswitchworker0|ffinal|11|0.2836909294128418
commonworker0|ffinal|11|0.3001821041107178
glanceworker0|ffinal|11|0.3127014636993408
keystoneworker0|ffinal|11|0.35082316398620605
mariadbworker0|funsat|11|0.4161262512207031
node_worker0|total_time|11|7.139396
node_worker0|loops|11|4
node_worker0|messages|11|34
commonworker0|min_constraint|11|1
mariadbworker0|max_constraint|11|6
neutronworker0|flocal|11|0.2809784412384033
neutronworker0|flocal|11|0.24349761009216309
neutronworker0|flocal|11|0.24546551704406738
neutronworker0|ffinal|11|0.2417128086090088
node_neutron0|total_time|11|6.490046
node_neutron0|loops|11|6
node_neutron0|messages|11|6
neutronworker0|min_constraint|11|3
neutronworker0|max_constraint|11|3
novaworker0|funsat|11|0.37715816497802734
novaworker0|funsat|11|0.31844353675842285
novaworker0|funsat|11|0.3226151466369629
novaworker0|funsat|11|0.31890058517456055
node_nova0|total_time|11|6.045297
node_nova0|loops|11|4
node_nova0|messages|11|0
novaworker0|min_constraint|11|4
novaworker0|max_constraint|11|4
rabbitmqmaster|flocal|12|0.30814504623413086
ovswitchmaster|flocal|12|0.30895233154296875
factsmaster|flocal|12|0.3084707260131836
memcachedsmaster|flocal|12|0.31281065940856934
haproxymaster|flocal|12|0.3217759132385254
commonmaster|flocal|12|0.3566153049468994
mariadbmaster|flocal|12|0.48434925079345703
haproxymaster|flocal|12|0.24494028091430664
factsmaster|flocal|12|0.24397015571594238
ovswitchmaster|flocal|12|0.2617013454437256
rabbitmqmaster|flocal|12|0.26239442825317383
memcachedsmaster|flocal|12|0.2727210521697998
commonmaster|flocal|12|0.31200170516967773
mariadbmaster|flocal|12|0.4570505619049072
rabbitmqmaster|flocal|12|0.24271583557128906
haproxymaster|flocal|12|0.25020933151245117
memcachedsmaster|flocal|12|0.25606608390808105
ovswitchmaster|flocal|12|0.25862765312194824
factsmaster|flocal|12|0.26371192932128906
commonmaster|flocal|12|0.3543086051940918
mariadbmaster|flocal|12|0.43552303314208984
rabbitmqmaster|flocal|12|0.23794221878051758
ovswitchmaster|flocal|12|0.2643744945526123
memcachedsmaster|flocal|12|0.2720348834991455
haproxymaster|flocal|12|0.27344703674316406
factsmaster|flocal|12|0.26467108726501465
commonmaster|flocal|12|0.36414122581481934
mariadbmaster|flocal|12|0.4425947666168213
haproxymaster|flocal|12|0.23619699478149414
rabbitmqmaster|flocal|12|0.24014067649841309
ovswitchmaster|flocal|12|0.24130964279174805
memcachedsmaster|flocal|12|0.24267172813415527
factsmaster|flocal|12|0.2542252540588379
commonmaster|flocal|12|0.3322303295135498
mariadbmaster|flocal|12|0.4131441116333008
haproxymaster|ffinal|12|0.23102402687072754
ovswitchmaster|ffinal|12|0.2421731948852539
rabbitmqmaster|ffinal|12|0.2467644214630127
memcachedsmaster|ffinal|12|0.25229668617248535
factsmaster|ffinal|12|0.28030991554260254
commonmaster|ffinal|12|0.33412647247314453
mariadbmaster|ffinal|12|0.42677950859069824
node_master|total_time|12|8.588444
node_master|loops|12|5
node_master|messages|12|82
memcachedsmaster|min_constraint|12|1
factsmaster|max_constraint|12|13
ovswitchworker0|flocal|12|0.3130645751953125
factsworker0|flocal|12|0.31973743438720703
haproxyworker0|flocal|12|0.327681303024292
rabbitmqworker0|flocal|12|0.3442656993865967
memcachedsworker0|flocal|12|0.35472607612609863
commonworker0|flocal|12|0.3650791645050049
glanceworker0|flocal|12|0.37941884994506836
keystoneworker0|flocal|12|0.3827939033508301
mariadbworker0|flocal|12|0.5425751209259033
memcachedsworker0|flocal|12|0.2444167137145996
haproxyworker0|flocal|12|0.24756646156311035
ovswitchworker0|flocal|12|0.26027607917785645
factsworker0|flocal|12|0.28398990631103516
rabbitmqworker0|flocal|12|0.2885119915008545
commonworker0|flocal|12|0.3121979236602783
keystoneworker0|flocal|12|0.32840967178344727
glanceworker0|flocal|12|0.32999682426452637
mariadbworker0|funsat|12|0.3843989372253418
ovswitchworker0|flocal|12|0.2526404857635498
factsworker0|flocal|12|0.25231099128723145
rabbitmqworker0|flocal|12|0.272627592086792
haproxyworker0|flocal|12|0.27908802032470703
commonworker0|flocal|12|0.2930908203125
memcachedsworker0|flocal|12|0.306041955947876
keystoneworker0|flocal|12|0.31343507766723633
glanceworker0|flocal|12|0.3212544918060303
mariadbworker0|funsat|12|0.3739356994628906
haproxyworker0|flocal|12|0.23330998420715332
ovswitchworker0|flocal|12|0.24084687232971191
factsworker0|flocal|12|0.24250125885009766
rabbitmqworker0|flocal|12|0.2480936050415039
memcachedsworker0|flocal|12|0.27081775665283203
keystoneworker0|flocal|12|0.29665708541870117
commonworker0|flocal|12|0.31679725646972656
glanceworker0|flocal|12|0.3099846839904785
mariadbworker0|funsat|12|0.35901308059692383
haproxyworker0|ffinal|12|0.24355316162109375
memcachedsworker0|ffinal|12|0.2519562244415283
rabbitmqworker0|ffinal|12|0.25432825088500977
factsworker0|ffinal|12|0.26343250274658203
ovswitchworker0|ffinal|12|0.2684202194213867
commonworker0|ffinal|12|0.2937917709350586
keystoneworker0|ffinal|12|0.3116772174835205
glanceworker0|ffinal|12|0.31251072883605957
mariadbworker0|funsat|12|0.36374402046203613
node_worker0|total_time|12|6.517299
node_worker0|loops|12|4
node_worker0|messages|12|25
commonworker0|min_constraint|12|1
mariadbworker0|max_constraint|12|6
neutronworker0|flocal|12|0.3575310707092285
neutronworker0|flocal|12|0.257962703704834
neutronworker0|flocal|12|0.27733421325683594
neutronworker0|ffinal|12|0.2698392868041992
node_neutron0|total_time|12|5.566957
node_neutron0|loops|12|3
node_neutron0|messages|12|6
neutronworker0|min_constraint|12|3
neutronworker0|max_constraint|12|3
novaworker0|funsat|12|0.40938544273376465
novaworker0|funsat|12|0.32594990730285645
novaworker0|funsat|12|0.32072925567626953
novaworker0|funsat|12|0.31435227394104004
node_nova0|total_time|12|6.186936
node_nova0|loops|12|4
node_nova0|messages|12|0
novaworker0|min_constraint|12|4
novaworker0|max_constraint|12|4
factsmaster|flocal|13|0.24975061416625977
rabbitmqmaster|flocal|13|0.2591891288757324
memcachedsmaster|flocal|13|0.2752823829650879
ovswitchmaster|flocal|13|0.2788207530975342
haproxymaster|flocal|13|0.31042957305908203
commonmaster|flocal|13|0.3486166000366211
mariadbmaster|flocal|13|0.4334292411804199
memcachedsmaster|flocal|13|0.21197915077209473
rabbitmqmaster|flocal|13|0.22780442237854004
haproxymaster|flocal|13|0.23107147216796875
ovswitchmaster|flocal|13|0.2313680648803711
factsmaster|flocal|13|0.23801040649414062
commonmaster|flocal|13|0.28550148010253906
mariadbmaster|flocal|13|0.41325950622558594
ovswitchmaster|flocal|13|0.22055816650390625
haproxymaster|flocal|13|0.22175168991088867
rabbitmqmaster|flocal|13|0.22485566139221191
memcachedsmaster|flocal|13|0.2269883155822754
factsmaster|flocal|13|0.23840928077697754
commonmaster|flocal|13|0.3190929889678955
mariadbmaster|flocal|13|0.42486095428466797
memcachedsmaster|flocal|13|0.23780012130737305
haproxymaster|flocal|13|0.23862338066101074
ovswitchmaster|flocal|13|0.24910235404968262
rabbitmqmaster|flocal|13|0.239060640335083
factsmaster|flocal|13|0.25184082984924316
commonmaster|flocal|13|0.3296689987182617
mariadbmaster|flocal|13|0.5885701179504395
memcachedsmaster|flocal|13|0.23611736297607422
rabbitmqmaster|flocal|13|0.23545169830322266
haproxymaster|flocal|13|0.2377462387084961
ovswitchmaster|flocal|13|0.25191688537597656
factsmaster|flocal|13|0.2563648223876953
commonmaster|flocal|13|0.35678839683532715
mariadbmaster|flocal|13|0.5738778114318848
ovswitchmaster|ffinal|13|0.2305912971496582
memcachedsmaster|ffinal|13|0.2371211051940918
rabbitmqmaster|ffinal|13|0.2398984432220459
haproxymaster|ffinal|13|0.25617527961730957
factsmaster|ffinal|13|0.2594616413116455
commonmaster|ffinal|13|0.35587286949157715
mariadbmaster|ffinal|13|0.5762033462524414
node_master|total_time|13|9.235650
node_master|loops|13|5
node_master|messages|13|84
memcachedsmaster|min_constraint|13|1
commonmaster|max_constraint|13|17
haproxyworker0|flocal|13|0.2765812873840332
ovswitchworker0|flocal|13|0.2782905101776123
memcachedsworker0|flocal|13|0.28497862815856934
factsworker0|flocal|13|0.28972935676574707
rabbitmqworker0|flocal|13|0.3124673366546631
keystoneworker0|flocal|13|0.3429844379425049
glanceworker0|flocal|13|0.3581409454345703
commonworker0|flocal|13|0.38063979148864746
mariadbworker0|flocal|13|0.5873010158538818
haproxyworker0|flocal|13|0.2520785331726074
rabbitmqworker0|flocal|13|0.2660672664642334
factsworker0|flocal|13|0.2666590213775635
memcachedsworker0|flocal|13|0.26950812339782715
glanceworker0|funsat|13|0.2668943405151367
ovswitchworker0|flocal|13|0.30573248863220215
keystoneworker0|flocal|13|0.3253185749053955
commonworker0|flocal|13|0.3562448024749756
mariadbworker0|funsat|13|0.36425232887268066
memcachedsworker0|flocal|13|0.24373316764831543
haproxyworker0|flocal|13|0.24778366088867188
ovswitchworker0|flocal|13|0.24895548820495605
rabbitmqworker0|flocal|13|0.2743525505065918
glanceworker0|funsat|13|0.26909470558166504
factsworker0|flocal|13|0.28998374938964844
keystoneworker0|flocal|13|0.3026857376098633
commonworker0|flocal|13|0.38392019271850586
mariadbworker0|funsat|13|0.39885950088500977
ovswitchworker0|flocal|13|0.24657773971557617
memcachedsworker0|flocal|13|0.25359106063842773
haproxyworker0|flocal|13|0.2544722557067871
rabbitmqworker0|flocal|13|0.2605135440826416
factsworker0|flocal|13|0.26735496520996094
glanceworker0|funsat|13|0.26285266876220703
keystoneworker0|flocal|13|0.30942845344543457
commonworker0|flocal|13|0.3505995273590088
mariadbworker0|funsat|13|0.3647572994232178
ovswitchworker0|flocal|13|0.24715685844421387
haproxyworker0|flocal|13|0.262876033782959
rabbitmqworker0|flocal|13|0.2620573043823242
factsworker0|flocal|13|0.2695002555847168
memcachedsworker0|flocal|13|0.2779700756072998
glanceworker0|funsat|13|0.27099132537841797
keystoneworker0|flocal|13|0.316056489944458
commonworker0|flocal|13|0.35825490951538086
mariadbworker0|funsat|13|0.36812806129455566
memcachedsworker0|ffinal|13|0.22494983673095703
haproxyworker0|ffinal|13|0.2429790496826172
rabbitmqworker0|ffinal|13|0.24206852912902832
ovswitchworker0|ffinal|13|0.24675440788269043
factsworker0|ffinal|13|0.2530224323272705
glanceworker0|funsat|13|0.2606511116027832
keystoneworker0|ffinal|13|0.29699087142944336
commonworker0|ffinal|13|0.3804783821105957
mariadbworker0|funsat|13|0.3922998905181885
node_worker0|total_time|13|6.227285
node_worker0|loops|13|5
node_worker0|messages|13|129
memcachedsworker0|min_constraint|13|1
factsworker0|max_constraint|13|13
neutronworker0|funsat|13|0.31056857109069824
neutronworker0|funsat|13|0.23302412033081055
neutronworker0|funsat|13|0.2270793914794922
node_neutron0|total_time|13|5.777547
node_neutron0|loops|13|3
node_neutron0|messages|13|0
neutronworker0|min_constraint|13|6
neutronworker0|max_constraint|13|6
novaworker0|funsat|13|0.3977046012878418
novaworker0|funsat|13|0.31649327278137207
novaworker0|funsat|13|0.3205122947692871
novaworker0|funsat|13|0.3207967281341553
novaworker0|funsat|13|0.3278238773345947
node_nova0|total_time|13|6.390514
node_nova0|loops|13|5
node_nova0|messages|13|0
novaworker0|min_constraint|13|7
novaworker0|max_constraint|13|7
rabbitmqmaster|flocal|14|0.3043828010559082
factsmaster|flocal|14|0.3151421546936035
haproxymaster|flocal|14|0.32068538665771484
memcachedsmaster|flocal|14|0.3453829288482666
ovswitchmaster|flocal|14|0.3456413745880127
commonmaster|flocal|14|0.3541543483734131
mariadbmaster|flocal|14|0.49498510360717773
memcachedsmaster|flocal|14|0.24437355995178223
haproxymaster|flocal|14|0.25858187675476074
factsmaster|flocal|14|0.25830721855163574
ovswitchmaster|flocal|14|0.26575398445129395
rabbitmqmaster|flocal|14|0.2921013832092285
commonmaster|flocal|14|0.3096287250518799
mariadbmaster|flocal|14|0.46624040603637695
ovswitchmaster|flocal|14|0.2532942295074463
haproxymaster|flocal|14|0.26040029525756836
memcachedsmaster|flocal|14|0.26114654541015625
factsmaster|flocal|14|0.2601327896118164
rabbitmqmaster|flocal|14|0.26778626441955566
commonmaster|flocal|14|0.3582112789154053
mariadbmaster|flocal|14|0.532085657119751
memcachedsmaster|flocal|14|0.2539489269256592
haproxymaster|flocal|14|0.26021409034729004
rabbitmqmaster|flocal|14|0.25358128547668457
ovswitchmaster|flocal|14|0.25736069679260254
factsmaster|flocal|14|0.2765238285064697
commonmaster|flocal|14|0.3529994487762451
mariadbmaster|flocal|14|0.54933762550354
memcachedsmaster|flocal|14|0.23995709419250488
factsmaster|flocal|14|0.2602224349975586
haproxymaster|flocal|14|0.2636241912841797
rabbitmqmaster|flocal|14|0.2624180316925049
ovswitchmaster|flocal|14|0.2632596492767334
commonmaster|flocal|14|0.3612816333770752
mariadbmaster|flocal|14|0.5135164260864258
memcachedsmaster|ffinal|14|0.26034021377563477
rabbitmqmaster|ffinal|14|0.2607307434082031
factsmaster|ffinal|14|0.266615629196167
ovswitchmaster|ffinal|14|0.2747180461883545
haproxymaster|ffinal|14|0.28317737579345703
commonmaster|ffinal|14|0.37956833839416504
mariadbmaster|ffinal|14|0.5427999496459961
node_master|total_time|14|10.456643
node_master|loops|14|5
node_master|messages|14|86
memcachedsmaster|min_constraint|14|1
commonmaster|max_constraint|14|17
rabbitmqworker0|flocal|14|0.3119535446166992
ovswitchworker0|flocal|14|0.3294804096221924
haproxyworker0|flocal|14|0.34229516983032227
memcachedsworker0|flocal|14|0.3421776294708252
factsworker0|flocal|14|0.33252549171447754
commonworker0|flocal|14|0.3659665584564209
keystoneworker0|flocal|14|0.3686492443084717
glanceworker0|flocal|14|0.38079333305358887
mariadbworker0|flocal|14|0.5885999202728271
factsworker0|flocal|14|0.5344014167785645
memcachedsworker0|flocal|14|0.550652265548706
glanceworker0|funsat|14|0.5436959266662598
rabbitmqworker0|flocal|14|0.5753042697906494
ovswitchworker0|flocal|14|0.5828719139099121
haproxyworker0|flocal|14|0.5938749313354492
keystoneworker0|flocal|14|0.6227011680603027
mariadbworker0|funsat|14|0.6608238220214844
commonworker0|flocal|14|0.6720750331878662
ovswitchworker0|flocal|14|0.2388443946838379
rabbitmqworker0|flocal|14|0.2516896724700928
memcachedsworker0|flocal|14|0.2643117904663086
glanceworker0|funsat|14|0.2653052806854248
haproxyworker0|flocal|14|0.29179978370666504
factsworker0|flocal|14|0.2886502742767334
keystoneworker0|flocal|14|0.3254518508911133
commonworker0|flocal|14|0.38080358505249023
mariadbworker0|funsat|14|0.38188838958740234
memcachedsworker0|flocal|14|0.24718403816223145
ovswitchworker0|flocal|14|0.2574038505554199
rabbitmqworker0|flocal|14|0.26834607124328613
haproxyworker0|flocal|14|0.28257012367248535
factsworker0|flocal|14|0.2870800495147705
glanceworker0|funsat|14|0.2782299518585205
keystoneworker0|flocal|14|0.31558656692504883
mariadbworker0|funsat|14|0.37766265869140625
commonworker0|flocal|14|0.38117074966430664
neutronworker0|funsat|14|0.2992861270904541
neutronworker0|funsat|14|0.22861695289611816
neutronworker0|funsat|14|0.22759509086608887
node_neutron0|total_time|14|8.051645
node_neutron0|loops|14|4
node_neutron0|messages|14|0
neutronworker0|min_constraint|14|6
neutronworker0|max_constraint|14|6
novaworker0|funsat|14|0.399808406829834
novaworker0|funsat|14|0.32521963119506836
novaworker0|funsat|14|0.3221592903137207
novaworker0|funsat|14|0.32221102714538574
node_nova0|total_time|14|7.072642
node_nova0|loops|14|5
node_nova0|messages|14|0
novaworker0|min_constraint|14|7
novaworker0|max_constraint|14|7
ovswitchmaster|flocal|1|0.26340508460998535
factsmaster|flocal|1|0.26367998123168945
haproxymaster|flocal|1|0.2815995216369629
rabbitmqmaster|flocal|1|0.2971043586730957
memcachedsmaster|flocal|1|0.3124570846557617
commonmaster|flocal|1|0.32794833183288574
mariadbmaster|flocal|1|0.45258331298828125
haproxymaster|flocal|1|0.2308816909790039
memcachedsmaster|flocal|1|0.23974180221557617
factsmaster|flocal|1|0.24118328094482422
ovswitchmaster|flocal|1|0.24245929718017578
rabbitmqmaster|flocal|1|0.24760198593139648
commonmaster|flocal|1|0.30111193656921387
mariadbmaster|flocal|1|0.41811251640319824
memcachedsmaster|flocal|1|0.22147297859191895
haproxymaster|flocal|1|0.22444486618041992
ovswitchmaster|flocal|1|0.2282106876373291
rabbitmqmaster|flocal|1|0.23228955268859863
factsmaster|flocal|1|0.246140718460083
commonmaster|flocal|1|0.3291332721710205
mariadbmaster|flocal|1|0.41716504096984863
ovswitchmaster|flocal|1|0.23607802391052246
haproxymaster|flocal|1|0.2418358325958252
rabbitmqmaster|flocal|1|0.2300574779510498
memcachedsmaster|flocal|1|0.24549531936645508
factsmaster|flocal|1|0.2447071075439453
commonmaster|flocal|1|0.32570838928222656
mariadbmaster|flocal|1|0.41649627685546875
memcachedsmaster|flocal|1|0.22071075439453125
ovswitchmaster|flocal|1|0.24131488800048828
haproxymaster|flocal|1|0.2685377597808838
rabbitmqmaster|flocal|1|0.2872927188873291
factsmaster|flocal|1|0.28905344009399414
commonmaster|flocal|1|0.37868404388427734
mariadbmaster|flocal|1|0.5179460048675537
ovswitchmaster|flocal|1|0.24434852600097656
memcachedsmaster|flocal|1|0.24998760223388672
rabbitmqmaster|flocal|1|0.2503173351287842
factsmaster|flocal|1|0.25455689430236816
haproxymaster|flocal|1|0.2717430591583252
commonmaster|flocal|1|0.351665735244751
mariadbmaster|flocal|1|0.489656925201416
ovswitchmaster|ffinal|1|0.23412609100341797
memcachedsmaster|ffinal|1|0.24330711364746094
haproxymaster|ffinal|1|0.26106715202331543
factsmaster|ffinal|1|0.2605001926422119
rabbitmqmaster|ffinal|1|0.26707935333251953
commonmaster|ffinal|1|0.37735676765441895
mariadbmaster|ffinal|1|0.5148472785949707
node_master|total_time|1|11.527572
node_master|loops|1|8
node_master|messages|1|114
memcachedsmaster|min_constraint|1|1
commonmaster|max_constraint|1|17
memcachedsworker0|flocal|1|0.3305087089538574
ovswitchworker0|flocal|1|0.33851122856140137
factsworker0|flocal|1|0.3364579677581787
haproxyworker0|flocal|1|0.3594231605529785
rabbitmqworker0|flocal|1|0.35825395584106445
commonworker0|flocal|1|0.3818519115447998
keystoneworker0|flocal|1|0.38636350631713867
glanceworker0|flocal|1|0.3977012634277344
mariadbworker0|flocal|1|0.5854823589324951
factsworker0|flocal|1|0.24986934661865234
ovswitchworker0|flocal|1|0.2629690170288086
memcachedsworker0|flocal|1|0.28386712074279785
rabbitmqworker0|flocal|1|0.2839524745941162
glanceworker0|funsat|1|0.2794346809387207
haproxyworker0|flocal|1|0.3324458599090576
keystoneworker0|flocal|1|0.3248472213745117
mariadbworker0|funsat|1|0.37968993186950684
commonworker0|flocal|1|0.4166224002838135
haproxyworker0|flocal|1|0.25490880012512207
memcachedsworker0|flocal|1|0.2646491527557373
ovswitchworker0|flocal|1|0.2648160457611084
rabbitmqworker0|flocal|1|0.27139830589294434
glanceworker0|funsat|1|0.263796329498291
factsworker0|flocal|1|0.2912569046020508
keystoneworker0|flocal|1|0.31455540657043457
commonworker0|flocal|1|0.36043667793273926
mariadbworker0|funsat|1|0.38564562797546387
haproxyworker0|flocal|1|0.25875258445739746
ovswitchworker0|flocal|1|0.2616391181945801
rabbitmqworker0|flocal|1|0.2737870216369629
factsworker0|flocal|1|0.2747764587402344
memcachedsworker0|flocal|1|0.28830909729003906
glanceworker0|funsat|1|0.28838229179382324
keystoneworker0|flocal|1|0.3188011646270752
mariadbworker0|funsat|1|0.38155436515808105
commonworker0|flocal|1|0.38600897789001465
memcachedsworker0|flocal|1|0.258817195892334
haproxyworker0|flocal|1|0.27002406120300293
factsworker0|flocal|1|0.26614880561828613
rabbitmqworker0|flocal|1|0.2691774368286133
glanceworker0|funsat|1|0.26009225845336914
ovswitchworker0|flocal|1|0.2862725257873535
keystoneworker0|flocal|1|0.3249804973602295
mariadbworker0|funsat|1|0.38924574851989746
commonworker0|flocal|1|0.3923053741455078
memcachedsworker0|ffinal|1|0.24998784065246582
factsworker0|ffinal|1|0.2523777484893799
haproxyworker0|ffinal|1|0.2869117259979248
ovswitchworker0|ffinal|1|0.28646373748779297
glanceworker0|funsat|1|0.2721390724182129
rabbitmqworker0|ffinal|1|0.28720521926879883
keystoneworker0|ffinal|1|0.30467891693115234
commonworker0|ffinal|1|0.40992069244384766
mariadbworker0|funsat|1|0.4373040199279785
node_worker0|total_time|1|7.980229
node_worker0|loops|1|5
node_worker0|messages|1|119
memcachedsworker0|min_constraint|1|1
factsworker0|max_constraint|1|13
neutronworker0|funsat|1|0.2427845001220703
neutronworker0|funsat|1|0.2055821418762207
neutronworker0|funsat|1|0.20250940322875977
neutronworker0|funsat|1|0.20804548263549805
node_neutron0|total_time|1|8.064710
node_neutron0|loops|1|6
node_neutron0|messages|1|0
neutronworker0|min_constraint|1|6
neutronworker0|max_constraint|1|6
novaworker0|funsat|1|0.40907955169677734
novaworker0|funsat|1|0.3175227642059326
novaworker0|funsat|1|0.3253350257873535
node_nova0|total_time|1|7.402124
node_nova0|loops|1|5
node_nova0|messages|1|0
novaworker0|min_constraint|1|7
novaworker0|max_constraint|1|7
rabbitmqmaster|flocal|2|0.25190043449401855
factsmaster|flocal|2|0.25444507598876953
memcachedsmaster|flocal|2|0.27100253105163574
ovswitchmaster|flocal|2|0.27303242683410645
haproxymaster|flocal|2|0.27532005310058594
commonmaster|flocal|2|0.3078899383544922
mariadbmaster|flocal|2|0.44494128227233887
ovswitchmaster|flocal|2|0.21581792831420898
haproxymaster|flocal|2|0.22308731079101562
rabbitmqmaster|flocal|2|0.22915983200073242
memcachedsmaster|flocal|2|0.23622870445251465
factsmaster|flocal|2|0.23911333084106445
commonmaster|flocal|2|0.28650522232055664
mariadbmaster|flocal|2|0.41817498207092285
memcachedsmaster|flocal|2|0.22396516799926758
haproxymaster|flocal|2|0.22438907623291016
rabbitmqmaster|flocal|2|0.2262744903564453
factsmaster|flocal|2|0.23221778869628906
ovswitchmaster|flocal|2|0.24260973930358887
commonmaster|flocal|2|0.31559181213378906
mariadbmaster|flocal|2|0.42312002182006836
ovswitchmaster|flocal|2|0.2405383586883545
factsmaster|flocal|2|0.22809910774230957
memcachedsmaster|flocal|2|0.2437593936920166
rabbitmqmaster|flocal|2|0.23623943328857422
haproxymaster|flocal|2|0.2674548625946045
commonmaster|flocal|2|0.3185310363769531
mariadbmaster|flocal|2|0.4443933963775635
haproxymaster|flocal|2|0.2244126796722412
ovswitchmaster|flocal|2|0.22696471214294434
rabbitmqmaster|flocal|2|0.2330002784729004
memcachedsmaster|flocal|2|0.2405531406402588
factsmaster|flocal|2|0.242431640625
commonmaster|flocal|2|0.31229400634765625
mariadbmaster|flocal|2|0.5467822551727295
memcachedsmaster|flocal|2|0.23770999908447266
ovswitchmaster|flocal|2|0.24022984504699707
haproxymaster|flocal|2|0.24188685417175293
rabbitmqmaster|flocal|2|0.2500956058502197
factsmaster|flocal|2|0.27118444442749023
commonmaster|flocal|2|0.3374149799346924
mariadbmaster|flocal|2|0.5833549499511719
rabbitmqmaster|ffinal|2|0.24177837371826172
haproxymaster|ffinal|2|0.24868154525756836
factsmaster|ffinal|2|0.2578089237213135
memcachedsmaster|ffinal|2|0.26541996002197266
ovswitchmaster|ffinal|2|0.26701831817626953
commonmaster|ffinal|2|0.3479127883911133
mariadbmaster|ffinal|2|0.5797653198242188
node_master|total_time|2|11.974629
node_master|loops|2|9
node_master|messages|2|114
memcachedsmaster|min_constraint|2|1
commonmaster|max_constraint|2|17
haproxyworker0|flocal|2|0.3213982582092285
factsworker0|flocal|2|0.33020663261413574
rabbitmqworker0|flocal|2|0.33127641677856445
memcachedsworker0|flocal|2|0.33864903450012207
ovswitchworker0|flocal|2|0.36086177825927734
commonworker0|flocal|2|0.3827500343322754
keystoneworker0|flocal|2|0.41959428787231445
glanceworker0|flocal|2|0.4153480529785156
mariadbworker0|flocal|2|0.6091020107269287
factsworker0|flocal|2|0.4935569763183594
memcachedsworker0|flocal|2|0.499131441116333
ovswitchworker0|flocal|2|0.5229320526123047
rabbitmqworker0|flocal|2|0.5225999355316162
haproxyworker0|flocal|2|0.5477418899536133
glanceworker0|funsat|2|0.569927453994751
keystoneworker0|flocal|2|0.5918891429901123
commonworker0|flocal|2|0.6197688579559326
mariadbworker0|funsat|2|0.6730239391326904
haproxyworker0|flocal|2|0.2587559223175049
ovswitchworker0|flocal|2|0.2612755298614502
memcachedsworker0|flocal|2|0.2629821300506592
rabbitmqworker0|flocal|2|0.27067136764526367
glanceworker0|funsat|2|0.2632570266723633
factsworker0|flocal|2|0.2864980697631836
keystoneworker0|flocal|2|0.3279752731323242
commonworker0|flocal|2|0.34577131271362305
mariadbworker0|funsat|2|0.3813161849975586
rabbitmqworker0|flocal|2|0.25864291191101074
memcachedsworker0|flocal|2|0.2656364440917969
ovswitchworker0|flocal|2|0.27063632011413574
factsworker0|flocal|2|0.2826051712036133
haproxyworker0|flocal|2|0.29270267486572266
glanceworker0|funsat|2|0.28403592109680176
keystoneworker0|flocal|2|0.32296013832092285
commonworker0|flocal|2|0.37685370445251465
mariadbworker0|funsat|2|0.37807154655456543
memcachedsworker0|flocal|2|0.25244832038879395
ovswitchworker0|flocal|2|0.2741553783416748
haproxyworker0|flocal|2|0.2825202941894531
rabbitmqworker0|flocal|2|0.2968456745147705
glanceworker0|funsat|2|0.2778482437133789
factsworker0|flocal|2|0.2938511371612549
keystoneworker0|flocal|2|0.3235139846801758
commonworker0|flocal|2|0.3939933776855469
mariadbworker0|funsat|2|0.4029269218444824
ovswitchworker0|flocal|2|0.28244471549987793
memcachedsworker0|flocal|2|0.2887389659881592
rabbitmqworker0|flocal|2|0.28852105140686035
factsworker0|flocal|2|0.29160642623901367
haproxyworker0|flocal|2|0.3019287586212158
glanceworker0|funsat|2|0.27687978744506836
keystoneworker0|flocal|2|0.3442678451538086
mariadbworker0|funsat|2|0.40830063819885254
commonworker0|flocal|2|0.41259002685546875
memcachedsworker0|ffinal|2|0.25960612297058105
ovswitchworker0|ffinal|2|0.28672313690185547
factsworker0|ffinal|2|0.2926778793334961
glanceworker0|funsat|2|0.28673505783081055
rabbitmqworker0|ffinal|2|0.3147776126861572
haproxyworker0|ffinal|2|0.3263072967529297
keystoneworker0|ffinal|2|0.3262922763824463
commonworker0|ffinal|2|0.3785240650177002
mariadbworker0|funsat|2|0.4041752815246582
node_worker0|total_time|2|8.529123
node_worker0|loops|2|6
node_worker0|messages|2|119
memcachedsworker0|min_constraint|2|1
factsworker0|max_constraint|2|13
neutronworker0|funsat|2|0.2296748161315918
neutronworker0|funsat|2|0.20675015449523926
neutronworker0|funsat|2|0.2048048973083496
neutronworker0|funsat|2|0.23115897178649902
node_neutron0|total_time|2|8.942026
node_neutron0|loops|2|6
node_neutron0|messages|2|0
neutronworker0|min_constraint|2|6
neutronworker0|max_constraint|2|6
novaworker0|funsat|2|0.4032001495361328
novaworker0|funsat|2|0.31804776191711426
novaworker0|funsat|2|0.3291492462158203
novaworker0|funsat|2|0.31876516342163086
node_nova0|total_time|2|7.988618
node_nova0|loops|2|5
node_nova0|messages|2|0
novaworker0|min_constraint|2|7
novaworker0|max_constraint|2|7
rabbitmqmaster|flocal|3|0.3134429454803467
factsmaster|flocal|3|0.31788039207458496
memcachedsmaster|flocal|3|0.32591700553894043
haproxymaster|flocal|3|0.3339114189147949
ovswitchmaster|flocal|3|0.33253931999206543
commonmaster|flocal|3|0.36707520484924316
mariadbmaster|flocal|3|0.49184465408325195
memcachedsmaster|flocal|3|0.2323319911956787
factsmaster|flocal|3|0.24140286445617676
ovswitchmaster|flocal|3|0.25853538513183594
haproxymaster|flocal|3|0.268218994140625
rabbitmqmaster|flocal|3|0.27692484855651855
commonmaster|flocal|3|0.29837918281555176
mariadbmaster|flocal|3|0.4375791549682617
factsmaster|flocal|3|0.2481071949005127
memcachedsmaster|flocal|3|0.24986529350280762
rabbitmqmaster|flocal|3|0.26097846031188965
ovswitchmaster|flocal|3|0.270627498626709
haproxymaster|flocal|3|0.2885861396789551
commonmaster|flocal|3|0.3488578796386719
mariadbmaster|flocal|3|0.446211576461792
ovswitchmaster|flocal|3|0.24722886085510254
haproxymaster|flocal|3|0.2546112537384033
rabbitmqmaster|flocal|3|0.2415313720703125
memcachedsmaster|flocal|3|0.26415538787841797
factsmaster|flocal|3|0.25294923782348633
commonmaster|flocal|3|0.32814669609069824
mariadbmaster|flocal|3|0.5935502052307129
ovswitchmaster|flocal|3|0.24805808067321777
haproxymaster|flocal|3|0.2546985149383545
memcachedsmaster|flocal|3|0.25668764114379883
rabbitmqmaster|flocal|3|0.25760722160339355
factsmaster|flocal|3|0.2646036148071289
commonmaster|flocal|3|0.3624699115753174
mariadbmaster|flocal|3|0.5757772922515869
memcachedsmaster|ffinal|3|0.23857378959655762
factsmaster|ffinal|3|0.24541854858398438
ovswitchmaster|ffinal|3|0.24965572357177734
haproxymaster|ffinal|3|0.2581901550292969
rabbitmqmaster|ffinal|3|0.2620849609375
commonmaster|ffinal|3|0.35162901878356934
mariadbmaster|ffinal|3|0.5877838134765625
node_master|total_time|3|12.087461
node_master|loops|3|6
node_master|messages|3|84
memcachedsmaster|min_constraint|3|1
commonmaster|max_constraint|3|17
rabbitmqworker0|flocal|3|0.26139140129089355
ovswitchworker0|flocal|3|0.2780756950378418
factsworker0|flocal|3|0.2828381061553955
haproxyworker0|flocal|3|0.3033332824707031
commonworker0|flocal|3|0.31855010986328125
memcachedsworker0|flocal|3|0.3331878185272217
glanceworker0|flocal|3|0.32965683937072754
keystoneworker0|flocal|3|0.3382608890533447
mariadbworker0|flocal|3|0.5340499877929688
haproxyworker0|flocal|3|0.2346665859222412
ovswitchworker0|flocal|3|0.2432551383972168
memcachedsworker0|flocal|3|0.24516582489013672
factsworker0|flocal|3|0.25853729248046875
rabbitmqworker0|flocal|3|0.27484703063964844
glanceworker0|funsat|3|0.2686922550201416
keystoneworker0|flocal|3|0.3207583427429199
commonworker0|flocal|3|0.349048376083374
mariadbworker0|funsat|3|0.3602592945098877
memcachedsworker0|flocal|3|0.22385835647583008
haproxyworker0|flocal|3|0.25972867012023926
factsworker0|flocal|3|0.2574303150177002
ovswitchworker0|flocal|3|0.25989341735839844
rabbitmqworker0|flocal|3|0.27161240577697754
glanceworker0|funsat|3|0.2713289260864258
keystoneworker0|flocal|3|0.31537723541259766
commonworker0|flocal|3|0.34470152854919434
mariadbworker0|funsat|3|0.36646461486816406
haproxyworker0|flocal|3|0.44945335388183594
memcachedsworker0|flocal|3|0.4824509620666504
ovswitchworker0|flocal|3|0.4828517436981201
rabbitmqworker0|flocal|3|0.4824666976928711
factsworker0|flocal|3|0.4870920181274414
glanceworker0|funsat|3|0.4917151927947998
keystoneworker0|flocal|3|0.5347437858581543
commonworker0|flocal|3|0.5823776721954346
mariadbworker0|funsat|3|0.590855598449707
haproxyworker0|ffinal|3|0.23981475830078125
memcachedsworker0|ffinal|3|0.2507765293121338
ovswitchworker0|ffinal|3|0.2558913230895996
rabbitmqworker0|ffinal|3|0.26108741760253906
factsworker0|ffinal|3|0.26444578170776367
glanceworker0|funsat|3|0.2630949020385742
keystoneworker0|ffinal|3|0.30257654190063477
commonworker0|ffinal|3|0.3403754234313965
mariadbworker0|funsat|3|0.37406182289123535
node_worker0|total_time|3|8.296796
node_worker0|loops|3|4
node_worker0|messages|3|89
memcachedsworker0|min_constraint|3|1
commonworker0|max_constraint|3|12
neutronworker0|funsat|3|0.293668270111084
neutronworker0|funsat|3|0.22805452346801758
neutronworker0|funsat|3|0.2249443531036377
neutronworker0|funsat|3|0.23464345932006836
node_neutron0|total_time|3|8.434634
node_neutron0|loops|3|5
node_neutron0|messages|3|0
neutronworker0|min_constraint|3|6
neutronworker0|max_constraint|3|6
novaworker0|funsat|3|0.35556840896606445
novaworker0|funsat|3|0.2959446907043457
novaworker0|funsat|3|0.29029226303100586
node_nova0|total_time|3|8.583100
node_nova0|loops|3|7
node_nova0|messages|3|0
novaworker0|min_constraint|3|7
novaworker0|max_constraint|3|7
rabbitmqmaster|flocal|4|0.3354530334472656
ovswitchmaster|flocal|4|0.33588314056396484
memcachedsmaster|flocal|4|0.3361985683441162
factsmaster|flocal|4|0.34913206100463867
haproxymaster|flocal|4|0.3538789749145508
commonmaster|flocal|4|0.3940732479095459
mariadbmaster|flocal|4|0.5186944007873535
memcachedsmaster|flocal|4|0.254680871963501
haproxymaster|flocal|4|0.25501036643981934
factsmaster|flocal|4|0.26235008239746094
rabbitmqmaster|flocal|4|0.26584625244140625
ovswitchmaster|flocal|4|0.2711496353149414
commonmaster|flocal|4|0.3156452178955078
mariadbmaster|flocal|4|0.4413614273071289
ovswitchmaster|flocal|4|0.24873566627502441
haproxymaster|flocal|4|0.2581181526184082
memcachedsmaster|flocal|4|0.2643122673034668
factsmaster|flocal|4|0.26403355598449707
rabbitmqmaster|flocal|4|0.27103209495544434
commonmaster|flocal|4|0.3367760181427002
mariadbmaster|flocal|4|0.43797874450683594
memcachedsmaster|flocal|4|0.24220061302185059
ovswitchmaster|flocal|4|0.23111224174499512
haproxymaster|flocal|4|0.2520134449005127
rabbitmqmaster|flocal|4|0.24432826042175293
factsmaster|flocal|4|0.24811720848083496
commonmaster|flocal|4|0.32418370246887207
mariadbmaster|flocal|4|0.4336118698120117
memcachedsmaster|flocal|4|0.2525932788848877
rabbitmqmaster|flocal|4|0.2533988952636719
ovswitchmaster|flocal|4|0.2616159915924072
haproxymaster|flocal|4|0.2732057571411133
factsmaster|flocal|4|0.27141833305358887
commonmaster|flocal|4|0.34502148628234863
mariadbmaster|flocal|4|0.4482917785644531
memcachedsmaster|ffinal|4|0.257854700088501
ovswitchmaster|ffinal|4|0.26116299629211426
haproxymaster|ffinal|4|0.2689061164855957
rabbitmqmaster|ffinal|4|0.26801252365112305
factsmaster|ffinal|4|0.2814157009124756
commonmaster|ffinal|4|0.3470125198364258
mariadbmaster|ffinal|4|0.45686769485473633
node_master|total_time|4|9.630466
node_master|loops|4|5
node_master|messages|4|82
memcachedsmaster|min_constraint|4|1
factsmaster|max_constraint|4|13
haproxyworker0|flocal|4|0.2955179214477539
ovswitchworker0|flocal|4|0.3002290725708008
factsworker0|flocal|4|0.3029475212097168
memcachedsworker0|flocal|4|0.30611252784729004
rabbitmqworker0|flocal|4|0.30895471572875977
commonworker0|flocal|4|0.35054659843444824
keystoneworker0|flocal|4|0.3694157600402832
glanceworker0|flocal|4|0.37302398681640625
mariadbworker0|flocal|4|0.5512087345123291
ovswitchworker0|flocal|4|0.23961782455444336
haproxyworker0|flocal|4|0.282595157623291
memcachedsworker0|flocal|4|0.28377294540405273
commonworker0|flocal|4|0.28586339950561523
factsworker0|flocal|4|0.2813997268676758
rabbitmqworker0|flocal|4|0.2886333465576172
keystoneworker0|flocal|4|0.2827279567718506
glanceworker0|flocal|4|0.30370044708251953
mariadbworker0|funsat|4|0.373734712600708
haproxyworker0|flocal|4|0.22780442237854004
memcachedsworker0|flocal|4|0.24716758728027344
factsworker0|flocal|4|0.2520155906677246
ovswitchworker0|flocal|4|0.2794773578643799
rabbitmqworker0|flocal|4|0.28516221046447754
keystoneworker0|flocal|4|0.28948283195495605
commonworker0|flocal|4|0.31891655921936035
mariadbworker0|funsat|4|0.3519573211669922
glanceworker0|flocal|4|0.3422279357910156
memcachedsworker0|flocal|4|0.23727655410766602
ovswitchworker0|flocal|4|0.24756598472595215
rabbitmqworker0|flocal|4|0.26973462104797363
factsworker0|flocal|4|0.27195262908935547
haproxyworker0|flocal|4|0.2747623920440674
keystoneworker0|flocal|4|0.3015868663787842
commonworker0|flocal|4|0.3159027099609375
glanceworker0|flocal|4|0.31763434410095215
mariadbworker0|funsat|4|0.3661067485809326
neutronworker0|flocal|4|0.3784751892089844
neutronworker0|flocal|4|0.2807803153991699
neutronworker0|flocal|4|0.2755577564239502
neutronworker0|ffinal|4|0.279524564743042
node_neutron0|total_time|4|6.380772
node_neutron0|loops|4|6
node_neutron0|messages|4|6
neutronworker0|min_constraint|4|3
neutronworker0|max_constraint|4|3
novaworker0|funsat|4|0.3363304138183594
novaworker0|funsat|4|0.30166029930114746
novaworker0|funsat|4|0.307506799697876
novaworker0|funsat|4|0.4465622901916504
node_nova0|total_time|4|6.809410
node_nova0|loops|4|5
node_nova0|messages|4|0
novaworker0|min_constraint|4|4
novaworker0|max_constraint|4|4
factsmaster|flocal|5|0.3081550598144531
memcachedsmaster|flocal|5|0.3133368492126465
haproxymaster|flocal|5|0.3227376937866211
rabbitmqmaster|flocal|5|0.32156896591186523
ovswitchmaster|flocal|5|0.3299243450164795
commonmaster|flocal|5|0.4388127326965332
mariadbmaster|flocal|5|0.5537359714508057
rabbitmqmaster|flocal|5|0.24038171768188477
factsmaster|flocal|5|0.25508928298950195
haproxymaster|flocal|5|0.2577085494995117
ovswitchmaster|flocal|5|0.26660799980163574
memcachedsmaster|flocal|5|0.27375054359436035
commonmaster|flocal|5|0.3014953136444092
mariadbmaster|flocal|5|0.45824646949768066
memcachedsmaster|flocal|5|0.23860764503479004
ovswitchmaster|flocal|5|0.23950743675231934
factsmaster|flocal|5|0.24978041648864746
rabbitmqmaster|flocal|5|0.2512533664703369
haproxymaster|flocal|5|0.26157665252685547
commonmaster|flocal|5|0.3375711441040039
mariadbmaster|flocal|5|0.4260590076446533
rabbitmqmaster|flocal|5|0.2353048324584961
ovswitchmaster|flocal|5|0.2681915760040283
factsmaster|flocal|5|0.26169657707214355
haproxymaster|flocal|5|0.28432488441467285
memcachedsmaster|flocal|5|0.29560303688049316
commonmaster|flocal|5|0.31288933753967285
mariadbmaster|flocal|5|0.4365420341491699
haproxymaster|flocal|5|0.226762056350708
rabbitmqmaster|flocal|5|0.2306499481201172
factsmaster|flocal|5|0.2419741153717041
memcachedsmaster|flocal|5|0.2463526725769043
ovswitchmaster|flocal|5|0.25325775146484375
commonmaster|flocal|5|0.31543803215026855
mariadbmaster|flocal|5|0.5507998466491699
haproxymaster|flocal|5|0.22628283500671387
memcachedsmaster|flocal|5|0.2288048267364502
rabbitmqmaster|flocal|5|0.2366039752960205
factsmaster|flocal|5|0.24241399765014648
ovswitchmaster|flocal|5|0.24895691871643066
commonmaster|flocal|5|0.35108017921447754
mariadbmaster|flocal|5|0.5518505573272705
memcachedsmaster|ffinal|5|0.23817825317382812
haproxymaster|ffinal|5|0.24185919761657715
rabbitmqmaster|ffinal|5|0.24414658546447754
ovswitchmaster|ffinal|5|0.24756598472595215
factsmaster|ffinal|5|0.2576119899749756
commonmaster|ffinal|5|0.3454320430755615
mariadbmaster|ffinal|5|0.552332878112793
node_master|total_time|5|11.298895
node_master|loops|5|9
node_master|messages|5|114
memcachedsmaster|min_constraint|5|1
commonmaster|max_constraint|5|17
memcachedsworker0|flocal|5|0.2902193069458008
haproxyworker0|flocal|5|0.29758310317993164
ovswitchworker0|flocal|5|0.29873108863830566
factsworker0|flocal|5|0.29615306854248047
rabbitmqworker0|flocal|5|0.30782127380371094
commonworker0|flocal|5|0.3353762626647949
keystoneworker0|flocal|5|0.3296504020690918
glanceworker0|flocal|5|0.3451719284057617
mariadbworker0|flocal|5|0.5435914993286133
haproxyworker0|flocal|5|0.24920082092285156
rabbitmqworker0|flocal|5|0.24798226356506348
ovswitchworker0|flocal|5|0.27385616302490234
memcachedsworker0|flocal|5|0.27915406227111816
factsworker0|flocal|5|0.27886295318603516
glanceworker0|funsat|5|0.2872776985168457
commonworker0|flocal|5|0.33212780952453613
keystoneworker0|flocal|5|0.3395719528198242
mariadbworker0|funsat|5|0.398268461227417
ovswitchworker0|flocal|5|0.24113845825195312
memcachedsworker0|flocal|5|0.26328563690185547
rabbitmqworker0|flocal|5|0.26477503776550293
haproxyworker0|flocal|5|0.2685410976409912
factsworker0|flocal|5|0.2706596851348877
glanceworker0|funsat|5|0.2649664878845215
keystoneworker0|flocal|5|0.3043789863586426
commonworker0|flocal|5|0.3387777805328369
mariadbworker0|funsat|5|0.36705970764160156
memcachedsworker0|flocal|5|0.24579358100891113
haproxyworker0|flocal|5|0.25364065170288086
factsworker0|flocal|5|0.2677884101867676
ovswitchworker0|flocal|5|0.2694261074066162
rabbitmqworker0|flocal|5|0.26937270164489746
glanceworker0|funsat|5|0.272655725479126
keystoneworker0|flocal|5|0.32769346237182617
commonworker0|flocal|5|0.3316648006439209
mariadbworker0|funsat|5|0.3908519744873047
memcachedsworker0|ffinal|5|0.22792458534240723
haproxyworker0|ffinal|5|0.24096965789794922
ovswitchworker0|ffinal|5|0.24689030647277832
factsworker0|ffinal|5|0.2639765739440918
rabbitmqworker0|ffinal|5|0.2764134407043457
glanceworker0|funsat|5|0.25797605514526367
keystoneworker0|ffinal|5|0.3008735179901123
commonworker0|ffinal|5|0.3714640140533447
mariadbworker0|funsat|5|0.37212514877319336
node_worker0|total_time|5|7.458976
node_worker0|loops|5|4
node_worker0|messages|5|89
memcachedsworker0|min_constraint|5|1
commonworker0|max_constraint|5|12
neutronworker0|funsat|5|0.24182748794555664
neutronworker0|funsat|5|0.19063329696655273
neutronworker0|funsat|5|0.4830925464630127
neutronworker0|funsat|5|0.20656776428222656
node_neutron0|total_time|5|6.864809
node_neutron0|loops|5|7
node_neutron0|messages|5|0
neutronworker0|min_constraint|5|6
neutronworker0|max_constraint|5|6
novaworker0|funsat|5|0.4224393367767334
novaworker0|funsat|5|0.3199288845062256
novaworker0|funsat|5|0.3202199935913086
novaworker0|funsat|5|0.32526564598083496
node_nova0|total_time|5|7.025574
node_nova0|loops|5|6
node_nova0|messages|5|0
novaworker0|min_constraint|5|7
novaworker0|max_constraint|5|7
haproxymaster|flocal|6|0.26682066917419434
memcachedsmaster|flocal|6|0.2666034698486328
factsmaster|flocal|6|0.27240514755249023
ovswitchmaster|flocal|6|0.28327012062072754
rabbitmqmaster|flocal|6|0.28580641746520996
commonmaster|flocal|6|0.3203928470611572
mariadbmaster|flocal|6|0.44681477546691895
memcachedsmaster|flocal|6|0.24030494689941406
haproxymaster|flocal|6|0.2592768669128418
factsmaster|flocal|6|0.26201844215393066
ovswitchmaster|flocal|6|0.2662513256072998
rabbitmqmaster|flocal|6|0.26825976371765137
commonmaster|flocal|6|0.30312347412109375
mariadbmaster|flocal|6|0.4274728298187256
ovswitchmaster|flocal|6|0.3532092571258545
memcachedsmaster|flocal|6|0.360123872756958
factsmaster|flocal|6|0.36357808113098145
rabbitmqmaster|flocal|6|0.371612548828125
haproxymaster|flocal|6|0.37697315216064453
commonmaster|flocal|6|0.4698188304901123
mariadbmaster|flocal|6|0.5456244945526123
haproxymaster|flocal|6|0.23856425285339355
memcachedsmaster|flocal|6|0.23924708366394043
ovswitchmaster|flocal|6|0.24464941024780273
rabbitmqmaster|flocal|6|0.23270559310913086
factsmaster|flocal|6|0.2578291893005371
commonmaster|flocal|6|0.36907076835632324
mariadbmaster|flocal|6|0.5713276863098145
haproxymaster|flocal|6|0.23757719993591309
ovswitchmaster|flocal|6|0.23726248741149902
memcachedsmaster|flocal|6|0.24349570274353027
rabbitmqmaster|flocal|6|0.2435448169708252
factsmaster|flocal|6|0.24651694297790527
commonmaster|flocal|6|0.3537273406982422
mariadbmaster|flocal|6|0.5526371002197266
ovswitchmaster|ffinal|6|0.22114253044128418
haproxymaster|ffinal|6|0.2326514720916748
rabbitmqmaster|ffinal|6|0.251084566116333
memcachedsmaster|ffinal|6|0.25815296173095703
factsmaster|ffinal|6|0.26792263984680176
commonmaster|ffinal|6|0.355008602142334
mariadbmaster|ffinal|6|0.5500800609588623
node_master|total_time|6|10.062911
node_master|loops|6|6
node_master|messages|6|84
memcachedsmaster|min_constraint|6|1
commonmaster|max_constraint|6|17
rabbitmqworker0|flocal|6|0.2819550037384033
memcachedsworker0|flocal|6|0.29245948791503906
haproxyworker0|flocal|6|0.3006250858306885
factsworker0|flocal|6|0.2960832118988037
ovswitchworker0|flocal|6|0.30211448669433594
commonworker0|flocal|6|0.32338404655456543
keystoneworker0|flocal|6|0.3248436450958252
glanceworker0|flocal|6|0.3373911380767822
mariadbworker0|flocal|6|0.5203924179077148
memcachedsworker0|flocal|6|0.23716187477111816
ovswitchworker0|flocal|6|0.2599148750305176
rabbitmqworker0|flocal|6|0.2702159881591797
factsworker0|flocal|6|0.27167487144470215
glanceworker0|funsat|6|0.2739450931549072
haproxyworker0|flocal|6|0.28804469108581543
keystoneworker0|flocal|6|0.3197002410888672
commonworker0|flocal|6|0.32410740852355957
mariadbworker0|funsat|6|0.35912442207336426
memcachedsworker0|flocal|6|0.2442331314086914
rabbitmqworker0|flocal|6|0.25342607498168945
factsworker0|flocal|6|0.2613523006439209
ovswitchworker0|flocal|6|0.27536821365356445
glanceworker0|funsat|6|0.2584350109100342
haproxyworker0|flocal|6|0.2812974452972412
keystoneworker0|flocal|6|0.3070821762084961
commonworker0|flocal|6|0.32692956924438477
mariadbworker0|funsat|6|0.3686552047729492
memcachedsworker0|flocal|6|0.24503731727600098
rabbitmqworker0|flocal|6|0.2560455799102783
ovswitchworker0|flocal|6|0.26403331756591797
glanceworker0|funsat|6|0.2687413692474365
factsworker0|flocal|6|0.28294992446899414
haproxyworker0|flocal|6|0.28754258155822754
keystoneworker0|flocal|6|0.31116509437561035
commonworker0|flocal|6|0.3404884338378906
mariadbworker0|funsat|6|0.37502050399780273
ovswitchworker0|ffinal|6|0.24358677864074707
memcachedsworker0|ffinal|6|0.2581002712249756
haproxyworker0|ffinal|6|0.2646658420562744
rabbitmqworker0|ffinal|6|0.26488447189331055
factsworker0|ffinal|6|0.26787900924682617
glanceworker0|funsat|6|0.27112889289855957
keystoneworker0|ffinal|6|0.3143002986907959
commonworker0|ffinal|6|0.3531785011291504
mariadbworker0|funsat|6|0.36296510696411133
node_worker0|total_time|6|6.902304
node_worker0|loops|6|4
node_worker0|messages|6|89
memcachedsworker0|min_constraint|6|1
commonworker0|max_constraint|6|12
neutronworker0|funsat|6|0.23308229446411133
neutronworker0|funsat|6|0.19768714904785156
neutronworker0|funsat|6|0.20207929611206055
neutronworker0|funsat|6|0.20071816444396973
node_neutron0|total_time|6|6.656929
node_neutron0|loops|6|5
node_neutron0|messages|6|0
neutronworker0|min_constraint|6|6
neutronworker0|max_constraint|6|6
novaworker0|funsat|6|0.3777146339416504
novaworker0|funsat|6|0.32291293144226074
novaworker0|funsat|6|0.32213354110717773
node_nova0|total_time|6|5.994061
node_nova0|loops|6|2
node_nova0|messages|6|0
novaworker0|min_constraint|6|7
novaworker0|max_constraint|6|7
factsmaster|flocal|7|0.32831692695617676
memcachedsmaster|flocal|7|0.33027219772338867
haproxymaster|flocal|7|0.3467400074005127
rabbitmqmaster|flocal|7|0.3457667827606201
ovswitchmaster|flocal|7|0.34797000885009766
commonmaster|flocal|7|0.38011908531188965
mariadbmaster|flocal|7|0.5253784656524658
haproxymaster|flocal|7|0.23426103591918945
ovswitchmaster|flocal|7|0.25163769721984863
memcachedsmaster|flocal|7|0.2521650791168213
factsmaster|flocal|7|0.2518036365509033
rabbitmqmaster|flocal|7|0.25818514823913574
commonmaster|flocal|7|0.3000497817993164
mariadbmaster|flocal|7|0.42329859733581543
haproxymaster|flocal|7|0.23948025703430176
factsmaster|flocal|7|0.24081015586853027
rabbitmqmaster|flocal|7|0.24288296699523926
memcachedsmaster|flocal|7|0.25557708740234375
ovswitchmaster|flocal|7|0.2944667339324951
commonmaster|flocal|7|0.33622264862060547
mariadbmaster|flocal|7|0.4564015865325928
rabbitmqmaster|flocal|7|0.2437596321105957
haproxymaster|flocal|7|0.2658822536468506
memcachedsmaster|flocal|7|0.26993799209594727
ovswitchmaster|flocal|7|0.27314233779907227
factsmaster|flocal|7|0.2662630081176758
commonmaster|flocal|7|0.3423478603363037
mariadbmaster|flocal|7|0.44448399543762207
haproxymaster|flocal|7|0.24635767936706543
rabbitmqmaster|flocal|7|0.2524709701538086
ovswitchmaster|flocal|7|0.25345587730407715
factsmaster|flocal|7|0.25438404083251953
memcachedsmaster|flocal|7|0.26702022552490234
commonmaster|flocal|7|0.33759188652038574
mariadbmaster|flocal|7|0.45537614822387695
ovswitchmaster|ffinal|7|0.23540234565734863
memcachedsmaster|ffinal|7|0.24678540229797363
rabbitmqmaster|ffinal|7|0.2560768127441406
factsmaster|ffinal|7|0.2530665397644043
haproxymaster|ffinal|7|0.29685187339782715
commonmaster|ffinal|7|0.3220250606536865
mariadbmaster|ffinal|7|0.4693634510040283
node_master|total_time|7|8.528559
node_master|loops|7|5
node_master|messages|7|82
memcachedsmaster|min_constraint|7|1
factsmaster|max_constraint|7|13
ovswitchworker0|flocal|7|0.32106685638427734
rabbitmqworker0|flocal|7|0.33488893508911133
memcachedsworker0|flocal|7|0.33554625511169434
factsworker0|flocal|7|0.35149693489074707
haproxyworker0|flocal|7|0.3569455146789551
keystoneworker0|flocal|7|0.37296056747436523
glanceworker0|flocal|7|0.3912620544433594
commonworker0|flocal|7|0.394179105758667
mariadbworker0|flocal|7|0.5596027374267578
memcachedsworker0|flocal|7|0.2507047653198242
ovswitchworker0|flocal|7|0.2504103183746338
rabbitmqworker0|flocal|7|0.28245019912719727
haproxyworker0|flocal|7|0.2891995906829834
factsworker0|flocal|7|0.31782984733581543
keystoneworker0|flocal|7|0.32671284675598145
glanceworker0|flocal|7|0.33297061920166016
commonworker0|flocal|7|0.3477954864501953
mariadbworker0|funsat|7|0.3783292770385742
factsworker0|flocal|7|0.25331592559814453
haproxyworker0|flocal|7|0.2690761089324951
ovswitchworker0|flocal|7|0.27768397331237793
rabbitmqworker0|flocal|7|0.28255796432495117
memcachedsworker0|flocal|7|0.28417253494262695
commonworker0|flocal|7|0.308077335357666
keystoneworker0|flocal|7|0.31824755668640137
glanceworker0|flocal|7|0.3263120651245117
mariadbworker0|funsat|7|0.3960566520690918
haproxyworker0|flocal|7|0.2730534076690674
memcachedsworker0|flocal|7|0.27281904220581055
factsworker0|flocal|7|0.27402567863464355
rabbitmqworker0|flocal|7|0.2970597743988037
commonworker0|flocal|7|0.2991180419921875
ovswitchworker0|flocal|7|0.3087272644042969
keystoneworker0|flocal|7|0.3108174800872803
glanceworker0|flocal|7|0.31574034690856934
mariadbworker0|funsat|7|0.3710930347442627
neutronworker0|flocal|7|0.37547898292541504
neutronworker0|flocal|7|0.24715137481689453
neutronworker0|ffinal|7|0.2756211757659912
node_neutron0|total_time|7|5.124864
node_neutron0|loops|7|5
node_neutron0|messages|7|4
neutronworker0|min_constraint|7|3
neutronworker0|max_constraint|7|3
novaworker0|funsat|7|0.4105815887451172
novaworker0|funsat|7|0.32546114921569824
novaworker0|funsat|7|0.31684041023254395
novaworker0|funsat|7|0.3173401355743408
node_nova0|total_time|7|5.379998
node_nova0|loops|7|4
node_nova0|messages|7|0
novaworker0|min_constraint|7|4
novaworker0|max_constraint|7|4
memcachedsmaster|flocal|8|0.26825737953186035
ovswitchmaster|flocal|8|0.27376413345336914
factsmaster|flocal|8|0.2765028476715088
haproxymaster|flocal|8|0.280428409576416
rabbitmqmaster|flocal|8|0.2866709232330322
commonmaster|flocal|8|0.3320577144622803
mariadbmaster|flocal|8|0.4635162353515625
haproxymaster|flocal|8|0.22242355346679688
memcachedsmaster|flocal|8|0.22447514533996582
ovswitchmaster|flocal|8|0.23212099075317383
rabbitmqmaster|flocal|8|0.2415003776550293
factsmaster|flocal|8|0.2470865249633789
commonmaster|flocal|8|0.28352975845336914
mariadbmaster|flocal|8|0.403078556060791
memcachedsmaster|flocal|8|0.21795177459716797
factsmaster|flocal|8|0.22734475135803223
haproxymaster|flocal|8|0.2337970733642578
ovswitchmaster|flocal|8|0.23797821998596191
rabbitmqmaster|flocal|8|0.24187040328979492
commonmaster|flocal|8|0.3225858211517334
mariadbmaster|flocal|8|0.40259480476379395
memcachedsmaster|flocal|8|0.23377752304077148
haproxymaster|flocal|8|0.26194095611572266
ovswitchmaster|flocal|8|0.26972222328186035
factsmaster|flocal|8|0.2628664970397949
rabbitmqmaster|flocal|8|0.28601884841918945
commonmaster|flocal|8|0.3722708225250244
mariadbmaster|flocal|8|0.5472006797790527
memcachedsmaster|flocal|8|0.23068976402282715
haproxymaster|flocal|8|0.23554158210754395
factsmaster|flocal|8|0.24672842025756836
rabbitmqmaster|flocal|8|0.25194263458251953
ovswitchmaster|flocal|8|0.25391077995300293
commonmaster|flocal|8|0.34922218322753906
mariadbmaster|flocal|8|0.5549321174621582
ovswitchmaster|ffinal|8|0.22678208351135254
haproxymaster|ffinal|8|0.22915935516357422
rabbitmqmaster|ffinal|8|0.23992538452148438
memcachedsmaster|ffinal|8|0.24112606048583984
factsmaster|ffinal|8|0.24672698974609375
commonmaster|ffinal|8|0.3544790744781494
mariadbmaster|ffinal|8|0.5738315582275391
node_master|total_time|8|11.924587
node_master|loops|8|6
node_master|messages|8|84
memcachedsmaster|min_constraint|8|1
commonmaster|max_constraint|8|17
factsworker0|flocal|8|0.30594944953918457
rabbitmqworker0|flocal|8|0.31076836585998535
memcachedsworker0|flocal|8|0.32221555709838867
ovswitchworker0|flocal|8|0.3425724506378174
haproxyworker0|flocal|8|0.34578871726989746
commonworker0|flocal|8|0.3868753910064697
keystoneworker0|flocal|8|0.3988492488861084
glanceworker0|flocal|8|0.41280245780944824
mariadbworker0|flocal|8|0.5698165893554688
haproxyworker0|flocal|8|0.2519338130950928
rabbitmqworker0|flocal|8|0.2717273235321045
factsworker0|flocal|8|0.2765824794769287
ovswitchworker0|flocal|8|0.2820262908935547
memcachedsworker0|flocal|8|0.2911489009857178
glanceworker0|funsat|8|0.2870817184448242
keystoneworker0|flocal|8|0.32051920890808105
commonworker0|flocal|8|0.34701061248779297
mariadbworker0|funsat|8|0.3685922622680664
haproxyworker0|flocal|8|0.2671070098876953
memcachedsworker0|flocal|8|0.28257060050964355
rabbitmqworker0|flocal|8|0.2903757095336914
ovswitchworker0|flocal|8|0.299114465713501
glanceworker0|funsat|8|0.28897666931152344
factsworker0|flocal|8|0.31777095794677734
keystoneworker0|flocal|8|0.34938836097717285
commonworker0|flocal|8|0.3861727714538574
mariadbworker0|funsat|8|0.39471912384033203
memcachedsworker0|flocal|8|0.2613081932067871
ovswitchworker0|flocal|8|0.2623019218444824
haproxyworker0|flocal|8|0.27185583114624023
factsworker0|flocal|8|0.2801220417022705
rabbitmqworker0|flocal|8|0.2852146625518799
glanceworker0|funsat|8|0.265777587890625
keystoneworker0|flocal|8|0.3279552459716797
commonworker0|flocal|8|0.34337449073791504
mariadbworker0|funsat|8|0.38353872299194336
memcachedsworker0|ffinal|8|0.24501299858093262
haproxyworker0|ffinal|8|0.26760268211364746
rabbitmqworker0|ffinal|8|0.27153539657592773
glanceworker0|funsat|8|0.2650728225708008
ovswitchworker0|ffinal|8|0.2855052947998047
factsworker0|ffinal|8|0.2888309955596924
keystoneworker0|ffinal|8|0.3004493713378906
commonworker0|ffinal|8|0.35831665992736816
mariadbworker0|funsat|8|0.3791353702545166
node_worker0|total_time|8|7.685790
node_worker0|loops|8|4
node_worker0|messages|8|89
memcachedsworker0|min_constraint|8|1
commonworker0|max_constraint|8|12
neutronworker0|funsat|8|0.3265726566314697
neutronworker0|funsat|8|0.23392200469970703
neutronworker0|funsat|8|0.2303309440612793
node_neutron0|total_time|8|7.399299
node_neutron0|loops|8|5
node_neutron0|messages|8|0
neutronworker0|min_constraint|8|6
neutronworker0|max_constraint|8|6
novaworker0|funsat|8|0.3794713020324707
novaworker0|funsat|8|0.2949635982513428
novaworker0|funsat|8|0.30014920234680176
novaworker0|funsat|8|0.3034658432006836
node_nova0|total_time|8|6.726392
node_nova0|loops|8|5
node_nova0|messages|8|0
novaworker0|min_constraint|8|7
novaworker0|max_constraint|8|7
memcachedsmaster|flocal|9|0.2604823112487793
factsmaster|flocal|9|0.2657144069671631
ovswitchmaster|flocal|9|0.2745029926300049
rabbitmqmaster|flocal|9|0.2746601104736328
haproxymaster|flocal|9|0.27789759635925293
commonmaster|flocal|9|0.3163011074066162
mariadbmaster|flocal|9|0.4554014205932617
ovswitchmaster|flocal|9|0.22463035583496094
factsmaster|flocal|9|0.2279951572418213
haproxymaster|flocal|9|0.24387383460998535
rabbitmqmaster|flocal|9|0.2533717155456543
memcachedsmaster|flocal|9|0.25658416748046875
commonmaster|flocal|9|0.28113484382629395
mariadbmaster|flocal|9|0.43913793563842773
rabbitmqmaster|flocal|9|0.22604799270629883
memcachedsmaster|flocal|9|0.23058152198791504
haproxymaster|flocal|9|0.23698878288269043
ovswitchmaster|flocal|9|0.2367708683013916
factsmaster|flocal|9|0.24116110801696777
commonmaster|flocal|9|0.34760189056396484
mariadbmaster|flocal|9|0.40634727478027344
memcachedsmaster|flocal|9|0.2353837490081787
haproxymaster|flocal|9|0.23723769187927246
rabbitmqmaster|flocal|9|0.23206090927124023
ovswitchmaster|flocal|9|0.2503659725189209
factsmaster|flocal|9|0.2424015998840332
commonmaster|flocal|9|0.3502931594848633
mariadbmaster|flocal|9|0.418839693069458
memcachedsmaster|flocal|9|0.23652124404907227
ovswitchmaster|flocal|9|0.2380683422088623
rabbitmqmaster|flocal|9|0.2579014301300049
factsmaster|flocal|9|0.25785398483276367
haproxymaster|flocal|9|0.2603130340576172
commonmaster|flocal|9|0.35480451583862305
mariadbmaster|flocal|9|0.4245316982269287
haproxymaster|ffinal|9|0.2610292434692383
ovswitchmaster|ffinal|9|0.2679760456085205
rabbitmqmaster|ffinal|9|0.26967382431030273
factsmaster|ffinal|9|0.27097582817077637
memcachedsmaster|ffinal|9|0.2933166027069092
commonmaster|ffinal|9|0.379413366317749
mariadbmaster|ffinal|9|0.479534387588501
node_master|total_time|9|8.208002
node_master|loops|9|5
node_master|messages|9|82
memcachedsmaster|min_constraint|9|1
factsmaster|max_constraint|9|13
memcachedsworker0|flocal|9|0.28037023544311523
ovswitchworker0|flocal|9|0.2841036319732666
factsworker0|flocal|9|0.29199671745300293
haproxyworker0|flocal|9|0.3113105297088623
commonworker0|flocal|9|0.33291149139404297
rabbitmqworker0|flocal|9|0.34039759635925293
keystoneworker0|flocal|9|0.3535025119781494
glanceworker0|flocal|9|0.3544337749481201
mariadbworker0|flocal|9|0.518446683883667
haproxyworker0|flocal|9|0.24524927139282227
memcachedsworker0|flocal|9|0.2448718547821045
factsworker0|flocal|9|0.24361634254455566
ovswitchworker0|flocal|9|0.2802700996398926
commonworker0|flocal|9|0.2879502773284912
rabbitmqworker0|flocal|9|0.29675936698913574
keystoneworker0|flocal|9|0.28648996353149414
mariadbworker0|funsat|9|0.3511354923248291
glanceworker0|flocal|9|0.3425459861755371
haproxyworker0|flocal|9|0.22648882865905762
factsworker0|flocal|9|0.24202322959899902
ovswitchworker0|flocal|9|0.24889922142028809
rabbitmqworker0|flocal|9|0.2588515281677246
memcachedsworker0|flocal|9|0.27570295333862305
keystoneworker0|flocal|9|0.31676220893859863
glanceworker0|flocal|9|0.3172459602355957
commonworker0|flocal|9|0.3484630584716797
mariadbworker0|funsat|9|0.3913462162017822
haproxyworker0|ffinal|9|0.23591232299804688
memcachedsworker0|ffinal|9|0.25727152824401855
ovswitchworker0|ffinal|9|0.25850558280944824
factsworker0|ffinal|9|0.2560577392578125
rabbitmqworker0|ffinal|9|0.2626173496246338
commonworker0|ffinal|9|0.29362034797668457
keystoneworker0|ffinal|9|0.3002173900604248
glanceworker0|ffinal|9|0.31528496742248535
mariadbworker0|funsat|9|0.3582780361175537
node_worker0|total_time|9|6.208314
node_worker0|loops|9|3
node_worker0|messages|9|25
commonworker0|min_constraint|9|1
mariadbworker0|max_constraint|9|6
neutronworker0|flocal|9|0.35463643074035645
neutronworker0|flocal|9|0.26636719703674316
neutronworker0|flocal|9|0.2674872875213623
neutronworker0|ffinal|9|0.2695038318634033
node_neutron0|total_time|9|5.158894
node_neutron0|loops|9|4
node_neutron0|messages|9|6
neutronworker0|min_constraint|9|3
neutronworker0|max_constraint|9|3
novaworker0|funsat|9|0.30269789695739746
novaworker0|funsat|9|0.29572606086730957
novaworker0|funsat|9|0.28217267990112305
node_nova0|total_time|9|4.475126
node_nova0|loops|9|1
node_nova0|messages|9|0
novaworker0|min_constraint|9|4
novaworker0|max_constraint|9|4
