provider|flocal|0|0.2060840129852295
provider|flocal|0|0.20174670219421387
provider|flocal|0|0.19298195838928223
provider|flocal|0|0.1918656826019287
provider|flocal|0|0.1948254108428955
provider|flocal|0|0.1917414665222168
provider|flocal|0|0.19781160354614258
provider|ffinal|0|0.19573616981506348
node0|total_time|0|18.770806
node0|loops|0|14
node0|messages|0|105
provider|min_constraint|0|32
provider|max_constraint|0|32
user0|flocal|0|0.3259546756744385
user0|flocal|0|0.2078838348388672
user0|flocal|0|0.19568800926208496
user0|flocal|0|0.1967616081237793
user0|flocal|0|0.19981765747070312
user0|ffinal|0|0.20093798637390137
node_user1|total_time|0|11.212213
node_user1|loops|0|10
node_user1|messages|0|10
user0|min_constraint|0|3
user0|max_constraint|0|3
user10|flocal|0|0.29207444190979004
user10|flocal|0|0.19035935401916504
user10|ffinal|0|0.20322060585021973
node_user11|total_time|0|5.503497
node_user11|loops|0|4
node_user11|messages|0|4
user10|min_constraint|0|3
user10|max_constraint|0|3
user11|flocal|0|0.2932279109954834
user11|flocal|0|0.19719958305358887
user11|ffinal|0|0.19697880744934082
node_user12|total_time|0|5.108382
node_user12|loops|0|3
node_user12|messages|0|4
user11|min_constraint|0|3
user11|max_constraint|0|3
user12|flocal|0|0.5701701641082764
user12|flocal|0|0.20180106163024902
user12|ffinal|0|0.1949605941772461
node_user13|total_time|0|4.134948
node_user13|loops|0|3
node_user13|messages|0|4
user12|min_constraint|0|3
user12|max_constraint|0|3
user13|flocal|0|0.2932577133178711
user13|flocal|0|0.19780778884887695
user13|ffinal|0|0.19851970672607422
node_user14|total_time|0|3.618194
node_user14|loops|0|4
node_user14|messages|0|4
user13|min_constraint|0|3
user13|max_constraint|0|3
user14|flocal|0|0.29189324378967285
user14|flocal|0|0.1966254711151123
user14|flocal|0|0.18981695175170898
user14|ffinal|0|0.19774699211120605
node_user15|total_time|0|3.079921
node_user15|loops|0|3
node_user15|messages|0|4
user14|min_constraint|0|3
user14|max_constraint|0|3
user1|flocal|0|0.3356039524078369
user1|flocal|0|0.18779253959655762
user1|flocal|0|0.19848847389221191
user1|flocal|0|0.19559264183044434
user1|flocal|0|0.1958911418914795
user1|ffinal|0|0.18447589874267578
node_user2|total_time|0|10.311016
node_user2|loops|0|7
node_user2|messages|0|10
user1|min_constraint|0|3
user1|max_constraint|0|3
user2|flocal|0|0.2882857322692871
user2|flocal|0|0.19727253913879395
user2|flocal|0|0.1966724395751953
user2|flocal|0|0.19007301330566406
user2|flocal|0|0.20025062561035156
user2|ffinal|0|0.19513702392578125
node_user3|total_time|0|9.159061
node_user3|loops|0|5
node_user3|messages|0|10
user2|min_constraint|0|3
user2|max_constraint|0|3
user3|flocal|0|0.28048133850097656
user3|flocal|0|0.19403553009033203
user3|flocal|0|0.1942296028137207
user3|flocal|0|0.19499421119689941
user3|ffinal|0|0.20116257667541504
node_user4|total_time|0|8.740675
node_user4|loops|0|6
node_user4|messages|0|8
user3|min_constraint|0|3
user3|max_constraint|0|3
user4|flocal|0|0.27729344367980957
user4|flocal|0|0.19135761260986328
user4|flocal|0|0.3456387519836426
user4|flocal|0|0.20058965682983398
user4|ffinal|0|0.20185399055480957
node_user5|total_time|0|8.692750
node_user5|loops|0|4
node_user5|messages|0|8
user4|min_constraint|0|3
user4|max_constraint|0|3
user5|flocal|0|0.2885417938232422
user5|flocal|0|0.19820380210876465
user5|flocal|0|0.3604738712310791
user5|flocal|0|0.1951582431793213
user5|ffinal|0|0.19662833213806152
node_user6|total_time|0|7.740220
node_user6|loops|0|5
node_user6|messages|0|8
user5|min_constraint|0|3
user5|max_constraint|0|3
user6|flocal|0|0.28501462936401367
user6|flocal|0|0.19219517707824707
user6|flocal|0|0.2022545337677002
user6|flocal|0|0.2247462272644043
user6|flocal|0|0.1973116397857666
user6|ffinal|0|0.20065736770629883
node_user7|total_time|0|7.941040
node_user7|loops|0|6
node_user7|messages|0|10
user6|min_constraint|0|3
user6|max_constraint|0|3
user7|flocal|0|0.29714369773864746
user7|flocal|0|0.43251538276672363
user7|flocal|0|0.19315052032470703
user7|flocal|0|0.20032858848571777
user7|ffinal|0|0.194122314453125
node_user8|total_time|0|6.627796
node_user8|loops|0|4
node_user8|messages|0|6
user7|min_constraint|0|3
user7|max_constraint|0|3
user8|flocal|0|0.2534153461456299
user8|flocal|0|0.17341041564941406
user8|flocal|0|0.17785310745239258
user8|ffinal|0|0.17798185348510742
node_user9|total_time|0|6.044127
node_user9|loops|0|4
node_user9|messages|0|4
user8|min_constraint|0|3
user8|max_constraint|0|3
user9|flocal|0|0.2902059555053711
user9|flocal|0|0.4060640335083008
user9|flocal|0|0.19588232040405273
user9|ffinal|0|0.19563937187194824
node_user10|total_time|0|7.092567
node_user10|loops|0|6
node_user10|messages|0|6
user9|min_constraint|0|3
user9|max_constraint|0|3
provider|flocal|10|0.28598451614379883
provider|flocal|10|0.2053508758544922
provider|flocal|10|0.1949911117553711
provider|flocal|10|0.1874229907989502
provider|flocal|10|0.20186781883239746
provider|flocal|10|0.19964027404785156
provider|flocal|10|0.2065284252166748
provider|flocal|10|0.2010204792022705
provider|ffinal|10|0.19624042510986328
node0|total_time|10|19.478870
node0|loops|10|16
node0|messages|10|90
provider|min_constraint|10|32
provider|max_constraint|10|32
user0|flocal|10|0.24462008476257324
user0|flocal|10|0.1771535873413086
user0|flocal|10|0.17664647102355957
user0|flocal|10|0.17964959144592285
user0|flocal|10|0.17263269424438477
user0|ffinal|10|0.15750980377197266
node_user1|total_time|10|11.153592
node_user1|loops|10|7
node_user1|messages|10|10
user0|min_constraint|10|3
user0|max_constraint|10|3
user10|flocal|10|0.29144763946533203
user10|flocal|10|0.19888687133789062
user10|flocal|10|0.1935117244720459
user10|ffinal|10|0.20040655136108398
node_user11|total_time|10|6.001869
node_user11|loops|10|6
node_user11|messages|10|6
user10|min_constraint|10|3
user10|max_constraint|10|3
user11|flocal|10|0.30852270126342773
user11|flocal|10|0.1980586051940918
user11|ffinal|10|0.2035539150238037
node_user12|total_time|10|6.440300
node_user12|loops|10|3
node_user12|messages|10|4
user11|min_constraint|10|3
user11|max_constraint|10|3
user12|flocal|10|0.29897260665893555
user12|flocal|10|0.203291654586792
user12|flocal|10|0.2026071548461914
user12|ffinal|10|0.19870948791503906
node_user13|total_time|10|4.928450
node_user13|loops|10|2
node_user13|messages|10|4
user12|min_constraint|10|3
user12|max_constraint|10|3
user13|flocal|10|0.2586853504180908
user13|flocal|10|0.19636988639831543
user13|ffinal|10|0.20492863655090332
node_user14|total_time|10|5.399841
node_user14|loops|10|3
node_user14|messages|10|4
user13|min_constraint|10|3
user13|max_constraint|10|3
user14|flocal|10|0.3017592430114746
user14|flocal|10|0.19699764251708984
user14|ffinal|10|0.1988990306854248
node_user15|total_time|10|4.165941
node_user15|loops|10|2
node_user15|messages|10|4
user14|min_constraint|10|3
user14|max_constraint|10|3
user1|flocal|10|0.28571200370788574
user1|flocal|10|0.20003342628479004
user1|flocal|10|0.20043396949768066
user1|flocal|10|0.19867968559265137
user1|flocal|10|0.20198702812194824
user1|ffinal|10|0.19291043281555176
node_user2|total_time|10|10.088031
node_user2|loops|10|5
node_user2|messages|10|8
user1|min_constraint|10|3
user1|max_constraint|10|3
user2|flocal|10|0.28427958488464355
user2|flocal|10|0.20188331604003906
user2|flocal|10|0.19226431846618652
user2|flocal|10|0.19885039329528809
user2|flocal|10|0.20268726348876953
user2|ffinal|10|0.19613313674926758
node_user3|total_time|10|9.769851
node_user3|loops|10|11
node_user3|messages|10|10
user2|min_constraint|10|3
user2|max_constraint|10|3
user3|flocal|10|0.2637922763824463
user3|flocal|10|0.20038628578186035
user3|flocal|10|0.1952369213104248
user3|flocal|10|0.19728875160217285
user3|flocal|10|0.19937610626220703
user3|flocal|10|0.2011699676513672
user3|ffinal|10|0.19905376434326172
node_user4|total_time|10|9.766905
node_user4|loops|10|10
node_user4|messages|10|12
user3|min_constraint|10|3
user3|max_constraint|10|3
user4|flocal|10|0.27864551544189453
user4|flocal|10|0.19893360137939453
user4|flocal|10|0.20850610733032227
user4|flocal|10|0.20534205436706543
user4|flocal|10|0.1959669589996338
user4|ffinal|10|0.20053601264953613
node_user5|total_time|10|9.453507
node_user5|loops|10|8
node_user5|messages|10|8
user4|min_constraint|10|3
user4|max_constraint|10|3
user5|flocal|10|0.289844274520874
user5|flocal|10|0.20297622680664062
user5|flocal|10|0.19978976249694824
user5|flocal|10|0.20216655731201172
user5|flocal|10|0.2008976936340332
user5|ffinal|10|0.19824790954589844
node_user6|total_time|10|8.222829
node_user6|loops|10|6
node_user6|messages|10|10
user5|min_constraint|10|3
user5|max_constraint|10|3
user6|flocal|10|0.2591514587402344
user6|flocal|10|0.1994338035583496
user6|flocal|10|0.20085740089416504
user6|ffinal|10|0.20247554779052734
node_user7|total_time|10|7.909575
node_user7|loops|10|6
node_user7|messages|10|6
user6|min_constraint|10|3
user6|max_constraint|10|3
user7|flocal|10|0.2850203514099121
user7|flocal|10|0.20127582550048828
user7|flocal|10|0.20144987106323242
user7|flocal|10|0.1957392692565918
user7|ffinal|10|0.20209074020385742
node_user8|total_time|10|7.359022
node_user8|loops|10|4
node_user8|messages|10|8
user7|min_constraint|10|3
user7|max_constraint|10|3
user8|flocal|10|0.3095977306365967
user8|flocal|10|0.20031499862670898
user8|flocal|10|0.20700883865356445
user8|ffinal|10|0.19568490982055664
node_user9|total_time|10|7.695439
node_user9|loops|10|4
node_user9|messages|10|6
user8|min_constraint|10|3
user8|max_constraint|10|3
user9|flocal|10|0.298614501953125
user9|flocal|10|0.2024979591369629
user9|flocal|10|0.19745755195617676
user9|ffinal|10|0.2014927864074707
node_user10|total_time|10|6.984741
node_user10|loops|10|5
node_user10|messages|10|6
user9|min_constraint|10|3
user9|max_constraint|10|3
provider|flocal|11|0.2535667419433594
provider|flocal|11|0.2024829387664795
provider|flocal|11|0.19851207733154297
provider|flocal|11|0.19788503646850586
provider|flocal|11|0.1950836181640625
provider|flocal|11|0.19020485877990723
provider|flocal|11|0.19942283630371094
provider|flocal|11|0.19496917724609375
provider|flocal|11|0.4226672649383545
provider|flocal|11|0.20337867736816406
provider|ffinal|11|0.1992795467376709
node0|total_time|11|18.924210
node0|loops|11|18
node0|messages|11|150
provider|min_constraint|11|32
provider|max_constraint|11|32
user0|flocal|11|0.3040964603424072
user0|flocal|11|0.2011268138885498
user0|flocal|11|0.20615053176879883
user0|flocal|11|0.20195293426513672
user0|flocal|11|0.2051389217376709
user0|flocal|11|0.19992470741271973
user0|flocal|11|0.4434056282043457
user0|flocal|11|0.2001020908355713
user0|ffinal|11|0.20002222061157227
node_user1|total_time|11|10.274911
node_user1|loops|11|10
node_user1|messages|11|14
user0|min_constraint|11|3
user0|max_constraint|11|3
user10|flocal|11|0.2912559509277344
user10|flocal|11|0.18980646133422852
user10|flocal|11|0.1979844570159912
user10|ffinal|11|0.19116544723510742
node_user11|total_time|11|6.729500
node_user11|loops|11|6
node_user11|messages|11|6
user10|min_constraint|11|3
user10|max_constraint|11|3
user11|flocal|11|0.4763052463531494
user11|flocal|11|0.20425629615783691
user11|flocal|11|0.19966816902160645
user11|ffinal|11|0.19844532012939453
node_user12|total_time|11|4.599970
node_user12|loops|11|2
node_user12|messages|11|4
user11|min_constraint|11|3
user11|max_constraint|11|3
user12|flocal|11|0.306565523147583
user12|flocal|11|0.21113181114196777
user12|ffinal|11|0.20502591133117676
node_user13|total_time|11|4.748127
node_user13|loops|11|3
node_user13|messages|11|4
user12|min_constraint|11|3
user12|max_constraint|11|3
user13|flocal|11|0.28525447845458984
user13|flocal|11|0.20133566856384277
user13|ffinal|11|0.20506715774536133
node_user14|total_time|11|4.150608
node_user14|loops|11|2
node_user14|messages|11|4
user13|min_constraint|11|3
user13|max_constraint|11|3
user14|flocal|11|0.28758811950683594
user14|flocal|11|0.2030010223388672
user14|ffinal|11|0.20112133026123047
node_user15|total_time|11|4.139513
node_user15|loops|11|3
node_user15|messages|11|4
user14|min_constraint|11|3
user14|max_constraint|11|3
user1|flocal|11|0.2929544448852539
user1|flocal|11|0.20131421089172363
user1|flocal|11|0.19833159446716309
user1|flocal|11|0.19888639450073242
user1|flocal|11|0.20882534980773926
user1|ffinal|11|0.2011423110961914
node_user2|total_time|11|9.683441
node_user2|loops|11|5
node_user2|messages|11|10
user1|min_constraint|11|3
user1|max_constraint|11|3
user2|flocal|11|0.2802894115447998
user2|flocal|11|0.3215179443359375
user2|flocal|11|0.2007308006286621
user2|flocal|11|0.20690155029296875
user2|flocal|11|0.20342206954956055
user2|ffinal|11|0.19991421699523926
node_user3|total_time|11|8.848735
node_user3|loops|11|5
node_user3|messages|11|8
user2|min_constraint|11|3
user2|max_constraint|11|3
user3|flocal|11|0.28212618827819824
user3|flocal|11|0.18571257591247559
user3|flocal|11|0.17955708503723145
user3|flocal|11|0.1758565902709961
user3|flocal|11|0.17456269264221191
user3|ffinal|11|0.17444276809692383
node_user4|total_time|11|8.972695
node_user4|loops|11|10
node_user4|messages|11|10
user3|min_constraint|11|3
user3|max_constraint|11|3
user4|flocal|11|0.26613497734069824
user4|flocal|11|0.34499359130859375
user4|flocal|11|0.2029097080230713
user4|flocal|11|0.4643056392669678
user4|flocal|11|0.1958327293395996
user4|ffinal|11|0.20153450965881348
node_user5|total_time|11|8.810072
node_user5|loops|11|7
node_user5|messages|11|10
user4|min_constraint|11|3
user4|max_constraint|11|3
user5|flocal|11|0.418215274810791
user5|flocal|11|0.20363759994506836
user5|flocal|11|0.19667482376098633
user5|ffinal|11|0.20447278022766113
node_user6|total_time|11|9.009507
node_user6|loops|11|5
node_user6|messages|11|6
user5|min_constraint|11|3
user5|max_constraint|11|3
user6|flocal|11|0.31764769554138184
user6|flocal|11|0.17452788352966309
user6|flocal|11|0.20086455345153809
user6|flocal|11|0.1985018253326416
user6|ffinal|11|0.19829463958740234
node_user7|total_time|11|7.918864
node_user7|loops|11|5
node_user7|messages|11|8
user6|min_constraint|11|3
user6|max_constraint|11|3
user7|flocal|11|0.24993252754211426
user7|flocal|11|0.1814558506011963
user7|flocal|11|0.17693543434143066
user7|ffinal|11|0.18410205841064453
node_user8|total_time|11|6.794721
node_user8|loops|11|7
node_user8|messages|11|6
user7|min_constraint|11|3
user7|max_constraint|11|3
user8|flocal|11|0.2989780902862549
user8|flocal|11|0.4792652130126953
user8|flocal|11|0.19595646858215332
user8|flocal|11|0.21094059944152832
user8|ffinal|11|0.1820695400238037
node_user9|total_time|11|5.903386
node_user9|loops|11|4
node_user9|messages|11|6
user8|min_constraint|11|3
user8|max_constraint|11|3
user9|flocal|11|0.27982521057128906
user9|flocal|11|0.20041871070861816
user9|flocal|11|0.204819917678833
user9|ffinal|11|0.20491623878479004
node_user10|total_time|11|6.481113
node_user10|loops|11|3
node_user10|messages|11|6
user9|min_constraint|11|3
user9|max_constraint|11|3
provider|flocal|12|0.2723219394683838
provider|flocal|12|0.19872713088989258
provider|flocal|12|0.1754753589630127
provider|flocal|12|0.2165074348449707
provider|flocal|12|0.17168855667114258
provider|flocal|12|0.19777941703796387
provider|flocal|12|0.1870250701904297
provider|flocal|12|0.19966650009155273
provider|ffinal|12|0.19687724113464355
node0|total_time|12|18.307712
node0|loops|12|16
node0|messages|12|105
provider|min_constraint|12|32
provider|max_constraint|12|32
user0|flocal|12|0.2711057662963867
user0|flocal|12|0.1993870735168457
user0|flocal|12|0.20098447799682617
user0|flocal|12|0.19744229316711426
user0|flocal|12|0.19797992706298828
user0|ffinal|12|0.2070753574371338
node_user1|total_time|12|9.363911
node_user1|loops|12|7
node_user1|messages|12|10
user0|min_constraint|12|3
user0|max_constraint|12|3
user10|flocal|12|0.27716827392578125
user10|flocal|12|0.20183467864990234
user10|ffinal|12|0.19844579696655273
node_user11|total_time|12|4.432562
node_user11|loops|12|2
node_user11|messages|12|4
user10|min_constraint|12|3
user10|max_constraint|12|3
user11|flocal|12|0.2923719882965088
user11|ffinal|12|0.2003002166748047
node_user12|total_time|12|4.115020
node_user12|loops|12|2
node_user12|messages|12|2
user11|min_constraint|12|3
user11|max_constraint|12|3
user12|flocal|12|0.2951936721801758
user12|ffinal|12|0.19312262535095215
node_user13|total_time|12|3.872672
node_user13|loops|12|1
node_user13|messages|12|2
user12|min_constraint|12|3
user12|max_constraint|12|3
user13|flocal|12|0.28278350830078125
user13|ffinal|12|0.20821356773376465
node_user14|total_time|12|3.876050
node_user14|loops|12|1
node_user14|messages|12|2
user13|min_constraint|12|3
user13|max_constraint|12|3
user14|flocal|12|0.2879164218902588
user14|ffinal|12|0.2258458137512207
node_user15|total_time|12|3.748129
node_user15|loops|12|2
node_user15|messages|12|2
user14|min_constraint|12|3
user14|max_constraint|12|3
user1|flocal|12|0.28488826751708984
user1|flocal|12|0.19714689254760742
user1|flocal|12|0.20518112182617188
user1|flocal|12|0.17492318153381348
user1|flocal|12|0.20163202285766602
user1|ffinal|12|0.19866061210632324
node_user2|total_time|12|8.802067
node_user2|loops|12|8
node_user2|messages|12|10
user1|min_constraint|12|3
user1|max_constraint|12|3
user2|flocal|12|0.2673821449279785
user2|flocal|12|0.19844675064086914
user2|flocal|12|0.2021617889404297
user2|flocal|12|0.20185184478759766
user2|flocal|12|0.1982874870300293
user2|ffinal|12|0.19553661346435547
node_user3|total_time|12|8.329346
node_user3|loops|12|6
node_user3|messages|12|10
user2|min_constraint|12|3
user2|max_constraint|12|3
user3|flocal|12|0.2855198383331299
user3|flocal|12|0.2013072967529297
user3|flocal|12|0.1978435516357422
user3|flocal|12|0.1969585418701172
user3|flocal|12|0.1981508731842041
user3|ffinal|12|0.19398951530456543
node_user4|total_time|12|7.852303
node_user4|loops|12|6
node_user4|messages|12|8
user3|min_constraint|12|3
user3|max_constraint|12|3
user4|flocal|12|0.29042577743530273
user4|flocal|12|0.48792433738708496
user4|flocal|12|0.2020113468170166
user4|flocal|12|0.19826292991638184
user4|flocal|12|0.1983489990234375
user4|ffinal|12|0.20629143714904785
node_user5|total_time|12|8.695965
node_user5|loops|12|8
node_user5|messages|12|10
user4|min_constraint|12|3
user4|max_constraint|12|3
user5|flocal|12|0.2888796329498291
user5|flocal|12|0.20309686660766602
user5|ffinal|12|0.17593121528625488
node_user6|total_time|12|7.301891
node_user6|loops|12|6
node_user6|messages|12|4
user5|min_constraint|12|3
user5|max_constraint|12|3
user6|flocal|12|0.2875187397003174
user6|flocal|12|0.20122408866882324
user6|flocal|12|0.20045900344848633
user6|ffinal|12|0.18198823928833008
node_user7|total_time|12|7.817141
node_user7|loops|12|4
node_user7|messages|12|6
user6|min_constraint|12|3
user6|max_constraint|12|3
user7|flocal|12|0.2964441776275635
user7|flocal|12|0.19993209838867188
user7|ffinal|12|0.17369556427001953
node_user8|total_time|12|7.174836
node_user8|loops|12|6
node_user8|messages|12|4
user7|min_constraint|12|3
user7|max_constraint|12|3
user8|flocal|12|0.2745237350463867
user8|flocal|12|0.2038564682006836
user8|ffinal|12|0.20131564140319824
node_user9|total_time|12|5.880356
node_user9|loops|12|6
node_user9|messages|12|4
user8|min_constraint|12|3
user8|max_constraint|12|3
user9|flocal|12|0.3032345771789551
user9|flocal|12|0.1990337371826172
user9|flocal|12|0.19651007652282715
user9|ffinal|12|0.20245075225830078
node_user10|total_time|12|6.562868
node_user10|loops|12|3
node_user10|messages|12|6
user9|min_constraint|12|3
user9|max_constraint|12|3
provider|flocal|13|0.28659701347351074
provider|flocal|13|0.2727971076965332
provider|flocal|13|0.20546627044677734
provider|flocal|13|0.18129491806030273
provider|flocal|13|0.19319987297058105
provider|flocal|13|0.18737006187438965
provider|flocal|13|0.19665145874023438
provider|flocal|13|0.2017974853515625
provider|ffinal|13|0.1941683292388916
node0|total_time|13|20.328254
node0|loops|13|19
node0|messages|13|105
provider|min_constraint|13|32
provider|max_constraint|13|32
user0|flocal|13|0.2948150634765625
user0|flocal|13|0.19672298431396484
user0|flocal|13|0.2042090892791748
user0|flocal|13|0.19341135025024414
user0|flocal|13|0.20430445671081543
user0|flocal|13|0.202117919921875
user0|flocal|13|0.20151662826538086
user0|ffinal|13|0.27854228019714355
node_user1|total_time|13|11.334881
node_user1|loops|13|10
node_user1|messages|13|12
user0|min_constraint|13|3
user0|max_constraint|13|3
user10|flocal|13|0.3063971996307373
user10|flocal|13|0.19355392456054688
user10|flocal|13|0.19779682159423828
user10|ffinal|13|0.20041942596435547
node_user11|total_time|13|6.878983
node_user11|loops|13|3
node_user11|messages|13|6
user10|min_constraint|13|3
user10|max_constraint|13|3
user11|flocal|13|0.30077552795410156
user11|flocal|13|0.1849827766418457
user11|flocal|13|0.20014071464538574
user11|ffinal|13|0.1996908187866211
node_user12|total_time|13|6.977945
node_user12|loops|13|5
node_user12|messages|13|6
user11|min_constraint|13|3
user11|max_constraint|13|3
user12|flocal|13|0.31028175354003906
user12|flocal|13|0.19350552558898926
user12|flocal|13|0.19632816314697266
user12|ffinal|13|0.21694731712341309
node_user13|total_time|13|5.823663
node_user13|loops|13|4
node_user13|messages|13|6
user12|min_constraint|13|3
user12|max_constraint|13|3
user13|flocal|13|0.2977132797241211
user13|flocal|13|0.18368268013000488
user13|flocal|13|0.20446109771728516
user13|ffinal|13|0.4746840000152588
node_user14|total_time|13|6.714266
node_user14|loops|13|6
node_user14|messages|13|6
user13|min_constraint|13|3
user13|max_constraint|13|3
user14|flocal|13|0.29343390464782715
user14|flocal|13|0.19489812850952148
user14|ffinal|13|0.20384907722473145
node_user15|total_time|13|5.801792
node_user15|loops|13|5
node_user15|messages|13|4
user14|min_constraint|13|3
user14|max_constraint|13|3
user1|flocal|13|0.2963871955871582
user1|flocal|13|0.20160508155822754
user1|flocal|13|0.20175623893737793
user1|flocal|13|0.19838833808898926
user1|flocal|13|0.19498705863952637
user1|ffinal|13|0.23561525344848633
node_user2|total_time|13|10.714117
node_user2|loops|13|8
node_user2|messages|13|10
user1|min_constraint|13|3
user1|max_constraint|13|3
user2|flocal|13|0.2965047359466553
user2|flocal|13|0.20374536514282227
user2|flocal|13|0.2029590606689453
user2|flocal|13|0.19995403289794922
user2|ffinal|13|0.20619821548461914
node_user3|total_time|13|11.059955
node_user3|loops|13|6
node_user3|messages|13|8
user2|min_constraint|13|3
user2|max_constraint|13|3
user3|flocal|13|0.2750084400177002
user3|flocal|13|0.20231342315673828
user3|flocal|13|0.19814229011535645
user3|flocal|13|0.2004992961883545
user3|flocal|13|0.19982528686523438
user3|flocal|13|0.1981043815612793
user3|ffinal|13|0.20018768310546875
node_user4|total_time|13|10.212936
node_user4|loops|13|12
node_user4|messages|13|12
user3|min_constraint|13|3
user3|max_constraint|13|3
user4|flocal|13|0.2755739688873291
user4|flocal|13|0.19850564002990723
user4|flocal|13|0.20593500137329102
user4|flocal|13|0.20299577713012695
user4|ffinal|13|0.20934081077575684
node_user5|total_time|13|10.098139
node_user5|loops|13|7
node_user5|messages|13|8
user4|min_constraint|13|3
user4|max_constraint|13|3
user5|flocal|13|0.2756528854370117
user5|flocal|13|0.19050192832946777
user5|flocal|13|0.19848322868347168
user5|flocal|13|0.19835114479064941
user5|ffinal|13|0.20722579956054688
node_user6|total_time|13|9.582150
node_user6|loops|13|6
node_user6|messages|13|8
user5|min_constraint|13|3
user5|max_constraint|13|3
user6|flocal|13|0.2685849666595459
user6|flocal|13|0.2008817195892334
user6|flocal|13|0.19860243797302246
user6|flocal|13|0.19836091995239258
user6|ffinal|13|0.2049412727355957
node_user7|total_time|13|9.100748
node_user7|loops|13|7
node_user7|messages|13|8
user6|min_constraint|13|3
user6|max_constraint|13|3
user7|flocal|13|0.29128122329711914
user7|flocal|13|0.19594836235046387
user7|flocal|13|0.2013869285583496
user7|flocal|13|0.1979994773864746
user7|ffinal|13|0.22106575965881348
node_user8|total_time|13|8.178117
node_user8|loops|13|5
node_user8|messages|13|8
user7|min_constraint|13|3
user7|max_constraint|13|3
user8|flocal|13|0.296267032623291
user8|flocal|13|0.1879134178161621
user8|flocal|13|0.1986560821533203
user8|ffinal|13|0.19817471504211426
node_user9|total_time|13|7.334755
node_user9|loops|13|7
node_user9|messages|13|6
user8|min_constraint|13|3
user8|max_constraint|13|3
user9|flocal|13|0.2920410633087158
user9|flocal|13|0.19317269325256348
user9|flocal|13|0.20195960998535156
user9|flocal|13|0.19799232482910156
user9|flocal|13|0.2016150951385498
user9|ffinal|13|0.20241189002990723
node_user10|total_time|13|7.357402
node_user10|loops|13|6
node_user10|messages|13|10
user9|min_constraint|13|3
user9|max_constraint|13|3
provider|flocal|14|0.2507917881011963
provider|flocal|14|0.17637348175048828
provider|flocal|14|0.17407941818237305
provider|flocal|14|0.39110374450683594
provider|flocal|14|0.17345380783081055
provider|flocal|14|0.1750502586364746
provider|flocal|14|0.17613554000854492
provider|flocal|14|0.25887608528137207
provider|ffinal|14|0.16998577117919922
node0|total_time|14|21.216155
node0|loops|14|22
node0|messages|14|105
provider|min_constraint|14|32
provider|max_constraint|14|32
user0|flocal|14|0.2478806972503662
user0|flocal|14|0.17589211463928223
user0|flocal|14|0.17352795600891113
user0|flocal|14|0.17658519744873047
user0|flocal|14|0.17495489120483398
user0|flocal|14|0.16277790069580078
user0|flocal|14|0.163818359375
user0|ffinal|14|0.1575326919555664
node_user1|total_time|14|13.056867
node_user1|loops|14|11
node_user1|messages|14|12
user0|min_constraint|14|3
user0|max_constraint|14|3
user10|flocal|14|0.29744434356689453
user10|flocal|14|0.2021937370300293
user10|flocal|14|0.20010662078857422
user10|flocal|14|0.20538902282714844
user10|ffinal|14|0.2253563404083252
node_user11|total_time|14|7.908458
node_user11|loops|14|8
node_user11|messages|14|8
user10|min_constraint|14|3
user10|max_constraint|14|3
user11|flocal|14|0.2881927490234375
user11|flocal|14|0.196760892868042
user11|flocal|14|0.19836187362670898
user11|flocal|14|0.19767093658447266
user11|ffinal|14|0.19846677780151367
node_user12|total_time|14|7.007015
node_user12|loops|14|4
node_user12|messages|14|6
user11|min_constraint|14|3
user11|max_constraint|14|3
user12|flocal|14|0.29198765754699707
user12|flocal|14|0.1990966796875
user12|flocal|14|0.20082926750183105
user12|ffinal|14|0.19999146461486816
node_user13|total_time|14|7.571292
node_user13|loops|14|5
node_user13|messages|14|6
user12|min_constraint|14|3
user12|max_constraint|14|3
user13|flocal|14|0.29898571968078613
user13|flocal|14|0.19992637634277344
user13|flocal|14|0.19684863090515137
user13|ffinal|14|0.19758987426757812
node_user14|total_time|14|7.044204
node_user14|loops|14|3
node_user14|messages|14|4
user13|min_constraint|14|3
user13|max_constraint|14|3
user14|flocal|14|0.3047924041748047
user14|flocal|14|0.20314502716064453
user14|ffinal|14|0.19597554206848145
node_user15|total_time|14|5.963195
node_user15|loops|14|5
node_user15|messages|14|2
user14|min_constraint|14|3
user14|max_constraint|14|3
user1|flocal|14|0.2626965045928955
user1|flocal|14|0.20230460166931152
user1|flocal|14|0.20577621459960938
user1|flocal|14|0.19855785369873047
user1|flocal|14|0.20553374290466309
user1|flocal|14|0.3864614963531494
user1|ffinal|14|0.19154882431030273
node_user2|total_time|14|11.630551
node_user2|loops|14|9
node_user2|messages|14|10
user1|min_constraint|14|3
user1|max_constraint|14|3
user2|flocal|14|0.30462002754211426
user2|flocal|14|0.18668365478515625
user2|flocal|14|0.1954965591430664
user2|flocal|14|0.20246648788452148
user2|flocal|14|0.20235586166381836
user2|flocal|14|0.1955881118774414
user2|flocal|14|0.19868898391723633
user2|ffinal|14|0.20437335968017578
node_user3|total_time|14|11.586771
node_user3|loops|14|10
node_user3|messages|14|14
user2|min_constraint|14|3
user2|max_constraint|14|3
user3|flocal|14|0.27425551414489746
user3|flocal|14|0.2027127742767334
user3|flocal|14|0.20263934135437012
user3|flocal|14|0.20444250106811523
user3|flocal|14|0.20174002647399902
user3|flocal|14|0.1905374526977539
user3|ffinal|14|0.20656895637512207
node_user4|total_time|14|11.047608
node_user4|loops|14|14
node_user4|messages|14|12
user3|min_constraint|14|3
user3|max_constraint|14|3
user4|flocal|14|0.2872035503387451
user4|flocal|14|0.2008204460144043
user4|flocal|14|0.19847917556762695
user4|flocal|14|0.19710516929626465
user4|flocal|14|0.19332432746887207
user4|flocal|14|0.20821261405944824
user4|ffinal|14|0.21587252616882324
node_user5|total_time|14|11.160885
node_user5|loops|14|8
node_user5|messages|14|12
user4|min_constraint|14|3
user4|max_constraint|14|3
user5|flocal|14|0.2905564308166504
user5|flocal|14|0.19766569137573242
user5|flocal|14|0.2002255916595459
user5|flocal|14|0.19726204872131348
user5|flocal|14|0.1985318660736084
user5|ffinal|14|0.19749116897583008
node_user6|total_time|14|10.035845
node_user6|loops|14|9
node_user6|messages|14|10
user5|min_constraint|14|3
user5|max_constraint|14|3
user6|flocal|14|0.5557365417480469
user6|flocal|14|0.1957097053527832
user6|flocal|14|0.19946813583374023
user6|flocal|14|0.2004683017730713
user6|flocal|14|0.1954209804534912
user6|ffinal|14|0.22284173965454102
node_user7|total_time|14|9.796263
node_user7|loops|14|6
node_user7|messages|14|10
user6|min_constraint|14|3
user6|max_constraint|14|3
user7|flocal|14|0.2958943843841553
user7|flocal|14|0.19583559036254883
user7|flocal|14|0.19893360137939453
user7|flocal|14|0.20004820823669434
user7|flocal|14|0.19788908958435059
user7|ffinal|14|0.18261146545410156
node_user8|total_time|14|9.544222
node_user8|loops|14|6
node_user8|messages|14|10
user7|min_constraint|14|3
user7|max_constraint|14|3
user8|flocal|14|0.2939600944519043
user8|flocal|14|0.1949310302734375
user8|flocal|14|0.20583319664001465
user8|flocal|14|0.19798827171325684
user8|ffinal|14|0.2008531093597412
node_user9|total_time|14|8.584200
node_user9|loops|14|6
node_user9|messages|14|8
user8|min_constraint|14|3
user8|max_constraint|14|3
user9|flocal|14|0.30695104598999023
user9|flocal|14|0.19713163375854492
user9|flocal|14|0.18750524520874023
user9|flocal|14|0.20279502868652344
user9|flocal|14|0.19612932205200195
user9|ffinal|14|0.22889351844787598
node_user10|total_time|14|8.702850
node_user10|loops|14|9
node_user10|messages|14|10
user9|min_constraint|14|3
user9|max_constraint|14|3
provider|flocal|1|0.2697296142578125
provider|flocal|1|0.19594311714172363
provider|flocal|1|0.20421123504638672
provider|flocal|1|0.274338960647583
provider|flocal|1|0.1971900463104248
provider|flocal|1|0.19324946403503418
provider|flocal|1|0.20609307289123535
provider|flocal|1|0.19886302947998047
provider|ffinal|1|0.1937727928161621
node0|total_time|1|21.010945
node0|loops|1|16
node0|messages|1|90
provider|min_constraint|1|32
provider|max_constraint|1|32
user0|flocal|1|0.27453064918518066
user0|flocal|1|0.20629382133483887
user0|flocal|1|0.19823074340820312
user0|flocal|1|0.18277978897094727
user0|flocal|1|0.19756221771240234
user0|ffinal|1|0.19255423545837402
node_user1|total_time|1|13.239796
node_user1|loops|1|11
node_user1|messages|1|10
user0|min_constraint|1|3
user0|max_constraint|1|3
user10|flocal|1|0.34695982933044434
user10|flocal|1|0.19820237159729004
user10|flocal|1|0.19777822494506836
user10|flocal|1|0.20734286308288574
user10|ffinal|1|0.19576621055603027
node_user11|total_time|1|7.827778
node_user11|loops|1|7
node_user11|messages|1|8
user10|min_constraint|1|3
user10|max_constraint|1|3
user11|flocal|1|0.27873945236206055
user11|flocal|1|0.1956007480621338
user11|flocal|1|0.20011544227600098
user11|flocal|1|0.20205926895141602
user11|ffinal|1|0.20238232612609863
node_user12|total_time|1|7.400482
node_user12|loops|1|5
node_user12|messages|1|8
user11|min_constraint|1|3
user11|max_constraint|1|3
user12|flocal|1|0.29766011238098145
user12|flocal|1|0.19579291343688965
user12|ffinal|1|0.2086777687072754
node_user13|total_time|1|7.930834
node_user13|loops|1|5
node_user13|messages|1|4
user12|min_constraint|1|3
user12|max_constraint|1|3
user13|flocal|1|0.2700309753417969
user13|flocal|1|0.20224237442016602
user13|ffinal|1|0.18369174003601074
node_user14|total_time|1|6.365178
node_user14|loops|1|3
node_user14|messages|1|4
user13|min_constraint|1|3
user13|max_constraint|1|3
user14|flocal|1|0.2883448600769043
user14|flocal|1|0.19681739807128906
user14|ffinal|1|0.19874334335327148
node_user15|total_time|1|5.854602
node_user15|loops|1|6
node_user15|messages|1|4
user14|min_constraint|1|3
user14|max_constraint|1|3
user1|flocal|1|0.2888956069946289
user1|flocal|1|0.20447063446044922
user1|flocal|1|0.1871497631072998
user1|flocal|1|0.1923084259033203
user1|flocal|1|0.20058608055114746
user1|flocal|1|0.19746804237365723
user1|ffinal|1|0.19873356819152832
node_user2|total_time|1|11.348794
node_user2|loops|1|10
node_user2|messages|1|12
user1|min_constraint|1|3
user1|max_constraint|1|3
user2|flocal|1|0.2860400676727295
user2|flocal|1|0.3752624988555908
user2|flocal|1|0.18312764167785645
user2|flocal|1|0.1966404914855957
user2|flocal|1|0.2037498950958252
user2|ffinal|1|0.20045137405395508
node_user3|total_time|1|11.466560
node_user3|loops|1|10
node_user3|messages|1|10
user2|min_constraint|1|3
user2|max_constraint|1|3
user3|flocal|1|0.29356956481933594
user3|flocal|1|0.19694805145263672
user3|flocal|1|0.19350576400756836
user3|flocal|1|0.20326995849609375
user3|flocal|1|0.19853448867797852
user3|ffinal|1|0.20192956924438477
node_user4|total_time|1|10.620553
node_user4|loops|1|7
node_user4|messages|1|10
user3|min_constraint|1|3
user3|max_constraint|1|3
user4|flocal|1|0.28520894050598145
user4|flocal|1|0.2697927951812744
user4|flocal|1|0.19339966773986816
user4|flocal|1|0.20543909072875977
user4|ffinal|1|0.20782899856567383
node_user5|total_time|1|10.911372
node_user5|loops|1|5
node_user5|messages|1|8
user4|min_constraint|1|3
user4|max_constraint|1|3
user5|flocal|1|0.24483394622802734
user5|flocal|1|0.1991567611694336
user5|flocal|1|0.1960766315460205
user5|flocal|1|0.19419097900390625
user5|flocal|1|0.19838643074035645
user5|ffinal|1|0.2000894546508789
node_user6|total_time|1|10.418193
node_user6|loops|1|8
node_user6|messages|1|10
user5|min_constraint|1|3
user5|max_constraint|1|3
user6|flocal|1|0.2797257900238037
user6|flocal|1|0.1818857192993164
user6|flocal|1|0.18798089027404785
user6|flocal|1|0.19882893562316895
user6|ffinal|1|0.19965767860412598
node_user7|total_time|1|9.508116
node_user7|loops|1|5
node_user7|messages|1|8
user6|min_constraint|1|3
user6|max_constraint|1|3
user7|flocal|1|0.2659780979156494
user7|flocal|1|0.3377509117126465
user7|flocal|1|0.19645333290100098
user7|flocal|1|0.1772158145904541
user7|flocal|1|0.19857192039489746
user7|ffinal|1|0.198883056640625
node_user8|total_time|1|9.740867
node_user8|loops|1|7
node_user8|messages|1|8
user7|min_constraint|1|3
user7|max_constraint|1|3
user8|flocal|1|0.29019951820373535
user8|flocal|1|0.20450854301452637
user8|flocal|1|0.19973301887512207
user8|flocal|1|0.20458078384399414
user8|ffinal|1|0.20042657852172852
node_user9|total_time|1|8.701153
node_user9|loops|1|4
node_user9|messages|1|8
user8|min_constraint|1|3
user8|max_constraint|1|3
user9|flocal|1|0.30149102210998535
user9|flocal|1|0.19315600395202637
user9|flocal|1|0.2001967430114746
user9|ffinal|1|0.19684052467346191
node_user10|total_time|1|8.386317
node_user10|loops|1|7
node_user10|messages|1|6
user9|min_constraint|1|3
user9|max_constraint|1|3
provider|flocal|2|0.2659463882446289
provider|flocal|2|0.2000887393951416
provider|flocal|2|0.21235895156860352
provider|flocal|2|0.17945408821105957
provider|flocal|2|0.19181132316589355
provider|flocal|2|0.17183184623718262
provider|flocal|2|0.19902634620666504
provider|flocal|2|0.19493436813354492
provider|flocal|2|0.19635558128356934
provider|ffinal|2|0.19440531730651855
node0|total_time|2|20.931870
node0|loops|2|20
node0|messages|2|90
provider|min_constraint|2|32
provider|max_constraint|2|32
user0|flocal|2|0.2980070114135742
user0|flocal|2|0.20780348777770996
user0|flocal|2|0.19925642013549805
user0|flocal|2|0.20009565353393555
user0|flocal|2|0.2014446258544922
user0|ffinal|2|0.38910794258117676
node_user1|total_time|2|12.912492
node_user1|loops|2|10
node_user1|messages|2|10
user0|min_constraint|2|3
user0|max_constraint|2|3
user10|flocal|2|0.26905035972595215
user10|flocal|2|0.16640138626098633
user10|flocal|2|0.1690683364868164
user10|flocal|2|0.17975354194641113
user10|ffinal|2|0.2597329616546631
node_user11|total_time|2|8.379618
node_user11|loops|2|6
node_user11|messages|2|8
user10|min_constraint|2|3
user10|max_constraint|2|3
user11|flocal|2|0.2895686626434326
user11|flocal|2|0.19421648979187012
user11|flocal|2|0.19919872283935547
user11|ffinal|2|0.48223328590393066
node_user12|total_time|2|7.873012
node_user12|loops|2|6
node_user12|messages|2|6
user11|min_constraint|2|3
user11|max_constraint|2|3
user12|flocal|2|0.3083209991455078
user12|flocal|2|0.20110106468200684
user12|flocal|2|0.18352818489074707
user12|ffinal|2|0.34075355529785156
node_user13|total_time|2|7.419149
node_user13|loops|2|5
node_user13|messages|2|4
user12|min_constraint|2|3
user12|max_constraint|2|3
user13|flocal|2|0.28051257133483887
user13|flocal|2|0.19829249382019043
user13|flocal|2|0.19942927360534668
user13|ffinal|2|0.19707822799682617
node_user14|total_time|2|6.065946
node_user14|loops|2|3
node_user14|messages|2|6
user13|min_constraint|2|3
user13|max_constraint|2|3
user14|flocal|2|0.28751349449157715
user14|flocal|2|0.20022940635681152
user14|flocal|2|0.19846010208129883
user14|ffinal|2|0.20045900344848633
node_user15|total_time|2|5.491025
node_user15|loops|2|4
node_user15|messages|2|6
user14|min_constraint|2|3
user14|max_constraint|2|3
user1|flocal|2|0.5626251697540283
user1|flocal|2|0.19884204864501953
user1|flocal|2|0.20028162002563477
user1|flocal|2|0.19564199447631836
user1|flocal|2|0.19679021835327148
user1|flocal|2|0.19600963592529297
user1|ffinal|2|0.19638395309448242
node_user2|total_time|2|11.824721
node_user2|loops|2|12
node_user2|messages|2|12
user1|min_constraint|2|3
user1|max_constraint|2|3
user2|flocal|2|0.2885267734527588
user2|flocal|2|0.20877504348754883
user2|flocal|2|0.19609332084655762
user2|flocal|2|0.19535088539123535
user2|flocal|2|0.17772960662841797
user2|ffinal|2|0.19743847846984863
node_user3|total_time|2|11.541171
node_user3|loops|2|7
node_user3|messages|2|10
user2|min_constraint|2|3
user2|max_constraint|2|3
user3|flocal|2|0.2865321636199951
user3|flocal|2|0.1737043857574463
user3|flocal|2|0.20667767524719238
user3|flocal|2|0.19798660278320312
user3|flocal|2|0.1996135711669922
user3|ffinal|2|0.19665312767028809
node_user4|total_time|2|11.073817
node_user4|loops|2|6
node_user4|messages|2|10
user3|min_constraint|2|3
user3|max_constraint|2|3
user4|flocal|2|0.28061985969543457
user4|flocal|2|0.2010195255279541
user4|flocal|2|0.2000434398651123
user4|flocal|2|0.19969892501831055
user4|ffinal|2|0.20357990264892578
node_user5|total_time|2|10.380660
node_user5|loops|2|9
node_user5|messages|2|8
user4|min_constraint|2|3
user4|max_constraint|2|3
user5|flocal|2|0.29224514961242676
user5|flocal|2|0.20547795295715332
user5|flocal|2|0.19640016555786133
user5|flocal|2|0.19371652603149414
user5|ffinal|2|0.18535089492797852
node_user6|total_time|2|9.623812
node_user6|loops|2|5
node_user6|messages|2|8
user5|min_constraint|2|3
user5|max_constraint|2|3
user6|flocal|2|0.23642706871032715
user6|flocal|2|0.20637917518615723
user6|flocal|2|0.20076632499694824
user6|flocal|2|0.19487977027893066
user6|ffinal|2|0.20090770721435547
node_user7|total_time|2|9.310224
node_user7|loops|2|6
node_user7|messages|2|8
user6|min_constraint|2|3
user6|max_constraint|2|3
user7|flocal|2|0.29709744453430176
user7|flocal|2|0.1961977481842041
user7|flocal|2|0.20370984077453613
user7|flocal|2|0.19441580772399902
user7|ffinal|2|0.19863104820251465
node_user8|total_time|2|9.202425
node_user8|loops|2|5
node_user8|messages|2|8
user7|min_constraint|2|3
user7|max_constraint|2|3
user8|flocal|2|0.28572559356689453
user8|flocal|2|0.19638538360595703
user8|flocal|2|0.1960294246673584
user8|flocal|2|0.20103907585144043
user8|ffinal|2|0.479978084564209
node_user9|total_time|2|9.230127
node_user9|loops|2|7
node_user9|messages|2|8
user8|min_constraint|2|3
user8|max_constraint|2|3
user9|flocal|2|0.3038339614868164
user9|flocal|2|0.1979846954345703
user9|flocal|2|0.20082426071166992
user9|ffinal|2|0.19108819961547852
node_user10|total_time|2|8.916321
node_user10|loops|2|5
node_user10|messages|2|6
user9|min_constraint|2|3
user9|max_constraint|2|3
provider|flocal|3|0.3007645606994629
provider|flocal|3|0.20087933540344238
provider|flocal|3|0.20090365409851074
provider|flocal|3|0.19962859153747559
provider|flocal|3|0.20284771919250488
provider|flocal|3|0.20343470573425293
provider|flocal|3|0.3811607360839844
provider|flocal|3|0.1960146427154541
provider|flocal|3|0.20453810691833496
provider|ffinal|3|0.1948397159576416
node0|total_time|3|19.381712
node0|loops|3|15
node0|messages|3|135
provider|min_constraint|3|32
provider|max_constraint|3|32
user0|flocal|3|0.30449438095092773
user0|flocal|3|0.19614100456237793
user0|flocal|3|0.20528173446655273
user0|flocal|3|0.39045000076293945
user0|flocal|3|0.2011733055114746
user0|ffinal|3|0.1786789894104004
node_user1|total_time|3|11.150389
node_user1|loops|3|6
node_user1|messages|3|10
user0|min_constraint|3|3
user0|max_constraint|3|3
user10|flocal|3|0.3112008571624756
user10|flocal|3|0.2029106616973877
user10|flocal|3|0.20016884803771973
user10|ffinal|3|0.20273685455322266
node_user11|total_time|3|6.112984
node_user11|loops|3|5
node_user11|messages|3|6
user10|min_constraint|3|3
user10|max_constraint|3|3
user11|flocal|3|0.31400513648986816
user11|flocal|3|0.2104184627532959
user11|flocal|3|0.19969677925109863
user11|flocal|3|0.2042984962463379
user11|ffinal|3|0.19366455078125
node_user12|total_time|3|5.274795
node_user12|loops|3|4
node_user12|messages|3|6
user11|min_constraint|3|3
user11|max_constraint|3|3
user12|flocal|3|0.6157472133636475
user12|flocal|3|0.19898176193237305
user12|flocal|3|0.20500397682189941
user12|flocal|3|0.2007594108581543
user12|ffinal|3|0.19807744026184082
node_user13|total_time|3|4.685089
node_user13|loops|3|3
node_user13|messages|3|4
user12|min_constraint|3|3
user12|max_constraint|3|3
user13|flocal|3|0.3072972297668457
user13|ffinal|3|0.18784451484680176
node_user14|total_time|3|4.385860
node_user14|loops|3|1
node_user14|messages|3|2
user13|min_constraint|3|3
user13|max_constraint|3|3
user14|flocal|3|0.28235340118408203
user14|flocal|3|0.18073582649230957
user14|ffinal|3|0.17810750007629395
node_user15|total_time|3|3.623585
node_user15|loops|3|1
node_user15|messages|3|2
user14|min_constraint|3|3
user14|max_constraint|3|3
user1|flocal|3|0.30707502365112305
user1|flocal|3|0.19843173027038574
user1|flocal|3|0.1906275749206543
user1|flocal|3|0.2008202075958252
user1|flocal|3|0.2049720287322998
user1|flocal|3|0.1961512565612793
user1|ffinal|3|0.20160889625549316
node_user2|total_time|3|11.420110
node_user2|loops|3|9
node_user2|messages|3|12
user1|min_constraint|3|3
user1|max_constraint|3|3
user2|flocal|3|0.29650211334228516
user2|flocal|3|0.20516657829284668
user2|flocal|3|0.20158767700195312
user2|flocal|3|0.48076963424682617
user2|flocal|3|0.18976116180419922
user2|flocal|3|0.20092988014221191
user2|ffinal|3|0.201554536819458
node_user3|total_time|3|9.810993
node_user3|loops|3|6
node_user3|messages|3|12
user2|min_constraint|3|3
user2|max_constraint|3|3
user3|flocal|3|0.28501319885253906
user3|flocal|3|0.20708489418029785
user3|flocal|3|0.20517706871032715
user3|flocal|3|0.20372676849365234
user3|flocal|3|0.2020275592803955
user3|ffinal|3|0.20504498481750488
node_user4|total_time|3|10.532617
node_user4|loops|3|7
node_user4|messages|3|10
user3|min_constraint|3|3
user3|max_constraint|3|3
user4|flocal|3|0.2712116241455078
user4|flocal|3|0.20198535919189453
user4|flocal|3|0.18028497695922852
user4|flocal|3|0.28751587867736816
user4|flocal|3|0.20682168006896973
user4|flocal|3|0.19987702369689941
user4|ffinal|3|0.2035684585571289
node_user5|total_time|3|8.444330
node_user5|loops|3|5
node_user5|messages|3|10
user4|min_constraint|3|3
user4|max_constraint|3|3
user5|flocal|3|0.2931380271911621
user5|flocal|3|0.20055437088012695
user5|flocal|3|0.1959526538848877
user5|flocal|3|0.20212936401367188
user5|ffinal|3|0.20172762870788574
node_user6|total_time|3|8.103599
node_user6|loops|3|7
node_user6|messages|3|8
user5|min_constraint|3|3
user5|max_constraint|3|3
user6|flocal|3|0.32414674758911133
user6|flocal|3|0.20397067070007324
user6|flocal|3|0.20509982109069824
user6|ffinal|3|0.21138238906860352
node_user7|total_time|3|8.829008
node_user7|loops|3|7
node_user7|messages|3|6
user6|min_constraint|3|3
user6|max_constraint|3|3
user7|flocal|3|0.2698047161102295
user7|flocal|3|0.19276189804077148
user7|flocal|3|0.20553231239318848
user7|flocal|3|0.19929051399230957
user7|ffinal|3|0.20392680168151855
node_user8|total_time|3|8.294091
node_user8|loops|3|5
node_user8|messages|3|8
user7|min_constraint|3|3
user7|max_constraint|3|3
user8|flocal|3|0.30129528045654297
user8|flocal|3|0.20857834815979004
user8|flocal|3|0.20149922370910645
user8|ffinal|3|0.20659804344177246
node_user9|total_time|3|7.092416
node_user9|loops|3|7
node_user9|messages|3|6
user8|min_constraint|3|3
user8|max_constraint|3|3
user9|flocal|3|0.31200242042541504
user9|flocal|3|0.2561023235321045
user9|flocal|3|0.20566678047180176
user9|ffinal|3|0.20743489265441895
node_user10|total_time|3|7.507987
node_user10|loops|3|4
node_user10|messages|3|6
user9|min_constraint|3|3
user9|max_constraint|3|3
provider|flocal|4|0.28517818450927734
provider|flocal|4|0.2024688720703125
provider|flocal|4|0.19018054008483887
provider|flocal|4|0.199507474899292
provider|flocal|4|0.19853663444519043
provider|flocal|4|0.2605881690979004
provider|flocal|4|0.19845104217529297
provider|ffinal|4|0.20019865036010742
node0|total_time|4|18.671663
node0|loops|4|16
node0|messages|4|105
provider|min_constraint|4|32
provider|max_constraint|4|32
user0|flocal|4|0.29381394386291504
user0|flocal|4|0.19632196426391602
user0|flocal|4|0.1938483715057373
user0|flocal|4|0.19945406913757324
user0|flocal|4|0.3448820114135742
user0|flocal|4|0.19493460655212402
user0|ffinal|4|0.16891932487487793
node_user1|total_time|4|9.600344
node_user1|loops|4|7
node_user1|messages|4|12
user0|min_constraint|4|3
user0|max_constraint|4|3
user10|flocal|4|0.2849576473236084
user10|flocal|4|0.1995706558227539
user10|ffinal|4|0.20395207405090332
node_user11|total_time|4|5.921644
node_user11|loops|4|3
node_user11|messages|4|4
user10|min_constraint|4|3
user10|max_constraint|4|3
user11|flocal|4|0.2971925735473633
user11|ffinal|4|0.20034122467041016
node_user12|total_time|4|5.228589
node_user12|loops|4|4
node_user12|messages|4|2
user11|min_constraint|4|3
user11|max_constraint|4|3
user12|flocal|4|0.4737124443054199
user12|flocal|4|0.20255756378173828
user12|flocal|4|0.19968342781066895
user12|ffinal|4|0.19510936737060547
node_user13|total_time|4|3.994561
node_user13|loops|4|2
node_user13|messages|4|4
user12|min_constraint|4|3
user12|max_constraint|4|3
user13|flocal|4|0.3077571392059326
user13|ffinal|4|0.20415043830871582
node_user14|total_time|4|3.472130
node_user14|loops|4|1
node_user14|messages|4|2
user13|min_constraint|4|3
user13|max_constraint|4|3
user14|flocal|4|0.25104403495788574
user14|ffinal|4|0.2887086868286133
node_user15|total_time|4|4.290573
node_user15|loops|4|2
node_user15|messages|4|2
user14|min_constraint|4|3
user14|max_constraint|4|3
user1|flocal|4|0.27280282974243164
user1|flocal|4|0.19698739051818848
user1|flocal|4|0.19809365272521973
user1|flocal|4|0.3934023380279541
user1|flocal|4|0.20071673393249512
user1|ffinal|4|0.18993616104125977
node_user2|total_time|4|10.003965
node_user2|loops|4|6
node_user2|messages|4|10
user1|min_constraint|4|3
user1|max_constraint|4|3
user2|flocal|4|0.28505802154541016
user2|flocal|4|0.2001025676727295
user2|flocal|4|0.19429802894592285
user2|flocal|4|0.3359341621398926
user2|flocal|4|0.19114995002746582
user2|ffinal|4|0.19747543334960938
node_user3|total_time|4|9.408634
node_user3|loops|4|6
node_user3|messages|4|10
user2|min_constraint|4|3
user2|max_constraint|4|3
user3|flocal|4|0.26865196228027344
user3|flocal|4|0.19544363021850586
user3|flocal|4|0.19982028007507324
user3|flocal|4|0.1956157684326172
user3|flocal|4|0.19429612159729004
user3|ffinal|4|0.19428443908691406
node_user4|total_time|4|8.216388
node_user4|loops|4|5
node_user4|messages|4|8
user3|min_constraint|4|3
user3|max_constraint|4|3
user4|flocal|4|0.26558995246887207
user4|flocal|4|0.19502902030944824
user4|flocal|4|0.19768786430358887
user4|ffinal|4|0.26506757736206055
node_user5|total_time|4|9.243104
node_user5|loops|4|5
node_user5|messages|4|6
user4|min_constraint|4|3
user4|max_constraint|4|3
user5|flocal|4|0.29859209060668945
user5|flocal|4|0.19940710067749023
user5|flocal|4|0.19800329208374023
user5|ffinal|4|0.20061707496643066
node_user6|total_time|4|7.941296
node_user6|loops|4|8
node_user6|messages|4|6
user5|min_constraint|4|3
user5|max_constraint|4|3
user6|flocal|4|0.2904326915740967
user6|flocal|4|0.2002878189086914
user6|flocal|4|0.19821810722351074
user6|ffinal|4|0.19733810424804688
node_user7|total_time|4|8.366094
node_user7|loops|4|4
node_user7|messages|4|6
user6|min_constraint|4|3
user6|max_constraint|4|3
user7|flocal|4|0.28101539611816406
user7|flocal|4|0.19600677490234375
user7|flocal|4|0.19748926162719727
user7|flocal|4|0.1932363510131836
user7|ffinal|4|0.2084648609161377
node_user8|total_time|4|7.153798
node_user8|loops|4|6
node_user8|messages|4|8
user7|min_constraint|4|3
user7|max_constraint|4|3
user8|flocal|4|0.28864312171936035
user8|flocal|4|0.19487667083740234
user8|flocal|4|0.19371747970581055
user8|flocal|4|0.20174908638000488
user8|ffinal|4|0.1897439956665039
node_user9|total_time|4|5.946746
node_user9|loops|4|4
node_user9|messages|4|6
user8|min_constraint|4|3
user8|max_constraint|4|3
user9|flocal|4|0.2619822025299072
user9|flocal|4|0.2036454677581787
user9|ffinal|4|0.20154762268066406
node_user10|total_time|4|5.425246
node_user10|loops|4|6
node_user10|messages|4|4
user9|min_constraint|4|3
user9|max_constraint|4|3
provider|flocal|5|0.2835049629211426
provider|flocal|5|0.4703404903411865
provider|flocal|5|0.19249463081359863
provider|flocal|5|0.1998291015625
provider|flocal|5|0.17956161499023438
provider|flocal|5|0.19439911842346191
provider|flocal|5|0.21406173706054688
provider|flocal|5|0.19606637954711914
provider|flocal|5|0.19865989685058594
provider|ffinal|5|0.1945328712463379
node0|total_time|5|19.189911
node0|loops|5|16
node0|messages|5|105
provider|min_constraint|5|32
provider|max_constraint|5|32
user0|flocal|5|0.2539517879486084
user0|flocal|5|0.19626975059509277
user0|flocal|5|0.19530844688415527
user0|flocal|5|0.2067573070526123
user0|flocal|5|0.2048795223236084
user0|ffinal|5|0.20045709609985352
node_user1|total_time|5|10.426383
node_user1|loops|5|9
node_user1|messages|5|8
user0|min_constraint|5|3
user0|max_constraint|5|3
user10|flocal|5|0.29175281524658203
user10|flocal|5|0.20746827125549316
user10|ffinal|5|0.20497822761535645
node_user11|total_time|5|5.850499
node_user11|loops|5|3
node_user11|messages|5|4
user10|min_constraint|5|3
user10|max_constraint|5|3
user11|flocal|5|0.34447193145751953
user11|flocal|5|0.20864176750183105
user11|ffinal|5|0.2106339931488037
node_user12|total_time|5|4.864285
node_user12|loops|5|3
node_user12|messages|5|4
user11|min_constraint|5|3
user11|max_constraint|5|3
user12|flocal|5|0.31040525436401367
user12|flocal|5|0.24288034439086914
user12|flocal|5|0.20221209526062012
user12|ffinal|5|0.20917034149169922
node_user13|total_time|5|5.112238
node_user13|loops|5|5
node_user13|messages|5|6
user12|min_constraint|5|3
user12|max_constraint|5|3
user13|flocal|5|0.2826683521270752
user13|flocal|5|0.17827343940734863
user13|ffinal|5|0.19848155975341797
node_user14|total_time|5|3.954939
node_user14|loops|5|3
node_user14|messages|5|4
user13|min_constraint|5|3
user13|max_constraint|5|3
user14|flocal|5|0.26426100730895996
user14|flocal|5|0.19400882720947266
user14|ffinal|5|0.20074033737182617
node_user15|total_time|5|3.608042
node_user15|loops|5|4
node_user15|messages|5|4
user14|min_constraint|5|3
user14|max_constraint|5|3
user1|flocal|5|0.27509522438049316
user1|flocal|5|0.2004249095916748
user1|flocal|5|0.19778823852539062
user1|flocal|5|0.20103979110717773
user1|flocal|5|0.21144986152648926
user1|flocal|5|0.19904804229736328
user1|ffinal|5|0.1821439266204834
node_user2|total_time|5|11.026642
node_user2|loops|5|9
node_user2|messages|5|12
user1|min_constraint|5|3
user1|max_constraint|5|3
user2|flocal|5|0.26665377616882324
user2|flocal|5|0.20762181282043457
user2|flocal|5|0.20286059379577637
user2|flocal|5|0.24882245063781738
user2|flocal|5|0.20191693305969238
user2|ffinal|5|0.1989898681640625
node_user3|total_time|5|9.299403
node_user3|loops|5|8
node_user3|messages|5|10
user2|min_constraint|5|3
user2|max_constraint|5|3
user3|flocal|5|0.2929978370666504
user3|flocal|5|0.20048117637634277
user3|flocal|5|0.20029211044311523
user3|flocal|5|0.1955268383026123
user3|flocal|5|0.2008211612701416
user3|ffinal|5|0.20755934715270996
node_user4|total_time|5|9.062746
node_user4|loops|5|9
node_user4|messages|5|10
user3|min_constraint|5|3
user3|max_constraint|5|3
user4|flocal|5|0.2787189483642578
user4|flocal|5|0.18751049041748047
user4|flocal|5|0.20195245742797852
user4|flocal|5|0.20595502853393555
user4|flocal|5|0.1993575096130371
user4|ffinal|5|0.20386886596679688
node_user5|total_time|5|9.350265
node_user5|loops|5|9
node_user5|messages|5|10
user4|min_constraint|5|3
user4|max_constraint|5|3
user5|flocal|5|0.29173755645751953
user5|flocal|5|0.18772125244140625
user5|flocal|5|0.2041151523590088
user5|ffinal|5|0.20044970512390137
node_user6|total_time|5|9.417462
node_user6|loops|5|6
node_user6|messages|5|6
user5|min_constraint|5|3
user5|max_constraint|5|3
user6|flocal|5|0.3092336654663086
user6|flocal|5|0.20331788063049316
user6|flocal|5|0.20573115348815918
user6|ffinal|5|0.20102238655090332
node_user7|total_time|5|7.855450
node_user7|loops|5|4
node_user7|messages|5|6
user6|min_constraint|5|3
user6|max_constraint|5|3
user7|flocal|5|0.291597843170166
user7|flocal|5|0.201263427734375
user7|flocal|5|0.2222280502319336
user7|flocal|5|0.20018792152404785
user7|ffinal|5|0.20388150215148926
node_user8|total_time|5|6.643649
node_user8|loops|5|5
node_user8|messages|5|8
user7|min_constraint|5|3
user7|max_constraint|5|3
user8|flocal|5|0.2970430850982666
user8|flocal|5|0.18557476997375488
user8|flocal|5|0.20312833786010742
user8|flocal|5|0.24615478515625
user8|flocal|5|0.20377135276794434
user8|ffinal|5|0.20169854164123535
node_user9|total_time|5|6.438064
node_user9|loops|5|6
node_user9|messages|5|10
user8|min_constraint|5|3
user8|max_constraint|5|3
user9|flocal|5|0.2868373394012451
user9|flocal|5|0.19199109077453613
user9|flocal|5|0.20044803619384766
user9|ffinal|5|0.19643378257751465
node_user10|total_time|5|6.206913
node_user10|loops|5|7
node_user10|messages|5|6
user9|min_constraint|5|3
user9|max_constraint|5|3
provider|flocal|6|0.30260467529296875
provider|flocal|6|0.1937572956085205
provider|flocal|6|0.18866586685180664
provider|flocal|6|0.19104599952697754
provider|flocal|6|0.19180536270141602
provider|flocal|6|0.19474267959594727
provider|flocal|6|0.1983790397644043
provider|flocal|6|0.1973574161529541
provider|flocal|6|0.1952207088470459
provider|flocal|6|0.1945033073425293
provider|ffinal|6|0.37022900581359863
node0|total_time|6|19.581832
node0|loops|6|16
node0|messages|6|120
provider|min_constraint|6|32
provider|max_constraint|6|32
user0|flocal|6|0.2875359058380127
user0|flocal|6|0.1948082447052002
user0|flocal|6|0.20131373405456543
user0|flocal|6|0.19800400733947754
user0|flocal|6|0.20619511604309082
user0|ffinal|6|0.19463205337524414
node_user1|total_time|6|10.659773
node_user1|loops|6|7
node_user1|messages|6|10
user0|min_constraint|6|3
user0|max_constraint|6|3
user10|flocal|6|0.3004872798919678
user10|flocal|6|0.19775700569152832
user10|flocal|6|0.1994338035583496
user10|ffinal|6|0.197798490524292
node_user11|total_time|6|6.494731
node_user11|loops|6|3
node_user11|messages|6|6
user10|min_constraint|6|3
user10|max_constraint|6|3
user11|flocal|6|0.29450249671936035
user11|flocal|6|0.1910696029663086
user11|flocal|6|0.1976301670074463
user11|ffinal|6|0.20041370391845703
node_user12|total_time|6|5.845866
node_user12|loops|6|4
node_user12|messages|6|6
user11|min_constraint|6|3
user11|max_constraint|6|3
user12|flocal|6|0.2868001461029053
user12|flocal|6|0.20135140419006348
user12|flocal|6|0.19835782051086426
user12|ffinal|6|0.18996596336364746
node_user13|total_time|6|4.844430
node_user13|loops|6|3
node_user13|messages|6|6
user12|min_constraint|6|3
user12|max_constraint|6|3
user13|flocal|6|0.3034682273864746
user13|flocal|6|0.20351386070251465
user13|flocal|6|0.49094700813293457
user13|ffinal|6|0.19266915321350098
node_user14|total_time|6|4.514462
node_user14|loops|6|2
node_user14|messages|6|4
user13|min_constraint|6|3
user13|max_constraint|6|3
user14|flocal|6|0.3004586696624756
user14|flocal|6|0.18986034393310547
user14|ffinal|6|0.1943674087524414
node_user15|total_time|6|4.247523
node_user15|loops|6|3
node_user15|messages|6|4
user14|min_constraint|6|3
user14|max_constraint|6|3
user1|flocal|6|0.2746443748474121
user1|flocal|6|0.19703269004821777
user1|flocal|6|0.20055007934570312
user1|flocal|6|0.19876503944396973
user1|flocal|6|0.20095038414001465
user1|flocal|6|0.2014477252960205
user1|ffinal|6|0.203718900680542
node_user2|total_time|6|10.511600
node_user2|loops|6|8
node_user2|messages|6|12
user1|min_constraint|6|3
user1|max_constraint|6|3
user2|flocal|6|0.2626643180847168
user2|flocal|6|0.1996757984161377
user2|flocal|6|0.19176292419433594
user2|flocal|6|0.1983933448791504
user2|flocal|6|0.20203375816345215
user2|ffinal|6|0.19898414611816406
node_user3|total_time|6|10.074459
node_user3|loops|6|5
node_user3|messages|6|10
user2|min_constraint|6|3
user2|max_constraint|6|3
user3|flocal|6|0.2808244228363037
user3|flocal|6|0.20300912857055664
user3|flocal|6|0.19386076927185059
user3|flocal|6|0.20201468467712402
user3|flocal|6|0.19710063934326172
user3|flocal|6|0.19897723197937012
user3|flocal|6|0.4777381420135498
user3|ffinal|6|0.19080257415771484
node_user4|total_time|6|9.170557
node_user4|loops|6|6
node_user4|messages|6|12
user3|min_constraint|6|3
user3|max_constraint|6|3
user4|flocal|6|0.27517271041870117
user4|flocal|6|0.17212486267089844
user4|flocal|6|0.19900131225585938
user4|flocal|6|0.1975104808807373
user4|flocal|6|0.19580888748168945
user4|flocal|6|0.19425439834594727
user4|ffinal|6|0.1989750862121582
node_user5|total_time|6|9.647148
node_user5|loops|6|6
node_user5|messages|6|12
user4|min_constraint|6|3
user4|max_constraint|6|3
user5|flocal|6|0.27346348762512207
user5|flocal|6|0.21143531799316406
user5|flocal|6|0.19573259353637695
user5|flocal|6|0.1984565258026123
user5|ffinal|6|0.19974541664123535
node_user6|total_time|6|8.963271
node_user6|loops|6|6
node_user6|messages|6|8
user5|min_constraint|6|3
user5|max_constraint|6|3
user6|flocal|6|0.28197574615478516
user6|flocal|6|0.1696012020111084
user6|flocal|6|0.1998600959777832
user6|flocal|6|0.4970576763153076
user6|ffinal|6|0.19170522689819336
node_user7|total_time|6|7.671267
node_user7|loops|6|5
node_user7|messages|6|6
user6|min_constraint|6|3
user6|max_constraint|6|3
user7|flocal|6|0.2935476303100586
user7|flocal|6|0.19638824462890625
user7|flocal|6|0.19681334495544434
user7|flocal|6|0.19457149505615234
user7|flocal|6|0.20177078247070312
user7|ffinal|6|0.19729208946228027
node_user8|total_time|6|7.902305
node_user8|loops|6|11
node_user8|messages|6|10
user7|min_constraint|6|3
user7|max_constraint|6|3
user8|flocal|6|0.2916605472564697
user8|flocal|6|0.20601463317871094
user8|flocal|6|0.19910502433776855
user8|flocal|6|0.1983935832977295
user8|flocal|6|0.47133708000183105
user8|ffinal|6|0.19615817070007324
node_user9|total_time|6|6.766362
node_user9|loops|6|5
node_user9|messages|6|8
user8|min_constraint|6|3
user8|max_constraint|6|3
user9|flocal|6|0.3019120693206787
user9|flocal|6|0.20101618766784668
user9|flocal|6|0.1961812973022461
user9|flocal|6|0.19782066345214844
user9|ffinal|6|0.19960999488830566
node_user10|total_time|6|7.021767
node_user10|loops|6|4
node_user10|messages|6|8
user9|min_constraint|6|3
user9|max_constraint|6|3
provider|flocal|7|0.2838890552520752
provider|flocal|7|0.19986891746520996
provider|flocal|7|0.19817018508911133
provider|flocal|7|0.2730851173400879
provider|flocal|7|0.24072599411010742
provider|flocal|7|0.6250693798065186
provider|flocal|7|0.19022774696350098
provider|flocal|7|0.19800186157226562
provider|ffinal|7|0.1925678253173828
node0|total_time|7|19.557472
node0|loops|7|18
node0|messages|7|105
provider|min_constraint|7|32
provider|max_constraint|7|32
user0|flocal|7|0.395033597946167
user0|flocal|7|0.20101213455200195
user0|flocal|7|0.20289230346679688
user0|flocal|7|0.19807672500610352
user0|flocal|7|0.20092296600341797
user0|ffinal|7|0.1865863800048828
node_user1|total_time|7|10.895923
node_user1|loops|7|7
node_user1|messages|7|10
user0|min_constraint|7|3
user0|max_constraint|7|3
user10|flocal|7|0.3029162883758545
user10|flocal|7|0.19817209243774414
user10|ffinal|7|0.19782304763793945
node_user11|total_time|7|6.405294
node_user11|loops|7|4
node_user11|messages|7|4
user10|min_constraint|7|3
user10|max_constraint|7|3
user11|flocal|7|0.7544441223144531
user11|flocal|7|0.19232392311096191
user11|ffinal|7|0.1940596103668213
node_user12|total_time|7|5.688153
node_user12|loops|7|3
node_user12|messages|7|4
user11|min_constraint|7|3
user11|max_constraint|7|3
user12|flocal|7|0.705101728439331
user12|flocal|7|0.17417454719543457
user12|ffinal|7|0.16686058044433594
node_user13|total_time|7|5.075615
node_user13|loops|7|3
node_user13|messages|7|4
user12|min_constraint|7|3
user12|max_constraint|7|3
user13|flocal|7|0.8882081508636475
user13|flocal|7|0.1955733299255371
user13|ffinal|7|0.19960474967956543
node_user14|total_time|7|4.826869
node_user14|loops|7|2
node_user14|messages|7|4
user13|min_constraint|7|3
user13|max_constraint|7|3
user14|flocal|7|0.7349834442138672
user14|flocal|7|0.19899773597717285
user14|ffinal|7|0.20065617561340332
node_user15|total_time|7|4.591945
node_user15|loops|7|2
node_user15|messages|7|4
user14|min_constraint|7|3
user14|max_constraint|7|3
user1|flocal|7|0.28943896293640137
user1|flocal|7|0.20297908782958984
user1|flocal|7|0.19284701347351074
user1|flocal|7|0.20306658744812012
user1|flocal|7|0.1707017421722412
user1|flocal|7|0.19670486450195312
user1|ffinal|7|0.19536948204040527
node_user2|total_time|7|10.060037
node_user2|loops|7|8
node_user2|messages|7|10
user1|min_constraint|7|3
user1|max_constraint|7|3
user2|flocal|7|0.2916696071624756
user2|flocal|7|0.19197463989257812
user2|flocal|7|0.19280338287353516
user2|flocal|7|0.1945044994354248
user2|flocal|7|0.19815850257873535
user2|ffinal|7|0.19917583465576172
node_user3|total_time|7|9.777965
node_user3|loops|7|8
node_user3|messages|7|10
user2|min_constraint|7|3
user2|max_constraint|7|3
user3|flocal|7|0.3795492649078369
user3|flocal|7|0.1969444751739502
user3|flocal|7|0.20184087753295898
user3|flocal|7|0.20000791549682617
user3|ffinal|7|0.2014474868774414
node_user4|total_time|7|9.640604
node_user4|loops|7|5
node_user4|messages|7|8
user3|min_constraint|7|3
user3|max_constraint|7|3
user4|flocal|7|0.27692389488220215
user4|flocal|7|0.36802124977111816
user4|flocal|7|0.20429420471191406
user4|flocal|7|0.19562005996704102
user4|flocal|7|0.20062613487243652
user4|ffinal|7|0.20307254791259766
node_user5|total_time|7|9.744979
node_user5|loops|7|6
node_user5|messages|7|10
user4|min_constraint|7|3
user4|max_constraint|7|3
user5|flocal|7|0.2846949100494385
user5|flocal|7|0.357574462890625
user5|flocal|7|0.19800257682800293
user5|flocal|7|0.19309353828430176
user5|flocal|7|0.19338369369506836
user5|flocal|7|0.19765114784240723
user5|ffinal|7|0.17012667655944824
node_user6|total_time|7|9.274211
node_user6|loops|7|8
node_user6|messages|7|12
user5|min_constraint|7|3
user5|max_constraint|7|3
user6|flocal|7|0.28965115547180176
user6|flocal|7|0.19743990898132324
user6|flocal|7|0.20286798477172852
user6|flocal|7|0.19710206985473633
user6|ffinal|7|0.2112410068511963
node_user7|total_time|7|8.492371
node_user7|loops|7|6
node_user7|messages|7|8
user6|min_constraint|7|3
user6|max_constraint|7|3
user7|flocal|7|0.3725612163543701
user7|flocal|7|0.43018317222595215
user7|flocal|7|0.19916129112243652
user7|flocal|7|0.198211669921875
user7|ffinal|7|0.187117338180542
node_user8|total_time|7|8.029573
node_user8|loops|7|5
node_user8|messages|7|8
user7|min_constraint|7|3
user7|max_constraint|7|3
user8|flocal|7|0.2887461185455322
user8|flocal|7|0.19737625122070312
user8|flocal|7|0.1967639923095703
user8|flocal|7|0.1993544101715088
user8|ffinal|7|0.1906728744506836
node_user9|total_time|7|6.715806
node_user9|loops|7|5
node_user9|messages|7|6
user8|min_constraint|7|3
user8|max_constraint|7|3
user9|flocal|7|0.2783937454223633
user9|flocal|7|0.19885492324829102
user9|ffinal|7|0.19929933547973633
node_user10|total_time|7|6.425932
node_user10|loops|7|4
node_user10|messages|7|4
user9|min_constraint|7|3
user9|max_constraint|7|3
provider|flocal|8|0.2743840217590332
provider|flocal|8|0.3669898509979248
provider|flocal|8|0.19375133514404297
provider|flocal|8|0.1999530792236328
provider|flocal|8|0.1974501609802246
provider|flocal|8|0.1856091022491455
provider|flocal|8|0.20340728759765625
provider|ffinal|8|0.19365620613098145
node0|total_time|8|19.769269
node0|loops|8|15
node0|messages|8|90
provider|min_constraint|8|32
provider|max_constraint|8|32
user0|flocal|8|0.2869842052459717
user0|flocal|8|0.19188213348388672
user0|flocal|8|0.2002861499786377
user0|flocal|8|0.20414042472839355
user0|flocal|8|0.19779205322265625
user0|flocal|8|0.19477248191833496
user0|ffinal|8|0.18537354469299316
node_user1|total_time|8|10.759474
node_user1|loops|8|9
node_user1|messages|8|12
user0|min_constraint|8|3
user0|max_constraint|8|3
user10|flocal|8|0.30813097953796387
user10|flocal|8|0.19608807563781738
user10|ffinal|8|0.1971902847290039
node_user11|total_time|8|5.911069
node_user11|loops|8|2
node_user11|messages|8|4
user10|min_constraint|8|3
user10|max_constraint|8|3
user11|flocal|8|0.34099793434143066
user11|flocal|8|0.2006664276123047
user11|flocal|8|0.20277690887451172
user11|ffinal|8|0.20097684860229492
node_user12|total_time|8|6.180610
node_user12|loops|8|5
node_user12|messages|8|6
user11|min_constraint|8|3
user11|max_constraint|8|3
user12|flocal|8|0.28675365447998047
user12|flocal|8|0.20027589797973633
user12|ffinal|8|0.20499467849731445
node_user13|total_time|8|5.842023
node_user13|loops|8|3
node_user13|messages|8|4
user12|min_constraint|8|3
user12|max_constraint|8|3
user13|flocal|8|0.25766849517822266
user13|flocal|8|0.1717839241027832
user13|flocal|8|0.17510223388671875
user13|ffinal|8|0.17792510986328125
node_user14|total_time|8|5.498009
node_user14|loops|8|4
node_user14|messages|8|6
user13|min_constraint|8|3
user13|max_constraint|8|3
user14|flocal|8|0.2872500419616699
user14|flocal|8|0.1971426010131836
user14|flocal|8|0.18961000442504883
user14|ffinal|8|0.20099616050720215
node_user15|total_time|8|4.040850
node_user15|loops|8|5
node_user15|messages|8|6
user14|min_constraint|8|3
user14|max_constraint|8|3
user1|flocal|8|0.47640109062194824
user1|flocal|8|0.19816303253173828
user1|flocal|8|0.21335315704345703
user1|flocal|8|0.20536303520202637
user1|ffinal|8|0.19491839408874512
node_user2|total_time|8|10.777161
node_user2|loops|8|8
node_user2|messages|8|8
user1|min_constraint|8|3
user1|max_constraint|8|3
user2|flocal|8|0.29106712341308594
user2|flocal|8|0.1914348602294922
user2|flocal|8|0.19591522216796875
user2|flocal|8|0.20489287376403809
user2|flocal|8|0.1993389129638672
user2|ffinal|8|0.19555139541625977
node_user3|total_time|8|10.701493
node_user3|loops|8|10
node_user3|messages|8|10
user2|min_constraint|8|3
user2|max_constraint|8|3
user3|flocal|8|0.2880897521972656
user3|flocal|8|0.20072007179260254
user3|flocal|8|0.31729960441589355
user3|flocal|8|0.22716856002807617
user3|flocal|8|0.19684696197509766
user3|ffinal|8|0.19682693481445312
node_user4|total_time|8|9.733095
node_user4|loops|8|9
node_user4|messages|8|10
user3|min_constraint|8|3
user3|max_constraint|8|3
user4|flocal|8|0.2812538146972656
user4|flocal|8|0.1953296661376953
user4|flocal|8|0.21815156936645508
user4|flocal|8|0.20200514793395996
user4|ffinal|8|0.19622445106506348
node_user5|total_time|8|9.374956
node_user5|loops|8|8
node_user5|messages|8|8
user4|min_constraint|8|3
user4|max_constraint|8|3
user5|flocal|8|0.2835102081298828
user5|flocal|8|0.3825342655181885
user5|flocal|8|0.22720599174499512
user5|flocal|8|0.19873690605163574
user5|flocal|8|0.19780683517456055
user5|ffinal|8|0.19998931884765625
node_user6|total_time|8|8.667386
node_user6|loops|8|9
node_user6|messages|8|10
user5|min_constraint|8|3
user5|max_constraint|8|3
user6|flocal|8|0.28633975982666016
user6|flocal|8|0.20409798622131348
user6|flocal|8|0.19823551177978516
user6|flocal|8|0.19876575469970703
user6|ffinal|8|0.2001361846923828
node_user7|total_time|8|8.782379
node_user7|loops|8|6
node_user7|messages|8|8
user6|min_constraint|8|3
user6|max_constraint|8|3
user7|flocal|8|0.2700800895690918
user7|flocal|8|0.1999669075012207
user7|flocal|8|0.21492433547973633
user7|flocal|8|0.2836799621582031
user7|ffinal|8|0.20363664627075195
node_user8|total_time|8|7.534828
node_user8|loops|8|5
node_user8|messages|8|8
user7|min_constraint|8|3
user7|max_constraint|8|3
user8|flocal|8|0.5348551273345947
user8|flocal|8|0.17920517921447754
user8|flocal|8|0.1788346767425537
user8|ffinal|8|0.17789578437805176
node_user9|total_time|8|7.775744
node_user9|loops|8|6
node_user9|messages|8|4
user8|min_constraint|8|3
user8|max_constraint|8|3
user9|flocal|8|0.3023703098297119
user9|flocal|8|0.20264720916748047
user9|flocal|8|0.19199419021606445
user9|ffinal|8|0.19922089576721191
node_user10|total_time|8|6.435460
node_user10|loops|8|3
node_user10|messages|8|6
user9|min_constraint|8|3
user9|max_constraint|8|3
provider|flocal|9|0.2943408489227295
provider|flocal|9|0.30202555656433105
provider|flocal|9|0.19928812980651855
provider|flocal|9|0.19902682304382324
provider|flocal|9|0.1899878978729248
provider|flocal|9|0.20021748542785645
provider|flocal|9|0.1994643211364746
provider|ffinal|9|0.19799041748046875
node0|total_time|9|19.640112
node0|loops|9|16
node0|messages|9|105
provider|min_constraint|9|32
provider|max_constraint|9|32
user0|flocal|9|0.26120781898498535
user0|flocal|9|0.19973015785217285
user0|flocal|9|0.19936013221740723
user0|flocal|9|0.20246243476867676
user0|flocal|9|0.19231319427490234
user0|ffinal|9|0.18490886688232422
node_user1|total_time|9|10.366131
node_user1|loops|9|7
node_user1|messages|9|8
user0|min_constraint|9|3
user0|max_constraint|9|3
user10|flocal|9|0.3074479103088379
user10|flocal|9|0.1980724334716797
user10|flocal|9|0.20226788520812988
user10|ffinal|9|0.19504475593566895
node_user11|total_time|9|6.885923
node_user11|loops|9|5
node_user11|messages|9|6
user10|min_constraint|9|3
user10|max_constraint|9|3
user11|flocal|9|0.29006505012512207
user11|flocal|9|0.20029640197753906
user11|ffinal|9|0.2023005485534668
node_user12|total_time|9|5.617146
node_user12|loops|9|4
node_user12|messages|9|4
user11|min_constraint|9|3
user11|max_constraint|9|3
user12|flocal|9|0.3093266487121582
user12|flocal|9|0.20421099662780762
user12|flocal|9|0.204132080078125
user12|ffinal|9|0.19202423095703125
node_user13|total_time|9|4.943328
node_user13|loops|9|3
node_user13|messages|9|4
user12|min_constraint|9|3
user12|max_constraint|9|3
user13|flocal|9|0.285459041595459
user13|flocal|9|0.21671056747436523
user13|ffinal|9|0.19781875610351562
node_user14|total_time|9|4.816826
node_user14|loops|9|4
node_user14|messages|9|4
user13|min_constraint|9|3
user13|max_constraint|9|3
user14|flocal|9|0.30509018898010254
user14|ffinal|9|0.1963043212890625
node_user15|total_time|9|3.887639
node_user15|loops|9|2
node_user15|messages|9|2
user14|min_constraint|9|3
user14|max_constraint|9|3
user1|flocal|9|0.2878382205963135
user1|flocal|9|0.19987058639526367
user1|flocal|9|0.20241022109985352
user1|flocal|9|0.1972806453704834
user1|flocal|9|0.1993722915649414
user1|ffinal|9|0.20463848114013672
node_user2|total_time|9|10.015204
node_user2|loops|9|6
node_user2|messages|9|8
user1|min_constraint|9|3
user1|max_constraint|9|3
user2|flocal|9|0.3013291358947754
user2|flocal|9|0.20135807991027832
user2|flocal|9|0.20099616050720215
user2|flocal|9|0.2198319435119629
user2|ffinal|9|0.20175433158874512
node_user3|total_time|9|9.461806
node_user3|loops|9|6
node_user3|messages|9|8
user2|min_constraint|9|3
user2|max_constraint|9|3
user3|flocal|9|0.2812995910644531
user3|flocal|9|0.20078277587890625
user3|flocal|9|0.1941847801208496
user3|flocal|9|0.19979286193847656
user3|ffinal|9|0.19656038284301758
node_user4|total_time|9|10.528311
node_user4|loops|9|8
node_user4|messages|9|8
user3|min_constraint|9|3
user3|max_constraint|9|3
user4|flocal|9|0.2430109977722168
user4|flocal|9|0.17726635932922363
user4|flocal|9|0.17090344429016113
user4|flocal|9|0.1808171272277832
user4|ffinal|9|0.17902588844299316
node_user5|total_time|9|8.807431
node_user5|loops|9|7
node_user5|messages|9|8
user4|min_constraint|9|3
user4|max_constraint|9|3
user5|flocal|9|0.2821619510650635
user5|flocal|9|0.19626164436340332
user5|flocal|9|0.1968061923980713
user5|flocal|9|0.19906973838806152
user5|ffinal|9|0.20137834548950195
node_user6|total_time|9|8.497102
node_user6|loops|9|6
node_user6|messages|9|8
user5|min_constraint|9|3
user5|max_constraint|9|3
user6|flocal|9|0.2400965690612793
user6|flocal|9|0.17148470878601074
user6|flocal|9|0.1697533130645752
user6|flocal|9|0.1774122714996338
user6|ffinal|9|0.1802692413330078
node_user7|total_time|9|7.850450
node_user7|loops|9|5
node_user7|messages|9|8
user6|min_constraint|9|3
user6|max_constraint|9|3
user7|flocal|9|0.2733595371246338
user7|flocal|9|0.19952726364135742
user7|flocal|9|0.20231986045837402
user7|ffinal|9|0.1928095817565918
node_user8|total_time|9|7.101703
node_user8|loops|9|4
node_user8|messages|9|6
user7|min_constraint|9|3
user7|max_constraint|9|3
user8|flocal|9|0.28725123405456543
user8|flocal|9|0.1960461139678955
user8|flocal|9|0.22347712516784668
user8|ffinal|9|0.19678664207458496
node_user9|total_time|9|7.637590
node_user9|loops|9|6
node_user9|messages|9|6
user8|min_constraint|9|3
user8|max_constraint|9|3
user9|flocal|9|0.2773723602294922
user9|flocal|9|0.20048141479492188
user9|ffinal|9|0.19340157508850098
node_user10|total_time|9|6.833105
node_user10|loops|9|3
node_user10|messages|9|4
user9|min_constraint|9|3
user9|max_constraint|9|3
