provider|flocal|0|0.28319406509399414
provider|ffinal|0|0.19586920738220215
node0|total_time|0|18.321656
node0|loops|0|21
node0|messages|0|30
provider|min_constraint|0|1
provider|max_constraint|0|1
user0|funsat|0|0.27909255027770996
user0|funsat|0|0.1741633415222168
node_user1|total_time|0|10.038682
node_user1|loops|0|10
node_user1|messages|0|0
user0|min_constraint|0|3
user0|max_constraint|0|3
user10|funsat|0|0.29068946838378906
user10|funsat|0|0.18456625938415527
node_user11|total_time|0|6.070997
node_user11|loops|0|3
node_user11|messages|0|0
user10|min_constraint|0|3
user10|max_constraint|0|3
user11|funsat|0|0.2856321334838867
user11|funsat|0|0.17980360984802246
node_user12|total_time|0|5.384520
node_user12|loops|0|4
node_user12|messages|0|0
user11|min_constraint|0|3
user11|max_constraint|0|3
user12|funsat|0|0.25296854972839355
user12|funsat|0|0.1914970874786377
node_user13|total_time|0|3.742760
node_user13|loops|0|2
node_user13|messages|0|0
user12|min_constraint|0|3
user12|max_constraint|0|3
user13|funsat|0|0.27675580978393555
user13|funsat|0|0.1876847743988037
node_user14|total_time|0|4.793767
node_user14|loops|0|3
node_user14|messages|0|0
user13|min_constraint|0|3
user13|max_constraint|0|3
user14|funsat|0|0.2374584674835205
user14|funsat|0|0.2978036403656006
node_user15|total_time|0|3.896121
node_user15|loops|0|2
node_user15|messages|0|0
user14|min_constraint|0|3
user14|max_constraint|0|3
user1|funsat|0|0.27349042892456055
user1|funsat|0|0.1877756118774414
node_user2|total_time|0|8.829596
node_user2|loops|0|8
node_user2|messages|0|0
user1|min_constraint|0|3
user1|max_constraint|0|3
user2|funsat|0|0.27977490425109863
user2|funsat|0|0.1921992301940918
node_user3|total_time|0|8.229810
node_user3|loops|0|5
node_user3|messages|0|0
user2|min_constraint|0|3
user2|max_constraint|0|3
user3|funsat|0|0.2736530303955078
user3|funsat|0|0.19301342964172363
node_user4|total_time|0|8.111146
node_user4|loops|0|6
node_user4|messages|0|0
user3|min_constraint|0|3
user3|max_constraint|0|3
user4|funsat|0|0.25825977325439453
user4|funsat|0|0.18508410453796387
node_user5|total_time|0|7.869523
node_user5|loops|0|7
node_user5|messages|0|0
user4|min_constraint|0|3
user4|max_constraint|0|3
user5|funsat|0|0.2642018795013428
user5|funsat|0|0.19292759895324707
node_user6|total_time|0|7.138984
node_user6|loops|0|4
node_user6|messages|0|0
user5|min_constraint|0|3
user5|max_constraint|0|3
user6|funsat|0|0.3413352966308594
user6|funsat|0|0.1876072883605957
node_user7|total_time|0|6.810022
node_user7|loops|0|3
node_user7|messages|0|0
user6|min_constraint|0|3
user6|max_constraint|0|3
user7|funsat|0|0.32616233825683594
user7|funsat|0|0.1862349510192871
node_user8|total_time|0|6.386460
node_user8|loops|0|3
node_user8|messages|0|0
user7|min_constraint|0|3
user7|max_constraint|0|3
user8|funsat|0|0.23734760284423828
user8|funsat|0|0.16411495208740234
node_user9|total_time|0|5.471354
node_user9|loops|0|4
node_user9|messages|0|0
user8|min_constraint|0|3
user8|max_constraint|0|3
user9|funsat|0|0.2955594062805176
user9|funsat|0|0.16373109817504883
node_user10|total_time|0|4.963456
node_user10|loops|0|5
node_user10|messages|0|0
user9|min_constraint|0|3
user9|max_constraint|0|3
provider|flocal|10|0.28780317306518555
provider|ffinal|10|0.20237278938293457
node0|total_time|10|17.402503
node0|loops|10|16
node0|messages|10|30
provider|min_constraint|10|1
provider|max_constraint|10|1
user0|funsat|10|0.20488619804382324
user0|funsat|10|0.1651160717010498
node_user1|total_time|10|8.204093
node_user1|loops|10|7
node_user1|messages|10|0
user0|min_constraint|10|3
user0|max_constraint|10|3
user10|funsat|10|0.2846043109893799
user10|funsat|10|0.18456101417541504
node_user11|total_time|10|4.652130
node_user11|loops|10|4
node_user11|messages|10|0
user10|min_constraint|10|3
user10|max_constraint|10|3
user11|funsat|10|0.2365131378173828
user11|funsat|10|0.16721534729003906
node_user12|total_time|10|3.311003
node_user12|loops|10|1
node_user12|messages|10|0
user11|min_constraint|10|3
user11|max_constraint|10|3
user12|funsat|10|0.27732324600219727
user12|funsat|10|0.18972015380859375
node_user13|total_time|10|2.693643
node_user13|loops|10|2
node_user13|messages|10|0
user12|min_constraint|10|3
user12|max_constraint|10|3
user13|funsat|10|0.27790141105651855
user13|funsat|10|0.19390559196472168
node_user14|total_time|10|2.635742
node_user14|loops|10|1
node_user14|messages|10|0
user13|min_constraint|10|3
user13|max_constraint|10|3
user14|funsat|10|0.2687819004058838
user14|funsat|10|0.184906005859375
node_user15|total_time|10|2.678182
node_user15|loops|10|1
node_user15|messages|10|0
user14|min_constraint|10|3
user14|max_constraint|10|3
user1|funsat|10|0.2705419063568115
user1|funsat|10|0.18892407417297363
node_user2|total_time|10|7.845129
node_user2|loops|10|6
node_user2|messages|10|0
user1|min_constraint|10|3
user1|max_constraint|10|3
user2|funsat|10|0.45891880989074707
user2|funsat|10|0.18642735481262207
node_user3|total_time|10|8.630822
node_user3|loops|10|8
node_user3|messages|10|0
user2|min_constraint|10|3
user2|max_constraint|10|3
user3|funsat|10|0.2756190299987793
user3|funsat|10|0.18652033805847168
node_user4|total_time|10|7.126379
node_user4|loops|10|4
node_user4|messages|10|0
user3|min_constraint|10|3
user3|max_constraint|10|3
user4|funsat|10|0.2649548053741455
user4|funsat|10|0.18604493141174316
node_user5|total_time|10|7.655003
node_user5|loops|10|7
node_user5|messages|10|0
user4|min_constraint|10|3
user4|max_constraint|10|3
user5|funsat|10|0.24615144729614258
user5|funsat|10|0.1858351230621338
node_user6|total_time|10|6.556571
node_user6|loops|10|7
node_user6|messages|10|0
user5|min_constraint|10|3
user5|max_constraint|10|3
user6|funsat|10|0.27861762046813965
user6|funsat|10|0.18370604515075684
node_user7|total_time|10|6.828032
node_user7|loops|10|6
node_user7|messages|10|0
user6|min_constraint|10|3
user6|max_constraint|10|3
user7|funsat|10|0.2819693088531494
user7|funsat|10|0.19150733947753906
node_user8|total_time|10|6.687600
node_user8|loops|10|6
node_user8|messages|10|0
user7|min_constraint|10|3
user7|max_constraint|10|3
user8|funsat|10|0.27929186820983887
user8|funsat|10|0.185744047164917
node_user9|total_time|10|4.865802
node_user9|loops|10|2
node_user9|messages|10|0
user8|min_constraint|10|3
user8|max_constraint|10|3
user9|funsat|10|0.28431200981140137
user9|funsat|10|0.18668746948242188
node_user10|total_time|10|5.207690
node_user10|loops|10|5
node_user10|messages|10|0
user9|min_constraint|10|3
user9|max_constraint|10|3
provider|flocal|11|0.29973697662353516
provider|ffinal|11|0.18073678016662598
node0|total_time|11|18.991516
node0|loops|11|15
node0|messages|11|30
provider|min_constraint|11|1
provider|max_constraint|11|1
user0|funsat|11|0.2713947296142578
user0|funsat|11|0.18314361572265625
node_user1|total_time|11|10.209334
node_user1|loops|11|11
node_user1|messages|11|0
user0|min_constraint|11|3
user0|max_constraint|11|3
user10|funsat|11|0.29201674461364746
user10|funsat|11|0.6308579444885254
node_user11|total_time|11|6.303324
node_user11|loops|11|4
node_user11|messages|11|0
user10|min_constraint|11|3
user10|max_constraint|11|3
user11|funsat|11|0.2930915355682373
user11|funsat|11|0.18955087661743164
node_user12|total_time|11|4.735401
node_user12|loops|11|3
node_user12|messages|11|0
user11|min_constraint|11|3
user11|max_constraint|11|3
user12|funsat|11|0.2771453857421875
user12|funsat|11|0.6688916683197021
node_user13|total_time|11|5.370894
node_user13|loops|11|2
node_user13|messages|11|0
user12|min_constraint|11|3
user12|max_constraint|11|3
user13|funsat|11|0.2717313766479492
user13|funsat|11|0.1846637725830078
node_user14|total_time|11|3.802284
node_user14|loops|11|2
node_user14|messages|11|0
user13|min_constraint|11|3
user13|max_constraint|11|3
user14|funsat|11|0.5289783477783203
user14|funsat|11|0.18538212776184082
node_user15|total_time|11|4.800938
node_user15|loops|11|3
node_user15|messages|11|0
user14|min_constraint|11|3
user14|max_constraint|11|3
user1|funsat|11|0.2748374938964844
user1|funsat|11|0.6990272998809814
node_user2|total_time|11|10.559342
node_user2|loops|11|9
node_user2|messages|11|0
user1|min_constraint|11|3
user1|max_constraint|11|3
user2|funsat|11|0.29818248748779297
user2|funsat|11|0.28290414810180664
node_user3|total_time|11|9.540928
node_user3|loops|11|7
node_user3|messages|11|0
user2|min_constraint|11|3
user2|max_constraint|11|3
user3|funsat|11|0.2131032943725586
user3|funsat|11|0.16618752479553223
node_user4|total_time|11|8.543034
node_user4|loops|11|5
node_user4|messages|11|0
user3|min_constraint|11|3
user3|max_constraint|11|3
user4|funsat|11|0.28296470642089844
user4|funsat|11|0.50846266746521
node_user5|total_time|11|9.231290
node_user5|loops|11|8
node_user5|messages|11|0
user4|min_constraint|11|3
user4|max_constraint|11|3
user5|funsat|11|0.29347801208496094
user5|funsat|11|0.1852560043334961
node_user6|total_time|11|9.102820
node_user6|loops|11|9
node_user6|messages|11|0
user5|min_constraint|11|3
user5|max_constraint|11|3
user6|funsat|11|0.28966593742370605
user6|funsat|11|0.18289899826049805
node_user7|total_time|11|8.441382
node_user7|loops|11|6
node_user7|messages|11|0
user6|min_constraint|11|3
user6|max_constraint|11|3
user7|funsat|11|0.1876239776611328
user7|funsat|11|0.16974139213562012
node_user8|total_time|11|7.855723
node_user8|loops|11|4
node_user8|messages|11|0
user7|min_constraint|11|3
user7|max_constraint|11|3
user8|funsat|11|0.29187464714050293
user8|funsat|11|0.6189134120941162
node_user9|total_time|11|7.244728
node_user9|loops|11|5
node_user9|messages|11|0
user8|min_constraint|11|3
user8|max_constraint|11|3
user9|funsat|11|0.27097082138061523
user9|funsat|11|0.1662602424621582
node_user10|total_time|11|5.685307
node_user10|loops|11|7
node_user10|messages|11|0
user9|min_constraint|11|3
user9|max_constraint|11|3
provider|flocal|12|0.2915933132171631
provider|ffinal|12|0.19887351989746094
node0|total_time|12|17.783848
node0|loops|12|19
node0|messages|12|30
provider|min_constraint|12|1
provider|max_constraint|12|1
user0|funsat|12|0.2262439727783203
user0|funsat|12|0.18596792221069336
node_user1|total_time|12|8.915888
node_user1|loops|12|9
node_user1|messages|12|0
user0|min_constraint|12|3
user0|max_constraint|12|3
user10|funsat|12|0.25831174850463867
user10|funsat|12|0.19732427597045898
node_user11|total_time|12|3.990142
node_user11|loops|12|3
node_user11|messages|12|0
user10|min_constraint|12|3
user10|max_constraint|12|3
user11|funsat|12|0.27754902839660645
user11|funsat|12|0.18825316429138184
node_user12|total_time|12|3.889910
node_user12|loops|12|4
node_user12|messages|12|0
user11|min_constraint|12|3
user11|max_constraint|12|3
user12|funsat|12|0.2736377716064453
user12|funsat|12|0.1890406608581543
node_user13|total_time|12|3.530783
node_user13|loops|12|2
node_user13|messages|12|0
user12|min_constraint|12|3
user12|max_constraint|12|3
user13|funsat|12|0.276355504989624
user13|funsat|12|0.18645501136779785
node_user14|total_time|12|3.861902
node_user14|loops|12|1
node_user14|messages|12|0
user13|min_constraint|12|3
user13|max_constraint|12|3
user14|funsat|12|0.2676982879638672
user14|funsat|12|0.1862931251525879
node_user15|total_time|12|2.284842
node_user15|loops|12|2
node_user15|messages|12|0
user14|min_constraint|12|3
user14|max_constraint|12|3
user1|funsat|12|0.2959098815917969
user1|funsat|12|0.18470549583435059
node_user2|total_time|12|8.428651
node_user2|loops|12|6
node_user2|messages|12|0
user1|min_constraint|12|3
user1|max_constraint|12|3
user2|funsat|12|0.28376173973083496
user2|funsat|12|0.19494223594665527
node_user3|total_time|12|9.298450
node_user3|loops|12|6
node_user3|messages|12|0
user2|min_constraint|12|3
user2|max_constraint|12|3
user3|funsat|12|0.27206945419311523
user3|funsat|12|0.1826765537261963
node_user4|total_time|12|7.359320
node_user4|loops|12|4
node_user4|messages|12|0
user3|min_constraint|12|3
user3|max_constraint|12|3
user4|funsat|12|0.278383731842041
user4|funsat|12|0.1933441162109375
node_user5|total_time|12|7.477916
node_user5|loops|12|6
node_user5|messages|12|0
user4|min_constraint|12|3
user4|max_constraint|12|3
user5|funsat|12|0.2707216739654541
user5|funsat|12|0.18712234497070312
node_user6|total_time|12|6.670011
node_user6|loops|12|5
node_user6|messages|12|0
user5|min_constraint|12|3
user5|max_constraint|12|3
user6|funsat|12|0.27577877044677734
user6|funsat|12|0.1888282299041748
node_user7|total_time|12|5.997886
node_user7|loops|12|4
node_user7|messages|12|0
user6|min_constraint|12|3
user6|max_constraint|12|3
user7|funsat|12|0.2793900966644287
user7|funsat|12|0.18744897842407227
node_user8|total_time|12|5.748978
node_user8|loops|12|5
node_user8|messages|12|0
user7|min_constraint|12|3
user7|max_constraint|12|3
user8|funsat|12|0.2814066410064697
user8|funsat|12|0.1947934627532959
node_user9|total_time|12|5.379934
node_user9|loops|12|2
node_user9|messages|12|0
user8|min_constraint|12|3
user8|max_constraint|12|3
user9|funsat|12|0.2545435428619385
user9|funsat|12|0.18385529518127441
node_user10|total_time|12|5.640475
node_user10|loops|12|7
node_user10|messages|12|0
user9|min_constraint|12|3
user9|max_constraint|12|3
provider|flocal|13|0.28876733779907227
provider|ffinal|13|0.18062973022460938
node0|total_time|13|18.085960
node0|loops|13|18
node0|messages|13|30
provider|min_constraint|13|1
provider|max_constraint|13|1
user0|funsat|13|0.2619149684906006
user0|funsat|13|0.18342256546020508
node_user1|total_time|13|9.239480
node_user1|loops|13|12
node_user1|messages|13|0
user0|min_constraint|13|3
user0|max_constraint|13|3
user10|funsat|13|0.2720203399658203
user10|funsat|13|0.1898336410522461
node_user11|total_time|13|4.549829
node_user11|loops|13|2
node_user11|messages|13|0
user10|min_constraint|13|3
user10|max_constraint|13|3
user11|funsat|13|0.28536176681518555
user11|funsat|13|0.4042823314666748
node_user12|total_time|13|4.556672
node_user12|loops|13|3
node_user12|messages|13|0
user11|min_constraint|13|3
user11|max_constraint|13|3
user12|funsat|13|0.2590327262878418
user12|funsat|13|0.40713930130004883
node_user13|total_time|13|4.051837
node_user13|loops|13|1
node_user13|messages|13|0
user12|min_constraint|13|3
user12|max_constraint|13|3
user13|funsat|13|0.2594485282897949
user13|funsat|13|0.26348280906677246
node_user14|total_time|13|3.712373
node_user14|loops|13|2
node_user14|messages|13|0
user13|min_constraint|13|3
user13|max_constraint|13|3
user14|funsat|13|0.265718936920166
user14|funsat|13|0.18463706970214844
node_user15|total_time|13|3.908395
node_user15|loops|13|3
node_user15|messages|13|0
user14|min_constraint|13|3
user14|max_constraint|13|3
user1|funsat|13|0.28426027297973633
user1|funsat|13|0.18747401237487793
node_user2|total_time|13|8.670877
node_user2|loops|13|7
node_user2|messages|13|0
user1|min_constraint|13|3
user1|max_constraint|13|3
user2|funsat|13|0.27275753021240234
user2|funsat|13|0.18735790252685547
node_user3|total_time|13|7.997484
node_user3|loops|13|6
node_user3|messages|13|0
user2|min_constraint|13|3
user2|max_constraint|13|3
user3|funsat|13|0.28676915168762207
user3|funsat|13|0.18419861793518066
node_user4|total_time|13|7.806462
node_user4|loops|13|7
node_user4|messages|13|0
user3|min_constraint|13|3
user3|max_constraint|13|3
user4|funsat|13|0.280397891998291
user4|funsat|13|0.18369126319885254
node_user5|total_time|13|7.245660
node_user5|loops|13|5
node_user5|messages|13|0
user4|min_constraint|13|3
user4|max_constraint|13|3
user5|funsat|13|0.277332067489624
user5|funsat|13|0.19029903411865234
node_user6|total_time|13|6.909390
node_user6|loops|13|6
node_user6|messages|13|0
user5|min_constraint|13|3
user5|max_constraint|13|3
user6|funsat|13|0.25048375129699707
user6|funsat|13|0.23854756355285645
node_user7|total_time|13|6.929622
node_user7|loops|13|6
node_user7|messages|13|0
user6|min_constraint|13|3
user6|max_constraint|13|3
user7|funsat|13|0.2717933654785156
user7|funsat|13|0.18320965766906738
node_user8|total_time|13|5.725136
node_user8|loops|13|4
node_user8|messages|13|0
user7|min_constraint|13|3
user7|max_constraint|13|3
user8|funsat|13|0.2778794765472412
user8|funsat|13|0.19101977348327637
node_user9|total_time|13|6.464839
node_user9|loops|13|3
node_user9|messages|13|0
user8|min_constraint|13|3
user8|max_constraint|13|3
user9|funsat|13|0.2659916877746582
user9|funsat|13|0.2674744129180908
node_user10|total_time|13|5.231561
node_user10|loops|13|3
node_user10|messages|13|0
user9|min_constraint|13|3
user9|max_constraint|13|3
provider|flocal|14|0.19716787338256836
provider|ffinal|14|0.20244193077087402
node0|total_time|14|18.631366
node0|loops|14|14
node0|messages|14|30
provider|min_constraint|14|1
provider|max_constraint|14|1
user0|funsat|14|0.20031261444091797
user0|funsat|14|0.16625428199768066
node_user1|total_time|14|9.512700
node_user1|loops|14|9
node_user1|messages|14|0
user0|min_constraint|14|3
user0|max_constraint|14|3
user10|funsat|14|0.2582247257232666
user10|funsat|14|0.18485260009765625
node_user11|total_time|14|4.814959
node_user11|loops|14|5
node_user11|messages|14|0
user10|min_constraint|14|3
user10|max_constraint|14|3
user11|funsat|14|0.2743685245513916
user11|funsat|14|0.1883690357208252
node_user12|total_time|14|5.233675
node_user12|loops|14|2
node_user12|messages|14|0
user11|min_constraint|14|3
user11|max_constraint|14|3
user12|funsat|14|0.28055882453918457
user12|funsat|14|0.18375349044799805
node_user13|total_time|14|4.011630
node_user13|loops|14|5
node_user13|messages|14|0
user12|min_constraint|14|3
user12|max_constraint|14|3
user13|funsat|14|0.27732324600219727
user13|funsat|14|0.19385433197021484
node_user14|total_time|14|3.304780
node_user14|loops|14|1
node_user14|messages|14|0
user13|min_constraint|14|3
user13|max_constraint|14|3
user14|funsat|14|0.28035998344421387
user14|funsat|14|0.1853179931640625
node_user15|total_time|14|3.495469
node_user15|loops|14|1
node_user15|messages|14|0
user14|min_constraint|14|3
user14|max_constraint|14|3
user1|funsat|14|0.2778618335723877
user1|funsat|14|0.18881916999816895
node_user2|total_time|14|9.682795
node_user2|loops|14|8
node_user2|messages|14|0
user1|min_constraint|14|3
user1|max_constraint|14|3
user2|funsat|14|0.29598522186279297
user2|funsat|14|0.1898941993713379
node_user3|total_time|14|9.724246
node_user3|loops|14|6
node_user3|messages|14|0
user2|min_constraint|14|3
user2|max_constraint|14|3
user3|funsat|14|0.2753417491912842
user3|funsat|14|0.19052815437316895
node_user4|total_time|14|8.716313
node_user4|loops|14|10
node_user4|messages|14|0
user3|min_constraint|14|3
user3|max_constraint|14|3
user4|funsat|14|0.27617692947387695
user4|funsat|14|0.19088459014892578
node_user5|total_time|14|8.696437
node_user5|loops|14|5
node_user5|messages|14|0
user4|min_constraint|14|3
user4|max_constraint|14|3
user5|funsat|14|0.27707815170288086
user5|funsat|14|0.19808411598205566
node_user6|total_time|14|6.940159
node_user6|loops|14|6
node_user6|messages|14|0
user5|min_constraint|14|3
user5|max_constraint|14|3
user6|funsat|14|0.27352166175842285
user6|funsat|14|0.1884174346923828
node_user7|total_time|14|7.640254
node_user7|loops|14|7
node_user7|messages|14|0
user6|min_constraint|14|3
user6|max_constraint|14|3
user7|funsat|14|0.27289462089538574
user7|funsat|14|0.19081974029541016
node_user8|total_time|14|6.772681
node_user8|loops|14|6
node_user8|messages|14|0
user7|min_constraint|14|3
user7|max_constraint|14|3
user8|funsat|14|0.2774391174316406
user8|funsat|14|0.19161725044250488
node_user9|total_time|14|6.853742
node_user9|loops|14|5
node_user9|messages|14|0
user8|min_constraint|14|3
user8|max_constraint|14|3
user9|funsat|14|0.27581048011779785
user9|funsat|14|0.18732023239135742
node_user10|total_time|14|5.576289
node_user10|loops|14|6
node_user10|messages|14|0
user9|min_constraint|14|3
user9|max_constraint|14|3
provider|flocal|1|0.2527625560760498
provider|ffinal|1|0.1825110912322998
node0|total_time|1|17.496011
node0|loops|1|20
node0|messages|1|30
provider|min_constraint|1|1
provider|max_constraint|1|1
user0|funsat|1|0.27298688888549805
user0|funsat|1|0.1757960319519043
node_user1|total_time|1|9.363288
node_user1|loops|1|10
node_user1|messages|1|0
user0|min_constraint|1|3
user0|max_constraint|1|3
user10|funsat|1|0.3844888210296631
user10|funsat|1|0.18764996528625488
node_user11|total_time|1|4.421495
node_user11|loops|1|4
node_user11|messages|1|0
user10|min_constraint|1|3
user10|max_constraint|1|3
user11|funsat|1|0.2916688919067383
user11|funsat|1|0.19133973121643066
node_user12|total_time|1|4.819039
node_user12|loops|1|3
node_user12|messages|1|0
user11|min_constraint|1|3
user11|max_constraint|1|3
user12|funsat|1|0.3043959140777588
user12|funsat|1|0.1907498836517334
node_user13|total_time|1|3.703477
node_user13|loops|1|1
node_user13|messages|1|0
user12|min_constraint|1|3
user12|max_constraint|1|3
user13|funsat|1|0.2968313694000244
user13|funsat|1|0.19048666954040527
node_user14|total_time|1|3.141160
node_user14|loops|1|1
node_user14|messages|1|0
user13|min_constraint|1|3
user13|max_constraint|1|3
user14|funsat|1|0.28341102600097656
user14|funsat|1|0.18739676475524902
node_user15|total_time|1|2.800484
node_user15|loops|1|1
node_user15|messages|1|0
user14|min_constraint|1|3
user14|max_constraint|1|3
user1|funsat|1|0.28272366523742676
user1|funsat|1|0.18928122520446777
node_user2|total_time|1|8.181087
node_user2|loops|1|7
node_user2|messages|1|0
user1|min_constraint|1|3
user1|max_constraint|1|3
user2|funsat|1|0.24736976623535156
user2|funsat|1|0.19141721725463867
node_user3|total_time|1|7.660266
node_user3|loops|1|6
node_user3|messages|1|0
user2|min_constraint|1|3
user2|max_constraint|1|3
user3|funsat|1|0.29548144340515137
user3|funsat|1|0.16431546211242676
node_user4|total_time|1|7.522512
node_user4|loops|1|8
node_user4|messages|1|0
user3|min_constraint|1|3
user3|max_constraint|1|3
user4|funsat|1|0.28853797912597656
user4|funsat|1|0.1932356357574463
node_user5|total_time|1|7.712594
node_user5|loops|1|6
node_user5|messages|1|0
user4|min_constraint|1|3
user4|max_constraint|1|3
user5|funsat|1|0.283801794052124
user5|funsat|1|0.1905992031097412
node_user6|total_time|1|6.558228
node_user6|loops|1|6
node_user6|messages|1|0
user5|min_constraint|1|3
user5|max_constraint|1|3
user6|funsat|1|0.26683783531188965
user6|funsat|1|0.18723678588867188
node_user7|total_time|1|5.833707
node_user7|loops|1|3
node_user7|messages|1|0
user6|min_constraint|1|3
user6|max_constraint|1|3
user7|funsat|1|0.27635836601257324
user7|funsat|1|0.18431615829467773
node_user8|total_time|1|5.627881
node_user8|loops|1|2
node_user8|messages|1|0
user7|min_constraint|1|3
user7|max_constraint|1|3
user8|funsat|1|0.2639777660369873
user8|funsat|1|0.18496417999267578
node_user9|total_time|1|5.296110
node_user9|loops|1|4
node_user9|messages|1|0
user8|min_constraint|1|3
user8|max_constraint|1|3
user9|funsat|1|0.2576751708984375
user9|funsat|1|0.18333721160888672
node_user10|total_time|1|4.609186
node_user10|loops|1|6
node_user10|messages|1|0
user9|min_constraint|1|3
user9|max_constraint|1|3
provider|flocal|2|0.2838914394378662
provider|ffinal|2|0.20000624656677246
node0|total_time|2|18.698036
node0|loops|2|17
node0|messages|2|30
provider|min_constraint|2|1
provider|max_constraint|2|1
user0|funsat|2|0.23523592948913574
user0|funsat|2|0.15271306037902832
node_user1|total_time|2|9.721822
node_user1|loops|2|10
node_user1|messages|2|0
user0|min_constraint|2|3
user0|max_constraint|2|3
user10|funsat|2|0.19298195838928223
user10|funsat|2|0.24119949340820312
node_user11|total_time|2|6.234873
node_user11|loops|2|7
node_user11|messages|2|0
user10|min_constraint|2|3
user10|max_constraint|2|3
user11|funsat|2|0.2693817615509033
user11|funsat|2|0.19385361671447754
node_user12|total_time|2|4.932227
node_user12|loops|2|3
node_user12|messages|2|0
user11|min_constraint|2|3
user11|max_constraint|2|3
user12|funsat|2|0.29390501976013184
user12|funsat|2|0.19452285766601562
node_user13|total_time|2|4.484871
node_user13|loops|2|3
node_user13|messages|2|0
user12|min_constraint|2|3
user12|max_constraint|2|3
user13|funsat|2|0.2692379951477051
user13|funsat|2|0.2635068893432617
node_user14|total_time|2|4.809661
node_user14|loops|2|3
node_user14|messages|2|0
user13|min_constraint|2|3
user13|max_constraint|2|3
user14|funsat|2|0.25402379035949707
user14|funsat|2|0.1661081314086914
node_user15|total_time|2|2.991440
node_user15|loops|2|2
node_user15|messages|2|0
user14|min_constraint|2|3
user14|max_constraint|2|3
user1|funsat|2|0.256134033203125
user1|funsat|2|0.2510561943054199
node_user2|total_time|2|10.314721
node_user2|loops|2|7
node_user2|messages|2|0
user1|min_constraint|2|3
user1|max_constraint|2|3
user2|funsat|2|0.27154541015625
user2|funsat|2|0.19517040252685547
node_user3|total_time|2|8.569840
node_user3|loops|2|5
node_user3|messages|2|0
user2|min_constraint|2|3
user2|max_constraint|2|3
user3|funsat|2|0.27413129806518555
user3|funsat|2|0.19121146202087402
node_user4|total_time|2|8.235224
node_user4|loops|2|5
node_user4|messages|2|0
user3|min_constraint|2|3
user3|max_constraint|2|3
user4|funsat|2|0.277146577835083
user4|funsat|2|0.18979406356811523
node_user5|total_time|2|8.188575
node_user5|loops|2|7
node_user5|messages|2|0
user4|min_constraint|2|3
user4|max_constraint|2|3
user5|funsat|2|0.32620811462402344
user5|funsat|2|0.19566988945007324
node_user6|total_time|2|7.321373
node_user6|loops|2|7
node_user6|messages|2|0
user5|min_constraint|2|3
user5|max_constraint|2|3
user6|funsat|2|0.26290082931518555
user6|funsat|2|0.18725299835205078
node_user7|total_time|2|6.681181
node_user7|loops|2|5
node_user7|messages|2|0
user6|min_constraint|2|3
user6|max_constraint|2|3
user7|funsat|2|0.2816762924194336
user7|funsat|2|0.1863265037536621
node_user8|total_time|2|7.153980
node_user8|loops|2|6
node_user8|messages|2|0
user7|min_constraint|2|3
user7|max_constraint|2|3
user8|funsat|2|0.2759854793548584
user8|funsat|2|0.25072574615478516
node_user9|total_time|2|7.084969
node_user9|loops|2|6
node_user9|messages|2|0
user8|min_constraint|2|3
user8|max_constraint|2|3
user9|funsat|2|0.22232580184936523
user9|funsat|2|0.16124367713928223
node_user10|total_time|2|5.683804
node_user10|loops|2|4
node_user10|messages|2|0
user9|min_constraint|2|3
user9|max_constraint|2|3
provider|flocal|3|0.2653026580810547
provider|ffinal|3|0.19639015197753906
node0|total_time|3|19.175254
node0|loops|3|16
node0|messages|3|30
provider|min_constraint|3|1
provider|max_constraint|3|1
user0|funsat|3|0.27885985374450684
user0|funsat|3|0.18915367126464844
node_user1|total_time|3|10.386218
node_user1|loops|3|8
node_user1|messages|3|0
user0|min_constraint|3|3
user0|max_constraint|3|3
user10|funsat|3|0.2872941493988037
user10|funsat|3|0.40020060539245605
node_user11|total_time|3|6.239069
node_user11|loops|3|3
node_user11|messages|3|0
user10|min_constraint|3|3
user10|max_constraint|3|3
user11|funsat|3|0.475860595703125
user11|funsat|3|0.366208553314209
node_user12|total_time|3|5.778106
node_user12|loops|3|2
node_user12|messages|3|0
user11|min_constraint|3|3
user11|max_constraint|3|3
user12|funsat|3|0.28260016441345215
user12|funsat|3|0.36682820320129395
node_user13|total_time|3|5.575423
node_user13|loops|3|2
node_user13|messages|3|0
user12|min_constraint|3|3
user12|max_constraint|3|3
user13|funsat|3|0.26459455490112305
user13|funsat|3|0.413100004196167
node_user14|total_time|3|4.431708
node_user14|loops|3|2
node_user14|messages|3|0
user13|min_constraint|3|3
user13|max_constraint|3|3
user14|funsat|3|0.20023822784423828
user14|funsat|3|0.1636061668395996
node_user15|total_time|3|4.499773
node_user15|loops|3|3
node_user15|messages|3|0
user14|min_constraint|3|3
user14|max_constraint|3|3
user1|funsat|3|0.2650725841522217
user1|funsat|3|0.3909902572631836
node_user2|total_time|3|10.872569
node_user2|loops|3|10
node_user2|messages|3|0
user1|min_constraint|3|3
user1|max_constraint|3|3
user2|funsat|3|0.27529239654541016
user2|funsat|3|0.19181466102600098
node_user3|total_time|3|11.203107
node_user3|loops|3|13
node_user3|messages|3|0
user2|min_constraint|3|3
user2|max_constraint|3|3
user3|funsat|3|0.27745962142944336
user3|funsat|3|0.32091665267944336
node_user4|total_time|3|9.951624
node_user4|loops|3|7
node_user4|messages|3|0
user3|min_constraint|3|3
user3|max_constraint|3|3
user4|funsat|3|0.28302836418151855
user4|funsat|3|0.17258644104003906
node_user5|total_time|3|8.559227
node_user5|loops|3|7
node_user5|messages|3|0
user4|min_constraint|3|3
user4|max_constraint|3|3
user5|funsat|3|0.288280725479126
user5|funsat|3|0.33906984329223633
node_user6|total_time|3|8.785275
node_user6|loops|3|7
node_user6|messages|3|0
user5|min_constraint|3|3
user5|max_constraint|3|3
user6|funsat|3|0.275510311126709
user6|funsat|3|0.3825266361236572
node_user7|total_time|3|8.490061
node_user7|loops|3|6
node_user7|messages|3|0
user6|min_constraint|3|3
user6|max_constraint|3|3
user7|funsat|3|0.2792065143585205
user7|funsat|3|0.35215067863464355
node_user8|total_time|3|8.049752
node_user8|loops|3|8
node_user8|messages|3|0
user7|min_constraint|3|3
user7|max_constraint|3|3
user8|funsat|3|0.27695703506469727
user8|funsat|3|0.4010322093963623
node_user9|total_time|3|7.216995
node_user9|loops|3|4
node_user9|messages|3|0
user8|min_constraint|3|3
user8|max_constraint|3|3
user9|funsat|3|0.2763667106628418
user9|funsat|3|0.1835801601409912
node_user10|total_time|3|7.216544
node_user10|loops|3|6
node_user10|messages|3|0
user9|min_constraint|3|3
user9|max_constraint|3|3
provider|flocal|4|0.28334474563598633
provider|ffinal|4|0.19522833824157715
node0|total_time|4|18.845302
node0|loops|4|17
node0|messages|4|30
provider|min_constraint|4|1
provider|max_constraint|4|1
user0|funsat|4|0.33510446548461914
user0|funsat|4|0.18228578567504883
node_user1|total_time|4|9.737933
node_user1|loops|4|8
node_user1|messages|4|0
user0|min_constraint|4|3
user0|max_constraint|4|3
user10|funsat|4|0.23971796035766602
user10|funsat|4|0.1915278434753418
node_user11|total_time|4|6.397545
node_user11|loops|4|4
node_user11|messages|4|0
user10|min_constraint|4|3
user10|max_constraint|4|3
user11|funsat|4|0.24581503868103027
user11|funsat|4|0.18886804580688477
node_user12|total_time|4|5.308777
node_user12|loops|4|4
node_user12|messages|4|0
user11|min_constraint|4|3
user11|max_constraint|4|3
user12|funsat|4|0.2759721279144287
user12|funsat|4|0.18576717376708984
node_user13|total_time|4|4.210585
node_user13|loops|4|5
node_user13|messages|4|0
user12|min_constraint|4|3
user12|max_constraint|4|3
user13|funsat|4|0.26310014724731445
user13|funsat|4|0.18441390991210938
node_user14|total_time|4|3.692546
node_user14|loops|4|3
node_user14|messages|4|0
user13|min_constraint|4|3
user13|max_constraint|4|3
user14|funsat|4|0.2000589370727539
user14|funsat|4|0.16928648948669434
node_user15|total_time|4|4.198501
node_user15|loops|4|1
node_user15|messages|4|0
user14|min_constraint|4|3
user14|max_constraint|4|3
user1|funsat|4|0.2555203437805176
user1|funsat|4|0.1864166259765625
node_user2|total_time|4|9.252825
node_user2|loops|4|6
node_user2|messages|4|0
user1|min_constraint|4|3
user1|max_constraint|4|3
user2|funsat|4|0.502326250076294
user2|funsat|4|0.16856956481933594
node_user3|total_time|4|10.100738
node_user3|loops|4|11
node_user3|messages|4|0
user2|min_constraint|4|3
user2|max_constraint|4|3
user3|funsat|4|0.25206446647644043
user3|funsat|4|0.18846702575683594
node_user4|total_time|4|9.065754
node_user4|loops|4|8
node_user4|messages|4|0
user3|min_constraint|4|3
user3|max_constraint|4|3
user4|funsat|4|0.2758018970489502
user4|funsat|4|0.19211339950561523
node_user5|total_time|4|7.757901
node_user5|loops|4|5
node_user5|messages|4|0
user4|min_constraint|4|3
user4|max_constraint|4|3
user5|funsat|4|0.27262067794799805
user5|funsat|4|0.19115471839904785
node_user6|total_time|4|8.177757
node_user6|loops|4|7
node_user6|messages|4|0
user5|min_constraint|4|3
user5|max_constraint|4|3
user6|funsat|4|0.2554643154144287
user6|funsat|4|0.18612909317016602
node_user7|total_time|4|7.258897
node_user7|loops|4|6
node_user7|messages|4|0
user6|min_constraint|4|3
user6|max_constraint|4|3
user7|funsat|4|0.27585673332214355
user7|funsat|4|0.18827033042907715
node_user8|total_time|4|7.863022
node_user8|loops|4|5
node_user8|messages|4|0
user7|min_constraint|4|3
user7|max_constraint|4|3
user8|funsat|4|0.25908470153808594
user8|funsat|4|0.1831955909729004
node_user9|total_time|4|7.511848
node_user9|loops|4|7
node_user9|messages|4|0
user8|min_constraint|4|3
user8|max_constraint|4|3
user9|funsat|4|0.2735178470611572
user9|funsat|4|0.1823747158050537
node_user10|total_time|4|7.077638
node_user10|loops|4|4
node_user10|messages|4|0
user9|min_constraint|4|3
user9|max_constraint|4|3
provider|flocal|5|0.2797577381134033
provider|ffinal|5|0.19777512550354004
node0|total_time|5|17.598755
node0|loops|5|22
node0|messages|5|30
provider|min_constraint|5|1
provider|max_constraint|5|1
user0|funsat|5|0.25490808486938477
user10|funsat|5|0.4243888854980469
user10|funsat|5|0.18741059303283691
node_user11|total_time|5|3.875616
node_user11|loops|5|2
node_user11|messages|5|0
user10|min_constraint|5|3
user10|max_constraint|5|3
user11|funsat|5|0.27954840660095215
user11|funsat|5|0.19412469863891602
node_user12|total_time|5|3.655675
node_user12|loops|5|2
node_user12|messages|5|0
user11|min_constraint|5|3
user11|max_constraint|5|3
user12|funsat|5|0.27300429344177246
user12|funsat|5|0.1925947666168213
node_user13|total_time|5|2.951001
node_user13|loops|5|2
node_user13|messages|5|0
user12|min_constraint|5|3
user12|max_constraint|5|3
user13|funsat|5|0.2525060176849365
user13|funsat|5|0.19274330139160156
node_user14|total_time|5|2.520781
node_user14|loops|5|1
node_user14|messages|5|0
user13|min_constraint|5|3
user13|max_constraint|5|3
user14|funsat|5|0.2804863452911377
user14|funsat|5|0.1930255889892578
node_user15|total_time|5|2.682041
node_user15|loops|5|1
node_user15|messages|5|0
user14|min_constraint|5|3
user14|max_constraint|5|3
user1|funsat|5|0.26166510581970215
user1|funsat|5|0.19241571426391602
node_user2|total_time|5|8.543063
node_user2|loops|5|9
node_user2|messages|5|0
user1|min_constraint|5|3
user1|max_constraint|5|3
user2|funsat|5|0.2753946781158447
user2|funsat|5|0.19208669662475586
node_user3|total_time|5|8.402184
node_user3|loops|5|8
node_user3|messages|5|0
user2|min_constraint|5|3
user2|max_constraint|5|3
user3|funsat|5|0.3059506416320801
user3|funsat|5|0.16698455810546875
node_user4|total_time|5|7.760199
node_user4|loops|5|6
node_user4|messages|5|0
user3|min_constraint|5|3
user3|max_constraint|5|3
user4|funsat|5|0.2702298164367676
user4|funsat|5|0.165618896484375
node_user5|total_time|5|6.911990
node_user5|loops|5|5
node_user5|messages|5|0
user4|min_constraint|5|3
user4|max_constraint|5|3
user5|funsat|5|0.26268839836120605
user5|funsat|5|0.1853773593902588
node_user6|total_time|5|7.092951
node_user6|loops|5|9
node_user6|messages|5|0
user5|min_constraint|5|3
user5|max_constraint|5|3
user6|funsat|5|0.408766508102417
user6|funsat|5|0.17420101165771484
node_user7|total_time|5|6.496586
node_user7|loops|5|6
node_user7|messages|5|0
user6|min_constraint|5|3
user6|max_constraint|5|3
user7|funsat|5|0.24182343482971191
user7|funsat|5|0.16452503204345703
node_user8|total_time|5|5.207208
node_user8|loops|5|4
node_user8|messages|5|0
user7|min_constraint|5|3
user7|max_constraint|5|3
user8|funsat|5|0.25954532623291016
user8|funsat|5|0.1943662166595459
node_user9|total_time|5|5.481670
node_user9|loops|5|6
node_user9|messages|5|0
user8|min_constraint|5|3
user8|max_constraint|5|3
user9|funsat|5|0.8767871856689453
user9|funsat|5|0.1513826847076416
node_user10|total_time|5|4.190211
node_user10|loops|5|2
node_user10|messages|5|0
user9|min_constraint|5|3
user9|max_constraint|5|3
provider|flocal|6|0.29264187812805176
provider|ffinal|6|0.17612075805664062
node0|total_time|6|17.973631
node0|loops|6|18
node0|messages|6|30
provider|min_constraint|6|1
provider|max_constraint|6|1
user0|funsat|6|0.2770988941192627
user10|funsat|6|0.2477865219116211
user10|funsat|6|0.1869666576385498
node_user11|total_time|6|4.214567
node_user11|loops|6|5
node_user11|messages|6|0
user10|min_constraint|6|3
user10|max_constraint|6|3
user11|funsat|6|0.26900291442871094
user11|funsat|6|0.18840432167053223
node_user12|total_time|6|4.088079
node_user12|loops|6|4
node_user12|messages|6|0
user11|min_constraint|6|3
user11|max_constraint|6|3
user12|funsat|6|0.2856614589691162
user12|funsat|6|0.1732945442199707
node_user13|total_time|6|4.832053
node_user13|loops|6|2
node_user13|messages|6|0
user12|min_constraint|6|3
user12|max_constraint|6|3
user13|funsat|6|0.28528714179992676
user13|funsat|6|0.18740367889404297
node_user14|total_time|6|3.751062
node_user14|loops|6|1
node_user14|messages|6|0
user13|min_constraint|6|3
user13|max_constraint|6|3
user14|funsat|6|0.28426575660705566
user14|funsat|6|0.17896628379821777
node_user15|total_time|6|3.165999
node_user15|loops|6|1
node_user15|messages|6|0
user14|min_constraint|6|3
user14|max_constraint|6|3
user1|funsat|6|0.26847290992736816
user1|funsat|6|0.1903398036956787
node_user2|total_time|6|8.407829
node_user2|loops|6|6
node_user2|messages|6|0
user1|min_constraint|6|3
user1|max_constraint|6|3
user2|funsat|6|0.4611072540283203
user2|funsat|6|0.18924522399902344
node_user3|total_time|6|8.465799
node_user3|loops|6|6
node_user3|messages|6|0
user2|min_constraint|6|3
user2|max_constraint|6|3
user3|funsat|6|0.27638840675354004
user3|funsat|6|0.18523573875427246
node_user4|total_time|6|8.082073
node_user4|loops|6|5
node_user4|messages|6|0
user3|min_constraint|6|3
user3|max_constraint|6|3
user4|funsat|6|0.2722475528717041
user4|funsat|6|0.18429803848266602
node_user5|total_time|6|7.521514
node_user5|loops|6|7
node_user5|messages|6|0
user4|min_constraint|6|3
user4|max_constraint|6|3
user5|funsat|6|0.26469874382019043
user5|funsat|6|0.18493199348449707
node_user6|total_time|6|6.804605
node_user6|loops|6|4
node_user6|messages|6|0
user5|min_constraint|6|3
user5|max_constraint|6|3
user6|funsat|6|0.3751814365386963
user6|funsat|6|0.18757104873657227
node_user7|total_time|6|7.361896
node_user7|loops|6|4
node_user7|messages|6|0
user6|min_constraint|6|3
user6|max_constraint|6|3
user7|funsat|6|0.3779470920562744
user7|funsat|6|0.19038009643554688
node_user8|total_time|6|5.742905
node_user8|loops|6|5
node_user8|messages|6|0
user7|min_constraint|6|3
user7|max_constraint|6|3
user8|funsat|6|0.26934146881103516
user8|funsat|6|0.20238280296325684
node_user9|total_time|6|6.538522
node_user9|loops|6|6
node_user9|messages|6|0
user8|min_constraint|6|3
user8|max_constraint|6|3
user9|funsat|6|0.26970362663269043
user9|funsat|6|0.1887187957763672
node_user10|total_time|6|6.341911
node_user10|loops|6|3
node_user10|messages|6|0
user9|min_constraint|6|3
user9|max_constraint|6|3
provider|flocal|7|0.2791295051574707
provider|ffinal|7|0.17996454238891602
node0|total_time|7|18.868616
node0|loops|7|19
node0|messages|7|30
provider|min_constraint|7|1
provider|max_constraint|7|1
user0|funsat|7|0.2766387462615967
user10|funsat|7|0.28754472732543945
user10|funsat|7|0.1953878402709961
node_user11|total_time|7|5.993248
node_user11|loops|7|4
node_user11|messages|7|0
user10|min_constraint|7|3
user10|max_constraint|7|3
user11|funsat|7|0.2805209159851074
user11|funsat|7|0.1823129653930664
node_user12|total_time|7|5.649849
node_user12|loops|7|5
node_user12|messages|7|0
user11|min_constraint|7|3
user11|max_constraint|7|3
user12|funsat|7|0.20373058319091797
user12|funsat|7|0.16663861274719238
node_user13|total_time|7|5.132674
node_user13|loops|7|3
node_user13|messages|7|0
user12|min_constraint|7|3
user12|max_constraint|7|3
user13|funsat|7|0.3688206672668457
user13|funsat|7|0.1868283748626709
node_user14|total_time|7|3.948860
node_user14|loops|7|1
node_user14|messages|7|0
user13|min_constraint|7|3
user13|max_constraint|7|3
user14|funsat|7|0.2850632667541504
user14|funsat|7|0.18271994590759277
node_user15|total_time|7|3.204885
node_user15|loops|7|2
node_user15|messages|7|0
user14|min_constraint|7|3
user14|max_constraint|7|3
user1|funsat|7|0.2716038227081299
user1|funsat|7|0.19323992729187012
node_user2|total_time|7|10.600094
node_user2|loops|7|8
node_user2|messages|7|0
user1|min_constraint|7|3
user1|max_constraint|7|3
user2|funsat|7|0.28243279457092285
user2|funsat|7|0.19466567039489746
node_user3|total_time|7|9.010437
node_user3|loops|7|9
node_user3|messages|7|0
user2|min_constraint|7|3
user2|max_constraint|7|3
user3|funsat|7|0.26779866218566895
user3|funsat|7|0.1900172233581543
node_user4|total_time|7|8.545965
node_user4|loops|7|8
node_user4|messages|7|0
user3|min_constraint|7|3
user3|max_constraint|7|3
user4|funsat|7|0.2843141555786133
user4|funsat|7|0.18928146362304688
node_user5|total_time|7|8.239962
node_user5|loops|7|6
node_user5|messages|7|0
user4|min_constraint|7|3
user4|max_constraint|7|3
user5|funsat|7|0.2830648422241211
user5|funsat|7|0.18730974197387695
node_user6|total_time|7|7.494120
node_user6|loops|7|5
node_user6|messages|7|0
user5|min_constraint|7|3
user5|max_constraint|7|3
user6|funsat|7|0.2799713611602783
user6|funsat|7|0.18753790855407715
node_user7|total_time|7|7.678983
node_user7|loops|7|7
node_user7|messages|7|0
user6|min_constraint|7|3
user6|max_constraint|7|3
user7|funsat|7|0.30510520935058594
user7|funsat|7|0.1901695728302002
node_user8|total_time|7|8.244356
node_user8|loops|7|6
node_user8|messages|7|0
user7|min_constraint|7|3
user7|max_constraint|7|3
user8|funsat|7|0.27985072135925293
user8|funsat|7|0.18670320510864258
node_user9|total_time|7|6.323518
node_user9|loops|7|5
node_user9|messages|7|0
user8|min_constraint|7|3
user8|max_constraint|7|3
user9|funsat|7|0.2779510021209717
user9|funsat|7|0.18973374366760254
node_user10|total_time|7|5.672291
node_user10|loops|7|3
node_user10|messages|7|0
user9|min_constraint|7|3
user9|max_constraint|7|3
provider|flocal|8|0.28233861923217773
provider|ffinal|8|0.19936394691467285
node0|total_time|8|17.880704
node0|loops|8|17
node0|messages|8|30
provider|min_constraint|8|1
provider|max_constraint|8|1
user0|funsat|8|0.271014928817749
user0|funsat|8|0.17733001708984375
node_user1|total_time|8|9.404516
node_user1|loops|8|7
node_user1|messages|8|0
user0|min_constraint|8|3
user0|max_constraint|8|3
user10|funsat|8|0.25313758850097656
user10|funsat|8|0.1933896541595459
node_user11|total_time|8|4.433865
node_user11|loops|8|5
node_user11|messages|8|0
user10|min_constraint|8|3
user10|max_constraint|8|3
user11|funsat|8|0.25405025482177734
user11|funsat|8|0.19231772422790527
node_user12|total_time|8|3.739581
node_user12|loops|8|2
node_user12|messages|8|0
user11|min_constraint|8|3
user11|max_constraint|8|3
user12|funsat|8|0.2628021240234375
user12|funsat|8|0.18763422966003418
node_user13|total_time|8|3.987642
node_user13|loops|8|2
node_user13|messages|8|0
user12|min_constraint|8|3
user12|max_constraint|8|3
user13|funsat|8|0.19471478462219238
user13|funsat|8|0.16325712203979492
node_user14|total_time|8|3.179362
node_user14|loops|8|3
node_user14|messages|8|0
user13|min_constraint|8|3
user13|max_constraint|8|3
user14|funsat|8|0.2485041618347168
user14|funsat|8|0.1820392608642578
node_user15|total_time|8|2.831171
node_user15|loops|8|1
node_user15|messages|8|0
user14|min_constraint|8|3
user14|max_constraint|8|3
user1|funsat|8|0.2533566951751709
user1|funsat|8|0.1894824504852295
node_user2|total_time|8|9.617188
node_user2|loops|8|11
node_user2|messages|8|0
user1|min_constraint|8|3
user1|max_constraint|8|3
user2|funsat|8|0.26726508140563965
user2|funsat|8|0.1871628761291504
node_user3|total_time|8|8.102143
node_user3|loops|8|9
node_user3|messages|8|0
user2|min_constraint|8|3
user2|max_constraint|8|3
user3|funsat|8|0.23485159873962402
user3|funsat|8|0.16717267036437988
node_user4|total_time|8|8.781000
node_user4|loops|8|7
node_user4|messages|8|0
user3|min_constraint|8|3
user3|max_constraint|8|3
user4|funsat|8|0.2714407444000244
user4|funsat|8|0.18914389610290527
node_user5|total_time|8|7.130202
node_user5|loops|8|8
node_user5|messages|8|0
user4|min_constraint|8|3
user4|max_constraint|8|3
user5|funsat|8|0.2818131446838379
user5|funsat|8|0.1889488697052002
node_user6|total_time|8|6.877166
node_user6|loops|8|4
node_user6|messages|8|0
user5|min_constraint|8|3
user5|max_constraint|8|3
user6|funsat|8|0.29793310165405273
user6|funsat|8|0.1859726905822754
node_user7|total_time|8|6.282134
node_user7|loops|8|4
node_user7|messages|8|0
user6|min_constraint|8|3
user6|max_constraint|8|3
user7|funsat|8|0.2737572193145752
user7|funsat|8|0.18981575965881348
node_user8|total_time|8|6.217720
node_user8|loops|8|6
node_user8|messages|8|0
user7|min_constraint|8|3
user7|max_constraint|8|3
user8|funsat|8|0.19452524185180664
user8|funsat|8|0.16609597206115723
node_user9|total_time|8|5.571503
node_user9|loops|8|6
node_user9|messages|8|0
user8|min_constraint|8|3
user8|max_constraint|8|3
user9|funsat|8|0.2600412368774414
user9|funsat|8|0.18526864051818848
node_user10|total_time|8|5.483260
node_user10|loops|8|4
node_user10|messages|8|0
user9|min_constraint|8|3
user9|max_constraint|8|3
provider|flocal|9|0.30348849296569824
provider|ffinal|9|0.19507789611816406
node0|total_time|9|19.272171
node0|loops|9|15
node0|messages|9|30
provider|min_constraint|9|1
provider|max_constraint|9|1
user0|funsat|9|0.2551589012145996
user0|funsat|9|0.19065618515014648
node_user1|total_time|9|10.434803
node_user1|loops|9|9
node_user1|messages|9|0
user0|min_constraint|9|3
user0|max_constraint|9|3
user10|funsat|9|0.23003053665161133
user10|funsat|9|0.18906378746032715
node_user11|total_time|9|5.686738
node_user11|loops|9|5
node_user11|messages|9|0
user10|min_constraint|9|3
user10|max_constraint|9|3
user11|funsat|9|0.26137614250183105
user11|funsat|9|0.18837690353393555
node_user12|total_time|9|5.266958
node_user12|loops|9|2
node_user12|messages|9|0
user11|min_constraint|9|3
user11|max_constraint|9|3
user12|funsat|9|0.2734031677246094
user12|funsat|9|0.1883068084716797
node_user13|total_time|9|5.091219
node_user13|loops|9|2
node_user13|messages|9|0
user12|min_constraint|9|3
user12|max_constraint|9|3
user13|funsat|9|0.23469781875610352
user13|funsat|9|0.1634507179260254
node_user14|total_time|9|4.483537
node_user14|loops|9|2
node_user14|messages|9|0
user13|min_constraint|9|3
user13|max_constraint|9|3
user14|funsat|9|0.2731053829193115
user14|funsat|9|0.18613648414611816
node_user15|total_time|9|3.605802
node_user15|loops|9|1
node_user15|messages|9|0
user14|min_constraint|9|3
user14|max_constraint|9|3
user1|funsat|9|0.25240588188171387
user1|funsat|9|0.1636209487915039
node_user2|total_time|9|10.523728
node_user2|loops|9|9
node_user2|messages|9|0
user1|min_constraint|9|3
user1|max_constraint|9|3
user2|funsat|9|0.27164793014526367
user2|funsat|9|0.18291449546813965
node_user3|total_time|9|9.642645
node_user3|loops|9|7
node_user3|messages|9|0
user2|min_constraint|9|3
user2|max_constraint|9|3
user3|funsat|9|0.22527456283569336
user3|funsat|9|0.1629021167755127
node_user4|total_time|9|8.625561
node_user4|loops|9|9
node_user4|messages|9|0
user3|min_constraint|9|3
user3|max_constraint|9|3
user4|funsat|9|0.19780778884887695
user4|funsat|9|0.16462063789367676
node_user5|total_time|9|8.581724
node_user5|loops|9|7
node_user5|messages|9|0
user4|min_constraint|9|3
user4|max_constraint|9|3
user5|funsat|9|0.2727193832397461
user5|funsat|9|0.19179916381835938
node_user6|total_time|9|8.580186
node_user6|loops|9|7
node_user6|messages|9|0
user5|min_constraint|9|3
user5|max_constraint|9|3
user6|funsat|9|0.2060539722442627
user6|funsat|9|0.16470599174499512
node_user7|total_time|9|7.388654
node_user7|loops|9|4
node_user7|messages|9|0
user6|min_constraint|9|3
user6|max_constraint|9|3
user7|funsat|9|0.2727701663970947
user7|funsat|9|0.19033384323120117
node_user8|total_time|9|8.345213
node_user8|loops|9|7
node_user8|messages|9|0
user7|min_constraint|9|3
user7|max_constraint|9|3
user8|funsat|9|0.2778136730194092
user8|funsat|9|0.1908729076385498
node_user9|total_time|9|6.652927
node_user9|loops|9|6
node_user9|messages|9|0
user8|min_constraint|9|3
user8|max_constraint|9|3
user9|funsat|9|0.27086472511291504
user9|funsat|9|0.18460512161254883
node_user10|total_time|9|6.353055
node_user10|loops|9|3
node_user10|messages|9|0
user9|min_constraint|9|3
user9|max_constraint|9|3
